[0.201s] Invoking command in '/home/timl/ros2_ws/build/cpp_pubsub': AMENT_PREFIX_PATH=/home/timl/ros2_ws/install/tutorial_interfaces:${AMENT_PREFIX_PATH} CMAKE_PREFIX_PATH=/home/timl/ros2_ws/install/tutorial_interfaces:/opt/ros/jazzy/opt/sdformat_vendor:/opt/ros/jazzy/opt/gz_math_vendor:/opt/ros/jazzy/opt/gz_utils_vendor:/opt/ros/jazzy/opt/gz_tools_vendor:/opt/ros/jazzy/opt/gz_cmake_vendor:/opt/ros/jazzy LD_LIBRARY_PATH=/home/timl/ros2_ws/install/tutorial_interfaces/lib:${LD_LIBRARY_PATH} PYTHONPATH=/home/timl/ros2_ws/install/tutorial_interfaces/lib/python3.12/site-packages:${PYTHONPATH} /usr/bin/cmake --build /home/timl/ros2_ws/build/cpp_pubsub -- -j6 -l6
[0.279s] [ 50%] Built target listener
[0.293s] [100%] Built target talker
[0.305s] Invoked command in '/home/timl/ros2_ws/build/cpp_pubsub' returned '0': AMENT_PREFIX_PATH=/home/timl/ros2_ws/install/tutorial_interfaces:${AMENT_PREFIX_PATH} CMAKE_PREFIX_PATH=/home/timl/ros2_ws/install/tutorial_interfaces:/opt/ros/jazzy/opt/sdformat_vendor:/opt/ros/jazzy/opt/gz_math_vendor:/opt/ros/jazzy/opt/gz_utils_vendor:/opt/ros/jazzy/opt/gz_tools_vendor:/opt/ros/jazzy/opt/gz_cmake_vendor:/opt/ros/jazzy LD_LIBRARY_PATH=/home/timl/ros2_ws/install/tutorial_interfaces/lib:${LD_LIBRARY_PATH} PYTHONPATH=/home/timl/ros2_ws/install/tutorial_interfaces/lib/python3.12/site-packages:${PYTHONPATH} /usr/bin/cmake --build /home/timl/ros2_ws/build/cpp_pubsub -- -j6 -l6
[0.313s] Invoking command in '/home/timl/ros2_ws/build/cpp_pubsub': AMENT_PREFIX_PATH=/home/timl/ros2_ws/install/tutorial_interfaces:${AMENT_PREFIX_PATH} CMAKE_PREFIX_PATH=/home/timl/ros2_ws/install/tutorial_interfaces:/opt/ros/jazzy/opt/sdformat_vendor:/opt/ros/jazzy/opt/gz_math_vendor:/opt/ros/jazzy/opt/gz_utils_vendor:/opt/ros/jazzy/opt/gz_tools_vendor:/opt/ros/jazzy/opt/gz_cmake_vendor:/opt/ros/jazzy LD_LIBRARY_PATH=/home/timl/ros2_ws/install/tutorial_interfaces/lib:${LD_LIBRARY_PATH} PYTHONPATH=/home/timl/ros2_ws/install/tutorial_interfaces/lib/python3.12/site-packages:${PYTHONPATH} /usr/bin/cmake --install /home/timl/ros2_ws/build/cpp_pubsub
[0.322s] -- Install configuration: ""
[0.327s] -- Up-to-date: /home/timl/ros2_ws/install/cpp_pubsub/lib/cpp_pubsub/talker
[0.330s] -- Up-to-date: /home/timl/ros2_ws/install/cpp_pubsub/lib/cpp_pubsub/listener
[0.332s] -- Up-to-date: /home/timl/ros2_ws/install/cpp_pubsub/share/ament_index/resource_index/package_run_dependencies/cpp_pubsub
[0.333s] -- Up-to-date: /home/timl/ros2_ws/install/cpp_pubsub/share/ament_index/resource_index/parent_prefix_path/cpp_pubsub
[0.335s] -- Up-to-date: /home/timl/ros2_ws/install/cpp_pubsub/share/cpp_pubsub/environment/ament_prefix_path.sh
[0.336s] -- Up-to-date: /home/timl/ros2_ws/install/cpp_pubsub/share/cpp_pubsub/environment/ament_prefix_path.dsv
[0.336s] -- Up-to-date: /home/timl/ros2_ws/install/cpp_pubsub/share/cpp_pubsub/environment/path.sh
[0.336s] -- Up-to-date: /home/timl/ros2_ws/install/cpp_pubsub/share/cpp_pubsub/environment/path.dsv
[0.336s] -- Up-to-date: /home/timl/ros2_ws/install/cpp_pubsub/share/cpp_pubsub/local_setup.bash
[0.337s] -- Up-to-date: /home/timl/ros2_ws/install/cpp_pubsub/share/cpp_pubsub/local_setup.sh
[0.337s] -- Up-to-date: /home/timl/ros2_ws/install/cpp_pubsub/share/cpp_pubsub/local_setup.zsh
[0.337s] -- Up-to-date: /home/timl/ros2_ws/install/cpp_pubsub/share/cpp_pubsub/local_setup.dsv
[0.337s] -- Installing: /home/timl/ros2_ws/install/cpp_pubsub/share/cpp_pubsub/package.dsv
[0.340s] -- Up-to-date: /home/timl/ros2_ws/install/cpp_pubsub/share/ament_index/resource_index/packages/cpp_pubsub
[0.342s] -- Up-to-date: /home/timl/ros2_ws/install/cpp_pubsub/share/cpp_pubsub/cmake/cpp_pubsubConfig.cmake
[0.342s] -- Up-to-date: /home/timl/ros2_ws/install/cpp_pubsub/share/cpp_pubsub/cmake/cpp_pubsubConfig-version.cmake
[0.342s] -- Up-to-date: /home/timl/ros2_ws/install/cpp_pubsub/share/cpp_pubsub/package.xml
[0.388s] Invoked command in '/home/timl/ros2_ws/build/cpp_pubsub' returned '0': AMENT_PREFIX_PATH=/home/timl/ros2_ws/install/tutorial_interfaces:${AMENT_PREFIX_PATH} CMAKE_PREFIX_PATH=/home/timl/ros2_ws/install/tutorial_interfaces:/opt/ros/jazzy/opt/sdformat_vendor:/opt/ros/jazzy/opt/gz_math_vendor:/opt/ros/jazzy/opt/gz_utils_vendor:/opt/ros/jazzy/opt/gz_tools_vendor:/opt/ros/jazzy/opt/gz_cmake_vendor:/opt/ros/jazzy LD_LIBRARY_PATH=/home/timl/ros2_ws/install/tutorial_interfaces/lib:${LD_LIBRARY_PATH} PYTHONPATH=/home/timl/ros2_ws/install/tutorial_interfaces/lib/python3.12/site-packages:${PYTHONPATH} /usr/bin/cmake --install /home/timl/ros2_ws/build/cpp_pubsub
