[0.057s] Invoking command in '/home/timl/ros2_ws/build/turtlesim': CMAKE_PREFIX_PATH=${CMAKE_PREFIX_PATH}:/opt/ros/jazzy /usr/bin/cmake --build /home/timl/ros2_ws/build/turtlesim -- -j6 -l6
[0.154s] [  0%] Built target ament_cmake_python_symlink_turtlesim
[0.164s] [  0%] Built target turtlesim__rosidl_generator_type_description
[0.217s] [  1%] Built target turtlesim__cpp
[0.244s] [ 24%] Built target turtlesim__rosidl_generator_c
[0.363s] [ 32%] Built target turtlesim__rosidl_typesupport_fastrtps_c
[0.404s] [ 41%] Built target turtlesim__rosidl_typesupport_cpp
[0.430s] [ 50%] Built target turtlesim__rosidl_typesupport_fastrtps_cpp
[0.430s] [ 59%] Built target turtlesim__rosidl_typesupport_c
[0.435s] [ 68%] Built target turtlesim__rosidl_typesupport_introspection_c
[0.586s] [ 73%] Built target turtlesim_node
[0.607s] [ 81%] Built target turtlesim__rosidl_typesupport_introspection_cpp
[0.608s] [ 83%] Built target turtle_teleop_key
[0.619s] [ 84%] Built target draw_square
[0.633s] [ 86%] Built target mimic
[0.655s] running egg_info
[0.687s] writing turtlesim.egg-info/PKG-INFO
[0.688s] writing dependency_links to turtlesim.egg-info/dependency_links.txt
[0.688s] writing top-level names to turtlesim.egg-info/top_level.txt
[0.715s] [ 86%] Built target turtlesim
[0.785s] [ 86%] Built target turtlesim__py
[0.785s] reading manifest file 'turtlesim.egg-info/SOURCES.txt'
[0.786s] writing manifest file 'turtlesim.egg-info/SOURCES.txt'
[0.832s] [ 94%] Built target turtlesim__rosidl_generator_py
[0.874s] [ 94%] Built target ament_cmake_python_build_turtlesim_egg
[0.877s] [ 96%] Built target turtlesim_s__rosidl_typesupport_introspection_c
[0.901s] [ 98%] Built target turtlesim_s__rosidl_typesupport_fastrtps_c
[0.906s] [100%] Built target turtlesim_s__rosidl_typesupport_c
[0.919s] Invoked command in '/home/timl/ros2_ws/build/turtlesim' returned '0': CMAKE_PREFIX_PATH=${CMAKE_PREFIX_PATH}:/opt/ros/jazzy /usr/bin/cmake --build /home/timl/ros2_ws/build/turtlesim -- -j6 -l6
[0.919s] Invoking command in '/home/timl/ros2_ws/build/turtlesim': CMAKE_PREFIX_PATH=${CMAKE_PREFIX_PATH}:/opt/ros/jazzy /usr/bin/cmake --install /home/timl/ros2_ws/build/turtlesim
[0.957s] -- Install configuration: ""
[0.959s] -- Execute custom install script
[0.959s] -- Up-to-date symlink: /home/timl/ros2_ws/install/turtlesim/share/ament_index/resource_index/rosidl_interfaces/turtlesim
[0.960s] -- Up-to-date symlink: /home/timl/ros2_ws/install/turtlesim/share/turtlesim/action/RotateAbsolute.json
[0.960s] -- Up-to-date symlink: /home/timl/ros2_ws/install/turtlesim/share/turtlesim/msg/Color.json
[0.960s] -- Up-to-date symlink: /home/timl/ros2_ws/install/turtlesim/share/turtlesim/msg/Pose.json
[0.961s] -- Up-to-date symlink: /home/timl/ros2_ws/install/turtlesim/share/turtlesim/srv/Kill.json
[0.961s] -- Up-to-date symlink: /home/timl/ros2_ws/install/turtlesim/share/turtlesim/srv/SetPen.json
[0.961s] -- Up-to-date symlink: /home/timl/ros2_ws/install/turtlesim/share/turtlesim/srv/Spawn.json
[0.962s] -- Up-to-date symlink: /home/timl/ros2_ws/install/turtlesim/share/turtlesim/srv/TeleportAbsolute.json
[0.962s] -- Up-to-date symlink: /home/timl/ros2_ws/install/turtlesim/share/turtlesim/srv/TeleportRelative.json
[0.962s] -- Up-to-date symlink: /home/timl/ros2_ws/install/turtlesim/include/turtlesim/turtlesim/action/detail/rotate_absolute__functions.h
[0.963s] -- Up-to-date symlink: /home/timl/ros2_ws/install/turtlesim/include/turtlesim/turtlesim/action/detail/rotate_absolute__struct.h
[0.963s] -- Up-to-date symlink: /home/timl/ros2_ws/install/turtlesim/include/turtlesim/turtlesim/action/detail/rotate_absolute__type_support.h
[0.963s] -- Up-to-date symlink: /home/timl/ros2_ws/install/turtlesim/include/turtlesim/turtlesim/action/rotate_absolute.h
[0.964s] -- Up-to-date symlink: /home/timl/ros2_ws/install/turtlesim/include/turtlesim/turtlesim/msg/color.h
[0.965s] -- Up-to-date symlink: /home/timl/ros2_ws/install/turtlesim/include/turtlesim/turtlesim/msg/detail/color__functions.h
[0.965s] -- Up-to-date symlink: /home/timl/ros2_ws/install/turtlesim/include/turtlesim/turtlesim/msg/detail/color__struct.h
[0.966s] -- Up-to-date symlink: /home/timl/ros2_ws/install/turtlesim/include/turtlesim/turtlesim/msg/detail/color__type_support.h
[0.966s] -- Up-to-date symlink: /home/timl/ros2_ws/install/turtlesim/include/turtlesim/turtlesim/msg/detail/pose__functions.h
[0.967s] -- Up-to-date symlink: /home/timl/ros2_ws/install/turtlesim/include/turtlesim/turtlesim/msg/detail/pose__struct.h
[0.967s] -- Up-to-date symlink: /home/timl/ros2_ws/install/turtlesim/include/turtlesim/turtlesim/msg/detail/pose__type_support.h
[0.968s] -- Up-to-date symlink: /home/timl/ros2_ws/install/turtlesim/include/turtlesim/turtlesim/msg/pose.h
[0.968s] -- Up-to-date symlink: /home/timl/ros2_ws/install/turtlesim/include/turtlesim/turtlesim/msg/rosidl_generator_c__visibility_control.h
[0.968s] -- Up-to-date symlink: /home/timl/ros2_ws/install/turtlesim/include/turtlesim/turtlesim/srv/detail/kill__functions.h
[0.969s] -- Up-to-date symlink: /home/timl/ros2_ws/install/turtlesim/include/turtlesim/turtlesim/srv/detail/kill__struct.h
[0.969s] -- Up-to-date symlink: /home/timl/ros2_ws/install/turtlesim/include/turtlesim/turtlesim/srv/detail/kill__type_support.h
[0.977s] -- Up-to-date symlink: /home/timl/ros2_ws/install/turtlesim/include/turtlesim/turtlesim/srv/detail/set_pen__functions.h
[0.977s] -- Up-to-date symlink: /home/timl/ros2_ws/install/turtlesim/include/turtlesim/turtlesim/srv/detail/set_pen__struct.h
[0.977s] -- Up-to-date symlink: /home/timl/ros2_ws/install/turtlesim/include/turtlesim/turtlesim/srv/detail/set_pen__type_support.h
[0.977s] -- Up-to-date symlink: /home/timl/ros2_ws/install/turtlesim/include/turtlesim/turtlesim/srv/detail/spawn__functions.h
[0.977s] -- Up-to-date symlink: /home/timl/ros2_ws/install/turtlesim/include/turtlesim/turtlesim/srv/detail/spawn__struct.h
[0.978s] -- Up-to-date symlink: /home/timl/ros2_ws/install/turtlesim/include/turtlesim/turtlesim/srv/detail/spawn__type_support.h
[0.978s] -- Up-to-date symlink: /home/timl/ros2_ws/install/turtlesim/include/turtlesim/turtlesim/srv/detail/teleport_absolute__functions.h
[0.978s] -- Up-to-date symlink: /home/timl/ros2_ws/install/turtlesim/include/turtlesim/turtlesim/srv/detail/teleport_absolute__struct.h
[0.978s] -- Up-to-date symlink: /home/timl/ros2_ws/install/turtlesim/include/turtlesim/turtlesim/srv/detail/teleport_absolute__type_support.h
[0.978s] -- Up-to-date symlink: /home/timl/ros2_ws/install/turtlesim/include/turtlesim/turtlesim/srv/detail/teleport_relative__functions.h
[0.978s] -- Up-to-date symlink: /home/timl/ros2_ws/install/turtlesim/include/turtlesim/turtlesim/srv/detail/teleport_relative__struct.h
[0.978s] -- Up-to-date symlink: /home/timl/ros2_ws/install/turtlesim/include/turtlesim/turtlesim/srv/detail/teleport_relative__type_support.h
[0.978s] -- Up-to-date symlink: /home/timl/ros2_ws/install/turtlesim/include/turtlesim/turtlesim/srv/kill.h
[0.978s] -- Up-to-date symlink: /home/timl/ros2_ws/install/turtlesim/include/turtlesim/turtlesim/srv/set_pen.h
[0.978s] -- Up-to-date symlink: /home/timl/ros2_ws/install/turtlesim/include/turtlesim/turtlesim/srv/spawn.h
[0.980s] -- Up-to-date symlink: /home/timl/ros2_ws/install/turtlesim/include/turtlesim/turtlesim/srv/teleport_absolute.h
[0.980s] -- Up-to-date symlink: /home/timl/ros2_ws/install/turtlesim/include/turtlesim/turtlesim/srv/teleport_relative.h
[0.980s] -- Up-to-date symlink: /home/timl/ros2_ws/install/turtlesim/share/turtlesim/environment/library_path.sh
[0.980s] -- Up-to-date symlink: /home/timl/ros2_ws/install/turtlesim/share/turtlesim/environment/library_path.dsv
[0.980s] -- Up-to-date symlink: /home/timl/ros2_ws/install/turtlesim/include/turtlesim/turtlesim/action/detail/rotate_absolute__rosidl_typesupport_fastrtps_c.h
[0.980s] -- Up-to-date symlink: /home/timl/ros2_ws/install/turtlesim/include/turtlesim/turtlesim/msg/detail/color__rosidl_typesupport_fastrtps_c.h
[0.981s] -- Up-to-date symlink: /home/timl/ros2_ws/install/turtlesim/include/turtlesim/turtlesim/msg/detail/pose__rosidl_typesupport_fastrtps_c.h
[0.992s] -- Up-to-date symlink: /home/timl/ros2_ws/install/turtlesim/include/turtlesim/turtlesim/msg/rosidl_typesupport_fastrtps_c__visibility_control.h
[1.003s] -- Up-to-date symlink: /home/timl/ros2_ws/install/turtlesim/include/turtlesim/turtlesim/srv/detail/kill__rosidl_typesupport_fastrtps_c.h
[1.003s] -- Up-to-date symlink: /home/timl/ros2_ws/install/turtlesim/include/turtlesim/turtlesim/srv/detail/set_pen__rosidl_typesupport_fastrtps_c.h
[1.003s] -- Up-to-date symlink: /home/timl/ros2_ws/install/turtlesim/include/turtlesim/turtlesim/srv/detail/spawn__rosidl_typesupport_fastrtps_c.h
[1.003s] -- Up-to-date symlink: /home/timl/ros2_ws/install/turtlesim/include/turtlesim/turtlesim/srv/detail/teleport_absolute__rosidl_typesupport_fastrtps_c.h
[1.003s] -- Up-to-date symlink: /home/timl/ros2_ws/install/turtlesim/include/turtlesim/turtlesim/srv/detail/teleport_relative__rosidl_typesupport_fastrtps_c.h
[1.004s] -- Up-to-date symlink: /home/timl/ros2_ws/install/turtlesim/include/turtlesim/turtlesim/action/detail/rotate_absolute__builder.hpp
[1.004s] -- Up-to-date symlink: /home/timl/ros2_ws/install/turtlesim/include/turtlesim/turtlesim/action/detail/rotate_absolute__struct.hpp
[1.004s] -- Up-to-date symlink: /home/timl/ros2_ws/install/turtlesim/include/turtlesim/turtlesim/action/detail/rotate_absolute__traits.hpp
[1.004s] -- Up-to-date symlink: /home/timl/ros2_ws/install/turtlesim/include/turtlesim/turtlesim/action/detail/rotate_absolute__type_support.hpp
[1.004s] -- Up-to-date symlink: /home/timl/ros2_ws/install/turtlesim/include/turtlesim/turtlesim/action/rotate_absolute.hpp
[1.004s] -- Up-to-date symlink: /home/timl/ros2_ws/install/turtlesim/include/turtlesim/turtlesim/msg/color.hpp
[1.005s] -- Up-to-date symlink: /home/timl/ros2_ws/install/turtlesim/include/turtlesim/turtlesim/msg/detail/color__builder.hpp
[1.008s] -- Up-to-date symlink: /home/timl/ros2_ws/install/turtlesim/include/turtlesim/turtlesim/msg/detail/color__struct.hpp
[1.025s] -- Up-to-date symlink: /home/timl/ros2_ws/install/turtlesim/include/turtlesim/turtlesim/msg/detail/color__traits.hpp
[1.035s] -- Up-to-date symlink: /home/timl/ros2_ws/install/turtlesim/include/turtlesim/turtlesim/msg/detail/color__type_support.hpp
[1.035s] -- Up-to-date symlink: /home/timl/ros2_ws/install/turtlesim/include/turtlesim/turtlesim/msg/detail/pose__builder.hpp
[1.036s] -- Up-to-date symlink: /home/timl/ros2_ws/install/turtlesim/include/turtlesim/turtlesim/msg/detail/pose__struct.hpp
[1.036s] -- Up-to-date symlink: /home/timl/ros2_ws/install/turtlesim/include/turtlesim/turtlesim/msg/detail/pose__traits.hpp
[1.036s] -- Up-to-date symlink: /home/timl/ros2_ws/install/turtlesim/include/turtlesim/turtlesim/msg/detail/pose__type_support.hpp
[1.036s] -- Up-to-date symlink: /home/timl/ros2_ws/install/turtlesim/include/turtlesim/turtlesim/msg/pose.hpp
[1.036s] -- Up-to-date symlink: /home/timl/ros2_ws/install/turtlesim/include/turtlesim/turtlesim/msg/rosidl_generator_cpp__visibility_control.hpp
[1.037s] -- Up-to-date symlink: /home/timl/ros2_ws/install/turtlesim/include/turtlesim/turtlesim/srv/detail/kill__builder.hpp
[1.037s] -- Up-to-date symlink: /home/timl/ros2_ws/install/turtlesim/include/turtlesim/turtlesim/srv/detail/kill__struct.hpp
[1.037s] -- Up-to-date symlink: /home/timl/ros2_ws/install/turtlesim/include/turtlesim/turtlesim/srv/detail/kill__traits.hpp
[1.037s] -- Up-to-date symlink: /home/timl/ros2_ws/install/turtlesim/include/turtlesim/turtlesim/srv/detail/kill__type_support.hpp
[1.037s] -- Up-to-date symlink: /home/timl/ros2_ws/install/turtlesim/include/turtlesim/turtlesim/srv/detail/set_pen__builder.hpp
[1.037s] -- Up-to-date symlink: /home/timl/ros2_ws/install/turtlesim/include/turtlesim/turtlesim/srv/detail/set_pen__struct.hpp
[1.038s] -- Up-to-date symlink: /home/timl/ros2_ws/install/turtlesim/include/turtlesim/turtlesim/srv/detail/set_pen__traits.hpp
[1.038s] -- Up-to-date symlink: /home/timl/ros2_ws/install/turtlesim/include/turtlesim/turtlesim/srv/detail/set_pen__type_support.hpp
[1.038s] -- Up-to-date symlink: /home/timl/ros2_ws/install/turtlesim/include/turtlesim/turtlesim/srv/detail/spawn__builder.hpp
[1.038s] -- Up-to-date symlink: /home/timl/ros2_ws/install/turtlesim/include/turtlesim/turtlesim/srv/detail/spawn__struct.hpp
[1.038s] -- Up-to-date symlink: /home/timl/ros2_ws/install/turtlesim/include/turtlesim/turtlesim/srv/detail/spawn__traits.hpp
[1.039s] -- Up-to-date symlink: /home/timl/ros2_ws/install/turtlesim/include/turtlesim/turtlesim/srv/detail/spawn__type_support.hpp
[1.039s] -- Up-to-date symlink: /home/timl/ros2_ws/install/turtlesim/include/turtlesim/turtlesim/srv/detail/teleport_absolute__builder.hpp
[1.039s] -- Up-to-date symlink: /home/timl/ros2_ws/install/turtlesim/include/turtlesim/turtlesim/srv/detail/teleport_absolute__struct.hpp
[1.039s] -- Up-to-date symlink: /home/timl/ros2_ws/install/turtlesim/include/turtlesim/turtlesim/srv/detail/teleport_absolute__traits.hpp
[1.039s] -- Up-to-date symlink: /home/timl/ros2_ws/install/turtlesim/include/turtlesim/turtlesim/srv/detail/teleport_absolute__type_support.hpp
[1.040s] -- Up-to-date symlink: /home/timl/ros2_ws/install/turtlesim/include/turtlesim/turtlesim/srv/detail/teleport_relative__builder.hpp
[1.040s] -- Up-to-date symlink: /home/timl/ros2_ws/install/turtlesim/include/turtlesim/turtlesim/srv/detail/teleport_relative__struct.hpp
[1.041s] -- Up-to-date symlink: /home/timl/ros2_ws/install/turtlesim/include/turtlesim/turtlesim/srv/detail/teleport_relative__traits.hpp
[1.041s] -- Up-to-date symlink: /home/timl/ros2_ws/install/turtlesim/include/turtlesim/turtlesim/srv/detail/teleport_relative__type_support.hpp
[1.041s] -- Up-to-date symlink: /home/timl/ros2_ws/install/turtlesim/include/turtlesim/turtlesim/srv/kill.hpp
[1.041s] -- Up-to-date symlink: /home/timl/ros2_ws/install/turtlesim/include/turtlesim/turtlesim/srv/set_pen.hpp
[1.041s] -- Up-to-date symlink: /home/timl/ros2_ws/install/turtlesim/include/turtlesim/turtlesim/srv/spawn.hpp
[1.042s] -- Up-to-date symlink: /home/timl/ros2_ws/install/turtlesim/include/turtlesim/turtlesim/srv/teleport_absolute.hpp
[1.042s] -- Up-to-date symlink: /home/timl/ros2_ws/install/turtlesim/include/turtlesim/turtlesim/srv/teleport_relative.hpp
[1.042s] -- Up-to-date symlink: /home/timl/ros2_ws/install/turtlesim/include/turtlesim/turtlesim/action/detail/rotate_absolute__rosidl_typesupport_fastrtps_cpp.hpp
[1.042s] -- Up-to-date symlink: /home/timl/ros2_ws/install/turtlesim/include/turtlesim/turtlesim/msg/detail/color__rosidl_typesupport_fastrtps_cpp.hpp
[1.043s] -- Up-to-date symlink: /home/timl/ros2_ws/install/turtlesim/include/turtlesim/turtlesim/msg/detail/pose__rosidl_typesupport_fastrtps_cpp.hpp
[1.043s] -- Up-to-date symlink: /home/timl/ros2_ws/install/turtlesim/include/turtlesim/turtlesim/msg/rosidl_typesupport_fastrtps_cpp__visibility_control.h
[1.043s] -- Up-to-date symlink: /home/timl/ros2_ws/install/turtlesim/include/turtlesim/turtlesim/srv/detail/kill__rosidl_typesupport_fastrtps_cpp.hpp
[1.043s] -- Up-to-date symlink: /home/timl/ros2_ws/install/turtlesim/include/turtlesim/turtlesim/srv/detail/set_pen__rosidl_typesupport_fastrtps_cpp.hpp
[1.043s] -- Up-to-date symlink: /home/timl/ros2_ws/install/turtlesim/include/turtlesim/turtlesim/srv/detail/spawn__rosidl_typesupport_fastrtps_cpp.hpp
[1.044s] -- Up-to-date symlink: /home/timl/ros2_ws/install/turtlesim/include/turtlesim/turtlesim/srv/detail/teleport_absolute__rosidl_typesupport_fastrtps_cpp.hpp
[1.044s] -- Up-to-date symlink: /home/timl/ros2_ws/install/turtlesim/include/turtlesim/turtlesim/srv/detail/teleport_relative__rosidl_typesupport_fastrtps_cpp.hpp
[1.044s] -- Up-to-date symlink: /home/timl/ros2_ws/install/turtlesim/include/turtlesim/turtlesim/action/detail/rotate_absolute__rosidl_typesupport_introspection_c.h
[1.045s] -- Up-to-date symlink: /home/timl/ros2_ws/install/turtlesim/include/turtlesim/turtlesim/msg/detail/color__rosidl_typesupport_introspection_c.h
[1.045s] -- Up-to-date symlink: /home/timl/ros2_ws/install/turtlesim/include/turtlesim/turtlesim/msg/detail/pose__rosidl_typesupport_introspection_c.h
[1.045s] -- Up-to-date symlink: /home/timl/ros2_ws/install/turtlesim/include/turtlesim/turtlesim/msg/rosidl_typesupport_introspection_c__visibility_control.h
[1.045s] -- Up-to-date symlink: /home/timl/ros2_ws/install/turtlesim/include/turtlesim/turtlesim/srv/detail/kill__rosidl_typesupport_introspection_c.h
[1.046s] -- Up-to-date symlink: /home/timl/ros2_ws/install/turtlesim/include/turtlesim/turtlesim/srv/detail/set_pen__rosidl_typesupport_introspection_c.h
[1.046s] -- Up-to-date symlink: /home/timl/ros2_ws/install/turtlesim/include/turtlesim/turtlesim/srv/detail/spawn__rosidl_typesupport_introspection_c.h
[1.046s] -- Up-to-date symlink: /home/timl/ros2_ws/install/turtlesim/include/turtlesim/turtlesim/srv/detail/teleport_absolute__rosidl_typesupport_introspection_c.h
[1.046s] -- Up-to-date symlink: /home/timl/ros2_ws/install/turtlesim/include/turtlesim/turtlesim/srv/detail/teleport_relative__rosidl_typesupport_introspection_c.h
[1.047s] -- Up-to-date symlink: /home/timl/ros2_ws/install/turtlesim/include/turtlesim/turtlesim/action/detail/rotate_absolute__rosidl_typesupport_introspection_cpp.hpp
[1.047s] -- Up-to-date symlink: /home/timl/ros2_ws/install/turtlesim/include/turtlesim/turtlesim/msg/detail/color__rosidl_typesupport_introspection_cpp.hpp
[1.047s] -- Up-to-date symlink: /home/timl/ros2_ws/install/turtlesim/include/turtlesim/turtlesim/msg/detail/pose__rosidl_typesupport_introspection_cpp.hpp
[1.047s] -- Up-to-date symlink: /home/timl/ros2_ws/install/turtlesim/include/turtlesim/turtlesim/srv/detail/kill__rosidl_typesupport_introspection_cpp.hpp
[1.047s] -- Up-to-date symlink: /home/timl/ros2_ws/install/turtlesim/include/turtlesim/turtlesim/srv/detail/set_pen__rosidl_typesupport_introspection_cpp.hpp
[1.048s] -- Up-to-date symlink: /home/timl/ros2_ws/install/turtlesim/include/turtlesim/turtlesim/srv/detail/spawn__rosidl_typesupport_introspection_cpp.hpp
[1.048s] -- Up-to-date symlink: /home/timl/ros2_ws/install/turtlesim/include/turtlesim/turtlesim/srv/detail/teleport_absolute__rosidl_typesupport_introspection_cpp.hpp
[1.048s] -- Up-to-date symlink: /home/timl/ros2_ws/install/turtlesim/include/turtlesim/turtlesim/srv/detail/teleport_relative__rosidl_typesupport_introspection_cpp.hpp
[1.048s] -- Up-to-date symlink: /home/timl/ros2_ws/install/turtlesim/share/turtlesim/environment/pythonpath.sh
[1.049s] -- Up-to-date symlink: /home/timl/ros2_ws/install/turtlesim/share/turtlesim/environment/pythonpath.dsv
[1.049s] -- Up-to-date symlink: /home/timl/ros2_ws/install/turtlesim/lib/python3.12/site-packages/turtlesim-1.8.3-py3.12.egg-info/PKG-INFO
[1.049s] -- Up-to-date symlink: /home/timl/ros2_ws/install/turtlesim/lib/python3.12/site-packages/turtlesim-1.8.3-py3.12.egg-info/SOURCES.txt
[1.049s] -- Up-to-date symlink: /home/timl/ros2_ws/install/turtlesim/lib/python3.12/site-packages/turtlesim-1.8.3-py3.12.egg-info/dependency_links.txt
[1.050s] -- Up-to-date symlink: /home/timl/ros2_ws/install/turtlesim/lib/python3.12/site-packages/turtlesim-1.8.3-py3.12.egg-info/top_level.txt
[1.050s] -- Up-to-date symlink: /home/timl/ros2_ws/install/turtlesim/lib/python3.12/site-packages/turtlesim/__init__.py
[1.050s] -- Up-to-date symlink: /home/timl/ros2_ws/install/turtlesim/lib/python3.12/site-packages/turtlesim/_turtlesim_s.ep.rosidl_typesupport_c.c
[1.050s] -- Up-to-date symlink: /home/timl/ros2_ws/install/turtlesim/lib/python3.12/site-packages/turtlesim/_turtlesim_s.ep.rosidl_typesupport_fastrtps_c.c
[1.051s] -- Up-to-date symlink: /home/timl/ros2_ws/install/turtlesim/lib/python3.12/site-packages/turtlesim/_turtlesim_s.ep.rosidl_typesupport_introspection_c.c
[1.051s] -- Up-to-date symlink: /home/timl/ros2_ws/install/turtlesim/lib/python3.12/site-packages/turtlesim/action/__init__.py
[1.051s] -- Up-to-date symlink: /home/timl/ros2_ws/install/turtlesim/lib/python3.12/site-packages/turtlesim/action/_rotate_absolute.py
[1.051s] -- Up-to-date symlink: /home/timl/ros2_ws/install/turtlesim/lib/python3.12/site-packages/turtlesim/action/_rotate_absolute_s.c
[1.051s] -- Up-to-date symlink: /home/timl/ros2_ws/install/turtlesim/lib/python3.12/site-packages/turtlesim/msg/__init__.py
[1.052s] -- Up-to-date symlink: /home/timl/ros2_ws/install/turtlesim/lib/python3.12/site-packages/turtlesim/msg/_color.py
[1.052s] -- Up-to-date symlink: /home/timl/ros2_ws/install/turtlesim/lib/python3.12/site-packages/turtlesim/msg/_color_s.c
[1.052s] -- Up-to-date symlink: /home/timl/ros2_ws/install/turtlesim/lib/python3.12/site-packages/turtlesim/msg/_pose.py
[1.052s] -- Up-to-date symlink: /home/timl/ros2_ws/install/turtlesim/lib/python3.12/site-packages/turtlesim/msg/_pose_s.c
[1.052s] -- Up-to-date symlink: /home/timl/ros2_ws/install/turtlesim/lib/python3.12/site-packages/turtlesim/srv/__init__.py
[1.053s] -- Up-to-date symlink: /home/timl/ros2_ws/install/turtlesim/lib/python3.12/site-packages/turtlesim/srv/_kill.py
[1.053s] -- Up-to-date symlink: /home/timl/ros2_ws/install/turtlesim/lib/python3.12/site-packages/turtlesim/srv/_kill_s.c
[1.053s] -- Up-to-date symlink: /home/timl/ros2_ws/install/turtlesim/lib/python3.12/site-packages/turtlesim/srv/_set_pen.py
[1.053s] -- Up-to-date symlink: /home/timl/ros2_ws/install/turtlesim/lib/python3.12/site-packages/turtlesim/srv/_set_pen_s.c
[1.053s] -- Up-to-date symlink: /home/timl/ros2_ws/install/turtlesim/lib/python3.12/site-packages/turtlesim/srv/_spawn.py
[1.054s] -- Up-to-date symlink: /home/timl/ros2_ws/install/turtlesim/lib/python3.12/site-packages/turtlesim/srv/_spawn_s.c
[1.054s] -- Up-to-date symlink: /home/timl/ros2_ws/install/turtlesim/lib/python3.12/site-packages/turtlesim/srv/_teleport_absolute.py
[1.054s] -- Up-to-date symlink: /home/timl/ros2_ws/install/turtlesim/lib/python3.12/site-packages/turtlesim/srv/_teleport_absolute_s.c
[1.054s] -- Up-to-date symlink: /home/timl/ros2_ws/install/turtlesim/lib/python3.12/site-packages/turtlesim/srv/_teleport_relative.py
[1.055s] -- Up-to-date symlink: /home/timl/ros2_ws/install/turtlesim/lib/python3.12/site-packages/turtlesim/srv/_teleport_relative_s.c
[1.057s] -- Up-to-date symlink: /home/timl/ros2_ws/install/turtlesim/lib/python3.12/site-packages/turtlesim/turtlesim_s__rosidl_typesupport_c.so
[1.057s] -- Up-to-date symlink: /home/timl/ros2_ws/install/turtlesim/lib/python3.12/site-packages/turtlesim/turtlesim_s__rosidl_typesupport_fastrtps_c.so
[1.057s] -- Up-to-date symlink: /home/timl/ros2_ws/install/turtlesim/lib/python3.12/site-packages/turtlesim/turtlesim_s__rosidl_typesupport_introspection_c.so
[1.057s] -- Up-to-date symlink: /home/timl/ros2_ws/install/turtlesim/lib/python3.12/site-packages/turtlesim/turtlesim_s__rosidl_typesupport_fastrtps_c.so
[1.057s] -- Up-to-date symlink: /home/timl/ros2_ws/install/turtlesim/lib/python3.12/site-packages/turtlesim/turtlesim_s__rosidl_typesupport_introspection_c.so
[1.058s] -- Up-to-date symlink: /home/timl/ros2_ws/install/turtlesim/lib/python3.12/site-packages/turtlesim/turtlesim_s__rosidl_typesupport_c.so
[1.058s] -- Up-to-date symlink: /home/timl/ros2_ws/install/turtlesim/share/turtlesim/action/RotateAbsolute.idl
[1.059s] -- Up-to-date symlink: /home/timl/ros2_ws/install/turtlesim/share/turtlesim/msg/Color.idl
[1.059s] -- Up-to-date symlink: /home/timl/ros2_ws/install/turtlesim/share/turtlesim/msg/Pose.idl
[1.059s] -- Up-to-date symlink: /home/timl/ros2_ws/install/turtlesim/share/turtlesim/srv/Kill.idl
[1.059s] -- Up-to-date symlink: /home/timl/ros2_ws/install/turtlesim/share/turtlesim/srv/SetPen.idl
[1.059s] -- Up-to-date symlink: /home/timl/ros2_ws/install/turtlesim/share/turtlesim/srv/Spawn.idl
[1.060s] -- Up-to-date symlink: /home/timl/ros2_ws/install/turtlesim/share/turtlesim/srv/TeleportAbsolute.idl
[1.060s] -- Up-to-date symlink: /home/timl/ros2_ws/install/turtlesim/share/turtlesim/srv/TeleportRelative.idl
[1.060s] -- Up-to-date symlink: /home/timl/ros2_ws/install/turtlesim/share/turtlesim/action/RotateAbsolute.action
[1.060s] -- Up-to-date symlink: /home/timl/ros2_ws/install/turtlesim/share/turtlesim/msg/Color.msg
[1.060s] -- Up-to-date symlink: /home/timl/ros2_ws/install/turtlesim/share/turtlesim/msg/Pose.msg
[1.061s] -- Up-to-date symlink: /home/timl/ros2_ws/install/turtlesim/share/turtlesim/srv/Kill.srv
[1.061s] -- Up-to-date symlink: /home/timl/ros2_ws/install/turtlesim/share/turtlesim/srv/SetPen.srv
[1.061s] -- Up-to-date symlink: /home/timl/ros2_ws/install/turtlesim/share/turtlesim/srv/Spawn.srv
[1.061s] -- Up-to-date symlink: /home/timl/ros2_ws/install/turtlesim/share/turtlesim/srv/TeleportAbsolute.srv
[1.062s] -- Up-to-date symlink: /home/timl/ros2_ws/install/turtlesim/share/turtlesim/srv/TeleportRelative.srv
[1.062s] -- Up-to-date symlink: /home/timl/ros2_ws/install/turtlesim/lib/turtlesim/turtlesim_node
[1.063s] -- Up-to-date symlink: /home/timl/ros2_ws/install/turtlesim/lib/turtlesim/turtle_teleop_key
[1.063s] -- Up-to-date symlink: /home/timl/ros2_ws/install/turtlesim/lib/turtlesim/draw_square
[1.063s] -- Up-to-date symlink: /home/timl/ros2_ws/install/turtlesim/lib/turtlesim/mimic
[1.063s] -- Up-to-date symlink: /home/timl/ros2_ws/install/turtlesim/share/turtlesim/launch/multisim.launch.py
[1.063s] -- Up-to-date symlink: /home/timl/ros2_ws/install/turtlesim/share/ament_index/resource_index/package_run_dependencies/turtlesim
[1.064s] -- Up-to-date symlink: /home/timl/ros2_ws/install/turtlesim/share/ament_index/resource_index/parent_prefix_path/turtlesim
[1.064s] -- Up-to-date symlink: /home/timl/ros2_ws/install/turtlesim/share/turtlesim/environment/ament_prefix_path.sh
[1.064s] -- Up-to-date symlink: /home/timl/ros2_ws/install/turtlesim/share/turtlesim/environment/ament_prefix_path.dsv
[1.064s] -- Up-to-date symlink: /home/timl/ros2_ws/install/turtlesim/share/turtlesim/environment/path.sh
[1.064s] -- Up-to-date symlink: /home/timl/ros2_ws/install/turtlesim/share/turtlesim/environment/path.dsv
[1.065s] -- Up-to-date symlink: /home/timl/ros2_ws/install/turtlesim/share/turtlesim/local_setup.bash
[1.065s] -- Up-to-date symlink: /home/timl/ros2_ws/install/turtlesim/share/turtlesim/local_setup.sh
[1.065s] -- Up-to-date symlink: /home/timl/ros2_ws/install/turtlesim/share/turtlesim/local_setup.zsh
[1.065s] -- Up-to-date symlink: /home/timl/ros2_ws/install/turtlesim/share/turtlesim/local_setup.dsv
[1.065s] -- Symlinking: /home/timl/ros2_ws/install/turtlesim/share/turtlesim/package.dsv
[1.078s] -- Up-to-date symlink: /home/timl/ros2_ws/install/turtlesim/share/ament_index/resource_index/packages/turtlesim
[1.078s] -- Up-to-date symlink: /home/timl/ros2_ws/install/turtlesim/share/turtlesim/cmake/rosidl_cmake-extras.cmake
[1.078s] -- Up-to-date symlink: /home/timl/ros2_ws/install/turtlesim/share/turtlesim/cmake/ament_cmake_export_dependencies-extras.cmake
[1.079s] -- Up-to-date symlink: /home/timl/ros2_ws/install/turtlesim/share/turtlesim/cmake/ament_cmake_export_include_directories-extras.cmake
[1.079s] -- Up-to-date symlink: /home/timl/ros2_ws/install/turtlesim/share/turtlesim/cmake/ament_cmake_export_libraries-extras.cmake
[1.079s] -- Up-to-date symlink: /home/timl/ros2_ws/install/turtlesim/share/turtlesim/cmake/ament_cmake_export_targets-extras.cmake
[1.079s] -- Up-to-date symlink: /home/timl/ros2_ws/install/turtlesim/share/turtlesim/cmake/rosidl_cmake_export_typesupport_targets-extras.cmake
[1.079s] -- Up-to-date symlink: /home/timl/ros2_ws/install/turtlesim/share/turtlesim/cmake/rosidl_cmake_export_typesupport_libraries-extras.cmake
[1.080s] -- Up-to-date symlink: /home/timl/ros2_ws/install/turtlesim/share/turtlesim/cmake/turtlesimConfig.cmake
[1.080s] -- Up-to-date symlink: /home/timl/ros2_ws/install/turtlesim/share/turtlesim/cmake/turtlesimConfig-version.cmake
[1.080s] -- Up-to-date symlink: /home/timl/ros2_ws/install/turtlesim/share/turtlesim/package.xml
[1.080s] -- Up-to-date: /home/timl/ros2_ws/install/turtlesim/lib/libturtlesim__rosidl_generator_c.so
[1.080s] -- Up-to-date: /home/timl/ros2_ws/install/turtlesim/lib/libturtlesim__rosidl_typesupport_fastrtps_c.so
[1.081s] -- Up-to-date: /home/timl/ros2_ws/install/turtlesim/lib/libturtlesim__rosidl_typesupport_fastrtps_cpp.so
[1.081s] -- Up-to-date: /home/timl/ros2_ws/install/turtlesim/lib/libturtlesim__rosidl_typesupport_introspection_c.so
[1.081s] -- Up-to-date: /home/timl/ros2_ws/install/turtlesim/lib/libturtlesim__rosidl_typesupport_c.so
[1.081s] -- Up-to-date: /home/timl/ros2_ws/install/turtlesim/lib/libturtlesim__rosidl_typesupport_introspection_cpp.so
[1.081s] -- Up-to-date: /home/timl/ros2_ws/install/turtlesim/lib/libturtlesim__rosidl_typesupport_cpp.so
[1.083s] Listing '/home/timl/ros2_ws/install/turtlesim/lib/python3.12/site-packages/turtlesim'...
[1.083s] Listing '/home/timl/ros2_ws/install/turtlesim/lib/python3.12/site-packages/turtlesim/action'...
[1.083s] Listing '/home/timl/ros2_ws/install/turtlesim/lib/python3.12/site-packages/turtlesim/msg'...
[1.084s] Listing '/home/timl/ros2_ws/install/turtlesim/lib/python3.12/site-packages/turtlesim/srv'...
[1.084s] -- Up-to-date: /home/timl/ros2_ws/install/turtlesim/lib/libturtlesim__rosidl_generator_py.so
[1.084s] -- Up-to-date: /home/timl/ros2_ws/install/turtlesim/share/turtlesim/images
[1.084s] -- Up-to-date: /home/timl/ros2_ws/install/turtlesim/share/turtlesim/images/rolling.png
[1.084s] -- Up-to-date: /home/timl/ros2_ws/install/turtlesim/share/turtlesim/images/crystal.png
[1.085s] -- Up-to-date: /home/timl/ros2_ws/install/turtlesim/share/turtlesim/images/humble.png
[1.085s] -- Up-to-date: /home/timl/ros2_ws/install/turtlesim/share/turtlesim/images/bouncy.png
[1.085s] -- Up-to-date: /home/timl/ros2_ws/install/turtlesim/share/turtlesim/images/dashing.png
[1.085s] -- Up-to-date: /home/timl/ros2_ws/install/turtlesim/share/turtlesim/images/ardent.png
[1.085s] -- Up-to-date: /home/timl/ros2_ws/install/turtlesim/share/turtlesim/images/eloquent.png
[1.086s] -- Up-to-date: /home/timl/ros2_ws/install/turtlesim/share/turtlesim/images/jazzy.png
[1.086s] -- Up-to-date: /home/timl/ros2_ws/install/turtlesim/share/turtlesim/images/galactic.png
[1.086s] -- Up-to-date: /home/timl/ros2_ws/install/turtlesim/share/turtlesim/images/iron.png
[1.086s] -- Up-to-date: /home/timl/ros2_ws/install/turtlesim/share/turtlesim/images/foxy.png
[1.086s] -- Up-to-date: /home/timl/ros2_ws/install/turtlesim/share/turtlesim/cmake/export_turtlesim__rosidl_generator_cExport.cmake
[1.087s] -- Up-to-date: /home/timl/ros2_ws/install/turtlesim/share/turtlesim/cmake/export_turtlesim__rosidl_generator_cExport-noconfig.cmake
[1.087s] -- Up-to-date: /home/timl/ros2_ws/install/turtlesim/share/turtlesim/cmake/export_turtlesim__rosidl_typesupport_fastrtps_cExport.cmake
[1.087s] -- Up-to-date: /home/timl/ros2_ws/install/turtlesim/share/turtlesim/cmake/export_turtlesim__rosidl_typesupport_fastrtps_cExport-noconfig.cmake
[1.087s] -- Up-to-date: /home/timl/ros2_ws/install/turtlesim/share/turtlesim/cmake/export_turtlesim__rosidl_generator_cppExport.cmake
[1.087s] -- Up-to-date: /home/timl/ros2_ws/install/turtlesim/share/turtlesim/cmake/export_turtlesim__rosidl_typesupport_fastrtps_cppExport.cmake
[1.088s] -- Up-to-date: /home/timl/ros2_ws/install/turtlesim/share/turtlesim/cmake/export_turtlesim__rosidl_typesupport_fastrtps_cppExport-noconfig.cmake
[1.088s] -- Up-to-date: /home/timl/ros2_ws/install/turtlesim/share/turtlesim/cmake/turtlesim__rosidl_typesupport_introspection_cExport.cmake
[1.088s] -- Up-to-date: /home/timl/ros2_ws/install/turtlesim/share/turtlesim/cmake/turtlesim__rosidl_typesupport_introspection_cExport-noconfig.cmake
[1.088s] -- Up-to-date: /home/timl/ros2_ws/install/turtlesim/share/turtlesim/cmake/turtlesim__rosidl_typesupport_cExport.cmake
[1.089s] -- Up-to-date: /home/timl/ros2_ws/install/turtlesim/share/turtlesim/cmake/turtlesim__rosidl_typesupport_cExport-noconfig.cmake
[1.089s] -- Up-to-date: /home/timl/ros2_ws/install/turtlesim/share/turtlesim/cmake/turtlesim__rosidl_typesupport_introspection_cppExport.cmake
[1.089s] -- Up-to-date: /home/timl/ros2_ws/install/turtlesim/share/turtlesim/cmake/turtlesim__rosidl_typesupport_introspection_cppExport-noconfig.cmake
[1.089s] -- Up-to-date: /home/timl/ros2_ws/install/turtlesim/share/turtlesim/cmake/turtlesim__rosidl_typesupport_cppExport.cmake
[1.089s] -- Up-to-date: /home/timl/ros2_ws/install/turtlesim/share/turtlesim/cmake/turtlesim__rosidl_typesupport_cppExport-noconfig.cmake
[1.090s] -- Up-to-date: /home/timl/ros2_ws/install/turtlesim/share/turtlesim/cmake/export_turtlesim__rosidl_generator_pyExport.cmake
[1.090s] -- Up-to-date: /home/timl/ros2_ws/install/turtlesim/share/turtlesim/cmake/export_turtlesim__rosidl_generator_pyExport-noconfig.cmake
[1.157s] Invoked command in '/home/timl/ros2_ws/build/turtlesim' returned '0': CMAKE_PREFIX_PATH=${CMAKE_PREFIX_PATH}:/opt/ros/jazzy /usr/bin/cmake --install /home/timl/ros2_ws/build/turtlesim
