[0.041s] Invoking command in '/home/timl/ros2_ws/src/build/tutorial_interfaces': CMAKE_PREFIX_PATH=${CMAKE_PREFIX_PATH}:/home/timl/ros2_ws/install/py_pubsub:/opt/ros/jazzy /usr/bin/cmake --build /home/timl/ros2_ws/src/build/tutorial_interfaces -- -j6 -l6
[0.139s] [  1%] Built target tutorial_interfaces__rosidl_generator_type_description
[0.194s] [  3%] Built target tutorial_interfaces__cpp
[0.197s] [  3%] Built target ament_cmake_python_copy_tutorial_interfaces
[0.203s] [ 24%] Built target tutorial_interfaces__rosidl_generator_c
[0.283s] [ 33%] Built target tutorial_interfaces__rosidl_typesupport_fastrtps_cpp
[0.317s] [ 42%] Built target tutorial_interfaces__rosidl_typesupport_fastrtps_c
[0.332s] [ 51%] Built target tutorial_interfaces__rosidl_typesupport_c
[0.348s] [ 61%] Built target tutorial_interfaces__rosidl_typesupport_introspection_c
[0.357s] [ 70%] Built target tutorial_interfaces__rosidl_typesupport_introspection_cpp
[0.393s] [ 79%] Built target tutorial_interfaces__rosidl_typesupport_cpp
[0.466s] [ 79%] Built target tutorial_interfaces
[0.558s] [ 81%] Built target tutorial_interfaces__py
[0.646s] [ 88%] Built target tutorial_interfaces__rosidl_generator_py
[0.677s] running egg_info
[0.707s] [ 92%] Built target tutorial_interfaces_s__rosidl_typesupport_fastrtps_c
[0.718s] writing tutorial_interfaces.egg-info/PKG-INFO
[0.718s] writing dependency_links to tutorial_interfaces.egg-info/dependency_links.txt
[0.719s] writing top-level names to tutorial_interfaces.egg-info/top_level.txt
[0.730s] [ 96%] Built target tutorial_interfaces_s__rosidl_typesupport_introspection_c
[0.731s] [100%] Built target tutorial_interfaces_s__rosidl_typesupport_c
[0.817s] reading manifest file 'tutorial_interfaces.egg-info/SOURCES.txt'
[0.818s] writing manifest file 'tutorial_interfaces.egg-info/SOURCES.txt'
[0.862s] [100%] Built target ament_cmake_python_build_tutorial_interfaces_egg
[0.917s] Invoked command in '/home/timl/ros2_ws/src/build/tutorial_interfaces' returned '0': CMAKE_PREFIX_PATH=${CMAKE_PREFIX_PATH}:/home/timl/ros2_ws/install/py_pubsub:/opt/ros/jazzy /usr/bin/cmake --build /home/timl/ros2_ws/src/build/tutorial_interfaces -- -j6 -l6
[0.918s] Invoking command in '/home/timl/ros2_ws/src/build/tutorial_interfaces': CMAKE_PREFIX_PATH=${CMAKE_PREFIX_PATH}:/home/timl/ros2_ws/install/py_pubsub:/opt/ros/jazzy /usr/bin/cmake --install /home/timl/ros2_ws/src/build/tutorial_interfaces
[0.937s] -- Install configuration: ""
[0.937s] -- Up-to-date: /home/timl/ros2_ws/src/install/tutorial_interfaces/share/ament_index/resource_index/rosidl_interfaces/tutorial_interfaces
[0.937s] -- Up-to-date: /home/timl/ros2_ws/src/install/tutorial_interfaces/share/tutorial_interfaces/msg/Num.json
[0.938s] -- Up-to-date: /home/timl/ros2_ws/src/install/tutorial_interfaces/share/tutorial_interfaces/msg/Sphere.json
[0.938s] -- Up-to-date: /home/timl/ros2_ws/src/install/tutorial_interfaces/share/tutorial_interfaces/srv/AddThreeInts.json
[0.938s] -- Up-to-date: /home/timl/ros2_ws/src/install/tutorial_interfaces/include/tutorial_interfaces/tutorial_interfaces
[0.938s] -- Up-to-date: /home/timl/ros2_ws/src/install/tutorial_interfaces/include/tutorial_interfaces/tutorial_interfaces/srv
[0.938s] -- Up-to-date: /home/timl/ros2_ws/src/install/tutorial_interfaces/include/tutorial_interfaces/tutorial_interfaces/srv/detail
[0.938s] -- Up-to-date: /home/timl/ros2_ws/src/install/tutorial_interfaces/include/tutorial_interfaces/tutorial_interfaces/srv/detail/add_three_ints__functions.c
[0.938s] -- Up-to-date: /home/timl/ros2_ws/src/install/tutorial_interfaces/include/tutorial_interfaces/tutorial_interfaces/srv/detail/add_three_ints__struct.h
[0.939s] -- Installing: /home/timl/ros2_ws/src/install/tutorial_interfaces/include/tutorial_interfaces/tutorial_interfaces/srv/detail/add_three_ints__type_support.c
[0.939s] -- Up-to-date: /home/timl/ros2_ws/src/install/tutorial_interfaces/include/tutorial_interfaces/tutorial_interfaces/srv/detail/add_three_ints__type_support.h
[0.939s] -- Up-to-date: /home/timl/ros2_ws/src/install/tutorial_interfaces/include/tutorial_interfaces/tutorial_interfaces/srv/detail/add_three_ints__description.c
[0.940s] -- Up-to-date: /home/timl/ros2_ws/src/install/tutorial_interfaces/include/tutorial_interfaces/tutorial_interfaces/srv/detail/add_three_ints__functions.h
[0.940s] -- Up-to-date: /home/timl/ros2_ws/src/install/tutorial_interfaces/include/tutorial_interfaces/tutorial_interfaces/srv/add_three_ints.h
[0.940s] -- Up-to-date: /home/timl/ros2_ws/src/install/tutorial_interfaces/include/tutorial_interfaces/tutorial_interfaces/msg
[0.940s] -- Up-to-date: /home/timl/ros2_ws/src/install/tutorial_interfaces/include/tutorial_interfaces/tutorial_interfaces/msg/detail
[0.941s] -- Up-to-date: /home/timl/ros2_ws/src/install/tutorial_interfaces/include/tutorial_interfaces/tutorial_interfaces/msg/detail/num__type_support.h
[0.941s] -- Up-to-date: /home/timl/ros2_ws/src/install/tutorial_interfaces/include/tutorial_interfaces/tutorial_interfaces/msg/detail/num__functions.c
[0.941s] -- Up-to-date: /home/timl/ros2_ws/src/install/tutorial_interfaces/include/tutorial_interfaces/tutorial_interfaces/msg/detail/sphere__functions.h
[0.941s] -- Up-to-date: /home/timl/ros2_ws/src/install/tutorial_interfaces/include/tutorial_interfaces/tutorial_interfaces/msg/detail/sphere__struct.h
[0.941s] -- Up-to-date: /home/timl/ros2_ws/src/install/tutorial_interfaces/include/tutorial_interfaces/tutorial_interfaces/msg/detail/num__functions.h
[0.942s] -- Up-to-date: /home/timl/ros2_ws/src/install/tutorial_interfaces/include/tutorial_interfaces/tutorial_interfaces/msg/detail/num__struct.h
[0.942s] -- Up-to-date: /home/timl/ros2_ws/src/install/tutorial_interfaces/include/tutorial_interfaces/tutorial_interfaces/msg/detail/sphere__description.c
[0.942s] -- Up-to-date: /home/timl/ros2_ws/src/install/tutorial_interfaces/include/tutorial_interfaces/tutorial_interfaces/msg/detail/sphere__functions.c
[0.942s] -- Up-to-date: /home/timl/ros2_ws/src/install/tutorial_interfaces/include/tutorial_interfaces/tutorial_interfaces/msg/detail/num__description.c
[0.942s] -- Installing: /home/timl/ros2_ws/src/install/tutorial_interfaces/include/tutorial_interfaces/tutorial_interfaces/msg/detail/sphere__type_support.c
[0.942s] -- Up-to-date: /home/timl/ros2_ws/src/install/tutorial_interfaces/include/tutorial_interfaces/tutorial_interfaces/msg/detail/sphere__type_support.h
[0.942s] -- Installing: /home/timl/ros2_ws/src/install/tutorial_interfaces/include/tutorial_interfaces/tutorial_interfaces/msg/detail/num__type_support.c
[0.942s] -- Up-to-date: /home/timl/ros2_ws/src/install/tutorial_interfaces/include/tutorial_interfaces/tutorial_interfaces/msg/num.h
[0.942s] -- Up-to-date: /home/timl/ros2_ws/src/install/tutorial_interfaces/include/tutorial_interfaces/tutorial_interfaces/msg/sphere.h
[0.942s] -- Up-to-date: /home/timl/ros2_ws/src/install/tutorial_interfaces/include/tutorial_interfaces/tutorial_interfaces/msg/rosidl_generator_c__visibility_control.h
[0.942s] -- Up-to-date: /home/timl/ros2_ws/src/install/tutorial_interfaces/share/tutorial_interfaces/environment/library_path.sh
[0.942s] -- Up-to-date: /home/timl/ros2_ws/src/install/tutorial_interfaces/share/tutorial_interfaces/environment/library_path.dsv
[0.943s] -- Up-to-date: /home/timl/ros2_ws/src/install/tutorial_interfaces/lib/libtutorial_interfaces__rosidl_generator_c.so
[0.943s] -- Up-to-date: /home/timl/ros2_ws/src/install/tutorial_interfaces/include/tutorial_interfaces/tutorial_interfaces
[0.943s] -- Up-to-date: /home/timl/ros2_ws/src/install/tutorial_interfaces/include/tutorial_interfaces/tutorial_interfaces/srv
[0.944s] -- Up-to-date: /home/timl/ros2_ws/src/install/tutorial_interfaces/include/tutorial_interfaces/tutorial_interfaces/srv/detail
[0.944s] -- Up-to-date: /home/timl/ros2_ws/src/install/tutorial_interfaces/include/tutorial_interfaces/tutorial_interfaces/srv/detail/add_three_ints__rosidl_typesupport_fastrtps_c.h
[0.944s] -- Up-to-date: /home/timl/ros2_ws/src/install/tutorial_interfaces/include/tutorial_interfaces/tutorial_interfaces/msg
[0.949s] -- Up-to-date: /home/timl/ros2_ws/src/install/tutorial_interfaces/include/tutorial_interfaces/tutorial_interfaces/msg/detail
[0.949s] -- Up-to-date: /home/timl/ros2_ws/src/install/tutorial_interfaces/include/tutorial_interfaces/tutorial_interfaces/msg/detail/num__rosidl_typesupport_fastrtps_c.h
[0.949s] -- Up-to-date: /home/timl/ros2_ws/src/install/tutorial_interfaces/include/tutorial_interfaces/tutorial_interfaces/msg/detail/sphere__rosidl_typesupport_fastrtps_c.h
[0.949s] -- Up-to-date: /home/timl/ros2_ws/src/install/tutorial_interfaces/include/tutorial_interfaces/tutorial_interfaces/msg/rosidl_typesupport_fastrtps_c__visibility_control.h
[0.949s] -- Up-to-date: /home/timl/ros2_ws/src/install/tutorial_interfaces/lib/libtutorial_interfaces__rosidl_typesupport_fastrtps_c.so
[0.949s] -- Up-to-date: /home/timl/ros2_ws/src/install/tutorial_interfaces/include/tutorial_interfaces/tutorial_interfaces
[0.950s] -- Up-to-date: /home/timl/ros2_ws/src/install/tutorial_interfaces/include/tutorial_interfaces/tutorial_interfaces/srv
[0.950s] -- Up-to-date: /home/timl/ros2_ws/src/install/tutorial_interfaces/include/tutorial_interfaces/tutorial_interfaces/srv/detail
[0.950s] -- Up-to-date: /home/timl/ros2_ws/src/install/tutorial_interfaces/include/tutorial_interfaces/tutorial_interfaces/srv/detail/add_three_ints__struct.hpp
[0.950s] -- Up-to-date: /home/timl/ros2_ws/src/install/tutorial_interfaces/include/tutorial_interfaces/tutorial_interfaces/srv/detail/add_three_ints__traits.hpp
[0.950s] -- Up-to-date: /home/timl/ros2_ws/src/install/tutorial_interfaces/include/tutorial_interfaces/tutorial_interfaces/srv/detail/add_three_ints__builder.hpp
[0.950s] -- Up-to-date: /home/timl/ros2_ws/src/install/tutorial_interfaces/include/tutorial_interfaces/tutorial_interfaces/srv/detail/add_three_ints__type_support.hpp
[0.950s] -- Up-to-date: /home/timl/ros2_ws/src/install/tutorial_interfaces/include/tutorial_interfaces/tutorial_interfaces/srv/add_three_ints.hpp
[0.950s] -- Up-to-date: /home/timl/ros2_ws/src/install/tutorial_interfaces/include/tutorial_interfaces/tutorial_interfaces/msg
[0.950s] -- Up-to-date: /home/timl/ros2_ws/src/install/tutorial_interfaces/include/tutorial_interfaces/tutorial_interfaces/msg/detail
[0.950s] -- Up-to-date: /home/timl/ros2_ws/src/install/tutorial_interfaces/include/tutorial_interfaces/tutorial_interfaces/msg/detail/num__type_support.hpp
[0.950s] -- Up-to-date: /home/timl/ros2_ws/src/install/tutorial_interfaces/include/tutorial_interfaces/tutorial_interfaces/msg/detail/num__traits.hpp
[0.950s] -- Up-to-date: /home/timl/ros2_ws/src/install/tutorial_interfaces/include/tutorial_interfaces/tutorial_interfaces/msg/detail/sphere__type_support.hpp
[0.951s] -- Up-to-date: /home/timl/ros2_ws/src/install/tutorial_interfaces/include/tutorial_interfaces/tutorial_interfaces/msg/detail/num__builder.hpp
[0.951s] -- Up-to-date: /home/timl/ros2_ws/src/install/tutorial_interfaces/include/tutorial_interfaces/tutorial_interfaces/msg/detail/sphere__traits.hpp
[0.951s] -- Up-to-date: /home/timl/ros2_ws/src/install/tutorial_interfaces/include/tutorial_interfaces/tutorial_interfaces/msg/detail/num__struct.hpp
[0.951s] -- Up-to-date: /home/timl/ros2_ws/src/install/tutorial_interfaces/include/tutorial_interfaces/tutorial_interfaces/msg/detail/sphere__struct.hpp
[0.951s] -- Up-to-date: /home/timl/ros2_ws/src/install/tutorial_interfaces/include/tutorial_interfaces/tutorial_interfaces/msg/detail/sphere__builder.hpp
[0.951s] -- Up-to-date: /home/timl/ros2_ws/src/install/tutorial_interfaces/include/tutorial_interfaces/tutorial_interfaces/msg/num.hpp
[0.951s] -- Up-to-date: /home/timl/ros2_ws/src/install/tutorial_interfaces/include/tutorial_interfaces/tutorial_interfaces/msg/rosidl_generator_cpp__visibility_control.hpp
[0.951s] -- Up-to-date: /home/timl/ros2_ws/src/install/tutorial_interfaces/include/tutorial_interfaces/tutorial_interfaces/msg/sphere.hpp
[0.952s] -- Up-to-date: /home/timl/ros2_ws/src/install/tutorial_interfaces/include/tutorial_interfaces/tutorial_interfaces
[0.952s] -- Up-to-date: /home/timl/ros2_ws/src/install/tutorial_interfaces/include/tutorial_interfaces/tutorial_interfaces/srv
[0.952s] -- Up-to-date: /home/timl/ros2_ws/src/install/tutorial_interfaces/include/tutorial_interfaces/tutorial_interfaces/srv/detail
[0.952s] -- Up-to-date: /home/timl/ros2_ws/src/install/tutorial_interfaces/include/tutorial_interfaces/tutorial_interfaces/srv/detail/add_three_ints__rosidl_typesupport_fastrtps_cpp.hpp
[0.952s] -- Up-to-date: /home/timl/ros2_ws/src/install/tutorial_interfaces/include/tutorial_interfaces/tutorial_interfaces/srv/detail/dds_fastrtps
[0.952s] -- Up-to-date: /home/timl/ros2_ws/src/install/tutorial_interfaces/include/tutorial_interfaces/tutorial_interfaces/msg
[0.953s] -- Up-to-date: /home/timl/ros2_ws/src/install/tutorial_interfaces/include/tutorial_interfaces/tutorial_interfaces/msg/detail
[0.953s] -- Up-to-date: /home/timl/ros2_ws/src/install/tutorial_interfaces/include/tutorial_interfaces/tutorial_interfaces/msg/detail/num__rosidl_typesupport_fastrtps_cpp.hpp
[0.964s] -- Up-to-date: /home/timl/ros2_ws/src/install/tutorial_interfaces/include/tutorial_interfaces/tutorial_interfaces/msg/detail/sphere__rosidl_typesupport_fastrtps_cpp.hpp
[0.964s] -- Up-to-date: /home/timl/ros2_ws/src/install/tutorial_interfaces/include/tutorial_interfaces/tutorial_interfaces/msg/detail/dds_fastrtps
[0.964s] -- Up-to-date: /home/timl/ros2_ws/src/install/tutorial_interfaces/include/tutorial_interfaces/tutorial_interfaces/msg/rosidl_typesupport_fastrtps_cpp__visibility_control.h
[0.966s] -- Up-to-date: /home/timl/ros2_ws/src/install/tutorial_interfaces/lib/libtutorial_interfaces__rosidl_typesupport_fastrtps_cpp.so
[0.966s] -- Up-to-date: /home/timl/ros2_ws/src/install/tutorial_interfaces/include/tutorial_interfaces/tutorial_interfaces
[0.966s] -- Up-to-date: /home/timl/ros2_ws/src/install/tutorial_interfaces/include/tutorial_interfaces/tutorial_interfaces/srv
[0.966s] -- Up-to-date: /home/timl/ros2_ws/src/install/tutorial_interfaces/include/tutorial_interfaces/tutorial_interfaces/srv/detail
[0.967s] -- Installing: /home/timl/ros2_ws/src/install/tutorial_interfaces/include/tutorial_interfaces/tutorial_interfaces/srv/detail/add_three_ints__type_support.c
[0.967s] -- Up-to-date: /home/timl/ros2_ws/src/install/tutorial_interfaces/include/tutorial_interfaces/tutorial_interfaces/srv/detail/add_three_ints__rosidl_typesupport_introspection_c.h
[0.967s] -- Up-to-date: /home/timl/ros2_ws/src/install/tutorial_interfaces/include/tutorial_interfaces/tutorial_interfaces/msg
[0.967s] -- Up-to-date: /home/timl/ros2_ws/src/install/tutorial_interfaces/include/tutorial_interfaces/tutorial_interfaces/msg/detail
[0.967s] -- Up-to-date: /home/timl/ros2_ws/src/install/tutorial_interfaces/include/tutorial_interfaces/tutorial_interfaces/msg/detail/num__rosidl_typesupport_introspection_c.h
[0.967s] -- Up-to-date: /home/timl/ros2_ws/src/install/tutorial_interfaces/include/tutorial_interfaces/tutorial_interfaces/msg/detail/sphere__rosidl_typesupport_introspection_c.h
[0.967s] -- Installing: /home/timl/ros2_ws/src/install/tutorial_interfaces/include/tutorial_interfaces/tutorial_interfaces/msg/detail/sphere__type_support.c
[0.968s] -- Installing: /home/timl/ros2_ws/src/install/tutorial_interfaces/include/tutorial_interfaces/tutorial_interfaces/msg/detail/num__type_support.c
[0.968s] -- Up-to-date: /home/timl/ros2_ws/src/install/tutorial_interfaces/include/tutorial_interfaces/tutorial_interfaces/msg/rosidl_typesupport_introspection_c__visibility_control.h
[0.968s] -- Up-to-date: /home/timl/ros2_ws/src/install/tutorial_interfaces/lib/libtutorial_interfaces__rosidl_typesupport_introspection_c.so
[0.969s] -- Up-to-date: /home/timl/ros2_ws/src/install/tutorial_interfaces/lib/libtutorial_interfaces__rosidl_typesupport_c.so
[0.969s] -- Up-to-date: /home/timl/ros2_ws/src/install/tutorial_interfaces/include/tutorial_interfaces/tutorial_interfaces
[0.969s] -- Up-to-date: /home/timl/ros2_ws/src/install/tutorial_interfaces/include/tutorial_interfaces/tutorial_interfaces/srv
[0.973s] -- Up-to-date: /home/timl/ros2_ws/src/install/tutorial_interfaces/include/tutorial_interfaces/tutorial_interfaces/srv/detail
[0.973s] -- Up-to-date: /home/timl/ros2_ws/src/install/tutorial_interfaces/include/tutorial_interfaces/tutorial_interfaces/srv/detail/add_three_ints__rosidl_typesupport_introspection_cpp.hpp
[0.973s] -- Up-to-date: /home/timl/ros2_ws/src/install/tutorial_interfaces/include/tutorial_interfaces/tutorial_interfaces/srv/detail/add_three_ints__type_support.cpp
[0.973s] -- Up-to-date: /home/timl/ros2_ws/src/install/tutorial_interfaces/include/tutorial_interfaces/tutorial_interfaces/msg
[0.973s] -- Up-to-date: /home/timl/ros2_ws/src/install/tutorial_interfaces/include/tutorial_interfaces/tutorial_interfaces/msg/detail
[0.974s] -- Up-to-date: /home/timl/ros2_ws/src/install/tutorial_interfaces/include/tutorial_interfaces/tutorial_interfaces/msg/detail/num__rosidl_typesupport_introspection_cpp.hpp
[0.974s] -- Up-to-date: /home/timl/ros2_ws/src/install/tutorial_interfaces/include/tutorial_interfaces/tutorial_interfaces/msg/detail/sphere__type_support.cpp
[0.974s] -- Up-to-date: /home/timl/ros2_ws/src/install/tutorial_interfaces/include/tutorial_interfaces/tutorial_interfaces/msg/detail/num__type_support.cpp
[0.975s] -- Up-to-date: /home/timl/ros2_ws/src/install/tutorial_interfaces/include/tutorial_interfaces/tutorial_interfaces/msg/detail/sphere__rosidl_typesupport_introspection_cpp.hpp
[0.975s] -- Up-to-date: /home/timl/ros2_ws/src/install/tutorial_interfaces/lib/libtutorial_interfaces__rosidl_typesupport_introspection_cpp.so
[0.975s] -- Up-to-date: /home/timl/ros2_ws/src/install/tutorial_interfaces/lib/libtutorial_interfaces__rosidl_typesupport_cpp.so
[0.975s] -- Up-to-date: /home/timl/ros2_ws/src/install/tutorial_interfaces/share/tutorial_interfaces/environment/pythonpath.sh
[0.976s] -- Up-to-date: /home/timl/ros2_ws/src/install/tutorial_interfaces/share/tutorial_interfaces/environment/pythonpath.dsv
[0.976s] -- Up-to-date: /home/timl/ros2_ws/src/install/tutorial_interfaces/lib/python3.12/site-packages/tutorial_interfaces-0.0.0-py3.12.egg-info
[0.976s] -- Installing: /home/timl/ros2_ws/src/install/tutorial_interfaces/lib/python3.12/site-packages/tutorial_interfaces-0.0.0-py3.12.egg-info/top_level.txt
[0.976s] -- Installing: /home/timl/ros2_ws/src/install/tutorial_interfaces/lib/python3.12/site-packages/tutorial_interfaces-0.0.0-py3.12.egg-info/PKG-INFO
[0.997s] -- Installing: /home/timl/ros2_ws/src/install/tutorial_interfaces/lib/python3.12/site-packages/tutorial_interfaces-0.0.0-py3.12.egg-info/SOURCES.txt
[0.997s] -- Installing: /home/timl/ros2_ws/src/install/tutorial_interfaces/lib/python3.12/site-packages/tutorial_interfaces-0.0.0-py3.12.egg-info/dependency_links.txt
[1.001s] -- Up-to-date: /home/timl/ros2_ws/src/install/tutorial_interfaces/lib/python3.12/site-packages/tutorial_interfaces
[1.002s] -- Up-to-date: /home/timl/ros2_ws/src/install/tutorial_interfaces/lib/python3.12/site-packages/tutorial_interfaces/tutorial_interfaces_s__rosidl_typesupport_introspection_c.so
[1.002s] -- Up-to-date: /home/timl/ros2_ws/src/install/tutorial_interfaces/lib/python3.12/site-packages/tutorial_interfaces/_tutorial_interfaces_s.ep.rosidl_typesupport_c.c
[1.002s] -- Up-to-date: /home/timl/ros2_ws/src/install/tutorial_interfaces/lib/python3.12/site-packages/tutorial_interfaces/tutorial_interfaces_s__rosidl_typesupport_fastrtps_c.so
[1.002s] -- Up-to-date: /home/timl/ros2_ws/src/install/tutorial_interfaces/lib/python3.12/site-packages/tutorial_interfaces/srv
[1.002s] -- Up-to-date: /home/timl/ros2_ws/src/install/tutorial_interfaces/lib/python3.12/site-packages/tutorial_interfaces/srv/_add_three_ints_s.c
[1.002s] -- Up-to-date: /home/timl/ros2_ws/src/install/tutorial_interfaces/lib/python3.12/site-packages/tutorial_interfaces/srv/_add_three_ints.py
[1.002s] -- Up-to-date: /home/timl/ros2_ws/src/install/tutorial_interfaces/lib/python3.12/site-packages/tutorial_interfaces/srv/__init__.py
[1.002s] -- Up-to-date: /home/timl/ros2_ws/src/install/tutorial_interfaces/lib/python3.12/site-packages/tutorial_interfaces/_tutorial_interfaces_s.ep.rosidl_typesupport_fastrtps_c.c
[1.002s] -- Up-to-date: /home/timl/ros2_ws/src/install/tutorial_interfaces/lib/python3.12/site-packages/tutorial_interfaces/tutorial_interfaces_s__rosidl_typesupport_c.so
[1.002s] -- Up-to-date: /home/timl/ros2_ws/src/install/tutorial_interfaces/lib/python3.12/site-packages/tutorial_interfaces/__init__.py
[1.002s] -- Up-to-date: /home/timl/ros2_ws/src/install/tutorial_interfaces/lib/python3.12/site-packages/tutorial_interfaces/_tutorial_interfaces_s.ep.rosidl_typesupport_introspection_c.c
[1.002s] -- Up-to-date: /home/timl/ros2_ws/src/install/tutorial_interfaces/lib/python3.12/site-packages/tutorial_interfaces/msg
[1.002s] -- Up-to-date: /home/timl/ros2_ws/src/install/tutorial_interfaces/lib/python3.12/site-packages/tutorial_interfaces/msg/_num_s.c
[1.003s] -- Up-to-date: /home/timl/ros2_ws/src/install/tutorial_interfaces/lib/python3.12/site-packages/tutorial_interfaces/msg/_sphere_s.c
[1.003s] -- Up-to-date: /home/timl/ros2_ws/src/install/tutorial_interfaces/lib/python3.12/site-packages/tutorial_interfaces/msg/_num.py
[1.003s] -- Up-to-date: /home/timl/ros2_ws/src/install/tutorial_interfaces/lib/python3.12/site-packages/tutorial_interfaces/msg/_sphere.py
[1.003s] -- Up-to-date: /home/timl/ros2_ws/src/install/tutorial_interfaces/lib/python3.12/site-packages/tutorial_interfaces/msg/__init__.py
[1.010s] Listing '/home/timl/ros2_ws/src/install/tutorial_interfaces/lib/python3.12/site-packages/tutorial_interfaces'...
[1.010s] Listing '/home/timl/ros2_ws/src/install/tutorial_interfaces/lib/python3.12/site-packages/tutorial_interfaces/msg'...
[1.010s] Listing '/home/timl/ros2_ws/src/install/tutorial_interfaces/lib/python3.12/site-packages/tutorial_interfaces/srv'...
[1.020s] -- Up-to-date: /home/timl/ros2_ws/src/install/tutorial_interfaces/lib/python3.12/site-packages/tutorial_interfaces/tutorial_interfaces_s__rosidl_typesupport_fastrtps_c.so
[1.022s] -- Up-to-date: /home/timl/ros2_ws/src/install/tutorial_interfaces/lib/python3.12/site-packages/tutorial_interfaces/tutorial_interfaces_s__rosidl_typesupport_introspection_c.so
[1.022s] -- Up-to-date: /home/timl/ros2_ws/src/install/tutorial_interfaces/lib/python3.12/site-packages/tutorial_interfaces/tutorial_interfaces_s__rosidl_typesupport_c.so
[1.022s] -- Up-to-date: /home/timl/ros2_ws/src/install/tutorial_interfaces/lib/libtutorial_interfaces__rosidl_generator_py.so
[1.022s] -- Up-to-date: /home/timl/ros2_ws/src/install/tutorial_interfaces/share/tutorial_interfaces/msg/Num.idl
[1.022s] -- Up-to-date: /home/timl/ros2_ws/src/install/tutorial_interfaces/share/tutorial_interfaces/msg/Sphere.idl
[1.023s] -- Up-to-date: /home/timl/ros2_ws/src/install/tutorial_interfaces/share/tutorial_interfaces/srv/AddThreeInts.idl
[1.023s] -- Up-to-date: /home/timl/ros2_ws/src/install/tutorial_interfaces/share/tutorial_interfaces/msg/Num.msg
[1.023s] -- Up-to-date: /home/timl/ros2_ws/src/install/tutorial_interfaces/share/tutorial_interfaces/msg/Sphere.msg
[1.023s] -- Up-to-date: /home/timl/ros2_ws/src/install/tutorial_interfaces/share/tutorial_interfaces/srv/AddThreeInts.srv
[1.023s] -- Up-to-date: /home/timl/ros2_ws/src/install/tutorial_interfaces/share/ament_index/resource_index/package_run_dependencies/tutorial_interfaces
[1.023s] -- Up-to-date: /home/timl/ros2_ws/src/install/tutorial_interfaces/share/ament_index/resource_index/parent_prefix_path/tutorial_interfaces
[1.023s] -- Up-to-date: /home/timl/ros2_ws/src/install/tutorial_interfaces/share/tutorial_interfaces/environment/ament_prefix_path.sh
[1.023s] -- Up-to-date: /home/timl/ros2_ws/src/install/tutorial_interfaces/share/tutorial_interfaces/environment/ament_prefix_path.dsv
[1.023s] -- Up-to-date: /home/timl/ros2_ws/src/install/tutorial_interfaces/share/tutorial_interfaces/environment/path.sh
[1.023s] -- Up-to-date: /home/timl/ros2_ws/src/install/tutorial_interfaces/share/tutorial_interfaces/environment/path.dsv
[1.023s] -- Up-to-date: /home/timl/ros2_ws/src/install/tutorial_interfaces/share/tutorial_interfaces/local_setup.bash
[1.023s] -- Up-to-date: /home/timl/ros2_ws/src/install/tutorial_interfaces/share/tutorial_interfaces/local_setup.sh
[1.023s] -- Up-to-date: /home/timl/ros2_ws/src/install/tutorial_interfaces/share/tutorial_interfaces/local_setup.zsh
[1.024s] -- Up-to-date: /home/timl/ros2_ws/src/install/tutorial_interfaces/share/tutorial_interfaces/local_setup.dsv
[1.024s] -- Installing: /home/timl/ros2_ws/src/install/tutorial_interfaces/share/tutorial_interfaces/package.dsv
[1.024s] -- Up-to-date: /home/timl/ros2_ws/src/install/tutorial_interfaces/share/ament_index/resource_index/packages/tutorial_interfaces
[1.024s] -- Up-to-date: /home/timl/ros2_ws/src/install/tutorial_interfaces/share/tutorial_interfaces/cmake/export_tutorial_interfaces__rosidl_generator_cExport.cmake
[1.024s] -- Up-to-date: /home/timl/ros2_ws/src/install/tutorial_interfaces/share/tutorial_interfaces/cmake/export_tutorial_interfaces__rosidl_generator_cExport-noconfig.cmake
[1.024s] -- Up-to-date: /home/timl/ros2_ws/src/install/tutorial_interfaces/share/tutorial_interfaces/cmake/export_tutorial_interfaces__rosidl_typesupport_fastrtps_cExport.cmake
[1.025s] -- Up-to-date: /home/timl/ros2_ws/src/install/tutorial_interfaces/share/tutorial_interfaces/cmake/export_tutorial_interfaces__rosidl_typesupport_fastrtps_cExport-noconfig.cmake
[1.025s] -- Up-to-date: /home/timl/ros2_ws/src/install/tutorial_interfaces/share/tutorial_interfaces/cmake/export_tutorial_interfaces__rosidl_generator_cppExport.cmake
[1.025s] -- Up-to-date: /home/timl/ros2_ws/src/install/tutorial_interfaces/share/tutorial_interfaces/cmake/export_tutorial_interfaces__rosidl_typesupport_fastrtps_cppExport.cmake
[1.025s] -- Up-to-date: /home/timl/ros2_ws/src/install/tutorial_interfaces/share/tutorial_interfaces/cmake/export_tutorial_interfaces__rosidl_typesupport_fastrtps_cppExport-noconfig.cmake
[1.025s] -- Up-to-date: /home/timl/ros2_ws/src/install/tutorial_interfaces/share/tutorial_interfaces/cmake/tutorial_interfaces__rosidl_typesupport_introspection_cExport.cmake
[1.025s] -- Up-to-date: /home/timl/ros2_ws/src/install/tutorial_interfaces/share/tutorial_interfaces/cmake/tutorial_interfaces__rosidl_typesupport_introspection_cExport-noconfig.cmake
[1.025s] -- Up-to-date: /home/timl/ros2_ws/src/install/tutorial_interfaces/share/tutorial_interfaces/cmake/tutorial_interfaces__rosidl_typesupport_cExport.cmake
[1.025s] -- Up-to-date: /home/timl/ros2_ws/src/install/tutorial_interfaces/share/tutorial_interfaces/cmake/tutorial_interfaces__rosidl_typesupport_cExport-noconfig.cmake
[1.025s] -- Up-to-date: /home/timl/ros2_ws/src/install/tutorial_interfaces/share/tutorial_interfaces/cmake/tutorial_interfaces__rosidl_typesupport_introspection_cppExport.cmake
[1.025s] -- Up-to-date: /home/timl/ros2_ws/src/install/tutorial_interfaces/share/tutorial_interfaces/cmake/tutorial_interfaces__rosidl_typesupport_introspection_cppExport-noconfig.cmake
[1.025s] -- Up-to-date: /home/timl/ros2_ws/src/install/tutorial_interfaces/share/tutorial_interfaces/cmake/tutorial_interfaces__rosidl_typesupport_cppExport.cmake
[1.026s] -- Up-to-date: /home/timl/ros2_ws/src/install/tutorial_interfaces/share/tutorial_interfaces/cmake/tutorial_interfaces__rosidl_typesupport_cppExport-noconfig.cmake
[1.026s] -- Up-to-date: /home/timl/ros2_ws/src/install/tutorial_interfaces/share/tutorial_interfaces/cmake/export_tutorial_interfaces__rosidl_generator_pyExport.cmake
[1.026s] -- Up-to-date: /home/timl/ros2_ws/src/install/tutorial_interfaces/share/tutorial_interfaces/cmake/export_tutorial_interfaces__rosidl_generator_pyExport-noconfig.cmake
[1.026s] -- Up-to-date: /home/timl/ros2_ws/src/install/tutorial_interfaces/share/tutorial_interfaces/cmake/rosidl_cmake-extras.cmake
[1.026s] -- Up-to-date: /home/timl/ros2_ws/src/install/tutorial_interfaces/share/tutorial_interfaces/cmake/ament_cmake_export_dependencies-extras.cmake
[1.026s] -- Up-to-date: /home/timl/ros2_ws/src/install/tutorial_interfaces/share/tutorial_interfaces/cmake/ament_cmake_export_include_directories-extras.cmake
[1.026s] -- Up-to-date: /home/timl/ros2_ws/src/install/tutorial_interfaces/share/tutorial_interfaces/cmake/ament_cmake_export_libraries-extras.cmake
[1.026s] -- Up-to-date: /home/timl/ros2_ws/src/install/tutorial_interfaces/share/tutorial_interfaces/cmake/ament_cmake_export_targets-extras.cmake
[1.026s] -- Up-to-date: /home/timl/ros2_ws/src/install/tutorial_interfaces/share/tutorial_interfaces/cmake/rosidl_cmake_export_typesupport_targets-extras.cmake
[1.026s] -- Up-to-date: /home/timl/ros2_ws/src/install/tutorial_interfaces/share/tutorial_interfaces/cmake/rosidl_cmake_export_typesupport_libraries-extras.cmake
[1.026s] -- Up-to-date: /home/timl/ros2_ws/src/install/tutorial_interfaces/share/tutorial_interfaces/cmake/tutorial_interfacesConfig.cmake
[1.026s] -- Up-to-date: /home/timl/ros2_ws/src/install/tutorial_interfaces/share/tutorial_interfaces/cmake/tutorial_interfacesConfig-version.cmake
[1.026s] -- Up-to-date: /home/timl/ros2_ws/src/install/tutorial_interfaces/share/tutorial_interfaces/package.xml
[1.039s] Invoked command in '/home/timl/ros2_ws/src/build/tutorial_interfaces' returned '0': CMAKE_PREFIX_PATH=${CMAKE_PREFIX_PATH}:/home/timl/ros2_ws/install/py_pubsub:/opt/ros/jazzy /usr/bin/cmake --install /home/timl/ros2_ws/src/build/tutorial_interfaces
