[0.229s] DEBUG:colcon:Command line arguments: ['/usr/bin/colcon', 'build', '--packages-select', 'polygon_base', 'polygon_plugins']
[0.230s] DEBUG:colcon:Parsed command line arguments: Namespace(log_base=None, log_level=None, verb_name='build', build_base='build', install_base='install', merge_install=False, symlink_install=False, test_result_base=None, continue_on_error=False, executor='parallel', parallel_workers=6, event_handlers=None, ignore_user_meta=False, metas=['./colcon.meta'], base_paths=['.'], packages_ignore=None, packages_ignore_regex=None, paths=None, packages_up_to=None, packages_up_to_regex=None, packages_above=None, packages_above_and_dependencies=None, packages_above_depth=None, packages_select_by_dep=None, packages_skip_by_dep=None, packages_skip_up_to=None, packages_select_build_failed=False, packages_skip_build_finished=False, packages_select_test_failures=False, packages_skip_test_passed=False, packages_select=['polygon_base', 'polygon_plugins'], packages_skip=None, packages_select_regex=None, packages_skip_regex=None, packages_start=None, packages_end=None, allow_overriding=[], cmake_args=None, cmake_target=None, cmake_target_skip_unavailable=False, cmake_clean_cache=False, cmake_clean_first=False, cmake_force_configure=False, ament_cmake_args=None, catkin_cmake_args=None, catkin_skip_building_tests=False, mixin_files=None, mixin=None, verb_parser=<colcon_mixin.mixin.mixin_argument.MixinArgumentDecorator object at 0x7fafee3c5580>, verb_extension=<colcon_core.verb.build.BuildVerb object at 0x7fafee51dd60>, main=<bound method BuildVerb.main of <colcon_core.verb.build.BuildVerb object at 0x7fafee51dd60>>, mixin_verb=('build',))
[0.269s] Level 1:colcon.colcon_core.package_discovery:discover_packages(colcon_meta) check parameters
[0.269s] Level 1:colcon.colcon_core.package_discovery:discover_packages(recursive) check parameters
[0.269s] Level 1:colcon.colcon_core.package_discovery:discover_packages(ignore) check parameters
[0.269s] Level 1:colcon.colcon_core.package_discovery:discover_packages(path) check parameters
[0.269s] Level 1:colcon.colcon_core.package_discovery:discover_packages(colcon_meta) discover
[0.269s] Level 1:colcon.colcon_core.package_discovery:discover_packages(recursive) discover
[0.269s] INFO:colcon.colcon_core.package_discovery:Crawling recursively for packages in '/home/timl/ros2_ws/src'
[0.269s] Level 1:colcon.colcon_core.package_identification:_identify(.) by extensions ['ignore', 'ignore_ament_install']
[0.269s] Level 1:colcon.colcon_core.package_identification:_identify(.) by extension 'ignore'
[0.269s] Level 1:colcon.colcon_core.package_identification:_identify(.) by extension 'ignore_ament_install'
[0.269s] Level 1:colcon.colcon_core.package_identification:_identify(.) by extensions ['colcon_pkg']
[0.269s] Level 1:colcon.colcon_core.package_identification:_identify(.) by extension 'colcon_pkg'
[0.269s] Level 1:colcon.colcon_core.package_identification:_identify(.) by extensions ['colcon_meta']
[0.269s] Level 1:colcon.colcon_core.package_identification:_identify(.) by extension 'colcon_meta'
[0.269s] Level 1:colcon.colcon_core.package_identification:_identify(.) by extensions ['ros']
[0.270s] Level 1:colcon.colcon_core.package_identification:_identify(.) by extension 'ros'
[0.294s] Level 1:colcon.colcon_core.package_identification:_identify(.) by extensions ['cmake', 'python']
[0.294s] Level 1:colcon.colcon_core.package_identification:_identify(.) by extension 'cmake'
[0.294s] Level 1:colcon.colcon_core.package_identification:_identify(.) by extension 'python'
[0.294s] Level 1:colcon.colcon_core.package_identification:_identify(.) by extensions ['python_setup_py']
[0.294s] Level 1:colcon.colcon_core.package_identification:_identify(.) by extension 'python_setup_py'
[0.294s] Level 1:colcon.colcon_core.package_identification:_identify(build) by extensions ['ignore', 'ignore_ament_install']
[0.294s] Level 1:colcon.colcon_core.package_identification:_identify(build) by extension 'ignore'
[0.294s] Level 1:colcon.colcon_core.package_identification:_identify(build) ignored
[0.294s] Level 1:colcon.colcon_core.package_identification:_identify(cpp_parameters) by extensions ['ignore', 'ignore_ament_install']
[0.294s] Level 1:colcon.colcon_core.package_identification:_identify(cpp_parameters) by extension 'ignore'
[0.294s] Level 1:colcon.colcon_core.package_identification:_identify(cpp_parameters) by extension 'ignore_ament_install'
[0.294s] Level 1:colcon.colcon_core.package_identification:_identify(cpp_parameters) by extensions ['colcon_pkg']
[0.295s] Level 1:colcon.colcon_core.package_identification:_identify(cpp_parameters) by extension 'colcon_pkg'
[0.295s] Level 1:colcon.colcon_core.package_identification:_identify(cpp_parameters) by extensions ['colcon_meta']
[0.295s] Level 1:colcon.colcon_core.package_identification:_identify(cpp_parameters) by extension 'colcon_meta'
[0.295s] Level 1:colcon.colcon_core.package_identification:_identify(cpp_parameters) by extensions ['ros']
[0.295s] Level 1:colcon.colcon_core.package_identification:_identify(cpp_parameters) by extension 'ros'
[0.297s] DEBUG:colcon.colcon_core.package_identification:Package 'cpp_parameters' with type 'ros.ament_cmake' and name 'cpp_parameters'
[0.297s] Level 1:colcon.colcon_core.package_identification:_identify(cpp_pubsub) by extensions ['ignore', 'ignore_ament_install']
[0.297s] Level 1:colcon.colcon_core.package_identification:_identify(cpp_pubsub) by extension 'ignore'
[0.297s] Level 1:colcon.colcon_core.package_identification:_identify(cpp_pubsub) by extension 'ignore_ament_install'
[0.297s] Level 1:colcon.colcon_core.package_identification:_identify(cpp_pubsub) by extensions ['colcon_pkg']
[0.297s] Level 1:colcon.colcon_core.package_identification:_identify(cpp_pubsub) by extension 'colcon_pkg'
[0.298s] Level 1:colcon.colcon_core.package_identification:_identify(cpp_pubsub) by extensions ['colcon_meta']
[0.298s] Level 1:colcon.colcon_core.package_identification:_identify(cpp_pubsub) by extension 'colcon_meta'
[0.298s] Level 1:colcon.colcon_core.package_identification:_identify(cpp_pubsub) by extensions ['ros']
[0.298s] Level 1:colcon.colcon_core.package_identification:_identify(cpp_pubsub) by extension 'ros'
[0.298s] DEBUG:colcon.colcon_core.package_identification:Package 'cpp_pubsub' with type 'ros.ament_cmake' and name 'cpp_pubsub'
[0.299s] Level 1:colcon.colcon_core.package_identification:_identify(cpp_srvcli) by extensions ['ignore', 'ignore_ament_install']
[0.299s] Level 1:colcon.colcon_core.package_identification:_identify(cpp_srvcli) by extension 'ignore'
[0.299s] Level 1:colcon.colcon_core.package_identification:_identify(cpp_srvcli) by extension 'ignore_ament_install'
[0.299s] Level 1:colcon.colcon_core.package_identification:_identify(cpp_srvcli) by extensions ['colcon_pkg']
[0.299s] Level 1:colcon.colcon_core.package_identification:_identify(cpp_srvcli) by extension 'colcon_pkg'
[0.299s] Level 1:colcon.colcon_core.package_identification:_identify(cpp_srvcli) by extensions ['colcon_meta']
[0.299s] Level 1:colcon.colcon_core.package_identification:_identify(cpp_srvcli) by extension 'colcon_meta'
[0.299s] Level 1:colcon.colcon_core.package_identification:_identify(cpp_srvcli) by extensions ['ros']
[0.299s] Level 1:colcon.colcon_core.package_identification:_identify(cpp_srvcli) by extension 'ros'
[0.300s] DEBUG:colcon.colcon_core.package_identification:Package 'cpp_srvcli' with type 'ros.ament_cmake' and name 'cpp_srvcli'
[0.300s] Level 1:colcon.colcon_core.package_identification:_identify(install) by extensions ['ignore', 'ignore_ament_install']
[0.300s] Level 1:colcon.colcon_core.package_identification:_identify(install) by extension 'ignore'
[0.300s] Level 1:colcon.colcon_core.package_identification:_identify(install) ignored
[0.300s] Level 1:colcon.colcon_core.package_identification:_identify(log) by extensions ['ignore', 'ignore_ament_install']
[0.300s] Level 1:colcon.colcon_core.package_identification:_identify(log) by extension 'ignore'
[0.300s] Level 1:colcon.colcon_core.package_identification:_identify(log) ignored
[0.300s] Level 1:colcon.colcon_core.package_identification:_identify(more_interfaces) by extensions ['ignore', 'ignore_ament_install']
[0.300s] Level 1:colcon.colcon_core.package_identification:_identify(more_interfaces) by extension 'ignore'
[0.300s] Level 1:colcon.colcon_core.package_identification:_identify(more_interfaces) by extension 'ignore_ament_install'
[0.300s] Level 1:colcon.colcon_core.package_identification:_identify(more_interfaces) by extensions ['colcon_pkg']
[0.300s] Level 1:colcon.colcon_core.package_identification:_identify(more_interfaces) by extension 'colcon_pkg'
[0.300s] Level 1:colcon.colcon_core.package_identification:_identify(more_interfaces) by extensions ['colcon_meta']
[0.300s] Level 1:colcon.colcon_core.package_identification:_identify(more_interfaces) by extension 'colcon_meta'
[0.301s] Level 1:colcon.colcon_core.package_identification:_identify(more_interfaces) by extensions ['ros']
[0.301s] Level 1:colcon.colcon_core.package_identification:_identify(more_interfaces) by extension 'ros'
[0.301s] DEBUG:colcon.colcon_core.package_identification:Package 'more_interfaces' with type 'ros.ament_cmake' and name 'more_interfaces'
[0.301s] Level 1:colcon.colcon_core.package_identification:_identify(my_package) by extensions ['ignore', 'ignore_ament_install']
[0.301s] Level 1:colcon.colcon_core.package_identification:_identify(my_package) by extension 'ignore'
[0.301s] Level 1:colcon.colcon_core.package_identification:_identify(my_package) by extension 'ignore_ament_install'
[0.301s] Level 1:colcon.colcon_core.package_identification:_identify(my_package) by extensions ['colcon_pkg']
[0.301s] Level 1:colcon.colcon_core.package_identification:_identify(my_package) by extension 'colcon_pkg'
[0.301s] Level 1:colcon.colcon_core.package_identification:_identify(my_package) by extensions ['colcon_meta']
[0.301s] Level 1:colcon.colcon_core.package_identification:_identify(my_package) by extension 'colcon_meta'
[0.302s] Level 1:colcon.colcon_core.package_identification:_identify(my_package) by extensions ['ros']
[0.302s] Level 1:colcon.colcon_core.package_identification:_identify(my_package) by extension 'ros'
[0.302s] DEBUG:colcon.colcon_core.package_identification:Package 'my_package' with type 'ros.ament_cmake' and name 'my_package'
[0.302s] Level 1:colcon.colcon_core.package_identification:_identify(polygon_base) by extensions ['ignore', 'ignore_ament_install']
[0.302s] Level 1:colcon.colcon_core.package_identification:_identify(polygon_base) by extension 'ignore'
[0.302s] Level 1:colcon.colcon_core.package_identification:_identify(polygon_base) by extension 'ignore_ament_install'
[0.302s] Level 1:colcon.colcon_core.package_identification:_identify(polygon_base) by extensions ['colcon_pkg']
[0.302s] Level 1:colcon.colcon_core.package_identification:_identify(polygon_base) by extension 'colcon_pkg'
[0.302s] Level 1:colcon.colcon_core.package_identification:_identify(polygon_base) by extensions ['colcon_meta']
[0.302s] Level 1:colcon.colcon_core.package_identification:_identify(polygon_base) by extension 'colcon_meta'
[0.302s] Level 1:colcon.colcon_core.package_identification:_identify(polygon_base) by extensions ['ros']
[0.302s] Level 1:colcon.colcon_core.package_identification:_identify(polygon_base) by extension 'ros'
[0.303s] DEBUG:colcon.colcon_core.package_identification:Package 'polygon_base' with type 'ros.ament_cmake' and name 'polygon_base'
[0.303s] Level 1:colcon.colcon_core.package_identification:_identify(polygon_plugins) by extensions ['ignore', 'ignore_ament_install']
[0.303s] Level 1:colcon.colcon_core.package_identification:_identify(polygon_plugins) by extension 'ignore'
[0.303s] Level 1:colcon.colcon_core.package_identification:_identify(polygon_plugins) by extension 'ignore_ament_install'
[0.303s] Level 1:colcon.colcon_core.package_identification:_identify(polygon_plugins) by extensions ['colcon_pkg']
[0.303s] Level 1:colcon.colcon_core.package_identification:_identify(polygon_plugins) by extension 'colcon_pkg'
[0.303s] Level 1:colcon.colcon_core.package_identification:_identify(polygon_plugins) by extensions ['colcon_meta']
[0.303s] Level 1:colcon.colcon_core.package_identification:_identify(polygon_plugins) by extension 'colcon_meta'
[0.303s] Level 1:colcon.colcon_core.package_identification:_identify(polygon_plugins) by extensions ['ros']
[0.303s] Level 1:colcon.colcon_core.package_identification:_identify(polygon_plugins) by extension 'ros'
[0.304s] DEBUG:colcon.colcon_core.package_identification:Package 'polygon_plugins' with type 'ros.ament_cmake' and name 'polygon_plugins'
[0.304s] Level 1:colcon.colcon_core.package_identification:_identify(py_pubsub) by extensions ['ignore', 'ignore_ament_install']
[0.304s] Level 1:colcon.colcon_core.package_identification:_identify(py_pubsub) by extension 'ignore'
[0.304s] Level 1:colcon.colcon_core.package_identification:_identify(py_pubsub) by extension 'ignore_ament_install'
[0.304s] Level 1:colcon.colcon_core.package_identification:_identify(py_pubsub) by extensions ['colcon_pkg']
[0.304s] Level 1:colcon.colcon_core.package_identification:_identify(py_pubsub) by extension 'colcon_pkg'
[0.304s] Level 1:colcon.colcon_core.package_identification:_identify(py_pubsub) by extensions ['colcon_meta']
[0.304s] Level 1:colcon.colcon_core.package_identification:_identify(py_pubsub) by extension 'colcon_meta'
[0.304s] Level 1:colcon.colcon_core.package_identification:_identify(py_pubsub) by extensions ['ros']
[0.304s] Level 1:colcon.colcon_core.package_identification:_identify(py_pubsub) by extension 'ros'
[0.305s] DEBUG:colcon.colcon_core.package_identification:Package 'py_pubsub' with type 'ros.ament_python' and name 'py_pubsub'
[0.305s] Level 1:colcon.colcon_core.package_identification:_identify(tutorial_interfaces) by extensions ['ignore', 'ignore_ament_install']
[0.305s] Level 1:colcon.colcon_core.package_identification:_identify(tutorial_interfaces) by extension 'ignore'
[0.305s] Level 1:colcon.colcon_core.package_identification:_identify(tutorial_interfaces) by extension 'ignore_ament_install'
[0.305s] Level 1:colcon.colcon_core.package_identification:_identify(tutorial_interfaces) by extensions ['colcon_pkg']
[0.305s] Level 1:colcon.colcon_core.package_identification:_identify(tutorial_interfaces) by extension 'colcon_pkg'
[0.305s] Level 1:colcon.colcon_core.package_identification:_identify(tutorial_interfaces) by extensions ['colcon_meta']
[0.305s] Level 1:colcon.colcon_core.package_identification:_identify(tutorial_interfaces) by extension 'colcon_meta'
[0.305s] Level 1:colcon.colcon_core.package_identification:_identify(tutorial_interfaces) by extensions ['ros']
[0.305s] Level 1:colcon.colcon_core.package_identification:_identify(tutorial_interfaces) by extension 'ros'
[0.306s] DEBUG:colcon.colcon_core.package_identification:Package 'tutorial_interfaces' with type 'ros.ament_cmake' and name 'tutorial_interfaces'
[0.306s] Level 1:colcon.colcon_core.package_discovery:discover_packages(recursive) using defaults
[0.306s] Level 1:colcon.colcon_core.package_discovery:discover_packages(ignore) discover
[0.306s] Level 1:colcon.colcon_core.package_discovery:discover_packages(ignore) using defaults
[0.306s] Level 1:colcon.colcon_core.package_discovery:discover_packages(path) discover
[0.306s] Level 1:colcon.colcon_core.package_discovery:discover_packages(path) using defaults
[0.324s] INFO:colcon.colcon_core.package_selection:Skipping not selected package 'cpp_parameters' in 'cpp_parameters'
[0.324s] INFO:colcon.colcon_core.package_selection:Skipping not selected package 'more_interfaces' in 'more_interfaces'
[0.324s] INFO:colcon.colcon_core.package_selection:Skipping not selected package 'my_package' in 'my_package'
[0.324s] INFO:colcon.colcon_core.package_selection:Skipping not selected package 'py_pubsub' in 'py_pubsub'
[0.324s] INFO:colcon.colcon_core.package_selection:Skipping not selected package 'tutorial_interfaces' in 'tutorial_interfaces'
[0.324s] INFO:colcon.colcon_core.package_selection:Skipping not selected package 'cpp_pubsub' in 'cpp_pubsub'
[0.324s] INFO:colcon.colcon_core.package_selection:Skipping not selected package 'cpp_srvcli' in 'cpp_srvcli'
[0.324s] Level 1:colcon.colcon_core.package_discovery:discover_packages(prefix_path) check parameters
[0.324s] Level 1:colcon.colcon_core.package_discovery:discover_packages(prefix_path) discover
[0.326s] DEBUG:colcon.colcon_installed_package_information.package_discovery:Found 2 installed packages in /home/timl/ros2_ws/src/install
[0.327s] DEBUG:colcon.colcon_installed_package_information.package_discovery:Found 8 installed packages in /home/timl/ros2_ws/install
[0.328s] DEBUG:colcon.colcon_installed_package_information.package_discovery:Found 316 installed packages in /opt/ros/jazzy
[0.330s] Level 1:colcon.colcon_core.package_discovery:discover_packages(prefix_path) using defaults
[0.381s] Level 5:colcon.colcon_core.verb:set package 'polygon_base' build argument 'cmake_args' from command line to 'None'
[0.381s] Level 5:colcon.colcon_core.verb:set package 'polygon_base' build argument 'cmake_target' from command line to 'None'
[0.381s] Level 5:colcon.colcon_core.verb:set package 'polygon_base' build argument 'cmake_target_skip_unavailable' from command line to 'False'
[0.381s] Level 5:colcon.colcon_core.verb:set package 'polygon_base' build argument 'cmake_clean_cache' from command line to 'False'
[0.381s] Level 5:colcon.colcon_core.verb:set package 'polygon_base' build argument 'cmake_clean_first' from command line to 'False'
[0.381s] Level 5:colcon.colcon_core.verb:set package 'polygon_base' build argument 'cmake_force_configure' from command line to 'False'
[0.381s] Level 5:colcon.colcon_core.verb:set package 'polygon_base' build argument 'ament_cmake_args' from command line to 'None'
[0.381s] Level 5:colcon.colcon_core.verb:set package 'polygon_base' build argument 'catkin_cmake_args' from command line to 'None'
[0.381s] Level 5:colcon.colcon_core.verb:set package 'polygon_base' build argument 'catkin_skip_building_tests' from command line to 'False'
[0.381s] DEBUG:colcon.colcon_core.verb:Building package 'polygon_base' with the following arguments: {'ament_cmake_args': None, 'build_base': '/home/timl/ros2_ws/src/build/polygon_base', 'catkin_cmake_args': None, 'catkin_skip_building_tests': False, 'cmake_args': None, 'cmake_clean_cache': False, 'cmake_clean_first': False, 'cmake_force_configure': False, 'cmake_target': None, 'cmake_target_skip_unavailable': False, 'install_base': '/home/timl/ros2_ws/src/install/polygon_base', 'merge_install': False, 'path': '/home/timl/ros2_ws/src/polygon_base', 'symlink_install': False, 'test_result_base': None}
[0.381s] Level 5:colcon.colcon_core.verb:set package 'polygon_plugins' build argument 'cmake_args' from command line to 'None'
[0.381s] Level 5:colcon.colcon_core.verb:set package 'polygon_plugins' build argument 'cmake_target' from command line to 'None'
[0.381s] Level 5:colcon.colcon_core.verb:set package 'polygon_plugins' build argument 'cmake_target_skip_unavailable' from command line to 'False'
[0.381s] Level 5:colcon.colcon_core.verb:set package 'polygon_plugins' build argument 'cmake_clean_cache' from command line to 'False'
[0.381s] Level 5:colcon.colcon_core.verb:set package 'polygon_plugins' build argument 'cmake_clean_first' from command line to 'False'
[0.381s] Level 5:colcon.colcon_core.verb:set package 'polygon_plugins' build argument 'cmake_force_configure' from command line to 'False'
[0.381s] Level 5:colcon.colcon_core.verb:set package 'polygon_plugins' build argument 'ament_cmake_args' from command line to 'None'
[0.381s] Level 5:colcon.colcon_core.verb:set package 'polygon_plugins' build argument 'catkin_cmake_args' from command line to 'None'
[0.381s] Level 5:colcon.colcon_core.verb:set package 'polygon_plugins' build argument 'catkin_skip_building_tests' from command line to 'False'
[0.381s] DEBUG:colcon.colcon_core.verb:Building package 'polygon_plugins' with the following arguments: {'ament_cmake_args': None, 'build_base': '/home/timl/ros2_ws/src/build/polygon_plugins', 'catkin_cmake_args': None, 'catkin_skip_building_tests': False, 'cmake_args': None, 'cmake_clean_cache': False, 'cmake_clean_first': False, 'cmake_force_configure': False, 'cmake_target': None, 'cmake_target_skip_unavailable': False, 'install_base': '/home/timl/ros2_ws/src/install/polygon_plugins', 'merge_install': False, 'path': '/home/timl/ros2_ws/src/polygon_plugins', 'symlink_install': False, 'test_result_base': None}
[0.382s] INFO:colcon.colcon_core.executor:Executing jobs using 'parallel' executor
[0.382s] DEBUG:colcon.colcon_parallel_executor.executor.parallel:run_until_complete
[0.383s] INFO:colcon.colcon_ros.task.ament_cmake.build:Building ROS package in '/home/timl/ros2_ws/src/polygon_base' with build type 'ament_cmake'
[0.383s] INFO:colcon.colcon_cmake.task.cmake.build:Building CMake package in '/home/timl/ros2_ws/src/polygon_base'
[0.385s] INFO:colcon.colcon_core.plugin_system:Skipping extension 'colcon_core.shell.bat': Not used on non-Windows systems
[0.386s] INFO:colcon.colcon_core.shell:Skip shell extension 'powershell' for command environment: Not usable outside of PowerShell
[0.386s] DEBUG:colcon.colcon_core.shell:Skip shell extension 'dsv' for command environment
[0.396s] DEBUG:colcon.colcon_core.event_handler.log_command:Invoking command in '/home/timl/ros2_ws/src/build/polygon_base': CMAKE_PREFIX_PATH=${CMAKE_PREFIX_PATH}:/home/timl/ros2_ws/install/py_pubsub:/opt/ros/jazzy /usr/bin/cmake /home/timl/ros2_ws/src/polygon_base -DCMAKE_INSTALL_PREFIX=/home/timl/ros2_ws/src/install/polygon_base
[3.738s] DEBUG:colcon.colcon_core.event_handler.log_command:Invoked command in '/home/timl/ros2_ws/src/build/polygon_base' returned '0': CMAKE_PREFIX_PATH=${CMAKE_PREFIX_PATH}:/home/timl/ros2_ws/install/py_pubsub:/opt/ros/jazzy /usr/bin/cmake /home/timl/ros2_ws/src/polygon_base -DCMAKE_INSTALL_PREFIX=/home/timl/ros2_ws/src/install/polygon_base
[3.740s] DEBUG:colcon.colcon_core.event_handler.log_command:Invoking command in '/home/timl/ros2_ws/src/build/polygon_base': CMAKE_PREFIX_PATH=${CMAKE_PREFIX_PATH}:/home/timl/ros2_ws/install/py_pubsub:/opt/ros/jazzy /usr/bin/cmake --build /home/timl/ros2_ws/src/build/polygon_base -- -j6 -l6
[7.437s] DEBUG:colcon.colcon_core.event_handler.log_command:Invoked command in '/home/timl/ros2_ws/src/build/polygon_base' returned '0': CMAKE_PREFIX_PATH=${CMAKE_PREFIX_PATH}:/home/timl/ros2_ws/install/py_pubsub:/opt/ros/jazzy /usr/bin/cmake --build /home/timl/ros2_ws/src/build/polygon_base -- -j6 -l6
[7.447s] DEBUG:colcon.colcon_core.event_handler.log_command:Invoking command in '/home/timl/ros2_ws/src/build/polygon_base': CMAKE_PREFIX_PATH=${CMAKE_PREFIX_PATH}:/home/timl/ros2_ws/install/py_pubsub:/opt/ros/jazzy /usr/bin/cmake --install /home/timl/ros2_ws/src/build/polygon_base
[7.465s] Level 1:colcon.colcon_core.environment:create_environment_scripts_only(polygon_base)
[7.466s] DEBUG:colcon.colcon_core.event_handler.log_command:Invoked command in '/home/timl/ros2_ws/src/build/polygon_base' returned '0': CMAKE_PREFIX_PATH=${CMAKE_PREFIX_PATH}:/home/timl/ros2_ws/install/py_pubsub:/opt/ros/jazzy /usr/bin/cmake --install /home/timl/ros2_ws/src/build/polygon_base
[7.468s] Level 1:colcon.colcon_core.environment:checking '/home/timl/ros2_ws/src/install/polygon_base' for CMake module files
[7.468s] Level 1:colcon.colcon_core.environment:checking '/home/timl/ros2_ws/src/install/polygon_base' for CMake config files
[7.469s] Level 1:colcon.colcon_core.shell:create_environment_hook('polygon_base', 'cmake_prefix_path')
[7.469s] INFO:colcon.colcon_core.shell:Creating environment hook '/home/timl/ros2_ws/src/install/polygon_base/share/polygon_base/hook/cmake_prefix_path.ps1'
[7.469s] INFO:colcon.colcon_core.shell:Creating environment descriptor '/home/timl/ros2_ws/src/install/polygon_base/share/polygon_base/hook/cmake_prefix_path.dsv'
[7.470s] INFO:colcon.colcon_core.shell:Creating environment hook '/home/timl/ros2_ws/src/install/polygon_base/share/polygon_base/hook/cmake_prefix_path.sh'
[7.471s] Level 1:colcon.colcon_core.environment:checking '/home/timl/ros2_ws/src/install/polygon_base/lib'
[7.471s] Level 1:colcon.colcon_core.environment:checking '/home/timl/ros2_ws/src/install/polygon_base/bin'
[7.471s] Level 1:colcon.colcon_core.environment:checking '/home/timl/ros2_ws/src/install/polygon_base/lib/pkgconfig/polygon_base.pc'
[7.471s] Level 1:colcon.colcon_core.environment:checking '/home/timl/ros2_ws/src/install/polygon_base/lib/python3.12/site-packages'
[7.471s] Level 1:colcon.colcon_core.environment:checking '/home/timl/ros2_ws/src/install/polygon_base/bin'
[7.472s] INFO:colcon.colcon_core.shell:Creating package script '/home/timl/ros2_ws/src/install/polygon_base/share/polygon_base/package.ps1'
[7.472s] INFO:colcon.colcon_core.shell:Creating package descriptor '/home/timl/ros2_ws/src/install/polygon_base/share/polygon_base/package.dsv'
[7.473s] INFO:colcon.colcon_core.shell:Creating package script '/home/timl/ros2_ws/src/install/polygon_base/share/polygon_base/package.sh'
[7.473s] INFO:colcon.colcon_core.shell:Creating package script '/home/timl/ros2_ws/src/install/polygon_base/share/polygon_base/package.bash'
[7.474s] INFO:colcon.colcon_core.shell:Creating package script '/home/timl/ros2_ws/src/install/polygon_base/share/polygon_base/package.zsh'
[7.474s] Level 1:colcon.colcon_core.environment:create_file_with_runtime_dependencies(/home/timl/ros2_ws/src/install/polygon_base/share/colcon-core/packages/polygon_base)
[7.475s] Level 1:colcon.colcon_core.environment:create_environment_scripts_only(polygon_base)
[7.475s] Level 1:colcon.colcon_core.environment:checking '/home/timl/ros2_ws/src/install/polygon_base' for CMake module files
[7.476s] Level 1:colcon.colcon_core.environment:checking '/home/timl/ros2_ws/src/install/polygon_base' for CMake config files
[7.476s] Level 1:colcon.colcon_core.shell:create_environment_hook('polygon_base', 'cmake_prefix_path')
[7.476s] INFO:colcon.colcon_core.shell:Creating environment hook '/home/timl/ros2_ws/src/install/polygon_base/share/polygon_base/hook/cmake_prefix_path.ps1'
[7.477s] INFO:colcon.colcon_core.shell:Creating environment descriptor '/home/timl/ros2_ws/src/install/polygon_base/share/polygon_base/hook/cmake_prefix_path.dsv'
[7.477s] INFO:colcon.colcon_core.shell:Creating environment hook '/home/timl/ros2_ws/src/install/polygon_base/share/polygon_base/hook/cmake_prefix_path.sh'
[7.478s] Level 1:colcon.colcon_core.environment:checking '/home/timl/ros2_ws/src/install/polygon_base/lib'
[7.478s] Level 1:colcon.colcon_core.environment:checking '/home/timl/ros2_ws/src/install/polygon_base/bin'
[7.478s] Level 1:colcon.colcon_core.environment:checking '/home/timl/ros2_ws/src/install/polygon_base/lib/pkgconfig/polygon_base.pc'
[7.478s] Level 1:colcon.colcon_core.environment:checking '/home/timl/ros2_ws/src/install/polygon_base/lib/python3.12/site-packages'
[7.479s] Level 1:colcon.colcon_core.environment:checking '/home/timl/ros2_ws/src/install/polygon_base/bin'
[7.479s] INFO:colcon.colcon_core.shell:Creating package script '/home/timl/ros2_ws/src/install/polygon_base/share/polygon_base/package.ps1'
[7.480s] INFO:colcon.colcon_core.shell:Creating package descriptor '/home/timl/ros2_ws/src/install/polygon_base/share/polygon_base/package.dsv'
[7.481s] INFO:colcon.colcon_core.shell:Creating package script '/home/timl/ros2_ws/src/install/polygon_base/share/polygon_base/package.sh'
[7.481s] INFO:colcon.colcon_core.shell:Creating package script '/home/timl/ros2_ws/src/install/polygon_base/share/polygon_base/package.bash'
[7.482s] INFO:colcon.colcon_core.shell:Creating package script '/home/timl/ros2_ws/src/install/polygon_base/share/polygon_base/package.zsh'
[7.482s] Level 1:colcon.colcon_core.environment:create_file_with_runtime_dependencies(/home/timl/ros2_ws/src/install/polygon_base/share/colcon-core/packages/polygon_base)
[7.482s] INFO:colcon.colcon_ros.task.ament_cmake.build:Building ROS package in '/home/timl/ros2_ws/src/polygon_plugins' with build type 'ament_cmake'
[7.483s] INFO:colcon.colcon_cmake.task.cmake.build:Building CMake package in '/home/timl/ros2_ws/src/polygon_plugins'
[7.483s] INFO:colcon.colcon_core.shell:Skip shell extension 'powershell' for command environment: Not usable outside of PowerShell
[7.483s] DEBUG:colcon.colcon_core.shell:Skip shell extension 'dsv' for command environment
[7.563s] DEBUG:colcon.colcon_core.event_handler.log_command:Invoking command in '/home/timl/ros2_ws/src/build/polygon_plugins': AMENT_PREFIX_PATH=/home/timl/ros2_ws/src/install/polygon_base:${AMENT_PREFIX_PATH} CMAKE_PREFIX_PATH=/home/timl/ros2_ws/src/install/polygon_base:/home/timl/ros2_ws/src/install/cpp_parameters:/home/timl/ros2_ws/install/cpp_parameters:/home/timl/ros2_ws/install/more_interfaces:/home/timl/ros2_ws/install/tutorial_interfaces:/home/timl/ros2_ws/install/cpp_srvcli:/home/timl/ros2_ws/install/cpp_pubsub:/home/timl/ros2_ws/install/my_package:/home/timl/ros2_ws/install/turtlesim:/opt/ros/jazzy/opt/sdformat_vendor:/opt/ros/jazzy/opt/gz_math_vendor:/opt/ros/jazzy/opt/gz_utils_vendor:/opt/ros/jazzy/opt/gz_tools_vendor:/opt/ros/jazzy/opt/gz_cmake_vendor:/home/timl/ros2_ws/install/py_pubsub:/opt/ros/jazzy /usr/bin/cmake /home/timl/ros2_ws/src/polygon_plugins -DCMAKE_INSTALL_PREFIX=/home/timl/ros2_ws/src/install/polygon_plugins
[11.004s] DEBUG:colcon.colcon_core.event_handler.log_command:Invoked command in '/home/timl/ros2_ws/src/build/polygon_plugins' returned '0': AMENT_PREFIX_PATH=/home/timl/ros2_ws/src/install/polygon_base:${AMENT_PREFIX_PATH} CMAKE_PREFIX_PATH=/home/timl/ros2_ws/src/install/polygon_base:/home/timl/ros2_ws/src/install/cpp_parameters:/home/timl/ros2_ws/install/cpp_parameters:/home/timl/ros2_ws/install/more_interfaces:/home/timl/ros2_ws/install/tutorial_interfaces:/home/timl/ros2_ws/install/cpp_srvcli:/home/timl/ros2_ws/install/cpp_pubsub:/home/timl/ros2_ws/install/my_package:/home/timl/ros2_ws/install/turtlesim:/opt/ros/jazzy/opt/sdformat_vendor:/opt/ros/jazzy/opt/gz_math_vendor:/opt/ros/jazzy/opt/gz_utils_vendor:/opt/ros/jazzy/opt/gz_tools_vendor:/opt/ros/jazzy/opt/gz_cmake_vendor:/home/timl/ros2_ws/install/py_pubsub:/opt/ros/jazzy /usr/bin/cmake /home/timl/ros2_ws/src/polygon_plugins -DCMAKE_INSTALL_PREFIX=/home/timl/ros2_ws/src/install/polygon_plugins
[11.005s] DEBUG:colcon.colcon_core.event_handler.log_command:Invoking command in '/home/timl/ros2_ws/src/build/polygon_plugins': AMENT_PREFIX_PATH=/home/timl/ros2_ws/src/install/polygon_base:${AMENT_PREFIX_PATH} CMAKE_PREFIX_PATH=/home/timl/ros2_ws/src/install/polygon_base:/home/timl/ros2_ws/src/install/cpp_parameters:/home/timl/ros2_ws/install/cpp_parameters:/home/timl/ros2_ws/install/more_interfaces:/home/timl/ros2_ws/install/tutorial_interfaces:/home/timl/ros2_ws/install/cpp_srvcli:/home/timl/ros2_ws/install/cpp_pubsub:/home/timl/ros2_ws/install/my_package:/home/timl/ros2_ws/install/turtlesim:/opt/ros/jazzy/opt/sdformat_vendor:/opt/ros/jazzy/opt/gz_math_vendor:/opt/ros/jazzy/opt/gz_utils_vendor:/opt/ros/jazzy/opt/gz_tools_vendor:/opt/ros/jazzy/opt/gz_cmake_vendor:/home/timl/ros2_ws/install/py_pubsub:/opt/ros/jazzy /usr/bin/cmake --build /home/timl/ros2_ws/src/build/polygon_plugins -- -j6 -l6
[12.012s] DEBUG:colcon.colcon_core.event_handler.log_command:Invoked command in '/home/timl/ros2_ws/src/build/polygon_plugins' returned '0': AMENT_PREFIX_PATH=/home/timl/ros2_ws/src/install/polygon_base:${AMENT_PREFIX_PATH} CMAKE_PREFIX_PATH=/home/timl/ros2_ws/src/install/polygon_base:/home/timl/ros2_ws/src/install/cpp_parameters:/home/timl/ros2_ws/install/cpp_parameters:/home/timl/ros2_ws/install/more_interfaces:/home/timl/ros2_ws/install/tutorial_interfaces:/home/timl/ros2_ws/install/cpp_srvcli:/home/timl/ros2_ws/install/cpp_pubsub:/home/timl/ros2_ws/install/my_package:/home/timl/ros2_ws/install/turtlesim:/opt/ros/jazzy/opt/sdformat_vendor:/opt/ros/jazzy/opt/gz_math_vendor:/opt/ros/jazzy/opt/gz_utils_vendor:/opt/ros/jazzy/opt/gz_tools_vendor:/opt/ros/jazzy/opt/gz_cmake_vendor:/home/timl/ros2_ws/install/py_pubsub:/opt/ros/jazzy /usr/bin/cmake --build /home/timl/ros2_ws/src/build/polygon_plugins -- -j6 -l6
[12.012s] DEBUG:colcon.colcon_core.event_handler.log_command:Invoking command in '/home/timl/ros2_ws/src/build/polygon_plugins': AMENT_PREFIX_PATH=/home/timl/ros2_ws/src/install/polygon_base:${AMENT_PREFIX_PATH} CMAKE_PREFIX_PATH=/home/timl/ros2_ws/src/install/polygon_base:/home/timl/ros2_ws/src/install/cpp_parameters:/home/timl/ros2_ws/install/cpp_parameters:/home/timl/ros2_ws/install/more_interfaces:/home/timl/ros2_ws/install/tutorial_interfaces:/home/timl/ros2_ws/install/cpp_srvcli:/home/timl/ros2_ws/install/cpp_pubsub:/home/timl/ros2_ws/install/my_package:/home/timl/ros2_ws/install/turtlesim:/opt/ros/jazzy/opt/sdformat_vendor:/opt/ros/jazzy/opt/gz_math_vendor:/opt/ros/jazzy/opt/gz_utils_vendor:/opt/ros/jazzy/opt/gz_tools_vendor:/opt/ros/jazzy/opt/gz_cmake_vendor:/home/timl/ros2_ws/install/py_pubsub:/opt/ros/jazzy /usr/bin/cmake --install /home/timl/ros2_ws/src/build/polygon_plugins
[12.028s] Level 1:colcon.colcon_core.environment:create_environment_scripts_only(polygon_plugins)
[12.028s] DEBUG:colcon.colcon_core.event_handler.log_command:Invoked command in '/home/timl/ros2_ws/src/build/polygon_plugins' returned '0': AMENT_PREFIX_PATH=/home/timl/ros2_ws/src/install/polygon_base:${AMENT_PREFIX_PATH} CMAKE_PREFIX_PATH=/home/timl/ros2_ws/src/install/polygon_base:/home/timl/ros2_ws/src/install/cpp_parameters:/home/timl/ros2_ws/install/cpp_parameters:/home/timl/ros2_ws/install/more_interfaces:/home/timl/ros2_ws/install/tutorial_interfaces:/home/timl/ros2_ws/install/cpp_srvcli:/home/timl/ros2_ws/install/cpp_pubsub:/home/timl/ros2_ws/install/my_package:/home/timl/ros2_ws/install/turtlesim:/opt/ros/jazzy/opt/sdformat_vendor:/opt/ros/jazzy/opt/gz_math_vendor:/opt/ros/jazzy/opt/gz_utils_vendor:/opt/ros/jazzy/opt/gz_tools_vendor:/opt/ros/jazzy/opt/gz_cmake_vendor:/home/timl/ros2_ws/install/py_pubsub:/opt/ros/jazzy /usr/bin/cmake --install /home/timl/ros2_ws/src/build/polygon_plugins
[12.029s] Level 1:colcon.colcon_core.environment:checking '/home/timl/ros2_ws/src/install/polygon_plugins' for CMake module files
[12.029s] Level 1:colcon.colcon_core.environment:checking '/home/timl/ros2_ws/src/install/polygon_plugins' for CMake config files
[12.030s] Level 1:colcon.colcon_core.shell:create_environment_hook('polygon_plugins', 'cmake_prefix_path')
[12.030s] INFO:colcon.colcon_core.shell:Creating environment hook '/home/timl/ros2_ws/src/install/polygon_plugins/share/polygon_plugins/hook/cmake_prefix_path.ps1'
[12.030s] INFO:colcon.colcon_core.shell:Creating environment descriptor '/home/timl/ros2_ws/src/install/polygon_plugins/share/polygon_plugins/hook/cmake_prefix_path.dsv'
[12.031s] INFO:colcon.colcon_core.shell:Creating environment hook '/home/timl/ros2_ws/src/install/polygon_plugins/share/polygon_plugins/hook/cmake_prefix_path.sh'
[12.031s] Level 1:colcon.colcon_core.environment:checking '/home/timl/ros2_ws/src/install/polygon_plugins/lib'
[12.031s] Level 1:colcon.colcon_core.shell:create_environment_hook('polygon_plugins', 'ld_library_path_lib')
[12.032s] INFO:colcon.colcon_core.shell:Creating environment hook '/home/timl/ros2_ws/src/install/polygon_plugins/share/polygon_plugins/hook/ld_library_path_lib.ps1'
[12.032s] INFO:colcon.colcon_core.shell:Creating environment descriptor '/home/timl/ros2_ws/src/install/polygon_plugins/share/polygon_plugins/hook/ld_library_path_lib.dsv'
[12.033s] INFO:colcon.colcon_core.shell:Creating environment hook '/home/timl/ros2_ws/src/install/polygon_plugins/share/polygon_plugins/hook/ld_library_path_lib.sh'
[12.033s] Level 1:colcon.colcon_core.environment:checking '/home/timl/ros2_ws/src/install/polygon_plugins/bin'
[12.033s] Level 1:colcon.colcon_core.environment:checking '/home/timl/ros2_ws/src/install/polygon_plugins/lib/pkgconfig/polygon_plugins.pc'
[12.033s] Level 1:colcon.colcon_core.environment:checking '/home/timl/ros2_ws/src/install/polygon_plugins/lib/python3.12/site-packages'
[12.034s] Level 1:colcon.colcon_core.environment:checking '/home/timl/ros2_ws/src/install/polygon_plugins/bin'
[12.034s] INFO:colcon.colcon_core.shell:Creating package script '/home/timl/ros2_ws/src/install/polygon_plugins/share/polygon_plugins/package.ps1'
[12.035s] INFO:colcon.colcon_core.shell:Creating package descriptor '/home/timl/ros2_ws/src/install/polygon_plugins/share/polygon_plugins/package.dsv'
[12.035s] INFO:colcon.colcon_core.shell:Creating package script '/home/timl/ros2_ws/src/install/polygon_plugins/share/polygon_plugins/package.sh'
[12.036s] INFO:colcon.colcon_core.shell:Creating package script '/home/timl/ros2_ws/src/install/polygon_plugins/share/polygon_plugins/package.bash'
[12.036s] INFO:colcon.colcon_core.shell:Creating package script '/home/timl/ros2_ws/src/install/polygon_plugins/share/polygon_plugins/package.zsh'
[12.037s] Level 1:colcon.colcon_core.environment:create_file_with_runtime_dependencies(/home/timl/ros2_ws/src/install/polygon_plugins/share/colcon-core/packages/polygon_plugins)
[12.038s] Level 1:colcon.colcon_core.environment:create_environment_scripts_only(polygon_plugins)
[12.038s] Level 1:colcon.colcon_core.environment:checking '/home/timl/ros2_ws/src/install/polygon_plugins' for CMake module files
[12.039s] Level 1:colcon.colcon_core.environment:checking '/home/timl/ros2_ws/src/install/polygon_plugins' for CMake config files
[12.039s] Level 1:colcon.colcon_core.shell:create_environment_hook('polygon_plugins', 'cmake_prefix_path')
[12.040s] INFO:colcon.colcon_core.shell:Creating environment hook '/home/timl/ros2_ws/src/install/polygon_plugins/share/polygon_plugins/hook/cmake_prefix_path.ps1'
[12.040s] INFO:colcon.colcon_core.shell:Creating environment descriptor '/home/timl/ros2_ws/src/install/polygon_plugins/share/polygon_plugins/hook/cmake_prefix_path.dsv'
[12.040s] INFO:colcon.colcon_core.shell:Creating environment hook '/home/timl/ros2_ws/src/install/polygon_plugins/share/polygon_plugins/hook/cmake_prefix_path.sh'
[12.041s] Level 1:colcon.colcon_core.environment:checking '/home/timl/ros2_ws/src/install/polygon_plugins/lib'
[12.041s] Level 1:colcon.colcon_core.shell:create_environment_hook('polygon_plugins', 'ld_library_path_lib')
[12.041s] INFO:colcon.colcon_core.shell:Creating environment hook '/home/timl/ros2_ws/src/install/polygon_plugins/share/polygon_plugins/hook/ld_library_path_lib.ps1'
[12.042s] INFO:colcon.colcon_core.shell:Creating environment descriptor '/home/timl/ros2_ws/src/install/polygon_plugins/share/polygon_plugins/hook/ld_library_path_lib.dsv'
[12.042s] INFO:colcon.colcon_core.shell:Creating environment hook '/home/timl/ros2_ws/src/install/polygon_plugins/share/polygon_plugins/hook/ld_library_path_lib.sh'
[12.042s] Level 1:colcon.colcon_core.environment:checking '/home/timl/ros2_ws/src/install/polygon_plugins/bin'
[12.042s] Level 1:colcon.colcon_core.environment:checking '/home/timl/ros2_ws/src/install/polygon_plugins/lib/pkgconfig/polygon_plugins.pc'
[12.043s] Level 1:colcon.colcon_core.environment:checking '/home/timl/ros2_ws/src/install/polygon_plugins/lib/python3.12/site-packages'
[12.043s] Level 1:colcon.colcon_core.environment:checking '/home/timl/ros2_ws/src/install/polygon_plugins/bin'
[12.043s] INFO:colcon.colcon_core.shell:Creating package script '/home/timl/ros2_ws/src/install/polygon_plugins/share/polygon_plugins/package.ps1'
[12.044s] INFO:colcon.colcon_core.shell:Creating package descriptor '/home/timl/ros2_ws/src/install/polygon_plugins/share/polygon_plugins/package.dsv'
[12.044s] INFO:colcon.colcon_core.shell:Creating package script '/home/timl/ros2_ws/src/install/polygon_plugins/share/polygon_plugins/package.sh'
[12.045s] INFO:colcon.colcon_core.shell:Creating package script '/home/timl/ros2_ws/src/install/polygon_plugins/share/polygon_plugins/package.bash'
[12.045s] INFO:colcon.colcon_core.shell:Creating package script '/home/timl/ros2_ws/src/install/polygon_plugins/share/polygon_plugins/package.zsh'
[12.046s] Level 1:colcon.colcon_core.environment:create_file_with_runtime_dependencies(/home/timl/ros2_ws/src/install/polygon_plugins/share/colcon-core/packages/polygon_plugins)
[12.046s] DEBUG:colcon.colcon_parallel_executor.executor.parallel:closing loop
[12.047s] DEBUG:colcon.colcon_parallel_executor.executor.parallel:loop closed
[12.047s] DEBUG:colcon.colcon_parallel_executor.executor.parallel:run_until_complete finished with '0'
[12.047s] DEBUG:colcon.colcon_core.event_reactor:joining thread
[12.109s] INFO:colcon.colcon_core.plugin_system:Skipping extension 'colcon_notification.desktop_notification.notify_send': Could not find 'notify-send'
[12.109s] INFO:colcon.colcon_core.plugin_system:Skipping extension 'colcon_notification.desktop_notification.terminal_notifier': Not used on non-Darwin systems
[12.109s] INFO:colcon.colcon_core.plugin_system:Skipping extension 'colcon_notification.desktop_notification.win32': Not used on non-Windows systems
[12.110s] INFO:colcon.colcon_notification.desktop_notification:Sending desktop notification using 'notify2'
[12.111s] DEBUG:colcon.colcon_notification.desktop_notification.notify2:Failed to initialize notify2: org.freedesktop.DBus.Error.ServiceUnknown: The name org.freedesktop.Notifications was not provided by any .service files
[12.111s] DEBUG:colcon.colcon_core.event_reactor:joined thread
[12.111s] INFO:colcon.colcon_core.shell:Creating prefix script '/home/timl/ros2_ws/src/install/local_setup.ps1'
[12.112s] INFO:colcon.colcon_core.shell:Creating prefix util module '/home/timl/ros2_ws/src/install/_local_setup_util_ps1.py'
[12.113s] INFO:colcon.colcon_core.shell:Creating prefix chain script '/home/timl/ros2_ws/src/install/setup.ps1'
[12.114s] INFO:colcon.colcon_core.shell:Creating prefix script '/home/timl/ros2_ws/src/install/local_setup.sh'
[12.115s] INFO:colcon.colcon_core.shell:Creating prefix util module '/home/timl/ros2_ws/src/install/_local_setup_util_sh.py'
[12.116s] INFO:colcon.colcon_core.shell:Creating prefix chain script '/home/timl/ros2_ws/src/install/setup.sh'
[12.117s] INFO:colcon.colcon_core.shell:Creating prefix script '/home/timl/ros2_ws/src/install/local_setup.bash'
[12.118s] INFO:colcon.colcon_core.shell:Creating prefix chain script '/home/timl/ros2_ws/src/install/setup.bash'
[12.119s] INFO:colcon.colcon_core.shell:Creating prefix script '/home/timl/ros2_ws/src/install/local_setup.zsh'
[12.119s] INFO:colcon.colcon_core.shell:Creating prefix chain script '/home/timl/ros2_ws/src/install/setup.zsh'
