[0.012s] Invoking command in '/home/timl/ros2_ws/build/cpp_srvcli': CMAKE_PREFIX_PATH=${CMAKE_PREFIX_PATH}:/home/timl/ros2_ws/install/py_pubsub:/opt/ros/jazzy /usr/bin/cmake /home/timl/ros2_ws/src/cpp_srvcli -DCMAKE_INSTALL_PREFIX=/home/timl/ros2_ws/install/cpp_srvcli
[0.228s] -- The C compiler identification is GNU 13.3.0
[1.129s] -- The CXX compiler identification is GNU 13.3.0
[2.002s] -- Detecting C compiler ABI info
[2.382s] -- Detecting C compiler ABI info - done
[2.393s] -- Check for working C compiler: /usr/bin/cc - skipped
[2.393s] -- Detecting C compile features
[2.394s] -- Detecting C compile features - done
[2.540s] -- Detecting CXX compiler ABI info
[2.923s] -- Detecting CXX compiler ABI info - done
[2.934s] -- Check for working CXX compiler: /usr/bin/c++ - skipped
[2.934s] -- Detecting CXX compile features
[2.934s] -- Detecting CXX compile features - done
[2.939s] -- Found ament_cmake: 2.5.3 (/opt/ros/jazzy/share/ament_cmake/cmake)
[3.097s] -- Found Python3: /usr/bin/python3 (found version "3.12.3") found components: Interpreter 
[3.214s] -- Found rclcpp: 28.1.6 (/opt/ros/jazzy/share/rclcpp/cmake)
[3.492s] -- Found rosidl_generator_c: 4.6.5 (/opt/ros/jazzy/share/rosidl_generator_c/cmake)
[3.509s] -- Found rosidl_generator_cpp: 4.6.5 (/opt/ros/jazzy/share/rosidl_generator_cpp/cmake)
[3.530s] -- Using all available rosidl_typesupport_c: rosidl_typesupport_fastrtps_c;rosidl_typesupport_introspection_c
[3.577s] -- Using all available rosidl_typesupport_cpp: rosidl_typesupport_fastrtps_cpp;rosidl_typesupport_introspection_cpp
[3.680s] -- Found rmw_implementation_cmake: 7.3.1 (/opt/ros/jazzy/share/rmw_implementation_cmake/cmake)
[3.685s] -- Found rmw_fastrtps_cpp: 8.4.1 (/opt/ros/jazzy/share/rmw_fastrtps_cpp/cmake)
[3.768s] -- Found OpenSSL: /usr/lib/x86_64-linux-gnu/libcrypto.so (found version "3.0.13")  
[4.035s] -- Found FastRTPS: /opt/ros/jazzy/include (Required is at least version "2.13") 
[4.181s] -- Using RMW implementation 'rmw_fastrtps_cpp' as default
[4.427s] -- Found example_interfaces: 0.12.0 (/opt/ros/jazzy/share/example_interfaces/cmake)
[4.550s] -- Found ament_lint_auto: 0.17.1 (/opt/ros/jazzy/share/ament_lint_auto/cmake)
[4.665s] -- Added test 'cppcheck' to perform static code analysis on C / C++ code
[4.665s] -- Configured cppcheck include dirs: 
[4.665s] -- Configured cppcheck exclude dirs and/or files: 
[4.666s] -- Added test 'lint_cmake' to check CMake code style
[4.668s] -- Added test 'uncrustify' to check C / C++ code style
[4.668s] -- Configured uncrustify additional arguments: 
[4.669s] -- Added test 'xmllint' to check XML markup files
[4.671s] -- Configuring done (4.7s)
[4.688s] -- Generating done (0.0s)
[4.694s] -- Build files have been written to: /home/timl/ros2_ws/build/cpp_srvcli
[4.705s] Invoked command in '/home/timl/ros2_ws/build/cpp_srvcli' returned '0': CMAKE_PREFIX_PATH=${CMAKE_PREFIX_PATH}:/home/timl/ros2_ws/install/py_pubsub:/opt/ros/jazzy /usr/bin/cmake /home/timl/ros2_ws/src/cpp_srvcli -DCMAKE_INSTALL_PREFIX=/home/timl/ros2_ws/install/cpp_srvcli
[4.706s] Invoking command in '/home/timl/ros2_ws/build/cpp_srvcli': CMAKE_PREFIX_PATH=${CMAKE_PREFIX_PATH}:/home/timl/ros2_ws/install/py_pubsub:/opt/ros/jazzy /usr/bin/cmake --build /home/timl/ros2_ws/build/cpp_srvcli -- -j6 -l6
[4.756s] [ 50%] [32mBuilding CXX object CMakeFiles/client.dir/src/add_two_ints_client.cpp.o[0m
[4.756s] [ 50%] [32mBuilding CXX object CMakeFiles/server.dir/src/add_two_ints_server.cpp.o[0m
[8.748s] [ 75%] [32m[1mLinking CXX executable server[0m
[9.009s] [100%] [32m[1mLinking CXX executable client[0m
[9.068s] [100%] Built target server
[9.276s] [100%] Built target client
[9.287s] Invoked command in '/home/timl/ros2_ws/build/cpp_srvcli' returned '0': CMAKE_PREFIX_PATH=${CMAKE_PREFIX_PATH}:/home/timl/ros2_ws/install/py_pubsub:/opt/ros/jazzy /usr/bin/cmake --build /home/timl/ros2_ws/build/cpp_srvcli -- -j6 -l6
[9.297s] Invoking command in '/home/timl/ros2_ws/build/cpp_srvcli': CMAKE_PREFIX_PATH=${CMAKE_PREFIX_PATH}:/home/timl/ros2_ws/install/py_pubsub:/opt/ros/jazzy /usr/bin/cmake --install /home/timl/ros2_ws/build/cpp_srvcli
[9.306s] -- Install configuration: ""
[9.306s] -- Installing: /home/timl/ros2_ws/install/cpp_srvcli/lib/cpp_srvcli/server
[9.307s] -- Set non-toolchain portion of runtime path of "/home/timl/ros2_ws/install/cpp_srvcli/lib/cpp_srvcli/server" to ""
[9.307s] -- Installing: /home/timl/ros2_ws/install/cpp_srvcli/lib/cpp_srvcli/client
[9.308s] -- Set non-toolchain portion of runtime path of "/home/timl/ros2_ws/install/cpp_srvcli/lib/cpp_srvcli/client" to ""
[9.309s] -- Installing: /home/timl/ros2_ws/install/cpp_srvcli/share/ament_index/resource_index/package_run_dependencies/cpp_srvcli
[9.309s] -- Installing: /home/timl/ros2_ws/install/cpp_srvcli/share/ament_index/resource_index/parent_prefix_path/cpp_srvcli
[9.310s] -- Installing: /home/timl/ros2_ws/install/cpp_srvcli/share/cpp_srvcli/environment/ament_prefix_path.sh
[9.310s] -- Installing: /home/timl/ros2_ws/install/cpp_srvcli/share/cpp_srvcli/environment/ament_prefix_path.dsv
[9.310s] -- Installing: /home/timl/ros2_ws/install/cpp_srvcli/share/cpp_srvcli/environment/path.sh
[9.310s] -- Installing: /home/timl/ros2_ws/install/cpp_srvcli/share/cpp_srvcli/environment/path.dsv
[9.310s] -- Installing: /home/timl/ros2_ws/install/cpp_srvcli/share/cpp_srvcli/local_setup.bash
[9.311s] -- Installing: /home/timl/ros2_ws/install/cpp_srvcli/share/cpp_srvcli/local_setup.sh
[9.311s] -- Installing: /home/timl/ros2_ws/install/cpp_srvcli/share/cpp_srvcli/local_setup.zsh
[9.311s] -- Installing: /home/timl/ros2_ws/install/cpp_srvcli/share/cpp_srvcli/local_setup.dsv
[9.311s] -- Installing: /home/timl/ros2_ws/install/cpp_srvcli/share/cpp_srvcli/package.dsv
[9.311s] -- Installing: /home/timl/ros2_ws/install/cpp_srvcli/share/ament_index/resource_index/packages/cpp_srvcli
[9.312s] -- Installing: /home/timl/ros2_ws/install/cpp_srvcli/share/cpp_srvcli/cmake/cpp_srvcliConfig.cmake
[9.312s] -- Installing: /home/timl/ros2_ws/install/cpp_srvcli/share/cpp_srvcli/cmake/cpp_srvcliConfig-version.cmake
[9.312s] -- Installing: /home/timl/ros2_ws/install/cpp_srvcli/share/cpp_srvcli/package.xml
[9.314s] Invoked command in '/home/timl/ros2_ws/build/cpp_srvcli' returned '0': CMAKE_PREFIX_PATH=${CMAKE_PREFIX_PATH}:/home/timl/ros2_ws/install/py_pubsub:/opt/ros/jazzy /usr/bin/cmake --install /home/timl/ros2_ws/build/cpp_srvcli
