[0.199s] Invoking command in '/home/timl/ros2_ws/build/polygon_plugins': AMENT_PREFIX_PATH=/home/timl/ros2_ws/install/polygon_base:${AMENT_PREFIX_PATH} CMAKE_PREFIX_PATH=/home/timl/ros2_ws/install/polygon_base:/opt/ros/jazzy/opt/sdformat_vendor:/opt/ros/jazzy/opt/gz_math_vendor:/opt/ros/jazzy/opt/gz_utils_vendor:/opt/ros/jazzy/opt/gz_tools_vendor:/opt/ros/jazzy/opt/gz_cmake_vendor:/opt/ros/jazzy /usr/bin/cmake --build /home/timl/ros2_ws/build/polygon_plugins -- -j6 -l6
[0.281s] [100%] Built target polygon_plugins
[0.306s] Invoked command in '/home/timl/ros2_ws/build/polygon_plugins' returned '0': AMENT_PREFIX_PATH=/home/timl/ros2_ws/install/polygon_base:${AMENT_PREFIX_PATH} CMAKE_PREFIX_PATH=/home/timl/ros2_ws/install/polygon_base:/opt/ros/jazzy/opt/sdformat_vendor:/opt/ros/jazzy/opt/gz_math_vendor:/opt/ros/jazzy/opt/gz_utils_vendor:/opt/ros/jazzy/opt/gz_tools_vendor:/opt/ros/jazzy/opt/gz_cmake_vendor:/opt/ros/jazzy /usr/bin/cmake --build /home/timl/ros2_ws/build/polygon_plugins -- -j6 -l6
[0.313s] Invoking command in '/home/timl/ros2_ws/build/polygon_plugins': AMENT_PREFIX_PATH=/home/timl/ros2_ws/install/polygon_base:${AMENT_PREFIX_PATH} CMAKE_PREFIX_PATH=/home/timl/ros2_ws/install/polygon_base:/opt/ros/jazzy/opt/sdformat_vendor:/opt/ros/jazzy/opt/gz_math_vendor:/opt/ros/jazzy/opt/gz_utils_vendor:/opt/ros/jazzy/opt/gz_tools_vendor:/opt/ros/jazzy/opt/gz_cmake_vendor:/opt/ros/jazzy /usr/bin/cmake --install /home/timl/ros2_ws/build/polygon_plugins
[0.323s] -- Install configuration: ""
[0.325s] -- Up-to-date: /home/timl/ros2_ws/install/polygon_plugins/include/polygon_plugins
[0.325s] -- Up-to-date: /home/timl/ros2_ws/install/polygon_plugins/include/polygon_plugins/polygon_plugins
[0.326s] -- Up-to-date: /home/timl/ros2_ws/install/polygon_plugins/include/polygon_plugins/polygon_plugins/polygon_plugins.hpp
[0.326s] -- Up-to-date: /home/timl/ros2_ws/install/polygon_plugins/include/polygon_plugins/polygon_plugins/visibility_control.h
[0.328s] -- Up-to-date: /home/timl/ros2_ws/install/polygon_plugins/lib/libpolygon_plugins.so
[0.330s] -- Up-to-date: /home/timl/ros2_ws/install/polygon_plugins/share/polygon_plugins/environment/library_path.sh
[0.330s] -- Up-to-date: /home/timl/ros2_ws/install/polygon_plugins/share/polygon_plugins/environment/library_path.dsv
[0.330s] -- Up-to-date: /home/timl/ros2_ws/install/polygon_plugins/share/polygon_plugins/plugins.xml
[0.331s] -- Up-to-date: /home/timl/ros2_ws/install/polygon_plugins/share/ament_index/resource_index/package_run_dependencies/polygon_plugins
[0.332s] -- Up-to-date: /home/timl/ros2_ws/install/polygon_plugins/share/ament_index/resource_index/parent_prefix_path/polygon_plugins
[0.332s] -- Up-to-date: /home/timl/ros2_ws/install/polygon_plugins/share/polygon_plugins/environment/ament_prefix_path.sh
[0.333s] -- Up-to-date: /home/timl/ros2_ws/install/polygon_plugins/share/polygon_plugins/environment/ament_prefix_path.dsv
[0.333s] -- Up-to-date: /home/timl/ros2_ws/install/polygon_plugins/share/polygon_plugins/environment/path.sh
[0.333s] -- Up-to-date: /home/timl/ros2_ws/install/polygon_plugins/share/polygon_plugins/environment/path.dsv
[0.333s] -- Up-to-date: /home/timl/ros2_ws/install/polygon_plugins/share/polygon_plugins/local_setup.bash
[0.333s] -- Up-to-date: /home/timl/ros2_ws/install/polygon_plugins/share/polygon_plugins/local_setup.sh
[0.333s] -- Up-to-date: /home/timl/ros2_ws/install/polygon_plugins/share/polygon_plugins/local_setup.zsh
[0.333s] -- Up-to-date: /home/timl/ros2_ws/install/polygon_plugins/share/polygon_plugins/local_setup.dsv
[0.333s] -- Installing: /home/timl/ros2_ws/install/polygon_plugins/share/polygon_plugins/package.dsv
[0.334s] -- Up-to-date: /home/timl/ros2_ws/install/polygon_plugins/share/ament_index/resource_index/packages/polygon_plugins
[0.334s] -- Up-to-date: /home/timl/ros2_ws/install/polygon_plugins/share/ament_index/resource_index/polygon_base__pluginlib__plugin/polygon_plugins
[0.337s] -- Up-to-date: /home/timl/ros2_ws/install/polygon_plugins/share/polygon_plugins/cmake/export_polygon_pluginsExport.cmake
[0.337s] -- Up-to-date: /home/timl/ros2_ws/install/polygon_plugins/share/polygon_plugins/cmake/export_polygon_pluginsExport-noconfig.cmake
[0.337s] -- Up-to-date: /home/timl/ros2_ws/install/polygon_plugins/share/polygon_plugins/cmake/ament_cmake_export_include_directories-extras.cmake
[0.338s] -- Up-to-date: /home/timl/ros2_ws/install/polygon_plugins/share/polygon_plugins/cmake/ament_cmake_export_libraries-extras.cmake
[0.338s] -- Up-to-date: /home/timl/ros2_ws/install/polygon_plugins/share/polygon_plugins/cmake/ament_cmake_export_targets-extras.cmake
[0.338s] -- Up-to-date: /home/timl/ros2_ws/install/polygon_plugins/share/polygon_plugins/cmake/polygon_pluginsConfig.cmake
[0.338s] -- Up-to-date: /home/timl/ros2_ws/install/polygon_plugins/share/polygon_plugins/cmake/polygon_pluginsConfig-version.cmake
[0.338s] -- Up-to-date: /home/timl/ros2_ws/install/polygon_plugins/share/polygon_plugins/package.xml
[0.340s] Invoked command in '/home/timl/ros2_ws/build/polygon_plugins' returned '0': AMENT_PREFIX_PATH=/home/timl/ros2_ws/install/polygon_base:${AMENT_PREFIX_PATH} CMAKE_PREFIX_PATH=/home/timl/ros2_ws/install/polygon_base:/opt/ros/jazzy/opt/sdformat_vendor:/opt/ros/jazzy/opt/gz_math_vendor:/opt/ros/jazzy/opt/gz_utils_vendor:/opt/ros/jazzy/opt/gz_tools_vendor:/opt/ros/jazzy/opt/gz_cmake_vendor:/opt/ros/jazzy /usr/bin/cmake --install /home/timl/ros2_ws/build/polygon_plugins
