[0.046s] Invoking command in '/home/timl/ros2_ws/src/build/custom_action_interfaces': CMAKE_PREFIX_PATH=${CMAKE_PREFIX_PATH}:/home/timl/ros2_ws/install/py_pubsub:/opt/ros/jazzy /usr/bin/cmake --build /home/timl/ros2_ws/src/build/custom_action_interfaces -- -j6 -l6
[0.148s] [  2%] Built target custom_action_interfaces__rosidl_generator_type_description
[0.181s] [  2%] Built target ament_cmake_python_copy_custom_action_interfaces
[0.234s] [ 20%] Built target custom_action_interfaces__rosidl_generator_c
[0.234s] [ 20%] Built target custom_action_interfaces__cpp
[0.371s] [ 29%] Built target custom_action_interfaces__rosidl_typesupport_fastrtps_c
[0.376s] [ 38%] Built target custom_action_interfaces__rosidl_typesupport_introspection_c
[0.406s] [ 47%] Built target custom_action_interfaces__rosidl_typesupport_c
[0.407s] [ 55%] Built target custom_action_interfaces__rosidl_typesupport_fastrtps_cpp
[0.416s] [ 64%] Built target custom_action_interfaces__rosidl_typesupport_introspection_cpp
[0.474s] [ 73%] Built target custom_action_interfaces__rosidl_typesupport_cpp
[0.591s] [ 73%] Built target custom_action_interfaces
[0.696s] [ 76%] Built target custom_action_interfaces__py
[0.757s] running egg_info
[0.769s] [ 82%] Built target custom_action_interfaces__rosidl_generator_py
[0.785s] writing custom_action_interfaces.egg-info/PKG-INFO
[0.786s] writing dependency_links to custom_action_interfaces.egg-info/dependency_links.txt
[0.786s] writing top-level names to custom_action_interfaces.egg-info/top_level.txt
[0.850s] [ 88%] Built target custom_action_interfaces_s__rosidl_typesupport_c
[0.862s] [ 94%] Built target custom_action_interfaces_s__rosidl_typesupport_fastrtps_c
[0.864s] [100%] Built target custom_action_interfaces_s__rosidl_typesupport_introspection_c
[0.928s] reading manifest file 'custom_action_interfaces.egg-info/SOURCES.txt'
[0.928s] writing manifest file 'custom_action_interfaces.egg-info/SOURCES.txt'
[0.954s] [100%] Built target ament_cmake_python_build_custom_action_interfaces_egg
[0.973s] Invoked command in '/home/timl/ros2_ws/src/build/custom_action_interfaces' returned '0': CMAKE_PREFIX_PATH=${CMAKE_PREFIX_PATH}:/home/timl/ros2_ws/install/py_pubsub:/opt/ros/jazzy /usr/bin/cmake --build /home/timl/ros2_ws/src/build/custom_action_interfaces -- -j6 -l6
[0.974s] Invoking command in '/home/timl/ros2_ws/src/build/custom_action_interfaces': CMAKE_PREFIX_PATH=${CMAKE_PREFIX_PATH}:/home/timl/ros2_ws/install/py_pubsub:/opt/ros/jazzy /usr/bin/cmake --install /home/timl/ros2_ws/src/build/custom_action_interfaces
[0.996s] -- Install configuration: ""
[1.008s] -- Up-to-date: /home/timl/ros2_ws/src/install/custom_action_interfaces/share/ament_index/resource_index/rosidl_interfaces/custom_action_interfaces
[1.008s] -- Up-to-date: /home/timl/ros2_ws/src/install/custom_action_interfaces/share/custom_action_interfaces/action/Fibonacci.json
[1.021s] -- Up-to-date: /home/timl/ros2_ws/src/install/custom_action_interfaces/include/custom_action_interfaces/custom_action_interfaces
[1.021s] -- Up-to-date: /home/timl/ros2_ws/src/install/custom_action_interfaces/include/custom_action_interfaces/custom_action_interfaces/action
[1.021s] -- Up-to-date: /home/timl/ros2_ws/src/install/custom_action_interfaces/include/custom_action_interfaces/custom_action_interfaces/action/detail
[1.022s] -- Installing: /home/timl/ros2_ws/src/install/custom_action_interfaces/include/custom_action_interfaces/custom_action_interfaces/action/detail/fibonacci__type_support.c
[1.022s] -- Up-to-date: /home/timl/ros2_ws/src/install/custom_action_interfaces/include/custom_action_interfaces/custom_action_interfaces/action/detail/fibonacci__struct.h
[1.022s] -- Up-to-date: /home/timl/ros2_ws/src/install/custom_action_interfaces/include/custom_action_interfaces/custom_action_interfaces/action/detail/fibonacci__description.c
[1.049s] -- Up-to-date: /home/timl/ros2_ws/src/install/custom_action_interfaces/include/custom_action_interfaces/custom_action_interfaces/action/detail/fibonacci__functions.c
[1.049s] -- Up-to-date: /home/timl/ros2_ws/src/install/custom_action_interfaces/include/custom_action_interfaces/custom_action_interfaces/action/detail/fibonacci__functions.h
[1.050s] -- Up-to-date: /home/timl/ros2_ws/src/install/custom_action_interfaces/include/custom_action_interfaces/custom_action_interfaces/action/detail/fibonacci__type_support.h
[1.050s] -- Up-to-date: /home/timl/ros2_ws/src/install/custom_action_interfaces/include/custom_action_interfaces/custom_action_interfaces/action/fibonacci.h
[1.050s] -- Up-to-date: /home/timl/ros2_ws/src/install/custom_action_interfaces/include/custom_action_interfaces/custom_action_interfaces/msg
[1.050s] -- Up-to-date: /home/timl/ros2_ws/src/install/custom_action_interfaces/include/custom_action_interfaces/custom_action_interfaces/msg/rosidl_generator_c__visibility_control.h
[1.051s] -- Up-to-date: /home/timl/ros2_ws/src/install/custom_action_interfaces/share/custom_action_interfaces/environment/library_path.sh
[1.051s] -- Up-to-date: /home/timl/ros2_ws/src/install/custom_action_interfaces/share/custom_action_interfaces/environment/library_path.dsv
[1.051s] -- Up-to-date: /home/timl/ros2_ws/src/install/custom_action_interfaces/lib/libcustom_action_interfaces__rosidl_generator_c.so
[1.051s] -- Up-to-date: /home/timl/ros2_ws/src/install/custom_action_interfaces/include/custom_action_interfaces/custom_action_interfaces
[1.051s] -- Up-to-date: /home/timl/ros2_ws/src/install/custom_action_interfaces/include/custom_action_interfaces/custom_action_interfaces/action
[1.051s] -- Up-to-date: /home/timl/ros2_ws/src/install/custom_action_interfaces/include/custom_action_interfaces/custom_action_interfaces/action/detail
[1.051s] -- Up-to-date: /home/timl/ros2_ws/src/install/custom_action_interfaces/include/custom_action_interfaces/custom_action_interfaces/action/detail/fibonacci__rosidl_typesupport_fastrtps_c.h
[1.052s] -- Up-to-date: /home/timl/ros2_ws/src/install/custom_action_interfaces/include/custom_action_interfaces/custom_action_interfaces/msg
[1.052s] -- Up-to-date: /home/timl/ros2_ws/src/install/custom_action_interfaces/include/custom_action_interfaces/custom_action_interfaces/msg/rosidl_typesupport_fastrtps_c__visibility_control.h
[1.052s] -- Up-to-date: /home/timl/ros2_ws/src/install/custom_action_interfaces/lib/libcustom_action_interfaces__rosidl_typesupport_fastrtps_c.so
[1.052s] -- Up-to-date: /home/timl/ros2_ws/src/install/custom_action_interfaces/include/custom_action_interfaces/custom_action_interfaces
[1.052s] -- Up-to-date: /home/timl/ros2_ws/src/install/custom_action_interfaces/include/custom_action_interfaces/custom_action_interfaces/action
[1.053s] -- Up-to-date: /home/timl/ros2_ws/src/install/custom_action_interfaces/include/custom_action_interfaces/custom_action_interfaces/action/detail
[1.053s] -- Installing: /home/timl/ros2_ws/src/install/custom_action_interfaces/include/custom_action_interfaces/custom_action_interfaces/action/detail/fibonacci__type_support.c
[1.054s] -- Up-to-date: /home/timl/ros2_ws/src/install/custom_action_interfaces/include/custom_action_interfaces/custom_action_interfaces/action/detail/fibonacci__rosidl_typesupport_introspection_c.h
[1.054s] -- Up-to-date: /home/timl/ros2_ws/src/install/custom_action_interfaces/include/custom_action_interfaces/custom_action_interfaces/msg
[1.055s] -- Up-to-date: /home/timl/ros2_ws/src/install/custom_action_interfaces/include/custom_action_interfaces/custom_action_interfaces/msg/rosidl_typesupport_introspection_c__visibility_control.h
[1.059s] -- Up-to-date: /home/timl/ros2_ws/src/install/custom_action_interfaces/lib/libcustom_action_interfaces__rosidl_typesupport_introspection_c.so
[1.059s] -- Up-to-date: /home/timl/ros2_ws/src/install/custom_action_interfaces/lib/libcustom_action_interfaces__rosidl_typesupport_c.so
[1.059s] -- Up-to-date: /home/timl/ros2_ws/src/install/custom_action_interfaces/include/custom_action_interfaces/custom_action_interfaces
[1.059s] -- Up-to-date: /home/timl/ros2_ws/src/install/custom_action_interfaces/include/custom_action_interfaces/custom_action_interfaces/action
[1.060s] -- Up-to-date: /home/timl/ros2_ws/src/install/custom_action_interfaces/include/custom_action_interfaces/custom_action_interfaces/action/detail
[1.060s] -- Up-to-date: /home/timl/ros2_ws/src/install/custom_action_interfaces/include/custom_action_interfaces/custom_action_interfaces/action/detail/fibonacci__struct.hpp
[1.060s] -- Up-to-date: /home/timl/ros2_ws/src/install/custom_action_interfaces/include/custom_action_interfaces/custom_action_interfaces/action/detail/fibonacci__traits.hpp
[1.060s] -- Up-to-date: /home/timl/ros2_ws/src/install/custom_action_interfaces/include/custom_action_interfaces/custom_action_interfaces/action/detail/fibonacci__builder.hpp
[1.060s] -- Up-to-date: /home/timl/ros2_ws/src/install/custom_action_interfaces/include/custom_action_interfaces/custom_action_interfaces/action/detail/fibonacci__type_support.hpp
[1.060s] -- Up-to-date: /home/timl/ros2_ws/src/install/custom_action_interfaces/include/custom_action_interfaces/custom_action_interfaces/action/fibonacci.hpp
[1.061s] -- Up-to-date: /home/timl/ros2_ws/src/install/custom_action_interfaces/include/custom_action_interfaces/custom_action_interfaces/msg
[1.061s] -- Up-to-date: /home/timl/ros2_ws/src/install/custom_action_interfaces/include/custom_action_interfaces/custom_action_interfaces/msg/rosidl_generator_cpp__visibility_control.hpp
[1.061s] -- Up-to-date: /home/timl/ros2_ws/src/install/custom_action_interfaces/include/custom_action_interfaces/custom_action_interfaces
[1.061s] -- Up-to-date: /home/timl/ros2_ws/src/install/custom_action_interfaces/include/custom_action_interfaces/custom_action_interfaces/action
[1.061s] -- Up-to-date: /home/timl/ros2_ws/src/install/custom_action_interfaces/include/custom_action_interfaces/custom_action_interfaces/action/detail
[1.061s] -- Up-to-date: /home/timl/ros2_ws/src/install/custom_action_interfaces/include/custom_action_interfaces/custom_action_interfaces/action/detail/fibonacci__rosidl_typesupport_fastrtps_cpp.hpp
[1.061s] -- Up-to-date: /home/timl/ros2_ws/src/install/custom_action_interfaces/include/custom_action_interfaces/custom_action_interfaces/action/detail/dds_fastrtps
[1.061s] -- Up-to-date: /home/timl/ros2_ws/src/install/custom_action_interfaces/include/custom_action_interfaces/custom_action_interfaces/msg
[1.061s] -- Up-to-date: /home/timl/ros2_ws/src/install/custom_action_interfaces/include/custom_action_interfaces/custom_action_interfaces/msg/rosidl_typesupport_fastrtps_cpp__visibility_control.h
[1.061s] -- Up-to-date: /home/timl/ros2_ws/src/install/custom_action_interfaces/lib/libcustom_action_interfaces__rosidl_typesupport_fastrtps_cpp.so
[1.061s] -- Up-to-date: /home/timl/ros2_ws/src/install/custom_action_interfaces/include/custom_action_interfaces/custom_action_interfaces
[1.061s] -- Up-to-date: /home/timl/ros2_ws/src/install/custom_action_interfaces/include/custom_action_interfaces/custom_action_interfaces/action
[1.061s] -- Up-to-date: /home/timl/ros2_ws/src/install/custom_action_interfaces/include/custom_action_interfaces/custom_action_interfaces/action/detail
[1.062s] -- Up-to-date: /home/timl/ros2_ws/src/install/custom_action_interfaces/include/custom_action_interfaces/custom_action_interfaces/action/detail/fibonacci__rosidl_typesupport_introspection_cpp.hpp
[1.062s] -- Up-to-date: /home/timl/ros2_ws/src/install/custom_action_interfaces/include/custom_action_interfaces/custom_action_interfaces/action/detail/fibonacci__type_support.cpp
[1.062s] -- Up-to-date: /home/timl/ros2_ws/src/install/custom_action_interfaces/lib/libcustom_action_interfaces__rosidl_typesupport_introspection_cpp.so
[1.062s] -- Up-to-date: /home/timl/ros2_ws/src/install/custom_action_interfaces/lib/libcustom_action_interfaces__rosidl_typesupport_cpp.so
[1.065s] -- Up-to-date: /home/timl/ros2_ws/src/install/custom_action_interfaces/share/custom_action_interfaces/environment/pythonpath.sh
[1.065s] -- Up-to-date: /home/timl/ros2_ws/src/install/custom_action_interfaces/share/custom_action_interfaces/environment/pythonpath.dsv
[1.065s] -- Up-to-date: /home/timl/ros2_ws/src/install/custom_action_interfaces/lib/python3.12/site-packages/custom_action_interfaces-0.0.0-py3.12.egg-info
[1.065s] -- Installing: /home/timl/ros2_ws/src/install/custom_action_interfaces/lib/python3.12/site-packages/custom_action_interfaces-0.0.0-py3.12.egg-info/top_level.txt
[1.065s] -- Installing: /home/timl/ros2_ws/src/install/custom_action_interfaces/lib/python3.12/site-packages/custom_action_interfaces-0.0.0-py3.12.egg-info/PKG-INFO
[1.065s] -- Installing: /home/timl/ros2_ws/src/install/custom_action_interfaces/lib/python3.12/site-packages/custom_action_interfaces-0.0.0-py3.12.egg-info/SOURCES.txt
[1.065s] -- Installing: /home/timl/ros2_ws/src/install/custom_action_interfaces/lib/python3.12/site-packages/custom_action_interfaces-0.0.0-py3.12.egg-info/dependency_links.txt
[1.065s] -- Up-to-date: /home/timl/ros2_ws/src/install/custom_action_interfaces/lib/python3.12/site-packages/custom_action_interfaces
[1.065s] -- Up-to-date: /home/timl/ros2_ws/src/install/custom_action_interfaces/lib/python3.12/site-packages/custom_action_interfaces/custom_action_interfaces_s__rosidl_typesupport_c.so
[1.065s] -- Up-to-date: /home/timl/ros2_ws/src/install/custom_action_interfaces/lib/python3.12/site-packages/custom_action_interfaces/action
[1.066s] -- Up-to-date: /home/timl/ros2_ws/src/install/custom_action_interfaces/lib/python3.12/site-packages/custom_action_interfaces/action/_fibonacci_s.c
[1.066s] -- Up-to-date: /home/timl/ros2_ws/src/install/custom_action_interfaces/lib/python3.12/site-packages/custom_action_interfaces/action/_fibonacci.py
[1.071s] -- Up-to-date: /home/timl/ros2_ws/src/install/custom_action_interfaces/lib/python3.12/site-packages/custom_action_interfaces/action/__init__.py
[1.071s] -- Up-to-date: /home/timl/ros2_ws/src/install/custom_action_interfaces/lib/python3.12/site-packages/custom_action_interfaces/_custom_action_interfaces_s.ep.rosidl_typesupport_introspection_c.c
[1.072s] -- Up-to-date: /home/timl/ros2_ws/src/install/custom_action_interfaces/lib/python3.12/site-packages/custom_action_interfaces/custom_action_interfaces_s__rosidl_typesupport_fastrtps_c.so
[1.072s] -- Up-to-date: /home/timl/ros2_ws/src/install/custom_action_interfaces/lib/python3.12/site-packages/custom_action_interfaces/_custom_action_interfaces_s.ep.rosidl_typesupport_fastrtps_c.c
[1.072s] -- Up-to-date: /home/timl/ros2_ws/src/install/custom_action_interfaces/lib/python3.12/site-packages/custom_action_interfaces/_custom_action_interfaces_s.ep.rosidl_typesupport_c.c
[1.072s] -- Up-to-date: /home/timl/ros2_ws/src/install/custom_action_interfaces/lib/python3.12/site-packages/custom_action_interfaces/__init__.py
[1.072s] -- Up-to-date: /home/timl/ros2_ws/src/install/custom_action_interfaces/lib/python3.12/site-packages/custom_action_interfaces/custom_action_interfaces_s__rosidl_typesupport_introspection_c.so
[1.095s] Listing '/home/timl/ros2_ws/src/install/custom_action_interfaces/lib/python3.12/site-packages/custom_action_interfaces'...
[1.095s] Listing '/home/timl/ros2_ws/src/install/custom_action_interfaces/lib/python3.12/site-packages/custom_action_interfaces/action'...
[1.116s] -- Up-to-date: /home/timl/ros2_ws/src/install/custom_action_interfaces/lib/python3.12/site-packages/custom_action_interfaces/custom_action_interfaces_s__rosidl_typesupport_fastrtps_c.so
[1.117s] -- Up-to-date: /home/timl/ros2_ws/src/install/custom_action_interfaces/lib/python3.12/site-packages/custom_action_interfaces/custom_action_interfaces_s__rosidl_typesupport_introspection_c.so
[1.117s] -- Up-to-date: /home/timl/ros2_ws/src/install/custom_action_interfaces/lib/python3.12/site-packages/custom_action_interfaces/custom_action_interfaces_s__rosidl_typesupport_c.so
[1.117s] -- Up-to-date: /home/timl/ros2_ws/src/install/custom_action_interfaces/lib/libcustom_action_interfaces__rosidl_generator_py.so
[1.117s] -- Up-to-date: /home/timl/ros2_ws/src/install/custom_action_interfaces/share/custom_action_interfaces/action/Fibonacci.idl
[1.117s] -- Up-to-date: /home/timl/ros2_ws/src/install/custom_action_interfaces/share/custom_action_interfaces/action/Fibonacci.action
[1.117s] -- Up-to-date: /home/timl/ros2_ws/src/install/custom_action_interfaces/share/ament_index/resource_index/package_run_dependencies/custom_action_interfaces
[1.118s] -- Up-to-date: /home/timl/ros2_ws/src/install/custom_action_interfaces/share/ament_index/resource_index/parent_prefix_path/custom_action_interfaces
[1.118s] -- Up-to-date: /home/timl/ros2_ws/src/install/custom_action_interfaces/share/custom_action_interfaces/environment/ament_prefix_path.sh
[1.118s] -- Up-to-date: /home/timl/ros2_ws/src/install/custom_action_interfaces/share/custom_action_interfaces/environment/ament_prefix_path.dsv
[1.118s] -- Up-to-date: /home/timl/ros2_ws/src/install/custom_action_interfaces/share/custom_action_interfaces/environment/path.sh
[1.118s] -- Up-to-date: /home/timl/ros2_ws/src/install/custom_action_interfaces/share/custom_action_interfaces/environment/path.dsv
[1.118s] -- Up-to-date: /home/timl/ros2_ws/src/install/custom_action_interfaces/share/custom_action_interfaces/local_setup.bash
[1.118s] -- Up-to-date: /home/timl/ros2_ws/src/install/custom_action_interfaces/share/custom_action_interfaces/local_setup.sh
[1.118s] -- Up-to-date: /home/timl/ros2_ws/src/install/custom_action_interfaces/share/custom_action_interfaces/local_setup.zsh
[1.118s] -- Up-to-date: /home/timl/ros2_ws/src/install/custom_action_interfaces/share/custom_action_interfaces/local_setup.dsv
[1.118s] -- Installing: /home/timl/ros2_ws/src/install/custom_action_interfaces/share/custom_action_interfaces/package.dsv
[1.118s] -- Up-to-date: /home/timl/ros2_ws/src/install/custom_action_interfaces/share/ament_index/resource_index/packages/custom_action_interfaces
[1.118s] -- Up-to-date: /home/timl/ros2_ws/src/install/custom_action_interfaces/share/custom_action_interfaces/cmake/export_custom_action_interfaces__rosidl_generator_cExport.cmake
[1.119s] -- Up-to-date: /home/timl/ros2_ws/src/install/custom_action_interfaces/share/custom_action_interfaces/cmake/export_custom_action_interfaces__rosidl_generator_cExport-noconfig.cmake
[1.119s] -- Up-to-date: /home/timl/ros2_ws/src/install/custom_action_interfaces/share/custom_action_interfaces/cmake/export_custom_action_interfaces__rosidl_typesupport_fastrtps_cExport.cmake
[1.119s] -- Up-to-date: /home/timl/ros2_ws/src/install/custom_action_interfaces/share/custom_action_interfaces/cmake/export_custom_action_interfaces__rosidl_typesupport_fastrtps_cExport-noconfig.cmake
[1.119s] -- Up-to-date: /home/timl/ros2_ws/src/install/custom_action_interfaces/share/custom_action_interfaces/cmake/custom_action_interfaces__rosidl_typesupport_introspection_cExport.cmake
[1.119s] -- Up-to-date: /home/timl/ros2_ws/src/install/custom_action_interfaces/share/custom_action_interfaces/cmake/custom_action_interfaces__rosidl_typesupport_introspection_cExport-noconfig.cmake
[1.119s] -- Up-to-date: /home/timl/ros2_ws/src/install/custom_action_interfaces/share/custom_action_interfaces/cmake/custom_action_interfaces__rosidl_typesupport_cExport.cmake
[1.119s] -- Up-to-date: /home/timl/ros2_ws/src/install/custom_action_interfaces/share/custom_action_interfaces/cmake/custom_action_interfaces__rosidl_typesupport_cExport-noconfig.cmake
[1.119s] -- Up-to-date: /home/timl/ros2_ws/src/install/custom_action_interfaces/share/custom_action_interfaces/cmake/export_custom_action_interfaces__rosidl_generator_cppExport.cmake
[1.119s] -- Up-to-date: /home/timl/ros2_ws/src/install/custom_action_interfaces/share/custom_action_interfaces/cmake/export_custom_action_interfaces__rosidl_typesupport_fastrtps_cppExport.cmake
[1.119s] -- Up-to-date: /home/timl/ros2_ws/src/install/custom_action_interfaces/share/custom_action_interfaces/cmake/export_custom_action_interfaces__rosidl_typesupport_fastrtps_cppExport-noconfig.cmake
[1.119s] -- Up-to-date: /home/timl/ros2_ws/src/install/custom_action_interfaces/share/custom_action_interfaces/cmake/custom_action_interfaces__rosidl_typesupport_introspection_cppExport.cmake
[1.120s] -- Up-to-date: /home/timl/ros2_ws/src/install/custom_action_interfaces/share/custom_action_interfaces/cmake/custom_action_interfaces__rosidl_typesupport_introspection_cppExport-noconfig.cmake
[1.120s] -- Up-to-date: /home/timl/ros2_ws/src/install/custom_action_interfaces/share/custom_action_interfaces/cmake/custom_action_interfaces__rosidl_typesupport_cppExport.cmake
[1.121s] -- Up-to-date: /home/timl/ros2_ws/src/install/custom_action_interfaces/share/custom_action_interfaces/cmake/custom_action_interfaces__rosidl_typesupport_cppExport-noconfig.cmake
[1.121s] -- Up-to-date: /home/timl/ros2_ws/src/install/custom_action_interfaces/share/custom_action_interfaces/cmake/export_custom_action_interfaces__rosidl_generator_pyExport.cmake
[1.121s] -- Up-to-date: /home/timl/ros2_ws/src/install/custom_action_interfaces/share/custom_action_interfaces/cmake/export_custom_action_interfaces__rosidl_generator_pyExport-noconfig.cmake
[1.121s] -- Up-to-date: /home/timl/ros2_ws/src/install/custom_action_interfaces/share/custom_action_interfaces/cmake/rosidl_cmake-extras.cmake
[1.121s] -- Up-to-date: /home/timl/ros2_ws/src/install/custom_action_interfaces/share/custom_action_interfaces/cmake/ament_cmake_export_dependencies-extras.cmake
[1.122s] -- Up-to-date: /home/timl/ros2_ws/src/install/custom_action_interfaces/share/custom_action_interfaces/cmake/ament_cmake_export_include_directories-extras.cmake
[1.122s] -- Up-to-date: /home/timl/ros2_ws/src/install/custom_action_interfaces/share/custom_action_interfaces/cmake/ament_cmake_export_libraries-extras.cmake
[1.122s] -- Up-to-date: /home/timl/ros2_ws/src/install/custom_action_interfaces/share/custom_action_interfaces/cmake/ament_cmake_export_targets-extras.cmake
[1.122s] -- Up-to-date: /home/timl/ros2_ws/src/install/custom_action_interfaces/share/custom_action_interfaces/cmake/rosidl_cmake_export_typesupport_targets-extras.cmake
[1.122s] -- Up-to-date: /home/timl/ros2_ws/src/install/custom_action_interfaces/share/custom_action_interfaces/cmake/rosidl_cmake_export_typesupport_libraries-extras.cmake
[1.122s] -- Up-to-date: /home/timl/ros2_ws/src/install/custom_action_interfaces/share/custom_action_interfaces/cmake/custom_action_interfacesConfig.cmake
[1.122s] -- Up-to-date: /home/timl/ros2_ws/src/install/custom_action_interfaces/share/custom_action_interfaces/cmake/custom_action_interfacesConfig-version.cmake
[1.122s] -- Up-to-date: /home/timl/ros2_ws/src/install/custom_action_interfaces/share/custom_action_interfaces/package.xml
[1.184s] Invoked command in '/home/timl/ros2_ws/src/build/custom_action_interfaces' returned '0': CMAKE_PREFIX_PATH=${CMAKE_PREFIX_PATH}:/home/timl/ros2_ws/install/py_pubsub:/opt/ros/jazzy /usr/bin/cmake --install /home/timl/ros2_ws/src/build/custom_action_interfaces
