[0.035s] Invoking command in '/home/timl/ros2_ws/build/more_interfaces': CMAKE_PREFIX_PATH=${CMAKE_PREFIX_PATH}:/home/timl/ros2_ws/install/py_pubsub:/opt/ros/jazzy /usr/bin/cmake --build /home/timl/ros2_ws/build/more_interfaces -- -j6 -l6
[0.125s] [  2%] Built target more_interfaces__rosidl_generator_type_description
[0.137s] [  2%] Built target ament_cmake_python_copy_more_interfaces
[0.183s] [ 16%] Built target more_interfaces__rosidl_generator_c
[0.192s] [ 19%] Built target more_interfaces__cpp
[0.256s] [ 27%] Built target more_interfaces__rosidl_typesupport_introspection_c
[0.319s] [ 36%] Built target more_interfaces__rosidl_typesupport_fastrtps_c
[0.330s] [ 44%] Built target more_interfaces__rosidl_typesupport_c
[0.350s] [ 52%] Built target more_interfaces__rosidl_typesupport_fastrtps_cpp
[0.352s] [ 61%] Built target more_interfaces__rosidl_typesupport_cpp
[0.377s] [ 69%] Built target more_interfaces__rosidl_typesupport_introspection_cpp
[0.419s] [ 69%] Built target more_interfaces
[0.426s] [ 75%] Built target publish_address_book
[0.458s] [ 77%] Built target more_interfaces__py
[0.492s] [ 83%] Built target more_interfaces__rosidl_generator_py
[0.551s] [ 88%] Built target more_interfaces_s__rosidl_typesupport_fastrtps_c
[0.553s] [ 94%] Built target more_interfaces_s__rosidl_typesupport_introspection_c
[0.588s] running egg_info
[0.589s] [100%] Built target more_interfaces_s__rosidl_typesupport_c
[0.625s] writing more_interfaces.egg-info/PKG-INFO
[0.625s] writing dependency_links to more_interfaces.egg-info/dependency_links.txt
[0.625s] writing top-level names to more_interfaces.egg-info/top_level.txt
[0.724s] reading manifest file 'more_interfaces.egg-info/SOURCES.txt'
[0.725s] writing manifest file 'more_interfaces.egg-info/SOURCES.txt'
[0.779s] [100%] Built target ament_cmake_python_build_more_interfaces_egg
[0.839s] Invoked command in '/home/timl/ros2_ws/build/more_interfaces' returned '0': CMAKE_PREFIX_PATH=${CMAKE_PREFIX_PATH}:/home/timl/ros2_ws/install/py_pubsub:/opt/ros/jazzy /usr/bin/cmake --build /home/timl/ros2_ws/build/more_interfaces -- -j6 -l6
[0.845s] Invoking command in '/home/timl/ros2_ws/build/more_interfaces': CMAKE_PREFIX_PATH=${CMAKE_PREFIX_PATH}:/home/timl/ros2_ws/install/py_pubsub:/opt/ros/jazzy /usr/bin/cmake --install /home/timl/ros2_ws/build/more_interfaces
[0.861s] -- Install configuration: ""
[0.862s] -- Up-to-date: /home/timl/ros2_ws/install/more_interfaces/share/ament_index/resource_index/rosidl_interfaces/more_interfaces
[0.862s] -- Up-to-date: /home/timl/ros2_ws/install/more_interfaces/share/more_interfaces/msg/AddressBook.json
[0.862s] -- Up-to-date: /home/timl/ros2_ws/install/more_interfaces/include/more_interfaces/more_interfaces
[0.862s] -- Up-to-date: /home/timl/ros2_ws/install/more_interfaces/include/more_interfaces/more_interfaces/msg
[0.862s] -- Up-to-date: /home/timl/ros2_ws/install/more_interfaces/include/more_interfaces/more_interfaces/msg/detail
[0.862s] -- Up-to-date: /home/timl/ros2_ws/install/more_interfaces/include/more_interfaces/more_interfaces/msg/detail/address_book__type_support.c
[0.862s] -- Up-to-date: /home/timl/ros2_ws/install/more_interfaces/include/more_interfaces/more_interfaces/msg/detail/address_book__functions.c
[0.863s] -- Up-to-date: /home/timl/ros2_ws/install/more_interfaces/include/more_interfaces/more_interfaces/msg/detail/address_book__description.c
[0.863s] -- Up-to-date: /home/timl/ros2_ws/install/more_interfaces/include/more_interfaces/more_interfaces/msg/detail/address_book__type_support.h
[0.863s] -- Up-to-date: /home/timl/ros2_ws/install/more_interfaces/include/more_interfaces/more_interfaces/msg/detail/address_book__functions.h
[0.863s] -- Up-to-date: /home/timl/ros2_ws/install/more_interfaces/include/more_interfaces/more_interfaces/msg/detail/address_book__struct.h
[0.863s] -- Up-to-date: /home/timl/ros2_ws/install/more_interfaces/include/more_interfaces/more_interfaces/msg/address_book.h
[0.863s] -- Up-to-date: /home/timl/ros2_ws/install/more_interfaces/include/more_interfaces/more_interfaces/msg/rosidl_generator_c__visibility_control.h
[0.863s] -- Up-to-date: /home/timl/ros2_ws/install/more_interfaces/share/more_interfaces/environment/library_path.sh
[0.863s] -- Up-to-date: /home/timl/ros2_ws/install/more_interfaces/share/more_interfaces/environment/library_path.dsv
[0.863s] -- Up-to-date: /home/timl/ros2_ws/install/more_interfaces/lib/libmore_interfaces__rosidl_generator_c.so
[0.864s] -- Up-to-date: /home/timl/ros2_ws/install/more_interfaces/include/more_interfaces/more_interfaces
[0.864s] -- Up-to-date: /home/timl/ros2_ws/install/more_interfaces/include/more_interfaces/more_interfaces/msg
[0.864s] -- Up-to-date: /home/timl/ros2_ws/install/more_interfaces/include/more_interfaces/more_interfaces/msg/detail
[0.865s] -- Up-to-date: /home/timl/ros2_ws/install/more_interfaces/include/more_interfaces/more_interfaces/msg/detail/address_book__rosidl_typesupport_fastrtps_c.h
[0.865s] -- Up-to-date: /home/timl/ros2_ws/install/more_interfaces/include/more_interfaces/more_interfaces/msg/rosidl_typesupport_fastrtps_c__visibility_control.h
[0.865s] -- Up-to-date: /home/timl/ros2_ws/install/more_interfaces/lib/libmore_interfaces__rosidl_typesupport_fastrtps_c.so
[0.866s] -- Up-to-date: /home/timl/ros2_ws/install/more_interfaces/include/more_interfaces/more_interfaces
[0.866s] -- Up-to-date: /home/timl/ros2_ws/install/more_interfaces/include/more_interfaces/more_interfaces/msg
[0.866s] -- Up-to-date: /home/timl/ros2_ws/install/more_interfaces/include/more_interfaces/more_interfaces/msg/detail
[0.866s] -- Up-to-date: /home/timl/ros2_ws/install/more_interfaces/include/more_interfaces/more_interfaces/msg/detail/address_book__type_support.c
[0.867s] -- Up-to-date: /home/timl/ros2_ws/install/more_interfaces/include/more_interfaces/more_interfaces/msg/detail/address_book__rosidl_typesupport_introspection_c.h
[0.867s] -- Up-to-date: /home/timl/ros2_ws/install/more_interfaces/include/more_interfaces/more_interfaces/msg/rosidl_typesupport_introspection_c__visibility_control.h
[0.867s] -- Up-to-date: /home/timl/ros2_ws/install/more_interfaces/lib/libmore_interfaces__rosidl_typesupport_introspection_c.so
[0.868s] -- Up-to-date: /home/timl/ros2_ws/install/more_interfaces/lib/libmore_interfaces__rosidl_typesupport_c.so
[0.868s] -- Up-to-date: /home/timl/ros2_ws/install/more_interfaces/include/more_interfaces/more_interfaces
[0.868s] -- Up-to-date: /home/timl/ros2_ws/install/more_interfaces/include/more_interfaces/more_interfaces/msg
[0.868s] -- Up-to-date: /home/timl/ros2_ws/install/more_interfaces/include/more_interfaces/more_interfaces/msg/detail
[0.870s] -- Up-to-date: /home/timl/ros2_ws/install/more_interfaces/include/more_interfaces/more_interfaces/msg/detail/address_book__struct.hpp
[0.870s] -- Up-to-date: /home/timl/ros2_ws/install/more_interfaces/include/more_interfaces/more_interfaces/msg/detail/address_book__builder.hpp
[0.870s] -- Up-to-date: /home/timl/ros2_ws/install/more_interfaces/include/more_interfaces/more_interfaces/msg/detail/address_book__traits.hpp
[0.871s] -- Up-to-date: /home/timl/ros2_ws/install/more_interfaces/include/more_interfaces/more_interfaces/msg/detail/address_book__type_support.hpp
[0.871s] -- Up-to-date: /home/timl/ros2_ws/install/more_interfaces/include/more_interfaces/more_interfaces/msg/rosidl_generator_cpp__visibility_control.hpp
[0.874s] -- Up-to-date: /home/timl/ros2_ws/install/more_interfaces/include/more_interfaces/more_interfaces/msg/address_book.hpp
[0.874s] -- Up-to-date: /home/timl/ros2_ws/install/more_interfaces/include/more_interfaces/more_interfaces
[0.874s] -- Up-to-date: /home/timl/ros2_ws/install/more_interfaces/include/more_interfaces/more_interfaces/msg
[0.874s] -- Up-to-date: /home/timl/ros2_ws/install/more_interfaces/include/more_interfaces/more_interfaces/msg/detail
[0.874s] -- Up-to-date: /home/timl/ros2_ws/install/more_interfaces/include/more_interfaces/more_interfaces/msg/detail/dds_fastrtps
[0.874s] -- Up-to-date: /home/timl/ros2_ws/install/more_interfaces/include/more_interfaces/more_interfaces/msg/detail/address_book__rosidl_typesupport_fastrtps_cpp.hpp
[0.874s] -- Up-to-date: /home/timl/ros2_ws/install/more_interfaces/include/more_interfaces/more_interfaces/msg/rosidl_typesupport_fastrtps_cpp__visibility_control.h
[0.874s] -- Up-to-date: /home/timl/ros2_ws/install/more_interfaces/lib/libmore_interfaces__rosidl_typesupport_fastrtps_cpp.so
[0.874s] -- Up-to-date: /home/timl/ros2_ws/install/more_interfaces/include/more_interfaces/more_interfaces
[0.874s] -- Up-to-date: /home/timl/ros2_ws/install/more_interfaces/include/more_interfaces/more_interfaces/msg
[0.875s] -- Up-to-date: /home/timl/ros2_ws/install/more_interfaces/include/more_interfaces/more_interfaces/msg/detail
[0.875s] -- Up-to-date: /home/timl/ros2_ws/install/more_interfaces/include/more_interfaces/more_interfaces/msg/detail/address_book__type_support.cpp
[0.875s] -- Up-to-date: /home/timl/ros2_ws/install/more_interfaces/include/more_interfaces/more_interfaces/msg/detail/address_book__rosidl_typesupport_introspection_cpp.hpp
[0.875s] -- Up-to-date: /home/timl/ros2_ws/install/more_interfaces/lib/libmore_interfaces__rosidl_typesupport_introspection_cpp.so
[0.875s] -- Up-to-date: /home/timl/ros2_ws/install/more_interfaces/lib/libmore_interfaces__rosidl_typesupport_cpp.so
[0.875s] -- Up-to-date: /home/timl/ros2_ws/install/more_interfaces/share/more_interfaces/environment/pythonpath.sh
[0.875s] -- Up-to-date: /home/timl/ros2_ws/install/more_interfaces/share/more_interfaces/environment/pythonpath.dsv
[0.875s] -- Up-to-date: /home/timl/ros2_ws/install/more_interfaces/lib/python3.12/site-packages/more_interfaces-0.0.0-py3.12.egg-info
[0.876s] -- Installing: /home/timl/ros2_ws/install/more_interfaces/lib/python3.12/site-packages/more_interfaces-0.0.0-py3.12.egg-info/top_level.txt
[0.876s] -- Installing: /home/timl/ros2_ws/install/more_interfaces/lib/python3.12/site-packages/more_interfaces-0.0.0-py3.12.egg-info/PKG-INFO
[0.876s] -- Installing: /home/timl/ros2_ws/install/more_interfaces/lib/python3.12/site-packages/more_interfaces-0.0.0-py3.12.egg-info/SOURCES.txt
[0.876s] -- Installing: /home/timl/ros2_ws/install/more_interfaces/lib/python3.12/site-packages/more_interfaces-0.0.0-py3.12.egg-info/dependency_links.txt
[0.876s] -- Up-to-date: /home/timl/ros2_ws/install/more_interfaces/lib/python3.12/site-packages/more_interfaces
[0.877s] -- Up-to-date: /home/timl/ros2_ws/install/more_interfaces/lib/python3.12/site-packages/more_interfaces/_more_interfaces_s.ep.rosidl_typesupport_fastrtps_c.c
[0.877s] -- Up-to-date: /home/timl/ros2_ws/install/more_interfaces/lib/python3.12/site-packages/more_interfaces/more_interfaces_s__rosidl_typesupport_fastrtps_c.so
[0.877s] -- Up-to-date: /home/timl/ros2_ws/install/more_interfaces/lib/python3.12/site-packages/more_interfaces/_more_interfaces_s.ep.rosidl_typesupport_introspection_c.c
[0.877s] -- Up-to-date: /home/timl/ros2_ws/install/more_interfaces/lib/python3.12/site-packages/more_interfaces/more_interfaces_s__rosidl_typesupport_c.so
[0.877s] -- Up-to-date: /home/timl/ros2_ws/install/more_interfaces/lib/python3.12/site-packages/more_interfaces/more_interfaces_s__rosidl_typesupport_introspection_c.so
[0.877s] -- Up-to-date: /home/timl/ros2_ws/install/more_interfaces/lib/python3.12/site-packages/more_interfaces/_more_interfaces_s.ep.rosidl_typesupport_c.c
[0.878s] -- Up-to-date: /home/timl/ros2_ws/install/more_interfaces/lib/python3.12/site-packages/more_interfaces/__init__.py
[0.879s] -- Up-to-date: /home/timl/ros2_ws/install/more_interfaces/lib/python3.12/site-packages/more_interfaces/msg
[0.879s] -- Up-to-date: /home/timl/ros2_ws/install/more_interfaces/lib/python3.12/site-packages/more_interfaces/msg/_address_book_s.c
[0.879s] -- Up-to-date: /home/timl/ros2_ws/install/more_interfaces/lib/python3.12/site-packages/more_interfaces/msg/_address_book.py
[0.879s] -- Up-to-date: /home/timl/ros2_ws/install/more_interfaces/lib/python3.12/site-packages/more_interfaces/msg/__init__.py
[0.919s] Listing '/home/timl/ros2_ws/install/more_interfaces/lib/python3.12/site-packages/more_interfaces'...
[0.920s] Listing '/home/timl/ros2_ws/install/more_interfaces/lib/python3.12/site-packages/more_interfaces/msg'...
[0.930s] -- Up-to-date: /home/timl/ros2_ws/install/more_interfaces/lib/python3.12/site-packages/more_interfaces/more_interfaces_s__rosidl_typesupport_fastrtps_c.so
[0.930s] -- Up-to-date: /home/timl/ros2_ws/install/more_interfaces/lib/python3.12/site-packages/more_interfaces/more_interfaces_s__rosidl_typesupport_introspection_c.so
[0.931s] -- Up-to-date: /home/timl/ros2_ws/install/more_interfaces/lib/python3.12/site-packages/more_interfaces/more_interfaces_s__rosidl_typesupport_c.so
[0.931s] -- Up-to-date: /home/timl/ros2_ws/install/more_interfaces/lib/libmore_interfaces__rosidl_generator_py.so
[0.932s] -- Up-to-date: /home/timl/ros2_ws/install/more_interfaces/share/more_interfaces/msg/AddressBook.idl
[0.932s] -- Up-to-date: /home/timl/ros2_ws/install/more_interfaces/share/more_interfaces/msg/AddressBook.msg
[0.933s] -- Up-to-date: /home/timl/ros2_ws/install/more_interfaces/lib/more_interfaces/publish_address_book
[0.933s] -- Up-to-date: /home/timl/ros2_ws/install/more_interfaces/share/ament_index/resource_index/package_run_dependencies/more_interfaces
[0.934s] -- Up-to-date: /home/timl/ros2_ws/install/more_interfaces/share/ament_index/resource_index/parent_prefix_path/more_interfaces
[0.934s] -- Up-to-date: /home/timl/ros2_ws/install/more_interfaces/share/more_interfaces/environment/ament_prefix_path.sh
[0.934s] -- Up-to-date: /home/timl/ros2_ws/install/more_interfaces/share/more_interfaces/environment/ament_prefix_path.dsv
[0.934s] -- Up-to-date: /home/timl/ros2_ws/install/more_interfaces/share/more_interfaces/environment/path.sh
[0.934s] -- Up-to-date: /home/timl/ros2_ws/install/more_interfaces/share/more_interfaces/environment/path.dsv
[0.934s] -- Up-to-date: /home/timl/ros2_ws/install/more_interfaces/share/more_interfaces/local_setup.bash
[0.935s] -- Up-to-date: /home/timl/ros2_ws/install/more_interfaces/share/more_interfaces/local_setup.sh
[0.935s] -- Up-to-date: /home/timl/ros2_ws/install/more_interfaces/share/more_interfaces/local_setup.zsh
[0.936s] -- Up-to-date: /home/timl/ros2_ws/install/more_interfaces/share/more_interfaces/local_setup.dsv
[0.936s] -- Installing: /home/timl/ros2_ws/install/more_interfaces/share/more_interfaces/package.dsv
[0.936s] -- Up-to-date: /home/timl/ros2_ws/install/more_interfaces/share/ament_index/resource_index/packages/more_interfaces
[0.936s] -- Up-to-date: /home/timl/ros2_ws/install/more_interfaces/share/more_interfaces/cmake/export_more_interfaces__rosidl_generator_cExport.cmake
[0.937s] -- Up-to-date: /home/timl/ros2_ws/install/more_interfaces/share/more_interfaces/cmake/export_more_interfaces__rosidl_generator_cExport-noconfig.cmake
[0.938s] -- Up-to-date: /home/timl/ros2_ws/install/more_interfaces/share/more_interfaces/cmake/export_more_interfaces__rosidl_typesupport_fastrtps_cExport.cmake
[0.938s] -- Up-to-date: /home/timl/ros2_ws/install/more_interfaces/share/more_interfaces/cmake/export_more_interfaces__rosidl_typesupport_fastrtps_cExport-noconfig.cmake
[0.938s] -- Up-to-date: /home/timl/ros2_ws/install/more_interfaces/share/more_interfaces/cmake/more_interfaces__rosidl_typesupport_introspection_cExport.cmake
[0.939s] -- Up-to-date: /home/timl/ros2_ws/install/more_interfaces/share/more_interfaces/cmake/more_interfaces__rosidl_typesupport_introspection_cExport-noconfig.cmake
[0.939s] -- Up-to-date: /home/timl/ros2_ws/install/more_interfaces/share/more_interfaces/cmake/more_interfaces__rosidl_typesupport_cExport.cmake
[0.939s] -- Up-to-date: /home/timl/ros2_ws/install/more_interfaces/share/more_interfaces/cmake/more_interfaces__rosidl_typesupport_cExport-noconfig.cmake
[0.939s] -- Up-to-date: /home/timl/ros2_ws/install/more_interfaces/share/more_interfaces/cmake/export_more_interfaces__rosidl_generator_cppExport.cmake
[0.940s] -- Up-to-date: /home/timl/ros2_ws/install/more_interfaces/share/more_interfaces/cmake/export_more_interfaces__rosidl_typesupport_fastrtps_cppExport.cmake
[0.940s] -- Up-to-date: /home/timl/ros2_ws/install/more_interfaces/share/more_interfaces/cmake/export_more_interfaces__rosidl_typesupport_fastrtps_cppExport-noconfig.cmake
[0.940s] -- Up-to-date: /home/timl/ros2_ws/install/more_interfaces/share/more_interfaces/cmake/more_interfaces__rosidl_typesupport_introspection_cppExport.cmake
[0.941s] -- Up-to-date: /home/timl/ros2_ws/install/more_interfaces/share/more_interfaces/cmake/more_interfaces__rosidl_typesupport_introspection_cppExport-noconfig.cmake
[0.941s] -- Up-to-date: /home/timl/ros2_ws/install/more_interfaces/share/more_interfaces/cmake/more_interfaces__rosidl_typesupport_cppExport.cmake
[0.941s] -- Up-to-date: /home/timl/ros2_ws/install/more_interfaces/share/more_interfaces/cmake/more_interfaces__rosidl_typesupport_cppExport-noconfig.cmake
[0.941s] -- Up-to-date: /home/timl/ros2_ws/install/more_interfaces/share/more_interfaces/cmake/export_more_interfaces__rosidl_generator_pyExport.cmake
[0.941s] -- Up-to-date: /home/timl/ros2_ws/install/more_interfaces/share/more_interfaces/cmake/export_more_interfaces__rosidl_generator_pyExport-noconfig.cmake
[0.942s] -- Up-to-date: /home/timl/ros2_ws/install/more_interfaces/share/more_interfaces/cmake/rosidl_cmake-extras.cmake
[0.942s] -- Up-to-date: /home/timl/ros2_ws/install/more_interfaces/share/more_interfaces/cmake/ament_cmake_export_include_directories-extras.cmake
[0.942s] -- Up-to-date: /home/timl/ros2_ws/install/more_interfaces/share/more_interfaces/cmake/ament_cmake_export_libraries-extras.cmake
[0.942s] -- Up-to-date: /home/timl/ros2_ws/install/more_interfaces/share/more_interfaces/cmake/ament_cmake_export_targets-extras.cmake
[0.942s] -- Up-to-date: /home/timl/ros2_ws/install/more_interfaces/share/more_interfaces/cmake/rosidl_cmake_export_typesupport_targets-extras.cmake
[0.942s] -- Up-to-date: /home/timl/ros2_ws/install/more_interfaces/share/more_interfaces/cmake/ament_cmake_export_dependencies-extras.cmake
[0.942s] -- Up-to-date: /home/timl/ros2_ws/install/more_interfaces/share/more_interfaces/cmake/rosidl_cmake_export_typesupport_libraries-extras.cmake
[0.942s] -- Up-to-date: /home/timl/ros2_ws/install/more_interfaces/share/more_interfaces/cmake/more_interfacesConfig.cmake
[0.943s] -- Up-to-date: /home/timl/ros2_ws/install/more_interfaces/share/more_interfaces/cmake/more_interfacesConfig-version.cmake
[0.943s] -- Up-to-date: /home/timl/ros2_ws/install/more_interfaces/share/more_interfaces/package.xml
[1.211s] Invoked command in '/home/timl/ros2_ws/build/more_interfaces' returned '0': CMAKE_PREFIX_PATH=${CMAKE_PREFIX_PATH}:/home/timl/ros2_ws/install/py_pubsub:/opt/ros/jazzy /usr/bin/cmake --install /home/timl/ros2_ws/build/more_interfaces
