[0.018s] Invoking command in '/home/timl/ros2_ws/build/cpp_parameters': CMAKE_PREFIX_PATH=${CMAKE_PREFIX_PATH}:/home/timl/ros2_ws/install/py_pubsub:/opt/ros/jazzy /usr/bin/cmake /home/timl/ros2_ws/src/cpp_parameters -DCMAKE_INSTALL_PREFIX=/home/timl/ros2_ws/install/cpp_parameters
[0.271s] -- The C compiler identification is GNU 13.3.0
[1.105s] -- The CXX compiler identification is GNU 13.3.0
[1.915s] -- Detecting C compiler ABI info
[2.257s] -- Detecting C compiler ABI info - done
[2.266s] -- Check for working C compiler: /usr/bin/cc - skipped
[2.267s] -- Detecting C compile features
[2.267s] -- Detecting C compile features - done
[2.407s] -- Detecting CXX compiler ABI info
[2.785s] -- Detecting CXX compiler ABI info - done
[2.795s] -- Check for working CXX compiler: /usr/bin/c++ - skipped
[2.795s] -- Detecting CXX compile features
[2.795s] -- Detecting CXX compile features - done
[2.805s] -- Found ament_cmake: 2.5.3 (/opt/ros/jazzy/share/ament_cmake/cmake)
[2.971s] -- Found Python3: /usr/bin/python3 (found version "3.12.3") found components: Interpreter 
[3.112s] -- Found rclcpp: 28.1.6 (/opt/ros/jazzy/share/rclcpp/cmake)
[3.381s] -- Found rosidl_generator_c: 4.6.5 (/opt/ros/jazzy/share/rosidl_generator_c/cmake)
[3.401s] -- Found rosidl_generator_cpp: 4.6.5 (/opt/ros/jazzy/share/rosidl_generator_cpp/cmake)
[3.430s] -- Using all available rosidl_typesupport_c: rosidl_typesupport_fastrtps_c;rosidl_typesupport_introspection_c
[3.458s] -- Using all available rosidl_typesupport_cpp: rosidl_typesupport_fastrtps_cpp;rosidl_typesupport_introspection_cpp
[3.572s] -- Found rmw_implementation_cmake: 7.3.1 (/opt/ros/jazzy/share/rmw_implementation_cmake/cmake)
[3.577s] -- Found rmw_fastrtps_cpp: 8.4.1 (/opt/ros/jazzy/share/rmw_fastrtps_cpp/cmake)
[3.679s] -- Found OpenSSL: /usr/lib/x86_64-linux-gnu/libcrypto.so (found version "3.0.13")  
[3.912s] -- Found FastRTPS: /opt/ros/jazzy/include (Required is at least version "2.13") 
[4.044s] -- Using RMW implementation 'rmw_fastrtps_cpp' as default
[4.416s] -- Configuring done (4.4s)
[4.431s] -- Generating done (0.0s)
[4.437s] -- Build files have been written to: /home/timl/ros2_ws/build/cpp_parameters
[4.447s] Invoked command in '/home/timl/ros2_ws/build/cpp_parameters' returned '0': CMAKE_PREFIX_PATH=${CMAKE_PREFIX_PATH}:/home/timl/ros2_ws/install/py_pubsub:/opt/ros/jazzy /usr/bin/cmake /home/timl/ros2_ws/src/cpp_parameters -DCMAKE_INSTALL_PREFIX=/home/timl/ros2_ws/install/cpp_parameters
[4.448s] Invoking command in '/home/timl/ros2_ws/build/cpp_parameters': CMAKE_PREFIX_PATH=${CMAKE_PREFIX_PATH}:/home/timl/ros2_ws/install/py_pubsub:/opt/ros/jazzy /usr/bin/cmake --build /home/timl/ros2_ws/build/cpp_parameters -- -j6 -l6
[4.498s] [ 50%] [32mBuilding CXX object CMakeFiles/minimal_param_node.dir/src/cpp_parameters_node.cpp.o[0m
[7.985s] [100%] [32m[1mLinking CXX executable minimal_param_node[0m
[8.226s] [100%] Built target minimal_param_node
[8.237s] Invoked command in '/home/timl/ros2_ws/build/cpp_parameters' returned '0': CMAKE_PREFIX_PATH=${CMAKE_PREFIX_PATH}:/home/timl/ros2_ws/install/py_pubsub:/opt/ros/jazzy /usr/bin/cmake --build /home/timl/ros2_ws/build/cpp_parameters -- -j6 -l6
[8.247s] Invoking command in '/home/timl/ros2_ws/build/cpp_parameters': CMAKE_PREFIX_PATH=${CMAKE_PREFIX_PATH}:/home/timl/ros2_ws/install/py_pubsub:/opt/ros/jazzy /usr/bin/cmake --install /home/timl/ros2_ws/build/cpp_parameters
[8.255s] -- Install configuration: ""
[8.255s] -- Installing: /home/timl/ros2_ws/install/cpp_parameters/lib/cpp_parameters/minimal_param_node
[8.256s] -- Set non-toolchain portion of runtime path of "/home/timl/ros2_ws/install/cpp_parameters/lib/cpp_parameters/minimal_param_node" to ""
[8.257s] -- Installing: /home/timl/ros2_ws/install/cpp_parameters/share/ament_index/resource_index/package_run_dependencies/cpp_parameters
[8.257s] -- Installing: /home/timl/ros2_ws/install/cpp_parameters/share/ament_index/resource_index/parent_prefix_path/cpp_parameters
[8.258s] -- Installing: /home/timl/ros2_ws/install/cpp_parameters/share/cpp_parameters/environment/ament_prefix_path.sh
[8.259s] -- Installing: /home/timl/ros2_ws/install/cpp_parameters/share/cpp_parameters/environment/ament_prefix_path.dsv
[8.259s] -- Installing: /home/timl/ros2_ws/install/cpp_parameters/share/cpp_parameters/environment/path.sh
[8.259s] -- Installing: /home/timl/ros2_ws/install/cpp_parameters/share/cpp_parameters/environment/path.dsv
[8.259s] -- Installing: /home/timl/ros2_ws/install/cpp_parameters/share/cpp_parameters/local_setup.bash
[8.259s] -- Installing: /home/timl/ros2_ws/install/cpp_parameters/share/cpp_parameters/local_setup.sh
[8.259s] -- Installing: /home/timl/ros2_ws/install/cpp_parameters/share/cpp_parameters/local_setup.zsh
[8.260s] -- Installing: /home/timl/ros2_ws/install/cpp_parameters/share/cpp_parameters/local_setup.dsv
[8.260s] -- Installing: /home/timl/ros2_ws/install/cpp_parameters/share/cpp_parameters/package.dsv
[8.260s] -- Installing: /home/timl/ros2_ws/install/cpp_parameters/share/ament_index/resource_index/packages/cpp_parameters
[8.261s] -- Installing: /home/timl/ros2_ws/install/cpp_parameters/share/cpp_parameters/cmake/cpp_parametersConfig.cmake
[8.261s] -- Installing: /home/timl/ros2_ws/install/cpp_parameters/share/cpp_parameters/cmake/cpp_parametersConfig-version.cmake
[8.261s] -- Installing: /home/timl/ros2_ws/install/cpp_parameters/share/cpp_parameters/package.xml
[8.263s] Invoked command in '/home/timl/ros2_ws/build/cpp_parameters' returned '0': CMAKE_PREFIX_PATH=${CMAKE_PREFIX_PATH}:/home/timl/ros2_ws/install/py_pubsub:/opt/ros/jazzy /usr/bin/cmake --install /home/timl/ros2_ws/build/cpp_parameters
