[ 25%] Built target action_client
[ 50%] Built target fibonacci_action_server
[ 75%] Built target action_server
[100%] Built target fibonacci_action_client
-- Install configuration: ""
-- Up-to-date: /home/timl/ros2_ws/install/custom_action_cpp/lib/custom_action_cpp/fibonacci_action_server
-- Up-to-date: /home/timl/ros2_ws/install/custom_action_cpp/lib/libaction_server.so
-- Up-to-date: /home/timl/ros2_ws/install/custom_action_cpp/lib/custom_action_cpp/fibonacci_action_client
-- Up-to-date: /home/timl/ros2_ws/install/custom_action_cpp/lib/libaction_client.so
-- Up-to-date: /home/timl/ros2_ws/install/custom_action_cpp/share/ament_index/resource_index/package_run_dependencies/custom_action_cpp
-- Up-to-date: /home/timl/ros2_ws/install/custom_action_cpp/share/ament_index/resource_index/parent_prefix_path/custom_action_cpp
-- Up-to-date: /home/timl/ros2_ws/install/custom_action_cpp/share/custom_action_cpp/environment/ament_prefix_path.sh
-- Up-to-date: /home/timl/ros2_ws/install/custom_action_cpp/share/custom_action_cpp/environment/ament_prefix_path.dsv
-- Up-to-date: /home/timl/ros2_ws/install/custom_action_cpp/share/custom_action_cpp/environment/path.sh
-- Up-to-date: /home/timl/ros2_ws/install/custom_action_cpp/share/custom_action_cpp/environment/path.dsv
-- Up-to-date: /home/timl/ros2_ws/install/custom_action_cpp/share/custom_action_cpp/local_setup.bash
-- Up-to-date: /home/timl/ros2_ws/install/custom_action_cpp/share/custom_action_cpp/local_setup.sh
-- Up-to-date: /home/timl/ros2_ws/install/custom_action_cpp/share/custom_action_cpp/local_setup.zsh
-- Up-to-date: /home/timl/ros2_ws/install/custom_action_cpp/share/custom_action_cpp/local_setup.dsv
-- Installing: /home/timl/ros2_ws/install/custom_action_cpp/share/custom_action_cpp/package.dsv
-- Up-to-date: /home/timl/ros2_ws/install/custom_action_cpp/share/ament_index/resource_index/packages/custom_action_cpp
-- Up-to-date: /home/timl/ros2_ws/install/custom_action_cpp/share/ament_index/resource_index/rclcpp_components/custom_action_cpp
-- Up-to-date: /home/timl/ros2_ws/install/custom_action_cpp/share/custom_action_cpp/cmake/custom_action_cppConfig.cmake
-- Up-to-date: /home/timl/ros2_ws/install/custom_action_cpp/share/custom_action_cpp/cmake/custom_action_cppConfig-version.cmake
-- Up-to-date: /home/timl/ros2_ws/install/custom_action_cpp/share/custom_action_cpp/package.xml
