[0.213s] Invoking command in '/home/timl/ros2_ws/build/cpp_pubsub': CMAKE_PREFIX_PATH=${CMAKE_PREFIX_PATH}:/home/timl/ros2_ws/install/py_pubsub:/opt/ros/jazzy /usr/bin/cmake --build /home/timl/ros2_ws/build/cpp_pubsub -- -j6 -l6
[0.240s] -- Found ament_cmake: 2.5.3 (/opt/ros/jazzy/share/ament_cmake/cmake)
[0.469s] -- Found rclcpp: 28.1.6 (/opt/ros/jazzy/share/rclcpp/cmake)
[0.715s] -- Found rosidl_generator_c: 4.6.5 (/opt/ros/jazzy/share/rosidl_generator_c/cmake)
[0.726s] -- Found rosidl_generator_cpp: 4.6.5 (/opt/ros/jazzy/share/rosidl_generator_cpp/cmake)
[0.739s] -- Using all available rosidl_typesupport_c: rosidl_typesupport_fastrtps_c;rosidl_typesupport_introspection_c
[0.755s] -- Using all available rosidl_typesupport_cpp: rosidl_typesupport_fastrtps_cpp;rosidl_typesupport_introspection_cpp
[0.826s] -- Found rmw_implementation_cmake: 7.3.1 (/opt/ros/jazzy/share/rmw_implementation_cmake/cmake)
[0.828s] -- Found rmw_fastrtps_cpp: 8.4.1 (/opt/ros/jazzy/share/rmw_fastrtps_cpp/cmake)
[1.122s] -- Using RMW implementation 'rmw_fastrtps_cpp' as default
[1.362s] -- Found tutorial_interfaces: 0.0.0 (/home/timl/ros2_ws/install/tutorial_interfaces/share/tutorial_interfaces/cmake)
[1.520s] -- Configuring done (1.3s)
[1.538s] -- Generating done (0.0s)
[1.544s] -- Build files have been written to: /home/timl/ros2_ws/build/cpp_pubsub
[1.597s] [ 50%] [32mBuilding CXX object CMakeFiles/listener.dir/src/subscriber_member_function.cpp.o[0m
[1.597s] [ 50%] [32mBuilding CXX object CMakeFiles/talker.dir/src/publisher_member_function.cpp.o[0m
[7.203s] [ 75%] [32m[1mLinking CXX executable talker[0m
[7.625s] [ 75%] Built target talker
[11.049s] [100%] [32m[1mLinking CXX executable listener[0m
[11.510s] [100%] Built target listener
[11.521s] Invoked command in '/home/timl/ros2_ws/build/cpp_pubsub' returned '0': CMAKE_PREFIX_PATH=${CMAKE_PREFIX_PATH}:/home/timl/ros2_ws/install/py_pubsub:/opt/ros/jazzy /usr/bin/cmake --build /home/timl/ros2_ws/build/cpp_pubsub -- -j6 -l6
[11.532s] Invoking command in '/home/timl/ros2_ws/build/cpp_pubsub': CMAKE_PREFIX_PATH=${CMAKE_PREFIX_PATH}:/home/timl/ros2_ws/install/py_pubsub:/opt/ros/jazzy /usr/bin/cmake --install /home/timl/ros2_ws/build/cpp_pubsub
[11.541s] -- Install configuration: ""
[11.541s] -- Installing: /home/timl/ros2_ws/install/cpp_pubsub/lib/cpp_pubsub/talker
[11.543s] -- Set non-toolchain portion of runtime path of "/home/timl/ros2_ws/install/cpp_pubsub/lib/cpp_pubsub/talker" to ""
[11.543s] -- Installing: /home/timl/ros2_ws/install/cpp_pubsub/lib/cpp_pubsub/listener
[11.549s] -- Set non-toolchain portion of runtime path of "/home/timl/ros2_ws/install/cpp_pubsub/lib/cpp_pubsub/listener" to ""
[11.549s] -- Installing: /home/timl/ros2_ws/install/cpp_pubsub/share/ament_index/resource_index/package_run_dependencies/cpp_pubsub
[11.550s] -- Installing: /home/timl/ros2_ws/install/cpp_pubsub/share/ament_index/resource_index/parent_prefix_path/cpp_pubsub
[11.550s] -- Up-to-date: /home/timl/ros2_ws/install/cpp_pubsub/share/cpp_pubsub/environment/ament_prefix_path.sh
[11.550s] -- Up-to-date: /home/timl/ros2_ws/install/cpp_pubsub/share/cpp_pubsub/environment/ament_prefix_path.dsv
[11.550s] -- Up-to-date: /home/timl/ros2_ws/install/cpp_pubsub/share/cpp_pubsub/environment/path.sh
[11.551s] -- Up-to-date: /home/timl/ros2_ws/install/cpp_pubsub/share/cpp_pubsub/environment/path.dsv
[11.551s] -- Up-to-date: /home/timl/ros2_ws/install/cpp_pubsub/share/cpp_pubsub/local_setup.bash
[11.551s] -- Up-to-date: /home/timl/ros2_ws/install/cpp_pubsub/share/cpp_pubsub/local_setup.sh
[11.551s] -- Up-to-date: /home/timl/ros2_ws/install/cpp_pubsub/share/cpp_pubsub/local_setup.zsh
[11.551s] -- Up-to-date: /home/timl/ros2_ws/install/cpp_pubsub/share/cpp_pubsub/local_setup.dsv
[11.551s] -- Installing: /home/timl/ros2_ws/install/cpp_pubsub/share/cpp_pubsub/package.dsv
[11.551s] -- Up-to-date: /home/timl/ros2_ws/install/cpp_pubsub/share/ament_index/resource_index/packages/cpp_pubsub
[11.551s] -- Up-to-date: /home/timl/ros2_ws/install/cpp_pubsub/share/cpp_pubsub/cmake/cpp_pubsubConfig.cmake
[11.551s] -- Up-to-date: /home/timl/ros2_ws/install/cpp_pubsub/share/cpp_pubsub/cmake/cpp_pubsubConfig-version.cmake
[11.551s] -- Installing: /home/timl/ros2_ws/install/cpp_pubsub/share/cpp_pubsub/package.xml
[11.553s] Invoked command in '/home/timl/ros2_ws/build/cpp_pubsub' returned '0': CMAKE_PREFIX_PATH=${CMAKE_PREFIX_PATH}:/home/timl/ros2_ws/install/py_pubsub:/opt/ros/jazzy /usr/bin/cmake --install /home/timl/ros2_ws/build/cpp_pubsub
