[0.946s] Invoking command in '/home/timl/ros2_ws/src/my_py_pkg': PYTHONPATH=/home/timl/ros2_ws/build/my_py_pkg/prefix_override:/usr/lib/python3/dist-packages/colcon_core/task/python/colcon_distutils_commands:/home/timl/ros2_ws/install/my_py_pkg/lib/python3.12/site-packages:${PYTHONPATH} /usr/bin/python3 -W ignore:setup.py install is deprecated -W ignore:easy_install command is deprecated setup.py egg_info --egg-base ../../build/my_py_pkg build --build-base /home/timl/ros2_ws/build/my_py_pkg/build install --record /home/timl/ros2_ws/build/my_py_pkg/install.log --single-version-externally-managed install_data
[1.258s] running egg_info
[1.281s] writing ../../build/my_py_pkg/my_py_pkg.egg-info/PKG-INFO
[1.281s] writing dependency_links to ../../build/my_py_pkg/my_py_pkg.egg-info/dependency_links.txt
[1.282s] writing entry points to ../../build/my_py_pkg/my_py_pkg.egg-info/entry_points.txt
[1.282s] writing requirements to ../../build/my_py_pkg/my_py_pkg.egg-info/requires.txt
[1.282s] writing top-level names to ../../build/my_py_pkg/my_py_pkg.egg-info/top_level.txt
[1.329s] reading manifest file '../../build/my_py_pkg/my_py_pkg.egg-info/SOURCES.txt'
[1.330s] writing manifest file '../../build/my_py_pkg/my_py_pkg.egg-info/SOURCES.txt'
[1.330s] running build
[1.330s] running build_py
[1.331s] copying my_py_pkg/add_two_ints_client_no_oop.py -> /home/timl/ros2_ws/build/my_py_pkg/build/lib/my_py_pkg
[1.331s] running install
[1.337s] running install_lib
[1.360s] copying /home/timl/ros2_ws/build/my_py_pkg/build/lib/my_py_pkg/add_two_ints_client_no_oop.py -> /home/timl/ros2_ws/install/my_py_pkg/lib/python3.12/site-packages/my_py_pkg
[1.361s] byte-compiling /home/timl/ros2_ws/install/my_py_pkg/lib/python3.12/site-packages/my_py_pkg/add_two_ints_client_no_oop.py to add_two_ints_client_no_oop.cpython-312.pyc
[1.362s] running install_data
[1.362s] running install_egg_info
[1.386s] removing '/home/timl/ros2_ws/install/my_py_pkg/lib/python3.12/site-packages/my_py_pkg-0.0.0-py3.12.egg-info' (and everything under it)
[1.387s] Copying ../../build/my_py_pkg/my_py_pkg.egg-info to /home/timl/ros2_ws/install/my_py_pkg/lib/python3.12/site-packages/my_py_pkg-0.0.0-py3.12.egg-info
[1.388s] running install_scripts
[1.544s] Installing add_two_ints_client_no_oop script to /home/timl/ros2_ws/install/my_py_pkg/lib/my_py_pkg
[1.544s] Installing add_two_ints_server script to /home/timl/ros2_ws/install/my_py_pkg/lib/my_py_pkg
[1.544s] Installing py_node script to /home/timl/ros2_ws/install/my_py_pkg/lib/my_py_pkg
[1.544s] Installing robot_news_station script to /home/timl/ros2_ws/install/my_py_pkg/lib/my_py_pkg
[1.544s] Installing smartphone script to /home/timl/ros2_ws/install/my_py_pkg/lib/my_py_pkg
[1.545s] writing list of installed files to '/home/timl/ros2_ws/build/my_py_pkg/install.log'
[1.575s] Invoked command in '/home/timl/ros2_ws/src/my_py_pkg' returned '0': PYTHONPATH=/home/timl/ros2_ws/build/my_py_pkg/prefix_override:/usr/lib/python3/dist-packages/colcon_core/task/python/colcon_distutils_commands:/home/timl/ros2_ws/install/my_py_pkg/lib/python3.12/site-packages:${PYTHONPATH} /usr/bin/python3 -W ignore:setup.py install is deprecated -W ignore:easy_install command is deprecated setup.py egg_info --egg-base ../../build/my_py_pkg build --build-base /home/timl/ros2_ws/build/my_py_pkg/build install --record /home/timl/ros2_ws/build/my_py_pkg/install.log --single-version-externally-managed install_data
