[0.213s] Invoking command in '/home/timl/ros2_ws/build/cpp_srvcli': CMAKE_PREFIX_PATH=${CMAKE_PREFIX_PATH}:/home/timl/ros2_ws/install/py_pubsub:/opt/ros/jazzy /usr/bin/cmake --build /home/timl/ros2_ws/build/cpp_srvcli -- -j6 -l6
[0.241s] -- Found ament_cmake: 2.5.3 (/opt/ros/jazzy/share/ament_cmake/cmake)
[0.477s] -- Found rclcpp: 28.1.6 (/opt/ros/jazzy/share/rclcpp/cmake)
[0.726s] -- Found rosidl_generator_c: 4.6.5 (/opt/ros/jazzy/share/rosidl_generator_c/cmake)
[0.736s] -- Found rosidl_generator_cpp: 4.6.5 (/opt/ros/jazzy/share/rosidl_generator_cpp/cmake)
[0.750s] -- Using all available rosidl_typesupport_c: rosidl_typesupport_fastrtps_c;rosidl_typesupport_introspection_c
[0.765s] -- Using all available rosidl_typesupport_cpp: rosidl_typesupport_fastrtps_cpp;rosidl_typesupport_introspection_cpp
[0.836s] -- Found rmw_implementation_cmake: 7.3.1 (/opt/ros/jazzy/share/rmw_implementation_cmake/cmake)
[0.838s] -- Found rmw_fastrtps_cpp: 8.4.1 (/opt/ros/jazzy/share/rmw_fastrtps_cpp/cmake)
[1.120s] -- Using RMW implementation 'rmw_fastrtps_cpp' as default
[1.324s] -- Found example_interfaces: 0.12.0 (/opt/ros/jazzy/share/example_interfaces/cmake)
[1.389s] -- Found ament_lint_auto: 0.17.1 (/opt/ros/jazzy/share/ament_lint_auto/cmake)
[1.492s] -- Added test 'cppcheck' to perform static code analysis on C / C++ code
[1.492s] -- Configured cppcheck include dirs: 
[1.492s] -- Configured cppcheck exclude dirs and/or files: 
[1.493s] -- Added test 'lint_cmake' to check CMake code style
[1.494s] -- Added test 'uncrustify' to check C / C++ code style
[1.495s] -- Configured uncrustify additional arguments: 
[1.495s] -- Added test 'xmllint' to check XML markup files
[1.496s] -- Configuring done (1.3s)
[1.513s] -- Generating done (0.0s)
[1.520s] -- Build files have been written to: /home/timl/ros2_ws/build/cpp_srvcli
[1.569s] [ 25%] [32mBuilding CXX object CMakeFiles/server.dir/src/add_two_ints_server.cpp.o[0m
[1.569s] [ 50%] [32mBuilding CXX object CMakeFiles/client.dir/src/add_two_ints_client.cpp.o[0m
[5.905s] [ 75%] [32m[1mLinking CXX executable server[0m
[6.202s] [ 75%] Built target server
[6.257s] [100%] [32m[1mLinking CXX executable client[0m
[6.564s] [100%] Built target client
[6.577s] Invoked command in '/home/timl/ros2_ws/build/cpp_srvcli' returned '0': CMAKE_PREFIX_PATH=${CMAKE_PREFIX_PATH}:/home/timl/ros2_ws/install/py_pubsub:/opt/ros/jazzy /usr/bin/cmake --build /home/timl/ros2_ws/build/cpp_srvcli -- -j6 -l6
[6.589s] Invoking command in '/home/timl/ros2_ws/build/cpp_srvcli': CMAKE_PREFIX_PATH=${CMAKE_PREFIX_PATH}:/home/timl/ros2_ws/install/py_pubsub:/opt/ros/jazzy /usr/bin/cmake --install /home/timl/ros2_ws/build/cpp_srvcli
[6.598s] -- Install configuration: ""
[6.598s] -- Installing: /home/timl/ros2_ws/install/cpp_srvcli/lib/cpp_srvcli/server
[6.599s] -- Set non-toolchain portion of runtime path of "/home/timl/ros2_ws/install/cpp_srvcli/lib/cpp_srvcli/server" to ""
[6.599s] -- Installing: /home/timl/ros2_ws/install/cpp_srvcli/lib/cpp_srvcli/client
[6.601s] -- Set non-toolchain portion of runtime path of "/home/timl/ros2_ws/install/cpp_srvcli/lib/cpp_srvcli/client" to ""
[6.601s] -- Installing: /home/timl/ros2_ws/install/cpp_srvcli/share/ament_index/resource_index/package_run_dependencies/cpp_srvcli
[6.601s] -- Installing: /home/timl/ros2_ws/install/cpp_srvcli/share/ament_index/resource_index/parent_prefix_path/cpp_srvcli
[6.602s] -- Up-to-date: /home/timl/ros2_ws/install/cpp_srvcli/share/cpp_srvcli/environment/ament_prefix_path.sh
[6.602s] -- Up-to-date: /home/timl/ros2_ws/install/cpp_srvcli/share/cpp_srvcli/environment/ament_prefix_path.dsv
[6.602s] -- Up-to-date: /home/timl/ros2_ws/install/cpp_srvcli/share/cpp_srvcli/environment/path.sh
[6.602s] -- Up-to-date: /home/timl/ros2_ws/install/cpp_srvcli/share/cpp_srvcli/environment/path.dsv
[6.603s] -- Up-to-date: /home/timl/ros2_ws/install/cpp_srvcli/share/cpp_srvcli/local_setup.bash
[6.603s] -- Up-to-date: /home/timl/ros2_ws/install/cpp_srvcli/share/cpp_srvcli/local_setup.sh
[6.603s] -- Up-to-date: /home/timl/ros2_ws/install/cpp_srvcli/share/cpp_srvcli/local_setup.zsh
[6.603s] -- Up-to-date: /home/timl/ros2_ws/install/cpp_srvcli/share/cpp_srvcli/local_setup.dsv
[6.604s] -- Installing: /home/timl/ros2_ws/install/cpp_srvcli/share/cpp_srvcli/package.dsv
[6.604s] -- Up-to-date: /home/timl/ros2_ws/install/cpp_srvcli/share/ament_index/resource_index/packages/cpp_srvcli
[6.604s] -- Up-to-date: /home/timl/ros2_ws/install/cpp_srvcli/share/cpp_srvcli/cmake/cpp_srvcliConfig.cmake
[6.605s] -- Up-to-date: /home/timl/ros2_ws/install/cpp_srvcli/share/cpp_srvcli/cmake/cpp_srvcliConfig-version.cmake
[6.605s] -- Installing: /home/timl/ros2_ws/install/cpp_srvcli/share/cpp_srvcli/package.xml
[6.606s] Invoked command in '/home/timl/ros2_ws/build/cpp_srvcli' returned '0': CMAKE_PREFIX_PATH=${CMAKE_PREFIX_PATH}:/home/timl/ros2_ws/install/py_pubsub:/opt/ros/jazzy /usr/bin/cmake --install /home/timl/ros2_ws/build/cpp_srvcli
