[0.018s] Invoking command in '/home/timl/ros2_ws/build/my_cpp_pkg': CMAKE_PREFIX_PATH=${CMAKE_PREFIX_PATH}:/home/timl/ros2_ws/install/py_pubsub:/home/timl/ros2_ws/install/my_py_pkg:/opt/ros/jazzy /usr/bin/cmake --build /home/timl/ros2_ws/build/my_cpp_pkg -- -j6 -l6
[0.083s] [ 50%] [32mBuilding CXX object CMakeFiles/cpp_node.dir/src/my_first_node.cpp.o[0m
[3.496s] [100%] [32m[1mLinking CXX executable cpp_node[0m
[3.860s] [100%] Built target cpp_node
[3.872s] Invoked command in '/home/timl/ros2_ws/build/my_cpp_pkg' returned '0': CMAKE_PREFIX_PATH=${CMAKE_PREFIX_PATH}:/home/timl/ros2_ws/install/py_pubsub:/home/timl/ros2_ws/install/my_py_pkg:/opt/ros/jazzy /usr/bin/cmake --build /home/timl/ros2_ws/build/my_cpp_pkg -- -j6 -l6
[3.883s] Invoking command in '/home/timl/ros2_ws/build/my_cpp_pkg': CMAKE_PREFIX_PATH=${CMAKE_PREFIX_PATH}:/home/timl/ros2_ws/install/py_pubsub:/home/timl/ros2_ws/install/my_py_pkg:/opt/ros/jazzy /usr/bin/cmake --install /home/timl/ros2_ws/build/my_cpp_pkg
[3.891s] -- Install configuration: ""
[3.891s] -- Installing: /home/timl/ros2_ws/install/my_cpp_pkg/lib/my_cpp_pkg/cpp_node
[3.892s] -- Set non-toolchain portion of runtime path of "/home/timl/ros2_ws/install/my_cpp_pkg/lib/my_cpp_pkg/cpp_node" to ""
[3.893s] -- Up-to-date: /home/timl/ros2_ws/install/my_cpp_pkg/share/ament_index/resource_index/package_run_dependencies/my_cpp_pkg
[3.893s] -- Installing: /home/timl/ros2_ws/install/my_cpp_pkg/share/ament_index/resource_index/parent_prefix_path/my_cpp_pkg
[3.893s] -- Up-to-date: /home/timl/ros2_ws/install/my_cpp_pkg/share/my_cpp_pkg/environment/ament_prefix_path.sh
[3.893s] -- Up-to-date: /home/timl/ros2_ws/install/my_cpp_pkg/share/my_cpp_pkg/environment/ament_prefix_path.dsv
[3.893s] -- Up-to-date: /home/timl/ros2_ws/install/my_cpp_pkg/share/my_cpp_pkg/environment/path.sh
[3.894s] -- Up-to-date: /home/timl/ros2_ws/install/my_cpp_pkg/share/my_cpp_pkg/environment/path.dsv
[3.894s] -- Up-to-date: /home/timl/ros2_ws/install/my_cpp_pkg/share/my_cpp_pkg/local_setup.bash
[3.894s] -- Up-to-date: /home/timl/ros2_ws/install/my_cpp_pkg/share/my_cpp_pkg/local_setup.sh
[3.894s] -- Up-to-date: /home/timl/ros2_ws/install/my_cpp_pkg/share/my_cpp_pkg/local_setup.zsh
[3.894s] -- Up-to-date: /home/timl/ros2_ws/install/my_cpp_pkg/share/my_cpp_pkg/local_setup.dsv
[3.894s] -- Installing: /home/timl/ros2_ws/install/my_cpp_pkg/share/my_cpp_pkg/package.dsv
[3.894s] -- Up-to-date: /home/timl/ros2_ws/install/my_cpp_pkg/share/ament_index/resource_index/packages/my_cpp_pkg
[3.894s] -- Up-to-date: /home/timl/ros2_ws/install/my_cpp_pkg/share/my_cpp_pkg/cmake/my_cpp_pkgConfig.cmake
[3.894s] -- Up-to-date: /home/timl/ros2_ws/install/my_cpp_pkg/share/my_cpp_pkg/cmake/my_cpp_pkgConfig-version.cmake
[3.894s] -- Up-to-date: /home/timl/ros2_ws/install/my_cpp_pkg/share/my_cpp_pkg/package.xml
[3.895s] Invoked command in '/home/timl/ros2_ws/build/my_cpp_pkg' returned '0': CMAKE_PREFIX_PATH=${CMAKE_PREFIX_PATH}:/home/timl/ros2_ws/install/py_pubsub:/home/timl/ros2_ws/install/my_py_pkg:/opt/ros/jazzy /usr/bin/cmake --install /home/timl/ros2_ws/build/my_cpp_pkg
