[0.426s] Invoking command in '/home/timl/ros2_ws/build/cpp_srvcli': CMAKE_PREFIX_PATH=/home/timl/ros2_ws/install/tutorial_interfaces:/home/timl/ros2_ws/install/cpp_srvcli:/home/timl/ros2_ws/install/cpp_pubsub:/home/timl/ros2_ws/install/test_node:/home/timl/ros2_ws/install/turtlesim:/home/timl/ros2_ws/install/polygon_plugins:/home/timl/ros2_ws/install/polygon_base:/home/timl/ros2_ws/install/my_package:/home/timl/ros2_ws/install/more_interfaces:/home/timl/ros2_ws/install/custom_action_cpp:/home/timl/ros2_ws/install/custom_action_interfaces:/home/timl/ros2_ws/install/cpp_parameters:/opt/ros/jazzy/opt/sdformat_vendor:/opt/ros/jazzy/opt/gz_math_vendor:/opt/ros/jazzy/opt/gz_utils_vendor:/opt/ros/jazzy/opt/gz_tools_vendor:/opt/ros/jazzy/opt/gz_cmake_vendor:/home/timl/ros2_ws/install/py_pubsub:/opt/ros/jazzy /usr/bin/cmake --build /home/timl/ros2_ws/build/cpp_srvcli -- -j6 -l6
[0.550s] [ 50%] Built target server
[0.556s] [100%] Built target client
[0.592s] Invoked command in '/home/timl/ros2_ws/build/cpp_srvcli' returned '0': CMAKE_PREFIX_PATH=/home/timl/ros2_ws/install/tutorial_interfaces:/home/timl/ros2_ws/install/cpp_srvcli:/home/timl/ros2_ws/install/cpp_pubsub:/home/timl/ros2_ws/install/test_node:/home/timl/ros2_ws/install/turtlesim:/home/timl/ros2_ws/install/polygon_plugins:/home/timl/ros2_ws/install/polygon_base:/home/timl/ros2_ws/install/my_package:/home/timl/ros2_ws/install/more_interfaces:/home/timl/ros2_ws/install/custom_action_cpp:/home/timl/ros2_ws/install/custom_action_interfaces:/home/timl/ros2_ws/install/cpp_parameters:/opt/ros/jazzy/opt/sdformat_vendor:/opt/ros/jazzy/opt/gz_math_vendor:/opt/ros/jazzy/opt/gz_utils_vendor:/opt/ros/jazzy/opt/gz_tools_vendor:/opt/ros/jazzy/opt/gz_cmake_vendor:/home/timl/ros2_ws/install/py_pubsub:/opt/ros/jazzy /usr/bin/cmake --build /home/timl/ros2_ws/build/cpp_srvcli -- -j6 -l6
[0.594s] Invoking command in '/home/timl/ros2_ws/build/cpp_srvcli': CMAKE_PREFIX_PATH=/home/timl/ros2_ws/install/tutorial_interfaces:/home/timl/ros2_ws/install/cpp_srvcli:/home/timl/ros2_ws/install/cpp_pubsub:/home/timl/ros2_ws/install/test_node:/home/timl/ros2_ws/install/turtlesim:/home/timl/ros2_ws/install/polygon_plugins:/home/timl/ros2_ws/install/polygon_base:/home/timl/ros2_ws/install/my_package:/home/timl/ros2_ws/install/more_interfaces:/home/timl/ros2_ws/install/custom_action_cpp:/home/timl/ros2_ws/install/custom_action_interfaces:/home/timl/ros2_ws/install/cpp_parameters:/opt/ros/jazzy/opt/sdformat_vendor:/opt/ros/jazzy/opt/gz_math_vendor:/opt/ros/jazzy/opt/gz_utils_vendor:/opt/ros/jazzy/opt/gz_tools_vendor:/opt/ros/jazzy/opt/gz_cmake_vendor:/home/timl/ros2_ws/install/py_pubsub:/opt/ros/jazzy /usr/bin/cmake --install /home/timl/ros2_ws/build/cpp_srvcli
[0.609s] -- Install configuration: ""
[0.610s] -- Up-to-date: /home/timl/ros2_ws/install/cpp_srvcli/lib/cpp_srvcli/server
[0.613s] -- Up-to-date: /home/timl/ros2_ws/install/cpp_srvcli/lib/cpp_srvcli/client
[0.613s] -- Up-to-date: /home/timl/ros2_ws/install/cpp_srvcli/share/ament_index/resource_index/package_run_dependencies/cpp_srvcli
[0.614s] -- Up-to-date: /home/timl/ros2_ws/install/cpp_srvcli/share/ament_index/resource_index/parent_prefix_path/cpp_srvcli
[0.614s] -- Up-to-date: /home/timl/ros2_ws/install/cpp_srvcli/share/cpp_srvcli/environment/ament_prefix_path.sh
[0.614s] -- Up-to-date: /home/timl/ros2_ws/install/cpp_srvcli/share/cpp_srvcli/environment/ament_prefix_path.dsv
[0.614s] -- Up-to-date: /home/timl/ros2_ws/install/cpp_srvcli/share/cpp_srvcli/environment/path.sh
[0.614s] -- Up-to-date: /home/timl/ros2_ws/install/cpp_srvcli/share/cpp_srvcli/environment/path.dsv
[0.615s] -- Up-to-date: /home/timl/ros2_ws/install/cpp_srvcli/share/cpp_srvcli/local_setup.bash
[0.615s] -- Up-to-date: /home/timl/ros2_ws/install/cpp_srvcli/share/cpp_srvcli/local_setup.sh
[0.616s] -- Up-to-date: /home/timl/ros2_ws/install/cpp_srvcli/share/cpp_srvcli/local_setup.zsh
[0.616s] -- Up-to-date: /home/timl/ros2_ws/install/cpp_srvcli/share/cpp_srvcli/local_setup.dsv
[0.616s] -- Installing: /home/timl/ros2_ws/install/cpp_srvcli/share/cpp_srvcli/package.dsv
[0.616s] -- Up-to-date: /home/timl/ros2_ws/install/cpp_srvcli/share/ament_index/resource_index/packages/cpp_srvcli
[0.617s] -- Up-to-date: /home/timl/ros2_ws/install/cpp_srvcli/share/cpp_srvcli/cmake/cpp_srvcliConfig.cmake
[0.617s] -- Up-to-date: /home/timl/ros2_ws/install/cpp_srvcli/share/cpp_srvcli/cmake/cpp_srvcliConfig-version.cmake
[0.617s] -- Up-to-date: /home/timl/ros2_ws/install/cpp_srvcli/share/cpp_srvcli/package.xml
[0.632s] Invoked command in '/home/timl/ros2_ws/build/cpp_srvcli' returned '0': CMAKE_PREFIX_PATH=/home/timl/ros2_ws/install/tutorial_interfaces:/home/timl/ros2_ws/install/cpp_srvcli:/home/timl/ros2_ws/install/cpp_pubsub:/home/timl/ros2_ws/install/test_node:/home/timl/ros2_ws/install/turtlesim:/home/timl/ros2_ws/install/polygon_plugins:/home/timl/ros2_ws/install/polygon_base:/home/timl/ros2_ws/install/my_package:/home/timl/ros2_ws/install/more_interfaces:/home/timl/ros2_ws/install/custom_action_cpp:/home/timl/ros2_ws/install/custom_action_interfaces:/home/timl/ros2_ws/install/cpp_parameters:/opt/ros/jazzy/opt/sdformat_vendor:/opt/ros/jazzy/opt/gz_math_vendor:/opt/ros/jazzy/opt/gz_utils_vendor:/opt/ros/jazzy/opt/gz_tools_vendor:/opt/ros/jazzy/opt/gz_cmake_vendor:/home/timl/ros2_ws/install/py_pubsub:/opt/ros/jazzy /usr/bin/cmake --install /home/timl/ros2_ws/build/cpp_srvcli
