[0.047s] Invoking command in '/home/timl/ros2_ws/src/build/tutorial_interfaces': CMAKE_PREFIX_PATH=${CMAKE_PREFIX_PATH}:/home/timl/ros2_ws/install/py_pubsub:/opt/ros/jazzy /usr/bin/cmake /home/timl/ros2_ws/src/tutorial_interfaces -DCMAKE_INSTALL_PREFIX=/home/timl/ros2_ws/src/install/tutorial_interfaces
[0.084s] -- Found ament_cmake: 2.5.3 (/opt/ros/jazzy/share/ament_cmake/cmake)
[0.378s] -- Found geometry_msgs: 5.3.5 (/opt/ros/jazzy/share/geometry_msgs/cmake)
[0.623s] -- Found rosidl_generator_c: 4.6.5 (/opt/ros/jazzy/share/rosidl_generator_c/cmake)
[0.634s] -- Found rosidl_generator_cpp: 4.6.5 (/opt/ros/jazzy/share/rosidl_generator_cpp/cmake)
[0.649s] -- Using all available rosidl_typesupport_c: rosidl_typesupport_fastrtps_c;rosidl_typesupport_introspection_c
[0.671s] -- Using all available rosidl_typesupport_cpp: rosidl_typesupport_fastrtps_cpp;rosidl_typesupport_introspection_cpp
[0.725s] -- Found rosidl_default_generators: 1.6.0 (/opt/ros/jazzy/share/rosidl_default_generators/cmake)
[0.738s] -- Found rosidl_adapter: 4.6.5 (/opt/ros/jazzy/share/rosidl_adapter/cmake)
[1.600s] -- Found ament_cmake_ros: 0.12.0 (/opt/ros/jazzy/share/ament_cmake_ros/cmake)
[2.836s] -- Using all available rosidl_typesupport_c: rosidl_typesupport_fastrtps_c;rosidl_typesupport_introspection_c
[3.352s] -- Using all available rosidl_typesupport_cpp: rosidl_typesupport_fastrtps_cpp;rosidl_typesupport_introspection_cpp
[3.356s] -- Found python_cmake_module: 0.11.1 (/opt/ros/jazzy/share/python_cmake_module/cmake)
[3.607s] -- Found PythonExtra: /usr/bin/python3  
[4.287s] -- Found Python3: /usr/bin/python3 (found version "3.12.3") found components: Interpreter Development NumPy Development.Module Development.Embed 
[4.364s] -- Configuring done (4.3s)
[4.437s] -- Generating done (0.1s)
[4.455s] -- Build files have been written to: /home/timl/ros2_ws/src/build/tutorial_interfaces
[4.466s] Invoked command in '/home/timl/ros2_ws/src/build/tutorial_interfaces' returned '0': CMAKE_PREFIX_PATH=${CMAKE_PREFIX_PATH}:/home/timl/ros2_ws/install/py_pubsub:/opt/ros/jazzy /usr/bin/cmake /home/timl/ros2_ws/src/tutorial_interfaces -DCMAKE_INSTALL_PREFIX=/home/timl/ros2_ws/src/install/tutorial_interfaces
[4.467s] Invoking command in '/home/timl/ros2_ws/src/build/tutorial_interfaces': CMAKE_PREFIX_PATH=${CMAKE_PREFIX_PATH}:/home/timl/ros2_ws/install/py_pubsub:/opt/ros/jazzy /usr/bin/cmake --build /home/timl/ros2_ws/src/build/tutorial_interfaces -- -j6 -l6
[4.525s] [  1%] [34m[1mGenerating type hashes for ROS interfaces[0m
[4.533s] [  1%] Built target ament_cmake_python_copy_tutorial_interfaces
[4.846s] [  1%] Built target tutorial_interfaces__rosidl_generator_type_description
[4.858s] running egg_info
[4.858s] creating tutorial_interfaces.egg-info
[4.860s] [  3%] [34m[1mGenerating C code for ROS interfaces[0m
[4.882s] [  5%] [34m[1mGenerating C++ code for ROS interfaces[0m
[4.893s] writing tutorial_interfaces.egg-info/PKG-INFO
[4.893s] writing dependency_links to tutorial_interfaces.egg-info/dependency_links.txt
[4.893s] writing top-level names to tutorial_interfaces.egg-info/top_level.txt
[4.893s] writing manifest file 'tutorial_interfaces.egg-info/SOURCES.txt'
[4.987s] reading manifest file 'tutorial_interfaces.egg-info/SOURCES.txt'
[4.989s] writing manifest file 'tutorial_interfaces.egg-info/SOURCES.txt'
[5.025s] [  5%] Built target ament_cmake_python_build_tutorial_interfaces_egg
[5.455s] [  5%] Built target tutorial_interfaces__cpp
[5.486s] [  7%] [32mBuilding C object CMakeFiles/tutorial_interfaces__rosidl_generator_c.dir/rosidl_generator_c/tutorial_interfaces/msg/detail/num__type_support.c.o[0m
[5.488s] [  9%] [32mBuilding C object CMakeFiles/tutorial_interfaces__rosidl_generator_c.dir/rosidl_generator_c/tutorial_interfaces/msg/detail/num__description.c.o[0m
[5.488s] [ 11%] [32mBuilding C object CMakeFiles/tutorial_interfaces__rosidl_generator_c.dir/rosidl_generator_c/tutorial_interfaces/msg/detail/num__functions.c.o[0m
[5.493s] [ 12%] [32mBuilding C object CMakeFiles/tutorial_interfaces__rosidl_generator_c.dir/rosidl_generator_c/tutorial_interfaces/msg/detail/sphere__functions.c.o[0m
[5.504s] [ 14%] [32mBuilding C object CMakeFiles/tutorial_interfaces__rosidl_generator_c.dir/rosidl_generator_c/tutorial_interfaces/msg/detail/sphere__type_support.c.o[0m
[5.504s] [ 16%] [32mBuilding C object CMakeFiles/tutorial_interfaces__rosidl_generator_c.dir/rosidl_generator_c/tutorial_interfaces/msg/detail/sphere__description.c.o[0m
[5.558s] [ 18%] [32mBuilding C object CMakeFiles/tutorial_interfaces__rosidl_generator_c.dir/rosidl_generator_c/tutorial_interfaces/srv/detail/add_three_ints__description.c.o[0m
[5.565s] [ 20%] [32mBuilding C object CMakeFiles/tutorial_interfaces__rosidl_generator_c.dir/rosidl_generator_c/tutorial_interfaces/srv/detail/add_three_ints__type_support.c.o[0m
[5.576s] [ 22%] [32mBuilding C object CMakeFiles/tutorial_interfaces__rosidl_generator_c.dir/rosidl_generator_c/tutorial_interfaces/srv/detail/add_three_ints__functions.c.o[0m
[5.737s] [ 24%] [32m[1mLinking C shared library libtutorial_interfaces__rosidl_generator_c.so[0m
[6.071s] [ 24%] Built target tutorial_interfaces__rosidl_generator_c
[6.088s] [ 25%] [34m[1mGenerating C introspection for ROS interfaces[0m
[6.088s] [ 27%] [34m[1mGenerating C type support for eProsima Fast-RTPS[0m
[6.091s] [ 29%] [34m[1mGenerating C++ type support for eProsima Fast-RTPS[0m
[6.137s] [ 31%] [34m[1mGenerating C type support dispatch for ROS interfaces[0m
[6.145s] [ 33%] [34m[1mGenerating C++ type support dispatch for ROS interfaces[0m
[6.152s] [ 35%] [34m[1mGenerating C++ introspection for ROS interfaces[0m
[7.027s] [ 37%] [32mBuilding CXX object CMakeFiles/tutorial_interfaces__rosidl_typesupport_fastrtps_c.dir/rosidl_typesupport_fastrtps_c/tutorial_interfaces/msg/detail/num__type_support_c.cpp.o[0m
[7.302s] [ 38%] [32mBuilding CXX object CMakeFiles/tutorial_interfaces__rosidl_typesupport_c.dir/rosidl_typesupport_c/tutorial_interfaces/msg/num__type_support.cpp.o[0m
[7.344s] [ 40%] [32mBuilding CXX object CMakeFiles/tutorial_interfaces__rosidl_typesupport_cpp.dir/rosidl_typesupport_cpp/tutorial_interfaces/msg/num__type_support.cpp.o[0m
[7.409s] [ 42%] [32mBuilding C object CMakeFiles/tutorial_interfaces__rosidl_typesupport_introspection_c.dir/rosidl_typesupport_introspection_c/tutorial_interfaces/msg/detail/num__type_support.c.o[0m
[7.420s] [ 44%] [32mBuilding CXX object CMakeFiles/tutorial_interfaces__rosidl_typesupport_fastrtps_cpp.dir/rosidl_typesupport_fastrtps_cpp/tutorial_interfaces/msg/detail/dds_fastrtps/num__type_support.cpp.o[0m
[7.438s] [ 46%] [32mBuilding CXX object CMakeFiles/tutorial_interfaces__rosidl_typesupport_c.dir/rosidl_typesupport_c/tutorial_interfaces/msg/sphere__type_support.cpp.o[0m
[7.599s] [ 48%] [32mBuilding CXX object CMakeFiles/tutorial_interfaces__rosidl_typesupport_introspection_cpp.dir/rosidl_typesupport_introspection_cpp/tutorial_interfaces/msg/detail/num__type_support.cpp.o[0m
[7.621s] [ 50%] [32mBuilding CXX object CMakeFiles/tutorial_interfaces__rosidl_typesupport_c.dir/rosidl_typesupport_c/tutorial_interfaces/srv/add_three_ints__type_support.cpp.o[0m
[7.651s] [ 51%] [32mBuilding C object CMakeFiles/tutorial_interfaces__rosidl_typesupport_introspection_c.dir/rosidl_typesupport_introspection_c/tutorial_interfaces/msg/detail/sphere__type_support.c.o[0m
[7.790s] [ 53%] [32m[1mLinking CXX shared library libtutorial_interfaces__rosidl_typesupport_c.so[0m
[7.821s] [ 55%] [32mBuilding C object CMakeFiles/tutorial_interfaces__rosidl_typesupport_introspection_c.dir/rosidl_typesupport_introspection_c/tutorial_interfaces/srv/detail/add_three_ints__type_support.c.o[0m
[7.917s] [ 57%] [32m[1mLinking C shared library libtutorial_interfaces__rosidl_typesupport_introspection_c.so[0m
[8.165s] [ 57%] Built target tutorial_interfaces__rosidl_typesupport_c
[8.196s] [ 59%] [32mBuilding CXX object CMakeFiles/tutorial_interfaces__rosidl_typesupport_fastrtps_cpp.dir/rosidl_typesupport_fastrtps_cpp/tutorial_interfaces/msg/detail/dds_fastrtps/sphere__type_support.cpp.o[0m
[8.196s] [ 61%] [32mBuilding CXX object CMakeFiles/tutorial_interfaces__rosidl_typesupport_cpp.dir/rosidl_typesupport_cpp/tutorial_interfaces/msg/sphere__type_support.cpp.o[0m
[8.283s] [ 61%] Built target tutorial_interfaces__rosidl_typesupport_introspection_c
[8.306s] [ 62%] [32mBuilding CXX object CMakeFiles/tutorial_interfaces__rosidl_typesupport_fastrtps_cpp.dir/rosidl_typesupport_fastrtps_cpp/tutorial_interfaces/srv/detail/dds_fastrtps/add_three_ints__type_support.cpp.o[0m
[8.380s] [ 64%] [32mBuilding CXX object CMakeFiles/tutorial_interfaces__rosidl_typesupport_fastrtps_c.dir/rosidl_typesupport_fastrtps_c/tutorial_interfaces/msg/detail/sphere__type_support_c.cpp.o[0m
[8.390s] [ 66%] [32mBuilding CXX object CMakeFiles/tutorial_interfaces__rosidl_typesupport_introspection_cpp.dir/rosidl_typesupport_introspection_cpp/tutorial_interfaces/msg/detail/sphere__type_support.cpp.o[0m
[8.614s] [ 68%] [32mBuilding CXX object CMakeFiles/tutorial_interfaces__rosidl_typesupport_introspection_cpp.dir/rosidl_typesupport_introspection_cpp/tutorial_interfaces/srv/detail/add_three_ints__type_support.cpp.o[0m
[8.897s] [ 70%] [32mBuilding CXX object CMakeFiles/tutorial_interfaces__rosidl_typesupport_cpp.dir/rosidl_typesupport_cpp/tutorial_interfaces/srv/add_three_ints__type_support.cpp.o[0m
[8.973s] [ 72%] [32mBuilding CXX object CMakeFiles/tutorial_interfaces__rosidl_typesupport_fastrtps_c.dir/rosidl_typesupport_fastrtps_c/tutorial_interfaces/srv/detail/add_three_ints__type_support_c.cpp.o[0m
[9.432s] [ 74%] [32m[1mLinking CXX shared library libtutorial_interfaces__rosidl_typesupport_fastrtps_cpp.so[0m
[9.435s] [ 75%] [32m[1mLinking CXX shared library libtutorial_interfaces__rosidl_typesupport_introspection_cpp.so[0m
[9.727s] [ 77%] [32m[1mLinking CXX shared library libtutorial_interfaces__rosidl_typesupport_cpp.so[0m
[9.828s] [ 77%] Built target tutorial_interfaces__rosidl_typesupport_fastrtps_cpp
[9.854s] [ 77%] Built target tutorial_interfaces__rosidl_typesupport_introspection_cpp
[9.955s] [ 79%] [32m[1mLinking CXX shared library libtutorial_interfaces__rosidl_typesupport_fastrtps_c.so[0m
[10.046s] [ 79%] Built target tutorial_interfaces__rosidl_typesupport_cpp
[10.180s] [ 79%] Built target tutorial_interfaces__rosidl_typesupport_fastrtps_c
[10.207s] [ 79%] Built target tutorial_interfaces
[10.232s] [ 81%] [34m[1mGenerating Python code for ROS interfaces[0m
[10.946s] [ 81%] Built target tutorial_interfaces__py
[11.053s] [ 83%] [32mBuilding C object CMakeFiles/tutorial_interfaces__rosidl_generator_py.dir/rosidl_generator_py/tutorial_interfaces/msg/_num_s.c.o[0m
[11.087s] [ 85%] [32mBuilding C object CMakeFiles/tutorial_interfaces__rosidl_generator_py.dir/rosidl_generator_py/tutorial_interfaces/srv/_add_three_ints_s.c.o[0m
[11.097s] [ 87%] [32mBuilding C object CMakeFiles/tutorial_interfaces__rosidl_generator_py.dir/rosidl_generator_py/tutorial_interfaces/msg/_sphere_s.c.o[0m
[11.666s] [ 88%] [32m[1mLinking C shared library libtutorial_interfaces__rosidl_generator_py.so[0m
[12.414s] [ 88%] Built target tutorial_interfaces__rosidl_generator_py
[12.574s] [ 90%] [32mBuilding C object CMakeFiles/tutorial_interfaces_s__rosidl_typesupport_introspection_c.dir/rosidl_generator_py/tutorial_interfaces/_tutorial_interfaces_s.ep.rosidl_typesupport_introspection_c.c.o[0m
[12.577s] [ 92%] [32mBuilding C object CMakeFiles/tutorial_interfaces_s__rosidl_typesupport_fastrtps_c.dir/rosidl_generator_py/tutorial_interfaces/_tutorial_interfaces_s.ep.rosidl_typesupport_fastrtps_c.c.o[0m
[12.580s] [ 94%] [32mBuilding C object CMakeFiles/tutorial_interfaces_s__rosidl_typesupport_c.dir/rosidl_generator_py/tutorial_interfaces/_tutorial_interfaces_s.ep.rosidl_typesupport_c.c.o[0m
[12.920s] [ 96%] [32m[1mLinking C shared module rosidl_generator_py/tutorial_interfaces/tutorial_interfaces_s__rosidl_typesupport_introspection_c.so[0m
[12.970s] [ 98%] [32m[1mLinking C shared module rosidl_generator_py/tutorial_interfaces/tutorial_interfaces_s__rosidl_typesupport_fastrtps_c.so[0m
[13.062s] [100%] [32m[1mLinking C shared module rosidl_generator_py/tutorial_interfaces/tutorial_interfaces_s__rosidl_typesupport_c.so[0m
[13.370s] [100%] Built target tutorial_interfaces_s__rosidl_typesupport_introspection_c
[13.479s] [100%] Built target tutorial_interfaces_s__rosidl_typesupport_c
[13.504s] [100%] Built target tutorial_interfaces_s__rosidl_typesupport_fastrtps_c
[13.543s] Invoked command in '/home/timl/ros2_ws/src/build/tutorial_interfaces' returned '0': CMAKE_PREFIX_PATH=${CMAKE_PREFIX_PATH}:/home/timl/ros2_ws/install/py_pubsub:/opt/ros/jazzy /usr/bin/cmake --build /home/timl/ros2_ws/src/build/tutorial_interfaces -- -j6 -l6
[13.543s] Invoking command in '/home/timl/ros2_ws/src/build/tutorial_interfaces': CMAKE_PREFIX_PATH=${CMAKE_PREFIX_PATH}:/home/timl/ros2_ws/install/py_pubsub:/opt/ros/jazzy /usr/bin/cmake --install /home/timl/ros2_ws/src/build/tutorial_interfaces
[13.561s] -- Install configuration: ""
[13.562s] -- Installing: /home/timl/ros2_ws/src/install/tutorial_interfaces/share/ament_index/resource_index/rosidl_interfaces/tutorial_interfaces
[13.562s] -- Installing: /home/timl/ros2_ws/src/install/tutorial_interfaces/share/tutorial_interfaces/msg/Num.json
[13.562s] -- Installing: /home/timl/ros2_ws/src/install/tutorial_interfaces/share/tutorial_interfaces/msg/Sphere.json
[13.563s] -- Installing: /home/timl/ros2_ws/src/install/tutorial_interfaces/share/tutorial_interfaces/srv/AddThreeInts.json
[13.563s] -- Installing: /home/timl/ros2_ws/src/install/tutorial_interfaces/include/tutorial_interfaces/tutorial_interfaces
[13.563s] -- Installing: /home/timl/ros2_ws/src/install/tutorial_interfaces/include/tutorial_interfaces/tutorial_interfaces/srv
[13.563s] -- Installing: /home/timl/ros2_ws/src/install/tutorial_interfaces/include/tutorial_interfaces/tutorial_interfaces/srv/detail
[13.563s] -- Installing: /home/timl/ros2_ws/src/install/tutorial_interfaces/include/tutorial_interfaces/tutorial_interfaces/srv/detail/add_three_ints__functions.c
[13.564s] -- Installing: /home/timl/ros2_ws/src/install/tutorial_interfaces/include/tutorial_interfaces/tutorial_interfaces/srv/detail/add_three_ints__struct.h
[13.564s] -- Installing: /home/timl/ros2_ws/src/install/tutorial_interfaces/include/tutorial_interfaces/tutorial_interfaces/srv/detail/add_three_ints__type_support.c
[13.565s] -- Installing: /home/timl/ros2_ws/src/install/tutorial_interfaces/include/tutorial_interfaces/tutorial_interfaces/srv/detail/add_three_ints__type_support.h
[13.566s] -- Installing: /home/timl/ros2_ws/src/install/tutorial_interfaces/include/tutorial_interfaces/tutorial_interfaces/srv/detail/add_three_ints__description.c
[13.566s] -- Installing: /home/timl/ros2_ws/src/install/tutorial_interfaces/include/tutorial_interfaces/tutorial_interfaces/srv/detail/add_three_ints__functions.h
[13.566s] -- Installing: /home/timl/ros2_ws/src/install/tutorial_interfaces/include/tutorial_interfaces/tutorial_interfaces/srv/add_three_ints.h
[13.566s] -- Installing: /home/timl/ros2_ws/src/install/tutorial_interfaces/include/tutorial_interfaces/tutorial_interfaces/msg
[13.566s] -- Installing: /home/timl/ros2_ws/src/install/tutorial_interfaces/include/tutorial_interfaces/tutorial_interfaces/msg/detail
[13.566s] -- Installing: /home/timl/ros2_ws/src/install/tutorial_interfaces/include/tutorial_interfaces/tutorial_interfaces/msg/detail/num__type_support.h
[13.566s] -- Installing: /home/timl/ros2_ws/src/install/tutorial_interfaces/include/tutorial_interfaces/tutorial_interfaces/msg/detail/num__functions.c
[13.566s] -- Installing: /home/timl/ros2_ws/src/install/tutorial_interfaces/include/tutorial_interfaces/tutorial_interfaces/msg/detail/sphere__functions.h
[13.566s] -- Installing: /home/timl/ros2_ws/src/install/tutorial_interfaces/include/tutorial_interfaces/tutorial_interfaces/msg/detail/sphere__struct.h
[13.567s] -- Installing: /home/timl/ros2_ws/src/install/tutorial_interfaces/include/tutorial_interfaces/tutorial_interfaces/msg/detail/num__functions.h
[13.567s] -- Installing: /home/timl/ros2_ws/src/install/tutorial_interfaces/include/tutorial_interfaces/tutorial_interfaces/msg/detail/num__struct.h
[13.567s] -- Installing: /home/timl/ros2_ws/src/install/tutorial_interfaces/include/tutorial_interfaces/tutorial_interfaces/msg/detail/sphere__description.c
[13.567s] -- Installing: /home/timl/ros2_ws/src/install/tutorial_interfaces/include/tutorial_interfaces/tutorial_interfaces/msg/detail/sphere__functions.c
[13.567s] -- Installing: /home/timl/ros2_ws/src/install/tutorial_interfaces/include/tutorial_interfaces/tutorial_interfaces/msg/detail/num__description.c
[13.567s] -- Installing: /home/timl/ros2_ws/src/install/tutorial_interfaces/include/tutorial_interfaces/tutorial_interfaces/msg/detail/sphere__type_support.c
[13.567s] -- Installing: /home/timl/ros2_ws/src/install/tutorial_interfaces/include/tutorial_interfaces/tutorial_interfaces/msg/detail/sphere__type_support.h
[13.567s] -- Installing: /home/timl/ros2_ws/src/install/tutorial_interfaces/include/tutorial_interfaces/tutorial_interfaces/msg/detail/num__type_support.c
[13.567s] -- Installing: /home/timl/ros2_ws/src/install/tutorial_interfaces/include/tutorial_interfaces/tutorial_interfaces/msg/num.h
[13.569s] -- Installing: /home/timl/ros2_ws/src/install/tutorial_interfaces/include/tutorial_interfaces/tutorial_interfaces/msg/sphere.h
[13.576s] -- Installing: /home/timl/ros2_ws/src/install/tutorial_interfaces/include/tutorial_interfaces/tutorial_interfaces/msg/rosidl_generator_c__visibility_control.h
[13.576s] -- Installing: /home/timl/ros2_ws/src/install/tutorial_interfaces/share/tutorial_interfaces/environment/library_path.sh
[13.576s] -- Installing: /home/timl/ros2_ws/src/install/tutorial_interfaces/share/tutorial_interfaces/environment/library_path.dsv
[13.577s] -- Installing: /home/timl/ros2_ws/src/install/tutorial_interfaces/lib/libtutorial_interfaces__rosidl_generator_c.so
[13.577s] -- Set non-toolchain portion of runtime path of "/home/timl/ros2_ws/src/install/tutorial_interfaces/lib/libtutorial_interfaces__rosidl_generator_c.so" to ""
[13.577s] -- Up-to-date: /home/timl/ros2_ws/src/install/tutorial_interfaces/include/tutorial_interfaces/tutorial_interfaces
[13.577s] -- Up-to-date: /home/timl/ros2_ws/src/install/tutorial_interfaces/include/tutorial_interfaces/tutorial_interfaces/srv
[13.577s] -- Up-to-date: /home/timl/ros2_ws/src/install/tutorial_interfaces/include/tutorial_interfaces/tutorial_interfaces/srv/detail
[13.577s] -- Installing: /home/timl/ros2_ws/src/install/tutorial_interfaces/include/tutorial_interfaces/tutorial_interfaces/srv/detail/add_three_ints__rosidl_typesupport_fastrtps_c.h
[13.577s] -- Up-to-date: /home/timl/ros2_ws/src/install/tutorial_interfaces/include/tutorial_interfaces/tutorial_interfaces/msg
[13.578s] -- Up-to-date: /home/timl/ros2_ws/src/install/tutorial_interfaces/include/tutorial_interfaces/tutorial_interfaces/msg/detail
[13.578s] -- Installing: /home/timl/ros2_ws/src/install/tutorial_interfaces/include/tutorial_interfaces/tutorial_interfaces/msg/detail/num__rosidl_typesupport_fastrtps_c.h
[13.578s] -- Installing: /home/timl/ros2_ws/src/install/tutorial_interfaces/include/tutorial_interfaces/tutorial_interfaces/msg/detail/sphere__rosidl_typesupport_fastrtps_c.h
[13.578s] -- Installing: /home/timl/ros2_ws/src/install/tutorial_interfaces/include/tutorial_interfaces/tutorial_interfaces/msg/rosidl_typesupport_fastrtps_c__visibility_control.h
[13.578s] -- Installing: /home/timl/ros2_ws/src/install/tutorial_interfaces/lib/libtutorial_interfaces__rosidl_typesupport_fastrtps_c.so
[13.578s] -- Set non-toolchain portion of runtime path of "/home/timl/ros2_ws/src/install/tutorial_interfaces/lib/libtutorial_interfaces__rosidl_typesupport_fastrtps_c.so" to ""
[13.578s] -- Up-to-date: /home/timl/ros2_ws/src/install/tutorial_interfaces/include/tutorial_interfaces/tutorial_interfaces
[13.578s] -- Up-to-date: /home/timl/ros2_ws/src/install/tutorial_interfaces/include/tutorial_interfaces/tutorial_interfaces/srv
[13.578s] -- Up-to-date: /home/timl/ros2_ws/src/install/tutorial_interfaces/include/tutorial_interfaces/tutorial_interfaces/srv/detail
[13.579s] -- Installing: /home/timl/ros2_ws/src/install/tutorial_interfaces/include/tutorial_interfaces/tutorial_interfaces/srv/detail/add_three_ints__struct.hpp
[13.579s] -- Installing: /home/timl/ros2_ws/src/install/tutorial_interfaces/include/tutorial_interfaces/tutorial_interfaces/srv/detail/add_three_ints__traits.hpp
[13.579s] -- Installing: /home/timl/ros2_ws/src/install/tutorial_interfaces/include/tutorial_interfaces/tutorial_interfaces/srv/detail/add_three_ints__builder.hpp
[13.579s] -- Installing: /home/timl/ros2_ws/src/install/tutorial_interfaces/include/tutorial_interfaces/tutorial_interfaces/srv/detail/add_three_ints__type_support.hpp
[13.579s] -- Installing: /home/timl/ros2_ws/src/install/tutorial_interfaces/include/tutorial_interfaces/tutorial_interfaces/srv/add_three_ints.hpp
[13.579s] -- Up-to-date: /home/timl/ros2_ws/src/install/tutorial_interfaces/include/tutorial_interfaces/tutorial_interfaces/msg
[13.579s] -- Up-to-date: /home/timl/ros2_ws/src/install/tutorial_interfaces/include/tutorial_interfaces/tutorial_interfaces/msg/detail
[13.579s] -- Installing: /home/timl/ros2_ws/src/install/tutorial_interfaces/include/tutorial_interfaces/tutorial_interfaces/msg/detail/num__type_support.hpp
[13.579s] -- Installing: /home/timl/ros2_ws/src/install/tutorial_interfaces/include/tutorial_interfaces/tutorial_interfaces/msg/detail/num__traits.hpp
[13.580s] -- Installing: /home/timl/ros2_ws/src/install/tutorial_interfaces/include/tutorial_interfaces/tutorial_interfaces/msg/detail/sphere__type_support.hpp
[13.580s] -- Installing: /home/timl/ros2_ws/src/install/tutorial_interfaces/include/tutorial_interfaces/tutorial_interfaces/msg/detail/num__builder.hpp
[13.580s] -- Installing: /home/timl/ros2_ws/src/install/tutorial_interfaces/include/tutorial_interfaces/tutorial_interfaces/msg/detail/sphere__traits.hpp
[13.580s] -- Installing: /home/timl/ros2_ws/src/install/tutorial_interfaces/include/tutorial_interfaces/tutorial_interfaces/msg/detail/num__struct.hpp
[13.580s] -- Installing: /home/timl/ros2_ws/src/install/tutorial_interfaces/include/tutorial_interfaces/tutorial_interfaces/msg/detail/sphere__struct.hpp
[13.581s] -- Installing: /home/timl/ros2_ws/src/install/tutorial_interfaces/include/tutorial_interfaces/tutorial_interfaces/msg/detail/sphere__builder.hpp
[13.581s] -- Installing: /home/timl/ros2_ws/src/install/tutorial_interfaces/include/tutorial_interfaces/tutorial_interfaces/msg/num.hpp
[13.581s] -- Installing: /home/timl/ros2_ws/src/install/tutorial_interfaces/include/tutorial_interfaces/tutorial_interfaces/msg/rosidl_generator_cpp__visibility_control.hpp
[13.582s] -- Installing: /home/timl/ros2_ws/src/install/tutorial_interfaces/include/tutorial_interfaces/tutorial_interfaces/msg/sphere.hpp
[13.582s] -- Up-to-date: /home/timl/ros2_ws/src/install/tutorial_interfaces/include/tutorial_interfaces/tutorial_interfaces
[13.582s] -- Up-to-date: /home/timl/ros2_ws/src/install/tutorial_interfaces/include/tutorial_interfaces/tutorial_interfaces/srv
[13.584s] -- Up-to-date: /home/timl/ros2_ws/src/install/tutorial_interfaces/include/tutorial_interfaces/tutorial_interfaces/srv/detail
[13.585s] -- Installing: /home/timl/ros2_ws/src/install/tutorial_interfaces/include/tutorial_interfaces/tutorial_interfaces/srv/detail/add_three_ints__rosidl_typesupport_fastrtps_cpp.hpp
[13.585s] -- Installing: /home/timl/ros2_ws/src/install/tutorial_interfaces/include/tutorial_interfaces/tutorial_interfaces/srv/detail/dds_fastrtps
[13.585s] -- Up-to-date: /home/timl/ros2_ws/src/install/tutorial_interfaces/include/tutorial_interfaces/tutorial_interfaces/msg
[13.585s] -- Up-to-date: /home/timl/ros2_ws/src/install/tutorial_interfaces/include/tutorial_interfaces/tutorial_interfaces/msg/detail
[13.593s] -- Installing: /home/timl/ros2_ws/src/install/tutorial_interfaces/include/tutorial_interfaces/tutorial_interfaces/msg/detail/num__rosidl_typesupport_fastrtps_cpp.hpp
[13.594s] -- Installing: /home/timl/ros2_ws/src/install/tutorial_interfaces/include/tutorial_interfaces/tutorial_interfaces/msg/detail/sphere__rosidl_typesupport_fastrtps_cpp.hpp
[13.594s] -- Installing: /home/timl/ros2_ws/src/install/tutorial_interfaces/include/tutorial_interfaces/tutorial_interfaces/msg/detail/dds_fastrtps
[13.594s] -- Installing: /home/timl/ros2_ws/src/install/tutorial_interfaces/include/tutorial_interfaces/tutorial_interfaces/msg/rosidl_typesupport_fastrtps_cpp__visibility_control.h
[13.594s] -- Installing: /home/timl/ros2_ws/src/install/tutorial_interfaces/lib/libtutorial_interfaces__rosidl_typesupport_fastrtps_cpp.so
[13.594s] -- Set non-toolchain portion of runtime path of "/home/timl/ros2_ws/src/install/tutorial_interfaces/lib/libtutorial_interfaces__rosidl_typesupport_fastrtps_cpp.so" to ""
[13.594s] -- Up-to-date: /home/timl/ros2_ws/src/install/tutorial_interfaces/include/tutorial_interfaces/tutorial_interfaces
[13.594s] -- Up-to-date: /home/timl/ros2_ws/src/install/tutorial_interfaces/include/tutorial_interfaces/tutorial_interfaces/srv
[13.594s] -- Up-to-date: /home/timl/ros2_ws/src/install/tutorial_interfaces/include/tutorial_interfaces/tutorial_interfaces/srv/detail
[13.595s] -- Installing: /home/timl/ros2_ws/src/install/tutorial_interfaces/include/tutorial_interfaces/tutorial_interfaces/srv/detail/add_three_ints__type_support.c
[13.595s] -- Installing: /home/timl/ros2_ws/src/install/tutorial_interfaces/include/tutorial_interfaces/tutorial_interfaces/srv/detail/add_three_ints__rosidl_typesupport_introspection_c.h
[13.595s] -- Up-to-date: /home/timl/ros2_ws/src/install/tutorial_interfaces/include/tutorial_interfaces/tutorial_interfaces/msg
[13.595s] -- Up-to-date: /home/timl/ros2_ws/src/install/tutorial_interfaces/include/tutorial_interfaces/tutorial_interfaces/msg/detail
[13.596s] -- Installing: /home/timl/ros2_ws/src/install/tutorial_interfaces/include/tutorial_interfaces/tutorial_interfaces/msg/detail/num__rosidl_typesupport_introspection_c.h
[13.596s] -- Installing: /home/timl/ros2_ws/src/install/tutorial_interfaces/include/tutorial_interfaces/tutorial_interfaces/msg/detail/sphere__rosidl_typesupport_introspection_c.h
[13.598s] -- Installing: /home/timl/ros2_ws/src/install/tutorial_interfaces/include/tutorial_interfaces/tutorial_interfaces/msg/detail/sphere__type_support.c
[13.598s] -- Installing: /home/timl/ros2_ws/src/install/tutorial_interfaces/include/tutorial_interfaces/tutorial_interfaces/msg/detail/num__type_support.c
[13.605s] -- Installing: /home/timl/ros2_ws/src/install/tutorial_interfaces/include/tutorial_interfaces/tutorial_interfaces/msg/rosidl_typesupport_introspection_c__visibility_control.h
[13.606s] -- Installing: /home/timl/ros2_ws/src/install/tutorial_interfaces/lib/libtutorial_interfaces__rosidl_typesupport_introspection_c.so
[13.606s] -- Set non-toolchain portion of runtime path of "/home/timl/ros2_ws/src/install/tutorial_interfaces/lib/libtutorial_interfaces__rosidl_typesupport_introspection_c.so" to ""
[13.606s] -- Installing: /home/timl/ros2_ws/src/install/tutorial_interfaces/lib/libtutorial_interfaces__rosidl_typesupport_c.so
[13.608s] -- Set non-toolchain portion of runtime path of "/home/timl/ros2_ws/src/install/tutorial_interfaces/lib/libtutorial_interfaces__rosidl_typesupport_c.so" to ""
[13.608s] -- Up-to-date: /home/timl/ros2_ws/src/install/tutorial_interfaces/include/tutorial_interfaces/tutorial_interfaces
[13.608s] -- Up-to-date: /home/timl/ros2_ws/src/install/tutorial_interfaces/include/tutorial_interfaces/tutorial_interfaces/srv
[13.608s] -- Up-to-date: /home/timl/ros2_ws/src/install/tutorial_interfaces/include/tutorial_interfaces/tutorial_interfaces/srv/detail
[13.608s] -- Installing: /home/timl/ros2_ws/src/install/tutorial_interfaces/include/tutorial_interfaces/tutorial_interfaces/srv/detail/add_three_ints__rosidl_typesupport_introspection_cpp.hpp
[13.608s] -- Installing: /home/timl/ros2_ws/src/install/tutorial_interfaces/include/tutorial_interfaces/tutorial_interfaces/srv/detail/add_three_ints__type_support.cpp
[13.608s] -- Up-to-date: /home/timl/ros2_ws/src/install/tutorial_interfaces/include/tutorial_interfaces/tutorial_interfaces/msg
[13.609s] -- Up-to-date: /home/timl/ros2_ws/src/install/tutorial_interfaces/include/tutorial_interfaces/tutorial_interfaces/msg/detail
[13.609s] -- Installing: /home/timl/ros2_ws/src/install/tutorial_interfaces/include/tutorial_interfaces/tutorial_interfaces/msg/detail/num__rosidl_typesupport_introspection_cpp.hpp
[13.609s] -- Installing: /home/timl/ros2_ws/src/install/tutorial_interfaces/include/tutorial_interfaces/tutorial_interfaces/msg/detail/sphere__type_support.cpp
[13.609s] -- Installing: /home/timl/ros2_ws/src/install/tutorial_interfaces/include/tutorial_interfaces/tutorial_interfaces/msg/detail/num__type_support.cpp
[13.609s] -- Installing: /home/timl/ros2_ws/src/install/tutorial_interfaces/include/tutorial_interfaces/tutorial_interfaces/msg/detail/sphere__rosidl_typesupport_introspection_cpp.hpp
[13.609s] -- Installing: /home/timl/ros2_ws/src/install/tutorial_interfaces/lib/libtutorial_interfaces__rosidl_typesupport_introspection_cpp.so
[13.609s] -- Set non-toolchain portion of runtime path of "/home/timl/ros2_ws/src/install/tutorial_interfaces/lib/libtutorial_interfaces__rosidl_typesupport_introspection_cpp.so" to ""
[13.609s] -- Installing: /home/timl/ros2_ws/src/install/tutorial_interfaces/lib/libtutorial_interfaces__rosidl_typesupport_cpp.so
[13.609s] -- Set non-toolchain portion of runtime path of "/home/timl/ros2_ws/src/install/tutorial_interfaces/lib/libtutorial_interfaces__rosidl_typesupport_cpp.so" to ""
[13.609s] -- Installing: /home/timl/ros2_ws/src/install/tutorial_interfaces/share/tutorial_interfaces/environment/pythonpath.sh
[13.609s] -- Installing: /home/timl/ros2_ws/src/install/tutorial_interfaces/share/tutorial_interfaces/environment/pythonpath.dsv
[13.610s] -- Installing: /home/timl/ros2_ws/src/install/tutorial_interfaces/lib/python3.12/site-packages/tutorial_interfaces-0.0.0-py3.12.egg-info
[13.610s] -- Installing: /home/timl/ros2_ws/src/install/tutorial_interfaces/lib/python3.12/site-packages/tutorial_interfaces-0.0.0-py3.12.egg-info/top_level.txt
[13.610s] -- Installing: /home/timl/ros2_ws/src/install/tutorial_interfaces/lib/python3.12/site-packages/tutorial_interfaces-0.0.0-py3.12.egg-info/PKG-INFO
[13.610s] -- Installing: /home/timl/ros2_ws/src/install/tutorial_interfaces/lib/python3.12/site-packages/tutorial_interfaces-0.0.0-py3.12.egg-info/SOURCES.txt
[13.610s] -- Installing: /home/timl/ros2_ws/src/install/tutorial_interfaces/lib/python3.12/site-packages/tutorial_interfaces-0.0.0-py3.12.egg-info/dependency_links.txt
[13.610s] -- Installing: /home/timl/ros2_ws/src/install/tutorial_interfaces/lib/python3.12/site-packages/tutorial_interfaces
[13.610s] -- Installing: /home/timl/ros2_ws/src/install/tutorial_interfaces/lib/python3.12/site-packages/tutorial_interfaces/tutorial_interfaces_s__rosidl_typesupport_introspection_c.so
[13.610s] -- Installing: /home/timl/ros2_ws/src/install/tutorial_interfaces/lib/python3.12/site-packages/tutorial_interfaces/_tutorial_interfaces_s.ep.rosidl_typesupport_c.c
[13.610s] -- Installing: /home/timl/ros2_ws/src/install/tutorial_interfaces/lib/python3.12/site-packages/tutorial_interfaces/tutorial_interfaces_s__rosidl_typesupport_fastrtps_c.so
[13.610s] -- Installing: /home/timl/ros2_ws/src/install/tutorial_interfaces/lib/python3.12/site-packages/tutorial_interfaces/srv
[13.610s] -- Installing: /home/timl/ros2_ws/src/install/tutorial_interfaces/lib/python3.12/site-packages/tutorial_interfaces/srv/_add_three_ints_s.c
[13.610s] -- Installing: /home/timl/ros2_ws/src/install/tutorial_interfaces/lib/python3.12/site-packages/tutorial_interfaces/srv/_add_three_ints.py
[13.610s] -- Installing: /home/timl/ros2_ws/src/install/tutorial_interfaces/lib/python3.12/site-packages/tutorial_interfaces/srv/__init__.py
[13.611s] -- Installing: /home/timl/ros2_ws/src/install/tutorial_interfaces/lib/python3.12/site-packages/tutorial_interfaces/_tutorial_interfaces_s.ep.rosidl_typesupport_fastrtps_c.c
[13.611s] -- Installing: /home/timl/ros2_ws/src/install/tutorial_interfaces/lib/python3.12/site-packages/tutorial_interfaces/tutorial_interfaces_s__rosidl_typesupport_c.so
[13.611s] -- Installing: /home/timl/ros2_ws/src/install/tutorial_interfaces/lib/python3.12/site-packages/tutorial_interfaces/__init__.py
[13.611s] -- Installing: /home/timl/ros2_ws/src/install/tutorial_interfaces/lib/python3.12/site-packages/tutorial_interfaces/_tutorial_interfaces_s.ep.rosidl_typesupport_introspection_c.c
[13.611s] -- Installing: /home/timl/ros2_ws/src/install/tutorial_interfaces/lib/python3.12/site-packages/tutorial_interfaces/msg
[13.611s] -- Installing: /home/timl/ros2_ws/src/install/tutorial_interfaces/lib/python3.12/site-packages/tutorial_interfaces/msg/_num_s.c
[13.611s] -- Installing: /home/timl/ros2_ws/src/install/tutorial_interfaces/lib/python3.12/site-packages/tutorial_interfaces/msg/_sphere_s.c
[13.611s] -- Installing: /home/timl/ros2_ws/src/install/tutorial_interfaces/lib/python3.12/site-packages/tutorial_interfaces/msg/_num.py
[13.611s] -- Installing: /home/timl/ros2_ws/src/install/tutorial_interfaces/lib/python3.12/site-packages/tutorial_interfaces/msg/_sphere.py
[13.611s] -- Installing: /home/timl/ros2_ws/src/install/tutorial_interfaces/lib/python3.12/site-packages/tutorial_interfaces/msg/__init__.py
[13.703s] Listing '/home/timl/ros2_ws/src/install/tutorial_interfaces/lib/python3.12/site-packages/tutorial_interfaces'...
[13.704s] Compiling '/home/timl/ros2_ws/src/install/tutorial_interfaces/lib/python3.12/site-packages/tutorial_interfaces/__init__.py'...
[13.704s] Listing '/home/timl/ros2_ws/src/install/tutorial_interfaces/lib/python3.12/site-packages/tutorial_interfaces/msg'...
[13.704s] Compiling '/home/timl/ros2_ws/src/install/tutorial_interfaces/lib/python3.12/site-packages/tutorial_interfaces/msg/__init__.py'...
[13.704s] Compiling '/home/timl/ros2_ws/src/install/tutorial_interfaces/lib/python3.12/site-packages/tutorial_interfaces/msg/_num.py'...
[13.704s] Compiling '/home/timl/ros2_ws/src/install/tutorial_interfaces/lib/python3.12/site-packages/tutorial_interfaces/msg/_sphere.py'...
[13.704s] Listing '/home/timl/ros2_ws/src/install/tutorial_interfaces/lib/python3.12/site-packages/tutorial_interfaces/srv'...
[13.704s] Compiling '/home/timl/ros2_ws/src/install/tutorial_interfaces/lib/python3.12/site-packages/tutorial_interfaces/srv/__init__.py'...
[13.704s] Compiling '/home/timl/ros2_ws/src/install/tutorial_interfaces/lib/python3.12/site-packages/tutorial_interfaces/srv/_add_three_ints.py'...
[13.716s] -- Installing: /home/timl/ros2_ws/src/install/tutorial_interfaces/lib/python3.12/site-packages/tutorial_interfaces/tutorial_interfaces_s__rosidl_typesupport_fastrtps_c.so
[13.717s] -- Set non-toolchain portion of runtime path of "/home/timl/ros2_ws/src/install/tutorial_interfaces/lib/python3.12/site-packages/tutorial_interfaces/tutorial_interfaces_s__rosidl_typesupport_fastrtps_c.so" to ""
[13.717s] -- Installing: /home/timl/ros2_ws/src/install/tutorial_interfaces/lib/python3.12/site-packages/tutorial_interfaces/tutorial_interfaces_s__rosidl_typesupport_introspection_c.so
[13.717s] -- Set non-toolchain portion of runtime path of "/home/timl/ros2_ws/src/install/tutorial_interfaces/lib/python3.12/site-packages/tutorial_interfaces/tutorial_interfaces_s__rosidl_typesupport_introspection_c.so" to ""
[13.718s] -- Installing: /home/timl/ros2_ws/src/install/tutorial_interfaces/lib/python3.12/site-packages/tutorial_interfaces/tutorial_interfaces_s__rosidl_typesupport_c.so
[13.718s] -- Set non-toolchain portion of runtime path of "/home/timl/ros2_ws/src/install/tutorial_interfaces/lib/python3.12/site-packages/tutorial_interfaces/tutorial_interfaces_s__rosidl_typesupport_c.so" to ""
[13.718s] -- Installing: /home/timl/ros2_ws/src/install/tutorial_interfaces/lib/libtutorial_interfaces__rosidl_generator_py.so
[13.724s] -- Set non-toolchain portion of runtime path of "/home/timl/ros2_ws/src/install/tutorial_interfaces/lib/libtutorial_interfaces__rosidl_generator_py.so" to ""
[13.724s] -- Installing: /home/timl/ros2_ws/src/install/tutorial_interfaces/share/tutorial_interfaces/msg/Num.idl
[13.724s] -- Installing: /home/timl/ros2_ws/src/install/tutorial_interfaces/share/tutorial_interfaces/msg/Sphere.idl
[13.724s] -- Installing: /home/timl/ros2_ws/src/install/tutorial_interfaces/share/tutorial_interfaces/srv/AddThreeInts.idl
[13.724s] -- Installing: /home/timl/ros2_ws/src/install/tutorial_interfaces/share/tutorial_interfaces/msg/Num.msg
[13.725s] -- Installing: /home/timl/ros2_ws/src/install/tutorial_interfaces/share/tutorial_interfaces/msg/Sphere.msg
[13.725s] -- Installing: /home/timl/ros2_ws/src/install/tutorial_interfaces/share/tutorial_interfaces/srv/AddThreeInts.srv
[13.725s] -- Installing: /home/timl/ros2_ws/src/install/tutorial_interfaces/share/ament_index/resource_index/package_run_dependencies/tutorial_interfaces
[13.725s] -- Installing: /home/timl/ros2_ws/src/install/tutorial_interfaces/share/ament_index/resource_index/parent_prefix_path/tutorial_interfaces
[13.725s] -- Installing: /home/timl/ros2_ws/src/install/tutorial_interfaces/share/tutorial_interfaces/environment/ament_prefix_path.sh
[13.725s] -- Installing: /home/timl/ros2_ws/src/install/tutorial_interfaces/share/tutorial_interfaces/environment/ament_prefix_path.dsv
[13.725s] -- Installing: /home/timl/ros2_ws/src/install/tutorial_interfaces/share/tutorial_interfaces/environment/path.sh
[13.726s] -- Installing: /home/timl/ros2_ws/src/install/tutorial_interfaces/share/tutorial_interfaces/environment/path.dsv
[13.727s] -- Installing: /home/timl/ros2_ws/src/install/tutorial_interfaces/share/tutorial_interfaces/local_setup.bash
[13.727s] -- Installing: /home/timl/ros2_ws/src/install/tutorial_interfaces/share/tutorial_interfaces/local_setup.sh
[13.727s] -- Installing: /home/timl/ros2_ws/src/install/tutorial_interfaces/share/tutorial_interfaces/local_setup.zsh
[13.727s] -- Installing: /home/timl/ros2_ws/src/install/tutorial_interfaces/share/tutorial_interfaces/local_setup.dsv
[13.729s] -- Installing: /home/timl/ros2_ws/src/install/tutorial_interfaces/share/tutorial_interfaces/package.dsv
[13.729s] -- Installing: /home/timl/ros2_ws/src/install/tutorial_interfaces/share/ament_index/resource_index/packages/tutorial_interfaces
[13.730s] -- Installing: /home/timl/ros2_ws/src/install/tutorial_interfaces/share/tutorial_interfaces/cmake/export_tutorial_interfaces__rosidl_generator_cExport.cmake
[13.730s] -- Installing: /home/timl/ros2_ws/src/install/tutorial_interfaces/share/tutorial_interfaces/cmake/export_tutorial_interfaces__rosidl_generator_cExport-noconfig.cmake
[13.730s] -- Installing: /home/timl/ros2_ws/src/install/tutorial_interfaces/share/tutorial_interfaces/cmake/export_tutorial_interfaces__rosidl_typesupport_fastrtps_cExport.cmake
[13.730s] -- Installing: /home/timl/ros2_ws/src/install/tutorial_interfaces/share/tutorial_interfaces/cmake/export_tutorial_interfaces__rosidl_typesupport_fastrtps_cExport-noconfig.cmake
[13.730s] -- Installing: /home/timl/ros2_ws/src/install/tutorial_interfaces/share/tutorial_interfaces/cmake/export_tutorial_interfaces__rosidl_generator_cppExport.cmake
[13.731s] -- Installing: /home/timl/ros2_ws/src/install/tutorial_interfaces/share/tutorial_interfaces/cmake/export_tutorial_interfaces__rosidl_typesupport_fastrtps_cppExport.cmake
[13.731s] -- Installing: /home/timl/ros2_ws/src/install/tutorial_interfaces/share/tutorial_interfaces/cmake/export_tutorial_interfaces__rosidl_typesupport_fastrtps_cppExport-noconfig.cmake
[13.731s] -- Installing: /home/timl/ros2_ws/src/install/tutorial_interfaces/share/tutorial_interfaces/cmake/tutorial_interfaces__rosidl_typesupport_introspection_cExport.cmake
[13.731s] -- Installing: /home/timl/ros2_ws/src/install/tutorial_interfaces/share/tutorial_interfaces/cmake/tutorial_interfaces__rosidl_typesupport_introspection_cExport-noconfig.cmake
[13.732s] -- Installing: /home/timl/ros2_ws/src/install/tutorial_interfaces/share/tutorial_interfaces/cmake/tutorial_interfaces__rosidl_typesupport_cExport.cmake
[13.732s] -- Installing: /home/timl/ros2_ws/src/install/tutorial_interfaces/share/tutorial_interfaces/cmake/tutorial_interfaces__rosidl_typesupport_cExport-noconfig.cmake
[13.733s] -- Installing: /home/timl/ros2_ws/src/install/tutorial_interfaces/share/tutorial_interfaces/cmake/tutorial_interfaces__rosidl_typesupport_introspection_cppExport.cmake
[13.733s] -- Installing: /home/timl/ros2_ws/src/install/tutorial_interfaces/share/tutorial_interfaces/cmake/tutorial_interfaces__rosidl_typesupport_introspection_cppExport-noconfig.cmake
[13.734s] -- Installing: /home/timl/ros2_ws/src/install/tutorial_interfaces/share/tutorial_interfaces/cmake/tutorial_interfaces__rosidl_typesupport_cppExport.cmake
[13.752s] -- Installing: /home/timl/ros2_ws/src/install/tutorial_interfaces/share/tutorial_interfaces/cmake/tutorial_interfaces__rosidl_typesupport_cppExport-noconfig.cmake
[13.752s] -- Installing: /home/timl/ros2_ws/src/install/tutorial_interfaces/share/tutorial_interfaces/cmake/export_tutorial_interfaces__rosidl_generator_pyExport.cmake
[13.752s] -- Installing: /home/timl/ros2_ws/src/install/tutorial_interfaces/share/tutorial_interfaces/cmake/export_tutorial_interfaces__rosidl_generator_pyExport-noconfig.cmake
[13.752s] -- Installing: /home/timl/ros2_ws/src/install/tutorial_interfaces/share/tutorial_interfaces/cmake/rosidl_cmake-extras.cmake
[13.752s] -- Installing: /home/timl/ros2_ws/src/install/tutorial_interfaces/share/tutorial_interfaces/cmake/ament_cmake_export_dependencies-extras.cmake
[13.752s] -- Installing: /home/timl/ros2_ws/src/install/tutorial_interfaces/share/tutorial_interfaces/cmake/ament_cmake_export_include_directories-extras.cmake
[13.752s] -- Installing: /home/timl/ros2_ws/src/install/tutorial_interfaces/share/tutorial_interfaces/cmake/ament_cmake_export_libraries-extras.cmake
[13.753s] -- Installing: /home/timl/ros2_ws/src/install/tutorial_interfaces/share/tutorial_interfaces/cmake/ament_cmake_export_targets-extras.cmake
[13.753s] -- Installing: /home/timl/ros2_ws/src/install/tutorial_interfaces/share/tutorial_interfaces/cmake/rosidl_cmake_export_typesupport_targets-extras.cmake
[13.753s] -- Installing: /home/timl/ros2_ws/src/install/tutorial_interfaces/share/tutorial_interfaces/cmake/rosidl_cmake_export_typesupport_libraries-extras.cmake
[13.753s] -- Installing: /home/timl/ros2_ws/src/install/tutorial_interfaces/share/tutorial_interfaces/cmake/tutorial_interfacesConfig.cmake
[13.753s] -- Installing: /home/timl/ros2_ws/src/install/tutorial_interfaces/share/tutorial_interfaces/cmake/tutorial_interfacesConfig-version.cmake
[13.753s] -- Installing: /home/timl/ros2_ws/src/install/tutorial_interfaces/share/tutorial_interfaces/package.xml
[13.753s] Invoked command in '/home/timl/ros2_ws/src/build/tutorial_interfaces' returned '0': CMAKE_PREFIX_PATH=${CMAKE_PREFIX_PATH}:/home/timl/ros2_ws/install/py_pubsub:/opt/ros/jazzy /usr/bin/cmake --install /home/timl/ros2_ws/src/build/tutorial_interfaces
