[0.014s] Invoking command in '/home/timl/ros2_ws/build/my_package': CMAKE_PREFIX_PATH=${CMAKE_PREFIX_PATH}:/opt/ros/jazzy /usr/bin/cmake /home/timl/ros2_ws/src/my_package -DCMAKE_INSTALL_PREFIX=/home/timl/ros2_ws/install/my_package
[0.191s] -- The C compiler identification is GNU 13.3.0
[0.986s] -- The CXX compiler identification is GNU 13.3.0
[1.757s] -- Detecting C compiler ABI info
[2.119s] -- Detecting C compiler ABI info - done
[2.128s] -- Check for working C compiler: /usr/bin/cc - skipped
[2.129s] -- Detecting C compile features
[2.129s] -- Detecting C compile features - done
[2.244s] -- Detecting CXX compiler ABI info
[2.594s] -- Detecting CXX compiler ABI info - done
[2.604s] -- Check for working CXX compiler: /usr/bin/c++ - skipped
[2.605s] -- Detecting CXX compile features
[2.605s] -- Detecting CXX compile features - done
[2.608s] -- Found ament_cmake: 2.5.3 (/opt/ros/jazzy/share/ament_cmake/cmake)
[2.763s] -- Found Python3: /usr/bin/python3 (found version "3.12.3") found components: Interpreter 
[2.867s] -- Found ament_lint_auto: 0.17.1 (/opt/ros/jazzy/share/ament_lint_auto/cmake)
[2.971s] -- Added test 'cppcheck' to perform static code analysis on C / C++ code
[2.971s] -- Configured cppcheck include dirs: $<BUILD_INTERFACE:/home/timl/ros2_ws/src/my_package/include>
[2.971s] -- Configured cppcheck exclude dirs and/or files: 
[2.972s] -- Added test 'lint_cmake' to check CMake code style
[2.973s] -- Added test 'uncrustify' to check C / C++ code style
[2.974s] -- Configured uncrustify additional arguments: 
[2.974s] -- Added test 'xmllint' to check XML markup files
[2.976s] -- Configuring done (3.0s)
[2.983s] -- Generating done (0.0s)
[2.985s] -- Build files have been written to: /home/timl/ros2_ws/build/my_package
[2.990s] Invoked command in '/home/timl/ros2_ws/build/my_package' returned '0': CMAKE_PREFIX_PATH=${CMAKE_PREFIX_PATH}:/opt/ros/jazzy /usr/bin/cmake /home/timl/ros2_ws/src/my_package -DCMAKE_INSTALL_PREFIX=/home/timl/ros2_ws/install/my_package
[2.992s] Invoking command in '/home/timl/ros2_ws/build/my_package': CMAKE_PREFIX_PATH=${CMAKE_PREFIX_PATH}:/opt/ros/jazzy /usr/bin/cmake --build /home/timl/ros2_ws/build/my_package -- -j6 -l6
[3.037s] [ 50%] [32mBuilding CXX object CMakeFiles/my_node.dir/src/my_node.cpp.o[0m
[3.073s] [100%] [32m[1mLinking CXX executable my_node[0m
[3.253s] [100%] Built target my_node
[3.265s] Invoked command in '/home/timl/ros2_ws/build/my_package' returned '0': CMAKE_PREFIX_PATH=${CMAKE_PREFIX_PATH}:/opt/ros/jazzy /usr/bin/cmake --build /home/timl/ros2_ws/build/my_package -- -j6 -l6
[3.274s] Invoking command in '/home/timl/ros2_ws/build/my_package': CMAKE_PREFIX_PATH=${CMAKE_PREFIX_PATH}:/opt/ros/jazzy /usr/bin/cmake --install /home/timl/ros2_ws/build/my_package
[3.282s] -- Install configuration: ""
[3.282s] -- Installing: /home/timl/ros2_ws/install/my_package/lib/my_package/my_node
[3.283s] -- Installing: /home/timl/ros2_ws/install/my_package/share/ament_index/resource_index/package_run_dependencies/my_package
[3.283s] -- Installing: /home/timl/ros2_ws/install/my_package/share/ament_index/resource_index/parent_prefix_path/my_package
[3.284s] -- Installing: /home/timl/ros2_ws/install/my_package/share/my_package/environment/ament_prefix_path.sh
[3.284s] -- Installing: /home/timl/ros2_ws/install/my_package/share/my_package/environment/ament_prefix_path.dsv
[3.285s] -- Installing: /home/timl/ros2_ws/install/my_package/share/my_package/environment/path.sh
[3.285s] -- Installing: /home/timl/ros2_ws/install/my_package/share/my_package/environment/path.dsv
[3.285s] -- Installing: /home/timl/ros2_ws/install/my_package/share/my_package/local_setup.bash
[3.285s] -- Installing: /home/timl/ros2_ws/install/my_package/share/my_package/local_setup.sh
[3.285s] -- Installing: /home/timl/ros2_ws/install/my_package/share/my_package/local_setup.zsh
[3.285s] -- Installing: /home/timl/ros2_ws/install/my_package/share/my_package/local_setup.dsv
[3.286s] -- Installing: /home/timl/ros2_ws/install/my_package/share/my_package/package.dsv
[3.286s] -- Installing: /home/timl/ros2_ws/install/my_package/share/ament_index/resource_index/packages/my_package
[3.287s] -- Installing: /home/timl/ros2_ws/install/my_package/share/my_package/cmake/my_packageConfig.cmake
[3.287s] -- Installing: /home/timl/ros2_ws/install/my_package/share/my_package/cmake/my_packageConfig-version.cmake
[3.287s] -- Installing: /home/timl/ros2_ws/install/my_package/share/my_package/package.xml
[3.289s] Invoked command in '/home/timl/ros2_ws/build/my_package' returned '0': CMAKE_PREFIX_PATH=${CMAKE_PREFIX_PATH}:/opt/ros/jazzy /usr/bin/cmake --install /home/timl/ros2_ws/build/my_package
