[0.218s] Invoking command in '/home/timl/ros2_ws/build/cpp_srvcli': CMAKE_PREFIX_PATH=${CMAKE_PREFIX_PATH}:/home/timl/ros2_ws/install/py_pubsub:/opt/ros/jazzy /usr/bin/cmake --build /home/timl/ros2_ws/build/cpp_srvcli -- -j6 -l6
[0.241s] -- Found ament_cmake: 2.5.3 (/opt/ros/jazzy/share/ament_cmake/cmake)
[0.475s] -- Found rclcpp: 28.1.6 (/opt/ros/jazzy/share/rclcpp/cmake)
[0.706s] -- Found rosidl_generator_c: 4.6.5 (/opt/ros/jazzy/share/rosidl_generator_c/cmake)
[0.722s] -- Found rosidl_generator_cpp: 4.6.5 (/opt/ros/jazzy/share/rosidl_generator_cpp/cmake)
[0.737s] -- Using all available rosidl_typesupport_c: rosidl_typesupport_fastrtps_c;rosidl_typesupport_introspection_c
[0.754s] -- Using all available rosidl_typesupport_cpp: rosidl_typesupport_fastrtps_cpp;rosidl_typesupport_introspection_cpp
[0.836s] -- Found rmw_implementation_cmake: 7.3.1 (/opt/ros/jazzy/share/rmw_implementation_cmake/cmake)
[0.838s] -- Found rmw_fastrtps_cpp: 8.4.1 (/opt/ros/jazzy/share/rmw_fastrtps_cpp/cmake)
[1.084s] -- Using RMW implementation 'rmw_fastrtps_cpp' as default
[1.289s] -- Found tutorial_interfaces: 0.0.0 (/home/timl/ros2_ws/install/tutorial_interfaces/share/tutorial_interfaces/cmake)
[1.446s] -- Configuring done (1.2s)
[1.464s] -- Generating done (0.0s)
[1.469s] -- Build files have been written to: /home/timl/ros2_ws/build/cpp_srvcli
[1.507s] [ 50%] [32mBuilding CXX object CMakeFiles/client.dir/src/add_three_ints_client.cpp.o[0m
[1.507s] [ 50%] [32mBuilding CXX object CMakeFiles/server.dir/src/add_three_ints_server.cpp.o[0m
[5.429s] [ 75%] [32m[1mLinking CXX executable server[0m
[5.720s] [ 75%] Built target server
[5.724s] [100%] [32m[1mLinking CXX executable client[0m
[6.017s] [100%] Built target client
[6.029s] Invoked command in '/home/timl/ros2_ws/build/cpp_srvcli' returned '0': CMAKE_PREFIX_PATH=${CMAKE_PREFIX_PATH}:/home/timl/ros2_ws/install/py_pubsub:/opt/ros/jazzy /usr/bin/cmake --build /home/timl/ros2_ws/build/cpp_srvcli -- -j6 -l6
[6.040s] Invoking command in '/home/timl/ros2_ws/build/cpp_srvcli': CMAKE_PREFIX_PATH=${CMAKE_PREFIX_PATH}:/home/timl/ros2_ws/install/py_pubsub:/opt/ros/jazzy /usr/bin/cmake --install /home/timl/ros2_ws/build/cpp_srvcli
[6.048s] -- Install configuration: ""
[6.048s] -- Installing: /home/timl/ros2_ws/install/cpp_srvcli/lib/cpp_srvcli/server
[6.049s] -- Set non-toolchain portion of runtime path of "/home/timl/ros2_ws/install/cpp_srvcli/lib/cpp_srvcli/server" to ""
[6.050s] -- Installing: /home/timl/ros2_ws/install/cpp_srvcli/lib/cpp_srvcli/client
[6.051s] -- Set non-toolchain portion of runtime path of "/home/timl/ros2_ws/install/cpp_srvcli/lib/cpp_srvcli/client" to ""
[6.051s] -- Up-to-date: /home/timl/ros2_ws/install/cpp_srvcli/share/ament_index/resource_index/package_run_dependencies/cpp_srvcli
[6.052s] -- Up-to-date: /home/timl/ros2_ws/install/cpp_srvcli/share/ament_index/resource_index/parent_prefix_path/cpp_srvcli
[6.052s] -- Up-to-date: /home/timl/ros2_ws/install/cpp_srvcli/share/cpp_srvcli/environment/ament_prefix_path.sh
[6.052s] -- Up-to-date: /home/timl/ros2_ws/install/cpp_srvcli/share/cpp_srvcli/environment/ament_prefix_path.dsv
[6.052s] -- Up-to-date: /home/timl/ros2_ws/install/cpp_srvcli/share/cpp_srvcli/environment/path.sh
[6.052s] -- Up-to-date: /home/timl/ros2_ws/install/cpp_srvcli/share/cpp_srvcli/environment/path.dsv
[6.052s] -- Up-to-date: /home/timl/ros2_ws/install/cpp_srvcli/share/cpp_srvcli/local_setup.bash
[6.052s] -- Up-to-date: /home/timl/ros2_ws/install/cpp_srvcli/share/cpp_srvcli/local_setup.sh
[6.052s] -- Up-to-date: /home/timl/ros2_ws/install/cpp_srvcli/share/cpp_srvcli/local_setup.zsh
[6.052s] -- Up-to-date: /home/timl/ros2_ws/install/cpp_srvcli/share/cpp_srvcli/local_setup.dsv
[6.053s] -- Installing: /home/timl/ros2_ws/install/cpp_srvcli/share/cpp_srvcli/package.dsv
[6.053s] -- Up-to-date: /home/timl/ros2_ws/install/cpp_srvcli/share/ament_index/resource_index/packages/cpp_srvcli
[6.053s] -- Up-to-date: /home/timl/ros2_ws/install/cpp_srvcli/share/cpp_srvcli/cmake/cpp_srvcliConfig.cmake
[6.053s] -- Up-to-date: /home/timl/ros2_ws/install/cpp_srvcli/share/cpp_srvcli/cmake/cpp_srvcliConfig-version.cmake
[6.053s] -- Up-to-date: /home/timl/ros2_ws/install/cpp_srvcli/share/cpp_srvcli/package.xml
[6.055s] Invoked command in '/home/timl/ros2_ws/build/cpp_srvcli' returned '0': CMAKE_PREFIX_PATH=${CMAKE_PREFIX_PATH}:/home/timl/ros2_ws/install/py_pubsub:/opt/ros/jazzy /usr/bin/cmake --install /home/timl/ros2_ws/build/cpp_srvcli
