[0.190s] Invoking command in '/home/timl/ros2_ws/src/build/custom_action_cpp': AMENT_PREFIX_PATH=/home/timl/ros2_ws/src/install/custom_action_interfaces:${AMENT_PREFIX_PATH} CMAKE_PREFIX_PATH=/home/timl/ros2_ws/src/install/custom_action_interfaces:/home/timl/ros2_ws/install/polygon_plugins:/home/timl/ros2_ws/install/polygon_base:/home/timl/ros2_ws/install/custom_action_interfaces:/home/timl/ros2_ws/src/install/cpp_parameters:/home/timl/ros2_ws/install/cpp_parameters:/home/timl/ros2_ws/install/more_interfaces:/home/timl/ros2_ws/install/tutorial_interfaces:/home/timl/ros2_ws/install/cpp_srvcli:/home/timl/ros2_ws/install/turtlesim:/home/timl/ros2_ws/install/my_package:/home/timl/ros2_ws/install/cpp_pubsub:/opt/ros/jazzy/opt/sdformat_vendor:/opt/ros/jazzy/opt/gz_math_vendor:/opt/ros/jazzy/opt/gz_utils_vendor:/opt/ros/jazzy/opt/gz_tools_vendor:/opt/ros/jazzy/opt/gz_cmake_vendor:/home/timl/ros2_ws/install/py_pubsub:/opt/ros/jazzy LD_LIBRARY_PATH=/home/timl/ros2_ws/src/install/custom_action_interfaces/lib:${LD_LIBRARY_PATH} PYTHONPATH=/home/timl/ros2_ws/src/install/custom_action_interfaces/lib/python3.12/site-packages:${PYTHONPATH} /usr/bin/cmake --build /home/timl/ros2_ws/src/build/custom_action_cpp -- -j6 -l6
[0.224s] -- Found ament_cmake: 2.5.3 (/opt/ros/jazzy/share/ament_cmake/cmake)
[0.495s] -- Found custom_action_interfaces: 0.0.0 (/home/timl/ros2_ws/src/install/custom_action_interfaces/share/custom_action_interfaces/cmake)
[0.698s] -- Found rosidl_generator_c: 4.6.5 (/opt/ros/jazzy/share/rosidl_generator_c/cmake)
[0.708s] -- Found rosidl_generator_cpp: 4.6.5 (/opt/ros/jazzy/share/rosidl_generator_cpp/cmake)
[0.721s] -- Using all available rosidl_typesupport_c: rosidl_typesupport_fastrtps_c;rosidl_typesupport_introspection_c
[0.736s] -- Using all available rosidl_typesupport_cpp: rosidl_typesupport_fastrtps_cpp;rosidl_typesupport_introspection_cpp
[0.820s] -- Found rclcpp: 28.1.6 (/opt/ros/jazzy/share/rclcpp/cmake)
[0.859s] -- Found rmw_implementation_cmake: 7.3.1 (/opt/ros/jazzy/share/rmw_implementation_cmake/cmake)
[0.861s] -- Found rmw_fastrtps_cpp: 8.4.1 (/opt/ros/jazzy/share/rmw_fastrtps_cpp/cmake)
[1.090s] -- Using RMW implementation 'rmw_fastrtps_cpp' as default
[1.281s] -- Found rclcpp_action: 28.1.6 (/opt/ros/jazzy/share/rclcpp_action/cmake)
[1.293s] -- Found rclcpp_components: 28.1.6 (/opt/ros/jazzy/share/rclcpp_components/cmake)
[1.418s] -- Configuring done (1.2s)
[1.444s] -- Generating done (0.0s)
[1.453s] -- Build files have been written to: /home/timl/ros2_ws/src/build/custom_action_cpp
[1.500s] [ 25%] Built target fibonacci_action_server
[1.502s] [ 37%] [32mBuilding CXX object CMakeFiles/action_server.dir/src/fibonacci_action_server.cpp.o[0m
[1.509s] [ 50%] [32mBuilding CXX object CMakeFiles/action_client.dir/src/fibonacci_action_client.cpp.o[0m
[1.510s] [ 62%] [32mBuilding CXX object CMakeFiles/fibonacci_action_client.dir/rclcpp_components/node_main_fibonacci_action_client.cpp.o[0m
[6.853s] [ 75%] [32m[1mLinking CXX executable fibonacci_action_client[0m
[7.079s] [ 75%] Built target fibonacci_action_client
[7.200s] [ 87%] [32m[1mLinking CXX shared library libaction_server.so[0m
[7.314s] [100%] [32m[1mLinking CXX shared library libaction_client.so[0m
[7.471s] [100%] Built target action_server
[7.570s] [100%] Built target action_client
[7.582s] Invoked command in '/home/timl/ros2_ws/src/build/custom_action_cpp' returned '0': AMENT_PREFIX_PATH=/home/timl/ros2_ws/src/install/custom_action_interfaces:${AMENT_PREFIX_PATH} CMAKE_PREFIX_PATH=/home/timl/ros2_ws/src/install/custom_action_interfaces:/home/timl/ros2_ws/install/polygon_plugins:/home/timl/ros2_ws/install/polygon_base:/home/timl/ros2_ws/install/custom_action_interfaces:/home/timl/ros2_ws/src/install/cpp_parameters:/home/timl/ros2_ws/install/cpp_parameters:/home/timl/ros2_ws/install/more_interfaces:/home/timl/ros2_ws/install/tutorial_interfaces:/home/timl/ros2_ws/install/cpp_srvcli:/home/timl/ros2_ws/install/turtlesim:/home/timl/ros2_ws/install/my_package:/home/timl/ros2_ws/install/cpp_pubsub:/opt/ros/jazzy/opt/sdformat_vendor:/opt/ros/jazzy/opt/gz_math_vendor:/opt/ros/jazzy/opt/gz_utils_vendor:/opt/ros/jazzy/opt/gz_tools_vendor:/opt/ros/jazzy/opt/gz_cmake_vendor:/home/timl/ros2_ws/install/py_pubsub:/opt/ros/jazzy LD_LIBRARY_PATH=/home/timl/ros2_ws/src/install/custom_action_interfaces/lib:${LD_LIBRARY_PATH} PYTHONPATH=/home/timl/ros2_ws/src/install/custom_action_interfaces/lib/python3.12/site-packages:${PYTHONPATH} /usr/bin/cmake --build /home/timl/ros2_ws/src/build/custom_action_cpp -- -j6 -l6
[7.583s] Invoking command in '/home/timl/ros2_ws/src/build/custom_action_cpp': AMENT_PREFIX_PATH=/home/timl/ros2_ws/src/install/custom_action_interfaces:${AMENT_PREFIX_PATH} CMAKE_PREFIX_PATH=/home/timl/ros2_ws/src/install/custom_action_interfaces:/home/timl/ros2_ws/install/polygon_plugins:/home/timl/ros2_ws/install/polygon_base:/home/timl/ros2_ws/install/custom_action_interfaces:/home/timl/ros2_ws/src/install/cpp_parameters:/home/timl/ros2_ws/install/cpp_parameters:/home/timl/ros2_ws/install/more_interfaces:/home/timl/ros2_ws/install/tutorial_interfaces:/home/timl/ros2_ws/install/cpp_srvcli:/home/timl/ros2_ws/install/turtlesim:/home/timl/ros2_ws/install/my_package:/home/timl/ros2_ws/install/cpp_pubsub:/opt/ros/jazzy/opt/sdformat_vendor:/opt/ros/jazzy/opt/gz_math_vendor:/opt/ros/jazzy/opt/gz_utils_vendor:/opt/ros/jazzy/opt/gz_tools_vendor:/opt/ros/jazzy/opt/gz_cmake_vendor:/home/timl/ros2_ws/install/py_pubsub:/opt/ros/jazzy LD_LIBRARY_PATH=/home/timl/ros2_ws/src/install/custom_action_interfaces/lib:${LD_LIBRARY_PATH} PYTHONPATH=/home/timl/ros2_ws/src/install/custom_action_interfaces/lib/python3.12/site-packages:${PYTHONPATH} /usr/bin/cmake --install /home/timl/ros2_ws/src/build/custom_action_cpp
[7.592s] -- Install configuration: ""
[7.593s] -- Up-to-date: /home/timl/ros2_ws/src/install/custom_action_cpp/lib/custom_action_cpp/fibonacci_action_server
[7.593s] -- Installing: /home/timl/ros2_ws/src/install/custom_action_cpp/lib/libaction_server.so
[7.596s] -- Set non-toolchain portion of runtime path of "/home/timl/ros2_ws/src/install/custom_action_cpp/lib/libaction_server.so" to ""
[7.596s] -- Installing: /home/timl/ros2_ws/src/install/custom_action_cpp/lib/custom_action_cpp/fibonacci_action_client
[7.597s] -- Set non-toolchain portion of runtime path of "/home/timl/ros2_ws/src/install/custom_action_cpp/lib/custom_action_cpp/fibonacci_action_client" to ""
[7.597s] -- Installing: /home/timl/ros2_ws/src/install/custom_action_cpp/lib/libaction_client.so
[7.599s] -- Set non-toolchain portion of runtime path of "/home/timl/ros2_ws/src/install/custom_action_cpp/lib/libaction_client.so" to ""
[7.600s] -- Up-to-date: /home/timl/ros2_ws/src/install/custom_action_cpp/share/ament_index/resource_index/package_run_dependencies/custom_action_cpp
[7.600s] -- Up-to-date: /home/timl/ros2_ws/src/install/custom_action_cpp/share/ament_index/resource_index/parent_prefix_path/custom_action_cpp
[7.601s] -- Up-to-date: /home/timl/ros2_ws/src/install/custom_action_cpp/share/custom_action_cpp/environment/ament_prefix_path.sh
[7.601s] -- Up-to-date: /home/timl/ros2_ws/src/install/custom_action_cpp/share/custom_action_cpp/environment/ament_prefix_path.dsv
[7.601s] -- Up-to-date: /home/timl/ros2_ws/src/install/custom_action_cpp/share/custom_action_cpp/environment/path.sh
[7.601s] -- Up-to-date: /home/timl/ros2_ws/src/install/custom_action_cpp/share/custom_action_cpp/environment/path.dsv
[7.602s] -- Up-to-date: /home/timl/ros2_ws/src/install/custom_action_cpp/share/custom_action_cpp/local_setup.bash
[7.602s] -- Up-to-date: /home/timl/ros2_ws/src/install/custom_action_cpp/share/custom_action_cpp/local_setup.sh
[7.602s] -- Up-to-date: /home/timl/ros2_ws/src/install/custom_action_cpp/share/custom_action_cpp/local_setup.zsh
[7.602s] -- Up-to-date: /home/timl/ros2_ws/src/install/custom_action_cpp/share/custom_action_cpp/local_setup.dsv
[7.602s] -- Installing: /home/timl/ros2_ws/src/install/custom_action_cpp/share/custom_action_cpp/package.dsv
[7.603s] -- Up-to-date: /home/timl/ros2_ws/src/install/custom_action_cpp/share/ament_index/resource_index/packages/custom_action_cpp
[7.603s] -- Installing: /home/timl/ros2_ws/src/install/custom_action_cpp/share/ament_index/resource_index/rclcpp_components/custom_action_cpp
[7.603s] -- Up-to-date: /home/timl/ros2_ws/src/install/custom_action_cpp/share/custom_action_cpp/cmake/custom_action_cppConfig.cmake
[7.603s] -- Up-to-date: /home/timl/ros2_ws/src/install/custom_action_cpp/share/custom_action_cpp/cmake/custom_action_cppConfig-version.cmake
[7.603s] -- Up-to-date: /home/timl/ros2_ws/src/install/custom_action_cpp/share/custom_action_cpp/package.xml
[7.605s] Invoked command in '/home/timl/ros2_ws/src/build/custom_action_cpp' returned '0': AMENT_PREFIX_PATH=/home/timl/ros2_ws/src/install/custom_action_interfaces:${AMENT_PREFIX_PATH} CMAKE_PREFIX_PATH=/home/timl/ros2_ws/src/install/custom_action_interfaces:/home/timl/ros2_ws/install/polygon_plugins:/home/timl/ros2_ws/install/polygon_base:/home/timl/ros2_ws/install/custom_action_interfaces:/home/timl/ros2_ws/src/install/cpp_parameters:/home/timl/ros2_ws/install/cpp_parameters:/home/timl/ros2_ws/install/more_interfaces:/home/timl/ros2_ws/install/tutorial_interfaces:/home/timl/ros2_ws/install/cpp_srvcli:/home/timl/ros2_ws/install/turtlesim:/home/timl/ros2_ws/install/my_package:/home/timl/ros2_ws/install/cpp_pubsub:/opt/ros/jazzy/opt/sdformat_vendor:/opt/ros/jazzy/opt/gz_math_vendor:/opt/ros/jazzy/opt/gz_utils_vendor:/opt/ros/jazzy/opt/gz_tools_vendor:/opt/ros/jazzy/opt/gz_cmake_vendor:/home/timl/ros2_ws/install/py_pubsub:/opt/ros/jazzy LD_LIBRARY_PATH=/home/timl/ros2_ws/src/install/custom_action_interfaces/lib:${LD_LIBRARY_PATH} PYTHONPATH=/home/timl/ros2_ws/src/install/custom_action_interfaces/lib/python3.12/site-packages:${PYTHONPATH} /usr/bin/cmake --install /home/timl/ros2_ws/src/build/custom_action_cpp
