[1.736s] Invoking command in '/home/timl/ros2_ws/src/py_pubsub': PYTHONPATH=/home/timl/ros2_ws/build/py_pubsub/prefix_override:/usr/lib/python3/dist-packages/colcon_core/task/python/colcon_distutils_commands:/home/timl/ros2_ws/install/py_pubsub/lib/python3.12/site-packages:${PYTHONPATH} /usr/bin/python3 -W ignore:setup.py install is deprecated -W ignore:easy_install command is deprecated setup.py egg_info --egg-base ../../build/py_pubsub build --build-base /home/timl/ros2_ws/build/py_pubsub/build install --record /home/timl/ros2_ws/build/py_pubsub/install.log --single-version-externally-managed install_data
[2.052s] running egg_info
[2.077s] writing ../../build/py_pubsub/py_pubsub.egg-info/PKG-INFO
[2.078s] writing dependency_links to ../../build/py_pubsub/py_pubsub.egg-info/dependency_links.txt
[2.078s] writing entry points to ../../build/py_pubsub/py_pubsub.egg-info/entry_points.txt
[2.079s] writing requirements to ../../build/py_pubsub/py_pubsub.egg-info/requires.txt
[2.079s] writing top-level names to ../../build/py_pubsub/py_pubsub.egg-info/top_level.txt
[2.127s] reading manifest file '../../build/py_pubsub/py_pubsub.egg-info/SOURCES.txt'
[2.129s] writing manifest file '../../build/py_pubsub/py_pubsub.egg-info/SOURCES.txt'
[2.129s] running build
[2.129s] running build_py
[2.134s] running install
[2.140s] running install_lib
[2.167s] running install_data
[2.168s] running install_egg_info
[2.195s] removing '/home/timl/ros2_ws/install/py_pubsub/lib/python3.12/site-packages/py_pubsub-0.0.0-py3.12.egg-info' (and everything under it)
[2.195s] Copying ../../build/py_pubsub/py_pubsub.egg-info to /home/timl/ros2_ws/install/py_pubsub/lib/python3.12/site-packages/py_pubsub-0.0.0-py3.12.egg-info
[2.198s] running install_scripts
[2.358s] Installing listener script to /home/timl/ros2_ws/install/py_pubsub/lib/py_pubsub
[2.359s] Installing talker script to /home/timl/ros2_ws/install/py_pubsub/lib/py_pubsub
[2.359s] writing list of installed files to '/home/timl/ros2_ws/build/py_pubsub/install.log'
[2.395s] Invoked command in '/home/timl/ros2_ws/src/py_pubsub' returned '0': PYTHONPATH=/home/timl/ros2_ws/build/py_pubsub/prefix_override:/usr/lib/python3/dist-packages/colcon_core/task/python/colcon_distutils_commands:/home/timl/ros2_ws/install/py_pubsub/lib/python3.12/site-packages:${PYTHONPATH} /usr/bin/python3 -W ignore:setup.py install is deprecated -W ignore:easy_install command is deprecated setup.py egg_info --egg-base ../../build/py_pubsub build --build-base /home/timl/ros2_ws/build/py_pubsub/build install --record /home/timl/ros2_ws/build/py_pubsub/install.log --single-version-externally-managed install_data
