[0.214s] DEBUG:colcon:Command line arguments: ['/usr/bin/colcon', 'build', '--packages-select', 'custom_action_cpp']
[0.214s] DEBUG:colcon:Parsed command line arguments: Namespace(log_base=None, log_level=None, verb_name='build', build_base='build', install_base='install', merge_install=False, symlink_install=False, test_result_base=None, continue_on_error=False, executor='parallel', parallel_workers=6, event_handlers=None, ignore_user_meta=False, metas=['./colcon.meta'], base_paths=['.'], packages_ignore=None, packages_ignore_regex=None, paths=None, packages_up_to=None, packages_up_to_regex=None, packages_above=None, packages_above_and_dependencies=None, packages_above_depth=None, packages_select_by_dep=None, packages_skip_by_dep=None, packages_skip_up_to=None, packages_select_build_failed=False, packages_skip_build_finished=False, packages_select_test_failures=False, packages_skip_test_passed=False, packages_select=['custom_action_cpp'], packages_skip=None, packages_select_regex=None, packages_skip_regex=None, packages_start=None, packages_end=None, allow_overriding=[], cmake_args=None, cmake_target=None, cmake_target_skip_unavailable=False, cmake_clean_cache=False, cmake_clean_first=False, cmake_force_configure=False, ament_cmake_args=None, catkin_cmake_args=None, catkin_skip_building_tests=False, mixin_files=None, mixin=None, verb_parser=<colcon_mixin.mixin.mixin_argument.MixinArgumentDecorator object at 0x7fbe32bf9d30>, verb_extension=<colcon_core.verb.build.BuildVerb object at 0x7fbe32d7c350>, main=<bound method BuildVerb.main of <colcon_core.verb.build.BuildVerb object at 0x7fbe32d7c350>>, mixin_verb=('build',))
[0.253s] Level 1:colcon.colcon_core.package_discovery:discover_packages(colcon_meta) check parameters
[0.253s] Level 1:colcon.colcon_core.package_discovery:discover_packages(recursive) check parameters
[0.253s] Level 1:colcon.colcon_core.package_discovery:discover_packages(ignore) check parameters
[0.253s] Level 1:colcon.colcon_core.package_discovery:discover_packages(path) check parameters
[0.254s] Level 1:colcon.colcon_core.package_discovery:discover_packages(colcon_meta) discover
[0.254s] Level 1:colcon.colcon_core.package_discovery:discover_packages(recursive) discover
[0.254s] INFO:colcon.colcon_core.package_discovery:Crawling recursively for packages in '/home/timl/ros2_ws'
[0.254s] Level 1:colcon.colcon_core.package_identification:_identify(.) by extensions ['ignore', 'ignore_ament_install']
[0.254s] Level 1:colcon.colcon_core.package_identification:_identify(.) by extension 'ignore'
[0.254s] Level 1:colcon.colcon_core.package_identification:_identify(.) by extension 'ignore_ament_install'
[0.254s] Level 1:colcon.colcon_core.package_identification:_identify(.) by extensions ['colcon_pkg']
[0.254s] Level 1:colcon.colcon_core.package_identification:_identify(.) by extension 'colcon_pkg'
[0.254s] Level 1:colcon.colcon_core.package_identification:_identify(.) by extensions ['colcon_meta']
[0.254s] Level 1:colcon.colcon_core.package_identification:_identify(.) by extension 'colcon_meta'
[0.254s] Level 1:colcon.colcon_core.package_identification:_identify(.) by extensions ['ros']
[0.254s] Level 1:colcon.colcon_core.package_identification:_identify(.) by extension 'ros'
[0.279s] Level 1:colcon.colcon_core.package_identification:_identify(.) by extensions ['cmake', 'python']
[0.279s] Level 1:colcon.colcon_core.package_identification:_identify(.) by extension 'cmake'
[0.279s] Level 1:colcon.colcon_core.package_identification:_identify(.) by extension 'python'
[0.279s] Level 1:colcon.colcon_core.package_identification:_identify(.) by extensions ['python_setup_py']
[0.279s] Level 1:colcon.colcon_core.package_identification:_identify(.) by extension 'python_setup_py'
[0.280s] Level 1:colcon.colcon_core.package_identification:_identify(build) by extensions ['ignore', 'ignore_ament_install']
[0.280s] Level 1:colcon.colcon_core.package_identification:_identify(build) by extension 'ignore'
[0.280s] Level 1:colcon.colcon_core.package_identification:_identify(build) ignored
[0.280s] Level 1:colcon.colcon_core.package_identification:_identify(install) by extensions ['ignore', 'ignore_ament_install']
[0.280s] Level 1:colcon.colcon_core.package_identification:_identify(install) by extension 'ignore'
[0.280s] Level 1:colcon.colcon_core.package_identification:_identify(install) ignored
[0.280s] Level 1:colcon.colcon_core.package_identification:_identify(log) by extensions ['ignore', 'ignore_ament_install']
[0.280s] Level 1:colcon.colcon_core.package_identification:_identify(log) by extension 'ignore'
[0.280s] Level 1:colcon.colcon_core.package_identification:_identify(log) ignored
[0.280s] Level 1:colcon.colcon_core.package_identification:_identify(ros_tutorials) by extensions ['ignore', 'ignore_ament_install']
[0.280s] Level 1:colcon.colcon_core.package_identification:_identify(ros_tutorials) by extension 'ignore'
[0.280s] Level 1:colcon.colcon_core.package_identification:_identify(ros_tutorials) by extension 'ignore_ament_install'
[0.281s] Level 1:colcon.colcon_core.package_identification:_identify(ros_tutorials) by extensions ['colcon_pkg']
[0.281s] Level 1:colcon.colcon_core.package_identification:_identify(ros_tutorials) by extension 'colcon_pkg'
[0.281s] Level 1:colcon.colcon_core.package_identification:_identify(ros_tutorials) by extensions ['colcon_meta']
[0.281s] Level 1:colcon.colcon_core.package_identification:_identify(ros_tutorials) by extension 'colcon_meta'
[0.281s] Level 1:colcon.colcon_core.package_identification:_identify(ros_tutorials) by extensions ['ros']
[0.281s] Level 1:colcon.colcon_core.package_identification:_identify(ros_tutorials) by extension 'ros'
[0.281s] Level 1:colcon.colcon_core.package_identification:_identify(ros_tutorials) by extensions ['cmake', 'python']
[0.281s] Level 1:colcon.colcon_core.package_identification:_identify(ros_tutorials) by extension 'cmake'
[0.281s] Level 1:colcon.colcon_core.package_identification:_identify(ros_tutorials) by extension 'python'
[0.281s] Level 1:colcon.colcon_core.package_identification:_identify(ros_tutorials) by extensions ['python_setup_py']
[0.281s] Level 1:colcon.colcon_core.package_identification:_identify(ros_tutorials) by extension 'python_setup_py'
[0.281s] Level 1:colcon.colcon_core.package_identification:_identify(ros_tutorials/turtlesim) by extensions ['ignore', 'ignore_ament_install']
[0.281s] Level 1:colcon.colcon_core.package_identification:_identify(ros_tutorials/turtlesim) by extension 'ignore'
[0.281s] Level 1:colcon.colcon_core.package_identification:_identify(ros_tutorials/turtlesim) by extension 'ignore_ament_install'
[0.281s] Level 1:colcon.colcon_core.package_identification:_identify(ros_tutorials/turtlesim) by extensions ['colcon_pkg']
[0.281s] Level 1:colcon.colcon_core.package_identification:_identify(ros_tutorials/turtlesim) by extension 'colcon_pkg'
[0.281s] Level 1:colcon.colcon_core.package_identification:_identify(ros_tutorials/turtlesim) by extensions ['colcon_meta']
[0.281s] Level 1:colcon.colcon_core.package_identification:_identify(ros_tutorials/turtlesim) by extension 'colcon_meta'
[0.281s] Level 1:colcon.colcon_core.package_identification:_identify(ros_tutorials/turtlesim) by extensions ['ros']
[0.282s] Level 1:colcon.colcon_core.package_identification:_identify(ros_tutorials/turtlesim) by extension 'ros'
[0.284s] DEBUG:colcon.colcon_core.package_identification:Package 'ros_tutorials/turtlesim' with type 'ros.ament_cmake' and name 'turtlesim'
[0.284s] Level 1:colcon.colcon_core.package_identification:_identify(src) by extensions ['ignore', 'ignore_ament_install']
[0.284s] Level 1:colcon.colcon_core.package_identification:_identify(src) by extension 'ignore'
[0.285s] Level 1:colcon.colcon_core.package_identification:_identify(src) by extension 'ignore_ament_install'
[0.285s] Level 1:colcon.colcon_core.package_identification:_identify(src) by extensions ['colcon_pkg']
[0.285s] Level 1:colcon.colcon_core.package_identification:_identify(src) by extension 'colcon_pkg'
[0.285s] Level 1:colcon.colcon_core.package_identification:_identify(src) by extensions ['colcon_meta']
[0.285s] Level 1:colcon.colcon_core.package_identification:_identify(src) by extension 'colcon_meta'
[0.285s] Level 1:colcon.colcon_core.package_identification:_identify(src) by extensions ['ros']
[0.285s] Level 1:colcon.colcon_core.package_identification:_identify(src) by extension 'ros'
[0.285s] Level 1:colcon.colcon_core.package_identification:_identify(src) by extensions ['cmake', 'python']
[0.285s] Level 1:colcon.colcon_core.package_identification:_identify(src) by extension 'cmake'
[0.285s] Level 1:colcon.colcon_core.package_identification:_identify(src) by extension 'python'
[0.285s] Level 1:colcon.colcon_core.package_identification:_identify(src) by extensions ['python_setup_py']
[0.285s] Level 1:colcon.colcon_core.package_identification:_identify(src) by extension 'python_setup_py'
[0.285s] Level 1:colcon.colcon_core.package_identification:_identify(src/build) by extensions ['ignore', 'ignore_ament_install']
[0.285s] Level 1:colcon.colcon_core.package_identification:_identify(src/build) by extension 'ignore'
[0.285s] Level 1:colcon.colcon_core.package_identification:_identify(src/build) ignored
[0.285s] Level 1:colcon.colcon_core.package_identification:_identify(src/cpp_parameters) by extensions ['ignore', 'ignore_ament_install']
[0.286s] Level 1:colcon.colcon_core.package_identification:_identify(src/cpp_parameters) by extension 'ignore'
[0.286s] Level 1:colcon.colcon_core.package_identification:_identify(src/cpp_parameters) by extension 'ignore_ament_install'
[0.286s] Level 1:colcon.colcon_core.package_identification:_identify(src/cpp_parameters) by extensions ['colcon_pkg']
[0.286s] Level 1:colcon.colcon_core.package_identification:_identify(src/cpp_parameters) by extension 'colcon_pkg'
[0.286s] Level 1:colcon.colcon_core.package_identification:_identify(src/cpp_parameters) by extensions ['colcon_meta']
[0.286s] Level 1:colcon.colcon_core.package_identification:_identify(src/cpp_parameters) by extension 'colcon_meta'
[0.286s] Level 1:colcon.colcon_core.package_identification:_identify(src/cpp_parameters) by extensions ['ros']
[0.286s] Level 1:colcon.colcon_core.package_identification:_identify(src/cpp_parameters) by extension 'ros'
[0.286s] DEBUG:colcon.colcon_core.package_identification:Package 'src/cpp_parameters' with type 'ros.ament_cmake' and name 'cpp_parameters'
[0.286s] Level 1:colcon.colcon_core.package_identification:_identify(src/cpp_pubsub) by extensions ['ignore', 'ignore_ament_install']
[0.287s] Level 1:colcon.colcon_core.package_identification:_identify(src/cpp_pubsub) by extension 'ignore'
[0.287s] Level 1:colcon.colcon_core.package_identification:_identify(src/cpp_pubsub) by extension 'ignore_ament_install'
[0.287s] Level 1:colcon.colcon_core.package_identification:_identify(src/cpp_pubsub) by extensions ['colcon_pkg']
[0.287s] Level 1:colcon.colcon_core.package_identification:_identify(src/cpp_pubsub) by extension 'colcon_pkg'
[0.287s] Level 1:colcon.colcon_core.package_identification:_identify(src/cpp_pubsub) by extensions ['colcon_meta']
[0.287s] Level 1:colcon.colcon_core.package_identification:_identify(src/cpp_pubsub) by extension 'colcon_meta'
[0.287s] Level 1:colcon.colcon_core.package_identification:_identify(src/cpp_pubsub) by extensions ['ros']
[0.287s] Level 1:colcon.colcon_core.package_identification:_identify(src/cpp_pubsub) by extension 'ros'
[0.288s] DEBUG:colcon.colcon_core.package_identification:Package 'src/cpp_pubsub' with type 'ros.ament_cmake' and name 'cpp_pubsub'
[0.288s] Level 1:colcon.colcon_core.package_identification:_identify(src/cpp_srvcli) by extensions ['ignore', 'ignore_ament_install']
[0.288s] Level 1:colcon.colcon_core.package_identification:_identify(src/cpp_srvcli) by extension 'ignore'
[0.288s] Level 1:colcon.colcon_core.package_identification:_identify(src/cpp_srvcli) by extension 'ignore_ament_install'
[0.288s] Level 1:colcon.colcon_core.package_identification:_identify(src/cpp_srvcli) by extensions ['colcon_pkg']
[0.288s] Level 1:colcon.colcon_core.package_identification:_identify(src/cpp_srvcli) by extension 'colcon_pkg'
[0.288s] Level 1:colcon.colcon_core.package_identification:_identify(src/cpp_srvcli) by extensions ['colcon_meta']
[0.288s] Level 1:colcon.colcon_core.package_identification:_identify(src/cpp_srvcli) by extension 'colcon_meta'
[0.288s] Level 1:colcon.colcon_core.package_identification:_identify(src/cpp_srvcli) by extensions ['ros']
[0.288s] Level 1:colcon.colcon_core.package_identification:_identify(src/cpp_srvcli) by extension 'ros'
[0.289s] DEBUG:colcon.colcon_core.package_identification:Package 'src/cpp_srvcli' with type 'ros.ament_cmake' and name 'cpp_srvcli'
[0.289s] Level 1:colcon.colcon_core.package_identification:_identify(src/custom_action_cpp) by extensions ['ignore', 'ignore_ament_install']
[0.289s] Level 1:colcon.colcon_core.package_identification:_identify(src/custom_action_cpp) by extension 'ignore'
[0.289s] Level 1:colcon.colcon_core.package_identification:_identify(src/custom_action_cpp) by extension 'ignore_ament_install'
[0.289s] Level 1:colcon.colcon_core.package_identification:_identify(src/custom_action_cpp) by extensions ['colcon_pkg']
[0.289s] Level 1:colcon.colcon_core.package_identification:_identify(src/custom_action_cpp) by extension 'colcon_pkg'
[0.289s] Level 1:colcon.colcon_core.package_identification:_identify(src/custom_action_cpp) by extensions ['colcon_meta']
[0.289s] Level 1:colcon.colcon_core.package_identification:_identify(src/custom_action_cpp) by extension 'colcon_meta'
[0.289s] Level 1:colcon.colcon_core.package_identification:_identify(src/custom_action_cpp) by extensions ['ros']
[0.289s] Level 1:colcon.colcon_core.package_identification:_identify(src/custom_action_cpp) by extension 'ros'
[0.290s] DEBUG:colcon.colcon_core.package_identification:Package 'src/custom_action_cpp' with type 'ros.ament_cmake' and name 'custom_action_cpp'
[0.290s] Level 1:colcon.colcon_core.package_identification:_identify(src/custom_action_interfaces) by extensions ['ignore', 'ignore_ament_install']
[0.290s] Level 1:colcon.colcon_core.package_identification:_identify(src/custom_action_interfaces) by extension 'ignore'
[0.290s] Level 1:colcon.colcon_core.package_identification:_identify(src/custom_action_interfaces) by extension 'ignore_ament_install'
[0.290s] Level 1:colcon.colcon_core.package_identification:_identify(src/custom_action_interfaces) by extensions ['colcon_pkg']
[0.290s] Level 1:colcon.colcon_core.package_identification:_identify(src/custom_action_interfaces) by extension 'colcon_pkg'
[0.290s] Level 1:colcon.colcon_core.package_identification:_identify(src/custom_action_interfaces) by extensions ['colcon_meta']
[0.290s] Level 1:colcon.colcon_core.package_identification:_identify(src/custom_action_interfaces) by extension 'colcon_meta'
[0.290s] Level 1:colcon.colcon_core.package_identification:_identify(src/custom_action_interfaces) by extensions ['ros']
[0.290s] Level 1:colcon.colcon_core.package_identification:_identify(src/custom_action_interfaces) by extension 'ros'
[0.291s] DEBUG:colcon.colcon_core.package_identification:Package 'src/custom_action_interfaces' with type 'ros.ament_cmake' and name 'custom_action_interfaces'
[0.291s] Level 1:colcon.colcon_core.package_identification:_identify(src/install) by extensions ['ignore', 'ignore_ament_install']
[0.291s] Level 1:colcon.colcon_core.package_identification:_identify(src/install) by extension 'ignore'
[0.291s] Level 1:colcon.colcon_core.package_identification:_identify(src/install) ignored
[0.291s] Level 1:colcon.colcon_core.package_identification:_identify(src/log) by extensions ['ignore', 'ignore_ament_install']
[0.291s] Level 1:colcon.colcon_core.package_identification:_identify(src/log) by extension 'ignore'
[0.291s] Level 1:colcon.colcon_core.package_identification:_identify(src/log) ignored
[0.291s] Level 1:colcon.colcon_core.package_identification:_identify(src/more_interfaces) by extensions ['ignore', 'ignore_ament_install']
[0.291s] Level 1:colcon.colcon_core.package_identification:_identify(src/more_interfaces) by extension 'ignore'
[0.291s] Level 1:colcon.colcon_core.package_identification:_identify(src/more_interfaces) by extension 'ignore_ament_install'
[0.291s] Level 1:colcon.colcon_core.package_identification:_identify(src/more_interfaces) by extensions ['colcon_pkg']
[0.292s] Level 1:colcon.colcon_core.package_identification:_identify(src/more_interfaces) by extension 'colcon_pkg'
[0.292s] Level 1:colcon.colcon_core.package_identification:_identify(src/more_interfaces) by extensions ['colcon_meta']
[0.292s] Level 1:colcon.colcon_core.package_identification:_identify(src/more_interfaces) by extension 'colcon_meta'
[0.292s] Level 1:colcon.colcon_core.package_identification:_identify(src/more_interfaces) by extensions ['ros']
[0.292s] Level 1:colcon.colcon_core.package_identification:_identify(src/more_interfaces) by extension 'ros'
[0.292s] DEBUG:colcon.colcon_core.package_identification:Package 'src/more_interfaces' with type 'ros.ament_cmake' and name 'more_interfaces'
[0.292s] Level 1:colcon.colcon_core.package_identification:_identify(src/my_package) by extensions ['ignore', 'ignore_ament_install']
[0.292s] Level 1:colcon.colcon_core.package_identification:_identify(src/my_package) by extension 'ignore'
[0.292s] Level 1:colcon.colcon_core.package_identification:_identify(src/my_package) by extension 'ignore_ament_install'
[0.292s] Level 1:colcon.colcon_core.package_identification:_identify(src/my_package) by extensions ['colcon_pkg']
[0.292s] Level 1:colcon.colcon_core.package_identification:_identify(src/my_package) by extension 'colcon_pkg'
[0.292s] Level 1:colcon.colcon_core.package_identification:_identify(src/my_package) by extensions ['colcon_meta']
[0.293s] Level 1:colcon.colcon_core.package_identification:_identify(src/my_package) by extension 'colcon_meta'
[0.293s] Level 1:colcon.colcon_core.package_identification:_identify(src/my_package) by extensions ['ros']
[0.293s] Level 1:colcon.colcon_core.package_identification:_identify(src/my_package) by extension 'ros'
[0.293s] DEBUG:colcon.colcon_core.package_identification:Package 'src/my_package' with type 'ros.ament_cmake' and name 'my_package'
[0.293s] Level 1:colcon.colcon_core.package_identification:_identify(src/polygon_base) by extensions ['ignore', 'ignore_ament_install']
[0.293s] Level 1:colcon.colcon_core.package_identification:_identify(src/polygon_base) by extension 'ignore'
[0.293s] Level 1:colcon.colcon_core.package_identification:_identify(src/polygon_base) by extension 'ignore_ament_install'
[0.293s] Level 1:colcon.colcon_core.package_identification:_identify(src/polygon_base) by extensions ['colcon_pkg']
[0.293s] Level 1:colcon.colcon_core.package_identification:_identify(src/polygon_base) by extension 'colcon_pkg'
[0.293s] Level 1:colcon.colcon_core.package_identification:_identify(src/polygon_base) by extensions ['colcon_meta']
[0.293s] Level 1:colcon.colcon_core.package_identification:_identify(src/polygon_base) by extension 'colcon_meta'
[0.293s] Level 1:colcon.colcon_core.package_identification:_identify(src/polygon_base) by extensions ['ros']
[0.293s] Level 1:colcon.colcon_core.package_identification:_identify(src/polygon_base) by extension 'ros'
[0.294s] DEBUG:colcon.colcon_core.package_identification:Package 'src/polygon_base' with type 'ros.ament_cmake' and name 'polygon_base'
[0.294s] Level 1:colcon.colcon_core.package_identification:_identify(src/polygon_plugins) by extensions ['ignore', 'ignore_ament_install']
[0.294s] Level 1:colcon.colcon_core.package_identification:_identify(src/polygon_plugins) by extension 'ignore'
[0.294s] Level 1:colcon.colcon_core.package_identification:_identify(src/polygon_plugins) by extension 'ignore_ament_install'
[0.294s] Level 1:colcon.colcon_core.package_identification:_identify(src/polygon_plugins) by extensions ['colcon_pkg']
[0.294s] Level 1:colcon.colcon_core.package_identification:_identify(src/polygon_plugins) by extension 'colcon_pkg'
[0.294s] Level 1:colcon.colcon_core.package_identification:_identify(src/polygon_plugins) by extensions ['colcon_meta']
[0.294s] Level 1:colcon.colcon_core.package_identification:_identify(src/polygon_plugins) by extension 'colcon_meta'
[0.294s] Level 1:colcon.colcon_core.package_identification:_identify(src/polygon_plugins) by extensions ['ros']
[0.294s] Level 1:colcon.colcon_core.package_identification:_identify(src/polygon_plugins) by extension 'ros'
[0.295s] DEBUG:colcon.colcon_core.package_identification:Package 'src/polygon_plugins' with type 'ros.ament_cmake' and name 'polygon_plugins'
[0.295s] Level 1:colcon.colcon_core.package_identification:_identify(src/py_pubsub) by extensions ['ignore', 'ignore_ament_install']
[0.295s] Level 1:colcon.colcon_core.package_identification:_identify(src/py_pubsub) by extension 'ignore'
[0.295s] Level 1:colcon.colcon_core.package_identification:_identify(src/py_pubsub) by extension 'ignore_ament_install'
[0.295s] Level 1:colcon.colcon_core.package_identification:_identify(src/py_pubsub) by extensions ['colcon_pkg']
[0.295s] Level 1:colcon.colcon_core.package_identification:_identify(src/py_pubsub) by extension 'colcon_pkg'
[0.295s] Level 1:colcon.colcon_core.package_identification:_identify(src/py_pubsub) by extensions ['colcon_meta']
[0.295s] Level 1:colcon.colcon_core.package_identification:_identify(src/py_pubsub) by extension 'colcon_meta'
[0.295s] Level 1:colcon.colcon_core.package_identification:_identify(src/py_pubsub) by extensions ['ros']
[0.295s] Level 1:colcon.colcon_core.package_identification:_identify(src/py_pubsub) by extension 'ros'
[0.296s] DEBUG:colcon.colcon_core.package_identification:Package 'src/py_pubsub' with type 'ros.ament_python' and name 'py_pubsub'
[0.296s] Level 1:colcon.colcon_core.package_identification:_identify(src/tutorial_interfaces) by extensions ['ignore', 'ignore_ament_install']
[0.296s] Level 1:colcon.colcon_core.package_identification:_identify(src/tutorial_interfaces) by extension 'ignore'
[0.296s] Level 1:colcon.colcon_core.package_identification:_identify(src/tutorial_interfaces) by extension 'ignore_ament_install'
[0.296s] Level 1:colcon.colcon_core.package_identification:_identify(src/tutorial_interfaces) by extensions ['colcon_pkg']
[0.296s] Level 1:colcon.colcon_core.package_identification:_identify(src/tutorial_interfaces) by extension 'colcon_pkg'
[0.296s] Level 1:colcon.colcon_core.package_identification:_identify(src/tutorial_interfaces) by extensions ['colcon_meta']
[0.296s] Level 1:colcon.colcon_core.package_identification:_identify(src/tutorial_interfaces) by extension 'colcon_meta'
[0.296s] Level 1:colcon.colcon_core.package_identification:_identify(src/tutorial_interfaces) by extensions ['ros']
[0.296s] Level 1:colcon.colcon_core.package_identification:_identify(src/tutorial_interfaces) by extension 'ros'
[0.297s] DEBUG:colcon.colcon_core.package_identification:Package 'src/tutorial_interfaces' with type 'ros.ament_cmake' and name 'tutorial_interfaces'
[0.297s] Level 1:colcon.colcon_core.package_discovery:discover_packages(recursive) using defaults
[0.297s] Level 1:colcon.colcon_core.package_discovery:discover_packages(ignore) discover
[0.297s] Level 1:colcon.colcon_core.package_discovery:discover_packages(ignore) using defaults
[0.297s] Level 1:colcon.colcon_core.package_discovery:discover_packages(path) discover
[0.297s] Level 1:colcon.colcon_core.package_discovery:discover_packages(path) using defaults
[0.315s] INFO:colcon.colcon_core.package_selection:Skipping not selected package 'cpp_parameters' in 'src/cpp_parameters'
[0.315s] INFO:colcon.colcon_core.package_selection:Skipping not selected package 'custom_action_interfaces' in 'src/custom_action_interfaces'
[0.315s] INFO:colcon.colcon_core.package_selection:Skipping not selected package 'more_interfaces' in 'src/more_interfaces'
[0.315s] INFO:colcon.colcon_core.package_selection:Skipping not selected package 'my_package' in 'src/my_package'
[0.315s] INFO:colcon.colcon_core.package_selection:Skipping not selected package 'polygon_base' in 'src/polygon_base'
[0.315s] INFO:colcon.colcon_core.package_selection:Skipping not selected package 'py_pubsub' in 'src/py_pubsub'
[0.315s] INFO:colcon.colcon_core.package_selection:Skipping not selected package 'turtlesim' in 'ros_tutorials/turtlesim'
[0.315s] INFO:colcon.colcon_core.package_selection:Skipping not selected package 'tutorial_interfaces' in 'src/tutorial_interfaces'
[0.315s] INFO:colcon.colcon_core.package_selection:Skipping not selected package 'cpp_pubsub' in 'src/cpp_pubsub'
[0.315s] INFO:colcon.colcon_core.package_selection:Skipping not selected package 'cpp_srvcli' in 'src/cpp_srvcli'
[0.315s] INFO:colcon.colcon_core.package_selection:Skipping not selected package 'polygon_plugins' in 'src/polygon_plugins'
[0.316s] Level 1:colcon.colcon_core.package_discovery:discover_packages(prefix_path) check parameters
[0.316s] Level 1:colcon.colcon_core.package_discovery:discover_packages(prefix_path) discover
[0.319s] DEBUG:colcon.colcon_installed_package_information.package_discovery:Found 11 installed packages in /home/timl/ros2_ws/src/install
[0.319s] DEBUG:colcon.colcon_installed_package_information.package_discovery:Found 11 installed packages in /home/timl/ros2_ws/install
[0.321s] DEBUG:colcon.colcon_installed_package_information.package_discovery:Found 316 installed packages in /opt/ros/jazzy
[0.322s] Level 1:colcon.colcon_core.package_discovery:discover_packages(prefix_path) using defaults
[0.373s] Level 5:colcon.colcon_core.verb:set package 'custom_action_cpp' build argument 'cmake_args' from command line to 'None'
[0.373s] Level 5:colcon.colcon_core.verb:set package 'custom_action_cpp' build argument 'cmake_target' from command line to 'None'
[0.373s] Level 5:colcon.colcon_core.verb:set package 'custom_action_cpp' build argument 'cmake_target_skip_unavailable' from command line to 'False'
[0.373s] Level 5:colcon.colcon_core.verb:set package 'custom_action_cpp' build argument 'cmake_clean_cache' from command line to 'False'
[0.373s] Level 5:colcon.colcon_core.verb:set package 'custom_action_cpp' build argument 'cmake_clean_first' from command line to 'False'
[0.373s] Level 5:colcon.colcon_core.verb:set package 'custom_action_cpp' build argument 'cmake_force_configure' from command line to 'False'
[0.373s] Level 5:colcon.colcon_core.verb:set package 'custom_action_cpp' build argument 'ament_cmake_args' from command line to 'None'
[0.373s] Level 5:colcon.colcon_core.verb:set package 'custom_action_cpp' build argument 'catkin_cmake_args' from command line to 'None'
[0.373s] Level 5:colcon.colcon_core.verb:set package 'custom_action_cpp' build argument 'catkin_skip_building_tests' from command line to 'False'
[0.373s] DEBUG:colcon.colcon_core.verb:Building package 'custom_action_cpp' with the following arguments: {'ament_cmake_args': None, 'build_base': '/home/timl/ros2_ws/build/custom_action_cpp', 'catkin_cmake_args': None, 'catkin_skip_building_tests': False, 'cmake_args': None, 'cmake_clean_cache': False, 'cmake_clean_first': False, 'cmake_force_configure': False, 'cmake_target': None, 'cmake_target_skip_unavailable': False, 'install_base': '/home/timl/ros2_ws/install/custom_action_cpp', 'merge_install': False, 'path': '/home/timl/ros2_ws/src/custom_action_cpp', 'symlink_install': False, 'test_result_base': None}
[0.373s] INFO:colcon.colcon_core.executor:Executing jobs using 'parallel' executor
[0.374s] DEBUG:colcon.colcon_parallel_executor.executor.parallel:run_until_complete
[0.374s] INFO:colcon.colcon_ros.task.ament_cmake.build:Building ROS package in '/home/timl/ros2_ws/src/custom_action_cpp' with build type 'ament_cmake'
[0.374s] INFO:colcon.colcon_cmake.task.cmake.build:Building CMake package in '/home/timl/ros2_ws/src/custom_action_cpp'
[0.377s] INFO:colcon.colcon_core.plugin_system:Skipping extension 'colcon_core.shell.bat': Not used on non-Windows systems
[0.377s] INFO:colcon.colcon_core.shell:Skip shell extension 'powershell' for command environment: Not usable outside of PowerShell
[0.377s] DEBUG:colcon.colcon_core.shell:Skip shell extension 'dsv' for command environment
[0.595s] DEBUG:colcon.colcon_core.event_handler.log_command:Invoking command in '/home/timl/ros2_ws/build/custom_action_cpp': CMAKE_PREFIX_PATH=/home/timl/ros2_ws/install/custom_action_interfaces:/home/timl/ros2_ws/src/install/cpp_srvcli:/home/timl/ros2_ws/src/install/cpp_pubsub:/home/timl/ros2_ws/src/install/tutorial_interfaces:/home/timl/ros2_ws/src/install/polygon_plugins:/home/timl/ros2_ws/src/install/polygon_base:/home/timl/ros2_ws/src/install/my_package:/home/timl/ros2_ws/src/install/more_interfaces:/home/timl/ros2_ws/src/install/custom_action_cpp:/home/timl/ros2_ws/src/install/custom_action_interfaces:/home/timl/ros2_ws/src/install/cpp_parameters:/home/timl/ros2_ws/install/cpp_srvcli:/home/timl/ros2_ws/install/cpp_pubsub:/home/timl/ros2_ws/install/tutorial_interfaces:/home/timl/ros2_ws/install/turtlesim:/home/timl/ros2_ws/install/polygon_plugins:/home/timl/ros2_ws/install/polygon_base:/home/timl/ros2_ws/install/my_package:/home/timl/ros2_ws/install/more_interfaces:/home/timl/ros2_ws/install/cpp_parameters:/opt/ros/jazzy/opt/sdformat_vendor:/opt/ros/jazzy/opt/gz_math_vendor:/opt/ros/jazzy/opt/gz_utils_vendor:/opt/ros/jazzy/opt/gz_tools_vendor:/opt/ros/jazzy/opt/gz_cmake_vendor:/home/timl/ros2_ws/src/install/py_pubsub:/home/timl/ros2_ws/install/py_pubsub:/opt/ros/jazzy LD_LIBRARY_PATH=/home/timl/ros2_ws/install/custom_action_interfaces/lib:/home/timl/ros2_ws/src/install/tutorial_interfaces/lib:/home/timl/ros2_ws/src/install/polygon_plugins/lib:/home/timl/ros2_ws/src/install/more_interfaces/lib:/home/timl/ros2_ws/src/install/custom_action_cpp/lib:/home/timl/ros2_ws/src/install/custom_action_interfaces/lib:/home/timl/ros2_ws/install/tutorial_interfaces/lib:/home/timl/ros2_ws/install/turtlesim/lib:/home/timl/ros2_ws/install/polygon_plugins/lib:/home/timl/ros2_ws/install/more_interfaces/lib:/opt/ros/jazzy/opt/sdformat_vendor/lib:/opt/ros/jazzy/opt/rviz_ogre_vendor/lib:/opt/ros/jazzy/lib/x86_64-linux-gnu:/opt/ros/jazzy/opt/gz_math_vendor/lib:/opt/ros/jazzy/opt/gz_utils_vendor/lib:/opt/ros/jazzy/opt/gz_tools_vendor/lib:/opt/ros/jazzy/opt/gz_cmake_vendor/lib:/opt/ros/jazzy/lib PYTHONPATH=/home/timl/ros2_ws/install/custom_action_interfaces/lib/python3.12/site-packages:/home/timl/ros2_ws/src/install/tutorial_interfaces/lib/python3.12/site-packages:/home/timl/ros2_ws/src/install/py_pubsub/lib/python3.12/site-packages:/home/timl/ros2_ws/src/install/more_interfaces/lib/python3.12/site-packages:/home/timl/ros2_ws/src/install/custom_action_interfaces/lib/python3.12/site-packages:/home/timl/ros2_ws/install/tutorial_interfaces/lib/python3.12/site-packages:/home/timl/ros2_ws/install/turtlesim/lib/python3.12/site-packages:/home/timl/ros2_ws/install/py_pubsub/lib/python3.12/site-packages:/home/timl/ros2_ws/install/more_interfaces/lib/python3.12/site-packages:/opt/ros/jazzy/lib/python3.12/site-packages /usr/bin/cmake /home/timl/ros2_ws/src/custom_action_cpp -DCMAKE_INSTALL_PREFIX=/home/timl/ros2_ws/install/custom_action_cpp
[4.872s] DEBUG:colcon.colcon_core.event_handler.log_command:Invoked command in '/home/timl/ros2_ws/build/custom_action_cpp' returned '0': CMAKE_PREFIX_PATH=/home/timl/ros2_ws/install/custom_action_interfaces:/home/timl/ros2_ws/src/install/cpp_srvcli:/home/timl/ros2_ws/src/install/cpp_pubsub:/home/timl/ros2_ws/src/install/tutorial_interfaces:/home/timl/ros2_ws/src/install/polygon_plugins:/home/timl/ros2_ws/src/install/polygon_base:/home/timl/ros2_ws/src/install/my_package:/home/timl/ros2_ws/src/install/more_interfaces:/home/timl/ros2_ws/src/install/custom_action_cpp:/home/timl/ros2_ws/src/install/custom_action_interfaces:/home/timl/ros2_ws/src/install/cpp_parameters:/home/timl/ros2_ws/install/cpp_srvcli:/home/timl/ros2_ws/install/cpp_pubsub:/home/timl/ros2_ws/install/tutorial_interfaces:/home/timl/ros2_ws/install/turtlesim:/home/timl/ros2_ws/install/polygon_plugins:/home/timl/ros2_ws/install/polygon_base:/home/timl/ros2_ws/install/my_package:/home/timl/ros2_ws/install/more_interfaces:/home/timl/ros2_ws/install/cpp_parameters:/opt/ros/jazzy/opt/sdformat_vendor:/opt/ros/jazzy/opt/gz_math_vendor:/opt/ros/jazzy/opt/gz_utils_vendor:/opt/ros/jazzy/opt/gz_tools_vendor:/opt/ros/jazzy/opt/gz_cmake_vendor:/home/timl/ros2_ws/src/install/py_pubsub:/home/timl/ros2_ws/install/py_pubsub:/opt/ros/jazzy LD_LIBRARY_PATH=/home/timl/ros2_ws/install/custom_action_interfaces/lib:/home/timl/ros2_ws/src/install/tutorial_interfaces/lib:/home/timl/ros2_ws/src/install/polygon_plugins/lib:/home/timl/ros2_ws/src/install/more_interfaces/lib:/home/timl/ros2_ws/src/install/custom_action_cpp/lib:/home/timl/ros2_ws/src/install/custom_action_interfaces/lib:/home/timl/ros2_ws/install/tutorial_interfaces/lib:/home/timl/ros2_ws/install/turtlesim/lib:/home/timl/ros2_ws/install/polygon_plugins/lib:/home/timl/ros2_ws/install/more_interfaces/lib:/opt/ros/jazzy/opt/sdformat_vendor/lib:/opt/ros/jazzy/opt/rviz_ogre_vendor/lib:/opt/ros/jazzy/lib/x86_64-linux-gnu:/opt/ros/jazzy/opt/gz_math_vendor/lib:/opt/ros/jazzy/opt/gz_utils_vendor/lib:/opt/ros/jazzy/opt/gz_tools_vendor/lib:/opt/ros/jazzy/opt/gz_cmake_vendor/lib:/opt/ros/jazzy/lib PYTHONPATH=/home/timl/ros2_ws/install/custom_action_interfaces/lib/python3.12/site-packages:/home/timl/ros2_ws/src/install/tutorial_interfaces/lib/python3.12/site-packages:/home/timl/ros2_ws/src/install/py_pubsub/lib/python3.12/site-packages:/home/timl/ros2_ws/src/install/more_interfaces/lib/python3.12/site-packages:/home/timl/ros2_ws/src/install/custom_action_interfaces/lib/python3.12/site-packages:/home/timl/ros2_ws/install/tutorial_interfaces/lib/python3.12/site-packages:/home/timl/ros2_ws/install/turtlesim/lib/python3.12/site-packages:/home/timl/ros2_ws/install/py_pubsub/lib/python3.12/site-packages:/home/timl/ros2_ws/install/more_interfaces/lib/python3.12/site-packages:/opt/ros/jazzy/lib/python3.12/site-packages /usr/bin/cmake /home/timl/ros2_ws/src/custom_action_cpp -DCMAKE_INSTALL_PREFIX=/home/timl/ros2_ws/install/custom_action_cpp
[4.873s] DEBUG:colcon.colcon_core.event_handler.log_command:Invoking command in '/home/timl/ros2_ws/build/custom_action_cpp': CMAKE_PREFIX_PATH=/home/timl/ros2_ws/install/custom_action_interfaces:/home/timl/ros2_ws/src/install/cpp_srvcli:/home/timl/ros2_ws/src/install/cpp_pubsub:/home/timl/ros2_ws/src/install/tutorial_interfaces:/home/timl/ros2_ws/src/install/polygon_plugins:/home/timl/ros2_ws/src/install/polygon_base:/home/timl/ros2_ws/src/install/my_package:/home/timl/ros2_ws/src/install/more_interfaces:/home/timl/ros2_ws/src/install/custom_action_cpp:/home/timl/ros2_ws/src/install/custom_action_interfaces:/home/timl/ros2_ws/src/install/cpp_parameters:/home/timl/ros2_ws/install/cpp_srvcli:/home/timl/ros2_ws/install/cpp_pubsub:/home/timl/ros2_ws/install/tutorial_interfaces:/home/timl/ros2_ws/install/turtlesim:/home/timl/ros2_ws/install/polygon_plugins:/home/timl/ros2_ws/install/polygon_base:/home/timl/ros2_ws/install/my_package:/home/timl/ros2_ws/install/more_interfaces:/home/timl/ros2_ws/install/cpp_parameters:/opt/ros/jazzy/opt/sdformat_vendor:/opt/ros/jazzy/opt/gz_math_vendor:/opt/ros/jazzy/opt/gz_utils_vendor:/opt/ros/jazzy/opt/gz_tools_vendor:/opt/ros/jazzy/opt/gz_cmake_vendor:/home/timl/ros2_ws/src/install/py_pubsub:/home/timl/ros2_ws/install/py_pubsub:/opt/ros/jazzy LD_LIBRARY_PATH=/home/timl/ros2_ws/install/custom_action_interfaces/lib:/home/timl/ros2_ws/src/install/tutorial_interfaces/lib:/home/timl/ros2_ws/src/install/polygon_plugins/lib:/home/timl/ros2_ws/src/install/more_interfaces/lib:/home/timl/ros2_ws/src/install/custom_action_cpp/lib:/home/timl/ros2_ws/src/install/custom_action_interfaces/lib:/home/timl/ros2_ws/install/tutorial_interfaces/lib:/home/timl/ros2_ws/install/turtlesim/lib:/home/timl/ros2_ws/install/polygon_plugins/lib:/home/timl/ros2_ws/install/more_interfaces/lib:/opt/ros/jazzy/opt/sdformat_vendor/lib:/opt/ros/jazzy/opt/rviz_ogre_vendor/lib:/opt/ros/jazzy/lib/x86_64-linux-gnu:/opt/ros/jazzy/opt/gz_math_vendor/lib:/opt/ros/jazzy/opt/gz_utils_vendor/lib:/opt/ros/jazzy/opt/gz_tools_vendor/lib:/opt/ros/jazzy/opt/gz_cmake_vendor/lib:/opt/ros/jazzy/lib PYTHONPATH=/home/timl/ros2_ws/install/custom_action_interfaces/lib/python3.12/site-packages:/home/timl/ros2_ws/src/install/tutorial_interfaces/lib/python3.12/site-packages:/home/timl/ros2_ws/src/install/py_pubsub/lib/python3.12/site-packages:/home/timl/ros2_ws/src/install/more_interfaces/lib/python3.12/site-packages:/home/timl/ros2_ws/src/install/custom_action_interfaces/lib/python3.12/site-packages:/home/timl/ros2_ws/install/tutorial_interfaces/lib/python3.12/site-packages:/home/timl/ros2_ws/install/turtlesim/lib/python3.12/site-packages:/home/timl/ros2_ws/install/py_pubsub/lib/python3.12/site-packages:/home/timl/ros2_ws/install/more_interfaces/lib/python3.12/site-packages:/opt/ros/jazzy/lib/python3.12/site-packages /usr/bin/cmake --build /home/timl/ros2_ws/build/custom_action_cpp -- -j6 -l6
[10.869s] DEBUG:colcon.colcon_core.event_handler.log_command:Invoked command in '/home/timl/ros2_ws/build/custom_action_cpp' returned '0': CMAKE_PREFIX_PATH=/home/timl/ros2_ws/install/custom_action_interfaces:/home/timl/ros2_ws/src/install/cpp_srvcli:/home/timl/ros2_ws/src/install/cpp_pubsub:/home/timl/ros2_ws/src/install/tutorial_interfaces:/home/timl/ros2_ws/src/install/polygon_plugins:/home/timl/ros2_ws/src/install/polygon_base:/home/timl/ros2_ws/src/install/my_package:/home/timl/ros2_ws/src/install/more_interfaces:/home/timl/ros2_ws/src/install/custom_action_cpp:/home/timl/ros2_ws/src/install/custom_action_interfaces:/home/timl/ros2_ws/src/install/cpp_parameters:/home/timl/ros2_ws/install/cpp_srvcli:/home/timl/ros2_ws/install/cpp_pubsub:/home/timl/ros2_ws/install/tutorial_interfaces:/home/timl/ros2_ws/install/turtlesim:/home/timl/ros2_ws/install/polygon_plugins:/home/timl/ros2_ws/install/polygon_base:/home/timl/ros2_ws/install/my_package:/home/timl/ros2_ws/install/more_interfaces:/home/timl/ros2_ws/install/cpp_parameters:/opt/ros/jazzy/opt/sdformat_vendor:/opt/ros/jazzy/opt/gz_math_vendor:/opt/ros/jazzy/opt/gz_utils_vendor:/opt/ros/jazzy/opt/gz_tools_vendor:/opt/ros/jazzy/opt/gz_cmake_vendor:/home/timl/ros2_ws/src/install/py_pubsub:/home/timl/ros2_ws/install/py_pubsub:/opt/ros/jazzy LD_LIBRARY_PATH=/home/timl/ros2_ws/install/custom_action_interfaces/lib:/home/timl/ros2_ws/src/install/tutorial_interfaces/lib:/home/timl/ros2_ws/src/install/polygon_plugins/lib:/home/timl/ros2_ws/src/install/more_interfaces/lib:/home/timl/ros2_ws/src/install/custom_action_cpp/lib:/home/timl/ros2_ws/src/install/custom_action_interfaces/lib:/home/timl/ros2_ws/install/tutorial_interfaces/lib:/home/timl/ros2_ws/install/turtlesim/lib:/home/timl/ros2_ws/install/polygon_plugins/lib:/home/timl/ros2_ws/install/more_interfaces/lib:/opt/ros/jazzy/opt/sdformat_vendor/lib:/opt/ros/jazzy/opt/rviz_ogre_vendor/lib:/opt/ros/jazzy/lib/x86_64-linux-gnu:/opt/ros/jazzy/opt/gz_math_vendor/lib:/opt/ros/jazzy/opt/gz_utils_vendor/lib:/opt/ros/jazzy/opt/gz_tools_vendor/lib:/opt/ros/jazzy/opt/gz_cmake_vendor/lib:/opt/ros/jazzy/lib PYTHONPATH=/home/timl/ros2_ws/install/custom_action_interfaces/lib/python3.12/site-packages:/home/timl/ros2_ws/src/install/tutorial_interfaces/lib/python3.12/site-packages:/home/timl/ros2_ws/src/install/py_pubsub/lib/python3.12/site-packages:/home/timl/ros2_ws/src/install/more_interfaces/lib/python3.12/site-packages:/home/timl/ros2_ws/src/install/custom_action_interfaces/lib/python3.12/site-packages:/home/timl/ros2_ws/install/tutorial_interfaces/lib/python3.12/site-packages:/home/timl/ros2_ws/install/turtlesim/lib/python3.12/site-packages:/home/timl/ros2_ws/install/py_pubsub/lib/python3.12/site-packages:/home/timl/ros2_ws/install/more_interfaces/lib/python3.12/site-packages:/opt/ros/jazzy/lib/python3.12/site-packages /usr/bin/cmake --build /home/timl/ros2_ws/build/custom_action_cpp -- -j6 -l6
[10.879s] DEBUG:colcon.colcon_core.event_handler.log_command:Invoking command in '/home/timl/ros2_ws/build/custom_action_cpp': CMAKE_PREFIX_PATH=/home/timl/ros2_ws/install/custom_action_interfaces:/home/timl/ros2_ws/src/install/cpp_srvcli:/home/timl/ros2_ws/src/install/cpp_pubsub:/home/timl/ros2_ws/src/install/tutorial_interfaces:/home/timl/ros2_ws/src/install/polygon_plugins:/home/timl/ros2_ws/src/install/polygon_base:/home/timl/ros2_ws/src/install/my_package:/home/timl/ros2_ws/src/install/more_interfaces:/home/timl/ros2_ws/src/install/custom_action_cpp:/home/timl/ros2_ws/src/install/custom_action_interfaces:/home/timl/ros2_ws/src/install/cpp_parameters:/home/timl/ros2_ws/install/cpp_srvcli:/home/timl/ros2_ws/install/cpp_pubsub:/home/timl/ros2_ws/install/tutorial_interfaces:/home/timl/ros2_ws/install/turtlesim:/home/timl/ros2_ws/install/polygon_plugins:/home/timl/ros2_ws/install/polygon_base:/home/timl/ros2_ws/install/my_package:/home/timl/ros2_ws/install/more_interfaces:/home/timl/ros2_ws/install/cpp_parameters:/opt/ros/jazzy/opt/sdformat_vendor:/opt/ros/jazzy/opt/gz_math_vendor:/opt/ros/jazzy/opt/gz_utils_vendor:/opt/ros/jazzy/opt/gz_tools_vendor:/opt/ros/jazzy/opt/gz_cmake_vendor:/home/timl/ros2_ws/src/install/py_pubsub:/home/timl/ros2_ws/install/py_pubsub:/opt/ros/jazzy LD_LIBRARY_PATH=/home/timl/ros2_ws/install/custom_action_interfaces/lib:/home/timl/ros2_ws/src/install/tutorial_interfaces/lib:/home/timl/ros2_ws/src/install/polygon_plugins/lib:/home/timl/ros2_ws/src/install/more_interfaces/lib:/home/timl/ros2_ws/src/install/custom_action_cpp/lib:/home/timl/ros2_ws/src/install/custom_action_interfaces/lib:/home/timl/ros2_ws/install/tutorial_interfaces/lib:/home/timl/ros2_ws/install/turtlesim/lib:/home/timl/ros2_ws/install/polygon_plugins/lib:/home/timl/ros2_ws/install/more_interfaces/lib:/opt/ros/jazzy/opt/sdformat_vendor/lib:/opt/ros/jazzy/opt/rviz_ogre_vendor/lib:/opt/ros/jazzy/lib/x86_64-linux-gnu:/opt/ros/jazzy/opt/gz_math_vendor/lib:/opt/ros/jazzy/opt/gz_utils_vendor/lib:/opt/ros/jazzy/opt/gz_tools_vendor/lib:/opt/ros/jazzy/opt/gz_cmake_vendor/lib:/opt/ros/jazzy/lib PYTHONPATH=/home/timl/ros2_ws/install/custom_action_interfaces/lib/python3.12/site-packages:/home/timl/ros2_ws/src/install/tutorial_interfaces/lib/python3.12/site-packages:/home/timl/ros2_ws/src/install/py_pubsub/lib/python3.12/site-packages:/home/timl/ros2_ws/src/install/more_interfaces/lib/python3.12/site-packages:/home/timl/ros2_ws/src/install/custom_action_interfaces/lib/python3.12/site-packages:/home/timl/ros2_ws/install/tutorial_interfaces/lib/python3.12/site-packages:/home/timl/ros2_ws/install/turtlesim/lib/python3.12/site-packages:/home/timl/ros2_ws/install/py_pubsub/lib/python3.12/site-packages:/home/timl/ros2_ws/install/more_interfaces/lib/python3.12/site-packages:/opt/ros/jazzy/lib/python3.12/site-packages /usr/bin/cmake --install /home/timl/ros2_ws/build/custom_action_cpp
[10.898s] Level 1:colcon.colcon_core.environment:create_environment_scripts_only(custom_action_cpp)
[10.899s] DEBUG:colcon.colcon_core.event_handler.log_command:Invoked command in '/home/timl/ros2_ws/build/custom_action_cpp' returned '0': CMAKE_PREFIX_PATH=/home/timl/ros2_ws/install/custom_action_interfaces:/home/timl/ros2_ws/src/install/cpp_srvcli:/home/timl/ros2_ws/src/install/cpp_pubsub:/home/timl/ros2_ws/src/install/tutorial_interfaces:/home/timl/ros2_ws/src/install/polygon_plugins:/home/timl/ros2_ws/src/install/polygon_base:/home/timl/ros2_ws/src/install/my_package:/home/timl/ros2_ws/src/install/more_interfaces:/home/timl/ros2_ws/src/install/custom_action_cpp:/home/timl/ros2_ws/src/install/custom_action_interfaces:/home/timl/ros2_ws/src/install/cpp_parameters:/home/timl/ros2_ws/install/cpp_srvcli:/home/timl/ros2_ws/install/cpp_pubsub:/home/timl/ros2_ws/install/tutorial_interfaces:/home/timl/ros2_ws/install/turtlesim:/home/timl/ros2_ws/install/polygon_plugins:/home/timl/ros2_ws/install/polygon_base:/home/timl/ros2_ws/install/my_package:/home/timl/ros2_ws/install/more_interfaces:/home/timl/ros2_ws/install/cpp_parameters:/opt/ros/jazzy/opt/sdformat_vendor:/opt/ros/jazzy/opt/gz_math_vendor:/opt/ros/jazzy/opt/gz_utils_vendor:/opt/ros/jazzy/opt/gz_tools_vendor:/opt/ros/jazzy/opt/gz_cmake_vendor:/home/timl/ros2_ws/src/install/py_pubsub:/home/timl/ros2_ws/install/py_pubsub:/opt/ros/jazzy LD_LIBRARY_PATH=/home/timl/ros2_ws/install/custom_action_interfaces/lib:/home/timl/ros2_ws/src/install/tutorial_interfaces/lib:/home/timl/ros2_ws/src/install/polygon_plugins/lib:/home/timl/ros2_ws/src/install/more_interfaces/lib:/home/timl/ros2_ws/src/install/custom_action_cpp/lib:/home/timl/ros2_ws/src/install/custom_action_interfaces/lib:/home/timl/ros2_ws/install/tutorial_interfaces/lib:/home/timl/ros2_ws/install/turtlesim/lib:/home/timl/ros2_ws/install/polygon_plugins/lib:/home/timl/ros2_ws/install/more_interfaces/lib:/opt/ros/jazzy/opt/sdformat_vendor/lib:/opt/ros/jazzy/opt/rviz_ogre_vendor/lib:/opt/ros/jazzy/lib/x86_64-linux-gnu:/opt/ros/jazzy/opt/gz_math_vendor/lib:/opt/ros/jazzy/opt/gz_utils_vendor/lib:/opt/ros/jazzy/opt/gz_tools_vendor/lib:/opt/ros/jazzy/opt/gz_cmake_vendor/lib:/opt/ros/jazzy/lib PYTHONPATH=/home/timl/ros2_ws/install/custom_action_interfaces/lib/python3.12/site-packages:/home/timl/ros2_ws/src/install/tutorial_interfaces/lib/python3.12/site-packages:/home/timl/ros2_ws/src/install/py_pubsub/lib/python3.12/site-packages:/home/timl/ros2_ws/src/install/more_interfaces/lib/python3.12/site-packages:/home/timl/ros2_ws/src/install/custom_action_interfaces/lib/python3.12/site-packages:/home/timl/ros2_ws/install/tutorial_interfaces/lib/python3.12/site-packages:/home/timl/ros2_ws/install/turtlesim/lib/python3.12/site-packages:/home/timl/ros2_ws/install/py_pubsub/lib/python3.12/site-packages:/home/timl/ros2_ws/install/more_interfaces/lib/python3.12/site-packages:/opt/ros/jazzy/lib/python3.12/site-packages /usr/bin/cmake --install /home/timl/ros2_ws/build/custom_action_cpp
[10.901s] Level 1:colcon.colcon_core.environment:checking '/home/timl/ros2_ws/install/custom_action_cpp' for CMake module files
[10.901s] Level 1:colcon.colcon_core.environment:checking '/home/timl/ros2_ws/install/custom_action_cpp' for CMake config files
[10.902s] Level 1:colcon.colcon_core.shell:create_environment_hook('custom_action_cpp', 'cmake_prefix_path')
[10.902s] INFO:colcon.colcon_core.shell:Creating environment hook '/home/timl/ros2_ws/install/custom_action_cpp/share/custom_action_cpp/hook/cmake_prefix_path.ps1'
[10.903s] INFO:colcon.colcon_core.shell:Creating environment descriptor '/home/timl/ros2_ws/install/custom_action_cpp/share/custom_action_cpp/hook/cmake_prefix_path.dsv'
[10.903s] INFO:colcon.colcon_core.shell:Creating environment hook '/home/timl/ros2_ws/install/custom_action_cpp/share/custom_action_cpp/hook/cmake_prefix_path.sh'
[10.904s] Level 1:colcon.colcon_core.environment:checking '/home/timl/ros2_ws/install/custom_action_cpp/lib'
[10.904s] Level 1:colcon.colcon_core.shell:create_environment_hook('custom_action_cpp', 'ld_library_path_lib')
[10.904s] INFO:colcon.colcon_core.shell:Creating environment hook '/home/timl/ros2_ws/install/custom_action_cpp/share/custom_action_cpp/hook/ld_library_path_lib.ps1'
[10.905s] INFO:colcon.colcon_core.shell:Creating environment descriptor '/home/timl/ros2_ws/install/custom_action_cpp/share/custom_action_cpp/hook/ld_library_path_lib.dsv'
[10.905s] INFO:colcon.colcon_core.shell:Creating environment hook '/home/timl/ros2_ws/install/custom_action_cpp/share/custom_action_cpp/hook/ld_library_path_lib.sh'
[10.905s] Level 1:colcon.colcon_core.environment:checking '/home/timl/ros2_ws/install/custom_action_cpp/bin'
[10.905s] Level 1:colcon.colcon_core.environment:checking '/home/timl/ros2_ws/install/custom_action_cpp/lib/pkgconfig/custom_action_cpp.pc'
[10.905s] Level 1:colcon.colcon_core.environment:checking '/home/timl/ros2_ws/install/custom_action_cpp/lib/python3.12/site-packages'
[10.906s] Level 1:colcon.colcon_core.environment:checking '/home/timl/ros2_ws/install/custom_action_cpp/bin'
[10.906s] INFO:colcon.colcon_core.shell:Creating package script '/home/timl/ros2_ws/install/custom_action_cpp/share/custom_action_cpp/package.ps1'
[10.907s] INFO:colcon.colcon_core.shell:Creating package descriptor '/home/timl/ros2_ws/install/custom_action_cpp/share/custom_action_cpp/package.dsv'
[10.908s] INFO:colcon.colcon_core.shell:Creating package script '/home/timl/ros2_ws/install/custom_action_cpp/share/custom_action_cpp/package.sh'
[10.908s] INFO:colcon.colcon_core.shell:Creating package script '/home/timl/ros2_ws/install/custom_action_cpp/share/custom_action_cpp/package.bash'
[10.909s] INFO:colcon.colcon_core.shell:Creating package script '/home/timl/ros2_ws/install/custom_action_cpp/share/custom_action_cpp/package.zsh'
[10.909s] Level 1:colcon.colcon_core.environment:create_file_with_runtime_dependencies(/home/timl/ros2_ws/install/custom_action_cpp/share/colcon-core/packages/custom_action_cpp)
[10.910s] Level 1:colcon.colcon_core.environment:create_environment_scripts_only(custom_action_cpp)
[10.911s] Level 1:colcon.colcon_core.environment:checking '/home/timl/ros2_ws/install/custom_action_cpp' for CMake module files
[10.911s] Level 1:colcon.colcon_core.environment:checking '/home/timl/ros2_ws/install/custom_action_cpp' for CMake config files
[10.911s] Level 1:colcon.colcon_core.shell:create_environment_hook('custom_action_cpp', 'cmake_prefix_path')
[10.911s] INFO:colcon.colcon_core.shell:Creating environment hook '/home/timl/ros2_ws/install/custom_action_cpp/share/custom_action_cpp/hook/cmake_prefix_path.ps1'
[10.912s] INFO:colcon.colcon_core.shell:Creating environment descriptor '/home/timl/ros2_ws/install/custom_action_cpp/share/custom_action_cpp/hook/cmake_prefix_path.dsv'
[10.912s] INFO:colcon.colcon_core.shell:Creating environment hook '/home/timl/ros2_ws/install/custom_action_cpp/share/custom_action_cpp/hook/cmake_prefix_path.sh'
[10.913s] Level 1:colcon.colcon_core.environment:checking '/home/timl/ros2_ws/install/custom_action_cpp/lib'
[10.913s] Level 1:colcon.colcon_core.shell:create_environment_hook('custom_action_cpp', 'ld_library_path_lib')
[10.913s] INFO:colcon.colcon_core.shell:Creating environment hook '/home/timl/ros2_ws/install/custom_action_cpp/share/custom_action_cpp/hook/ld_library_path_lib.ps1'
[10.913s] INFO:colcon.colcon_core.shell:Creating environment descriptor '/home/timl/ros2_ws/install/custom_action_cpp/share/custom_action_cpp/hook/ld_library_path_lib.dsv'
[10.914s] INFO:colcon.colcon_core.shell:Creating environment hook '/home/timl/ros2_ws/install/custom_action_cpp/share/custom_action_cpp/hook/ld_library_path_lib.sh'
[10.914s] Level 1:colcon.colcon_core.environment:checking '/home/timl/ros2_ws/install/custom_action_cpp/bin'
[10.915s] Level 1:colcon.colcon_core.environment:checking '/home/timl/ros2_ws/install/custom_action_cpp/lib/pkgconfig/custom_action_cpp.pc'
[10.915s] Level 1:colcon.colcon_core.environment:checking '/home/timl/ros2_ws/install/custom_action_cpp/lib/python3.12/site-packages'
[10.916s] Level 1:colcon.colcon_core.environment:checking '/home/timl/ros2_ws/install/custom_action_cpp/bin'
[10.916s] INFO:colcon.colcon_core.shell:Creating package script '/home/timl/ros2_ws/install/custom_action_cpp/share/custom_action_cpp/package.ps1'
[10.917s] INFO:colcon.colcon_core.shell:Creating package descriptor '/home/timl/ros2_ws/install/custom_action_cpp/share/custom_action_cpp/package.dsv'
[10.917s] INFO:colcon.colcon_core.shell:Creating package script '/home/timl/ros2_ws/install/custom_action_cpp/share/custom_action_cpp/package.sh'
[10.918s] INFO:colcon.colcon_core.shell:Creating package script '/home/timl/ros2_ws/install/custom_action_cpp/share/custom_action_cpp/package.bash'
[10.918s] INFO:colcon.colcon_core.shell:Creating package script '/home/timl/ros2_ws/install/custom_action_cpp/share/custom_action_cpp/package.zsh'
[10.919s] Level 1:colcon.colcon_core.environment:create_file_with_runtime_dependencies(/home/timl/ros2_ws/install/custom_action_cpp/share/colcon-core/packages/custom_action_cpp)
[10.919s] DEBUG:colcon.colcon_parallel_executor.executor.parallel:closing loop
[10.920s] DEBUG:colcon.colcon_parallel_executor.executor.parallel:loop closed
[10.920s] DEBUG:colcon.colcon_parallel_executor.executor.parallel:run_until_complete finished with '0'
[10.920s] DEBUG:colcon.colcon_core.event_reactor:joining thread
[10.979s] INFO:colcon.colcon_core.plugin_system:Skipping extension 'colcon_notification.desktop_notification.notify_send': Could not find 'notify-send'
[10.979s] INFO:colcon.colcon_core.plugin_system:Skipping extension 'colcon_notification.desktop_notification.terminal_notifier': Not used on non-Darwin systems
[10.979s] INFO:colcon.colcon_core.plugin_system:Skipping extension 'colcon_notification.desktop_notification.win32': Not used on non-Windows systems
[10.979s] INFO:colcon.colcon_notification.desktop_notification:Sending desktop notification using 'notify2'
[10.980s] DEBUG:colcon.colcon_notification.desktop_notification.notify2:Failed to initialize notify2: org.freedesktop.DBus.Error.ServiceUnknown: The name org.freedesktop.Notifications was not provided by any .service files
[10.980s] DEBUG:colcon.colcon_core.event_reactor:joined thread
[10.981s] INFO:colcon.colcon_core.shell:Creating prefix script '/home/timl/ros2_ws/install/local_setup.ps1'
[10.982s] INFO:colcon.colcon_core.shell:Creating prefix util module '/home/timl/ros2_ws/install/_local_setup_util_ps1.py'
[10.983s] INFO:colcon.colcon_core.shell:Creating prefix chain script '/home/timl/ros2_ws/install/setup.ps1'
[10.985s] INFO:colcon.colcon_core.shell:Creating prefix script '/home/timl/ros2_ws/install/local_setup.sh'
[10.986s] INFO:colcon.colcon_core.shell:Creating prefix util module '/home/timl/ros2_ws/install/_local_setup_util_sh.py'
[10.986s] INFO:colcon.colcon_core.shell:Creating prefix chain script '/home/timl/ros2_ws/install/setup.sh'
[10.988s] INFO:colcon.colcon_core.shell:Creating prefix script '/home/timl/ros2_ws/install/local_setup.bash'
[10.988s] INFO:colcon.colcon_core.shell:Creating prefix chain script '/home/timl/ros2_ws/install/setup.bash'
[10.990s] INFO:colcon.colcon_core.shell:Creating prefix script '/home/timl/ros2_ws/install/local_setup.zsh'
[10.990s] INFO:colcon.colcon_core.shell:Creating prefix chain script '/home/timl/ros2_ws/install/setup.zsh'
