[0.011s] Invoking command in '/home/timl/ros2_ws/build/my_cpp_pkg': CMAKE_PREFIX_PATH=${CMAKE_PREFIX_PATH}:/home/timl/ros2_ws/install/py_pubsub:/home/timl/ros2_ws/install/my_py_pkg:/opt/ros/jazzy /usr/bin/cmake --build /home/timl/ros2_ws/build/my_cpp_pkg -- -j6 -l6
[0.037s] -- Found ament_cmake: 2.5.3 (/opt/ros/jazzy/share/ament_cmake/cmake)
[0.261s] -- Found rclcpp: 28.1.6 (/opt/ros/jazzy/share/rclcpp/cmake)
[0.545s] -- Found rosidl_generator_c: 4.6.5 (/opt/ros/jazzy/share/rosidl_generator_c/cmake)
[0.555s] -- Found rosidl_generator_cpp: 4.6.5 (/opt/ros/jazzy/share/rosidl_generator_cpp/cmake)
[0.567s] -- Using all available rosidl_typesupport_c: rosidl_typesupport_fastrtps_c;rosidl_typesupport_introspection_c
[0.582s] -- Using all available rosidl_typesupport_cpp: rosidl_typesupport_fastrtps_cpp;rosidl_typesupport_introspection_cpp
[0.648s] -- Found rmw_implementation_cmake: 7.3.1 (/opt/ros/jazzy/share/rmw_implementation_cmake/cmake)
[0.650s] -- Found rmw_fastrtps_cpp: 8.4.1 (/opt/ros/jazzy/share/rmw_fastrtps_cpp/cmake)
[0.967s] -- Using RMW implementation 'rmw_fastrtps_cpp' as default
[1.216s] -- Found example_interfaces: 0.12.0 (/opt/ros/jazzy/share/example_interfaces/cmake)
[1.369s] -- Configuring done (1.3s)
[1.388s] -- Generating done (0.0s)
[1.394s] -- Build files have been written to: /home/timl/ros2_ws/build/my_cpp_pkg
[1.432s] [ 16%] [32mBuilding CXX object CMakeFiles/smartphone.dir/src/smartphone.cpp.o[0m
[1.440s] [ 83%] Built target cpp_node
[1.440s] [ 83%] Built target robot_news_station
[3.826s] [01m[K/home/timl/ros2_ws/src/my_cpp_pkg/src/smartphone.cpp:[m[K In constructor ‘[01m[KSmartphoneNode::[01;32m[KSmartphoneNode[m[K()[m[K’:
[3.827s] [01m[K/home/timl/ros2_ws/src/my_cpp_pkg/src/smartphone.cpp:14:5:[m[K [01;31m[Kerror: [m[Kexpected ‘[01m[K;[m[K’ before ‘[01m[K}[m[K’ token
[3.827s]    14 |     [01;31m[K}[m[K
[3.827s]       |     [01;31m[K^[m[K
[6.168s] gmake[2]: *** [CMakeFiles/smartphone.dir/build.make:76: CMakeFiles/smartphone.dir/src/smartphone.cpp.o] Error 1
[6.168s] gmake[1]: *** [CMakeFiles/Makefile2:193: CMakeFiles/smartphone.dir/all] Error 2
[6.169s] gmake: *** [Makefile:146: all] Error 2
[6.171s] Invoked command in '/home/timl/ros2_ws/build/my_cpp_pkg' returned '2': CMAKE_PREFIX_PATH=${CMAKE_PREFIX_PATH}:/home/timl/ros2_ws/install/py_pubsub:/home/timl/ros2_ws/install/my_py_pkg:/opt/ros/jazzy /usr/bin/cmake --build /home/timl/ros2_ws/build/my_cpp_pkg -- -j6 -l6
