[0.037s] Invoking command in '/home/timl/ros2_ws/build/turtlesim': CMAKE_PREFIX_PATH=${CMAKE_PREFIX_PATH}:/opt/ros/jazzy /usr/bin/cmake --build /home/timl/ros2_ws/build/turtlesim -- -j6 -l6
[0.191s] [  0%] Built target ament_cmake_python_symlink_turtlesim
[0.197s] [  0%] Built target turtlesim__rosidl_generator_type_description
[0.254s] [  1%] Built target turtlesim__cpp
[0.288s] [ 24%] Built target turtlesim__rosidl_generator_c
[0.422s] [ 33%] Built target turtlesim__rosidl_typesupport_introspection_c
[0.459s] [ 42%] Built target turtlesim__rosidl_typesupport_fastrtps_cpp
[0.464s] [ 51%] Built target turtlesim__rosidl_typesupport_c
[0.494s] [ 59%] Built target turtlesim__rosidl_typesupport_fastrtps_c
[0.496s] [ 68%] Built target turtlesim__rosidl_typesupport_cpp
[0.578s] [ 76%] Built target turtlesim__rosidl_typesupport_introspection_cpp
[0.631s] [ 78%] Built target turtle_teleop_key
[0.636s] [ 80%] Built target mimic
[0.642s] [ 81%] Built target draw_square
[0.655s] [ 81%] Built target turtlesim
[0.669s] [ 86%] Built target turtlesim_node
[0.701s] running egg_info
[0.731s] writing turtlesim.egg-info/PKG-INFO
[0.731s] writing dependency_links to turtlesim.egg-info/dependency_links.txt
[0.731s] writing top-level names to turtlesim.egg-info/top_level.txt
[0.743s] [ 86%] Built target turtlesim__py
[0.825s] reading manifest file 'turtlesim.egg-info/SOURCES.txt'
[0.837s] writing manifest file 'turtlesim.egg-info/SOURCES.txt'
[0.858s] [ 94%] Built target turtlesim__rosidl_generator_py
[0.905s] [ 94%] Built target ament_cmake_python_build_turtlesim_egg
[0.913s] [ 96%] Built target turtlesim_s__rosidl_typesupport_fastrtps_c
[0.932s] [ 98%] Built target turtlesim_s__rosidl_typesupport_introspection_c
[0.941s] [100%] Built target turtlesim_s__rosidl_typesupport_c
[0.960s] Invoked command in '/home/timl/ros2_ws/build/turtlesim' returned '0': CMAKE_PREFIX_PATH=${CMAKE_PREFIX_PATH}:/opt/ros/jazzy /usr/bin/cmake --build /home/timl/ros2_ws/build/turtlesim -- -j6 -l6
[0.973s] Invoking command in '/home/timl/ros2_ws/build/turtlesim': CMAKE_PREFIX_PATH=${CMAKE_PREFIX_PATH}:/opt/ros/jazzy /usr/bin/cmake --install /home/timl/ros2_ws/build/turtlesim
[0.993s] -- Install configuration: ""
[0.994s] -- Execute custom install script
[0.996s] -- Up-to-date symlink: /home/timl/ros2_ws/install/turtlesim/share/ament_index/resource_index/rosidl_interfaces/turtlesim
[0.997s] -- Up-to-date symlink: /home/timl/ros2_ws/install/turtlesim/share/turtlesim/action/RotateAbsolute.json
[0.998s] -- Up-to-date symlink: /home/timl/ros2_ws/install/turtlesim/share/turtlesim/msg/Color.json
[0.998s] -- Up-to-date symlink: /home/timl/ros2_ws/install/turtlesim/share/turtlesim/msg/Pose.json
[0.998s] -- Up-to-date symlink: /home/timl/ros2_ws/install/turtlesim/share/turtlesim/srv/Kill.json
[0.998s] -- Up-to-date symlink: /home/timl/ros2_ws/install/turtlesim/share/turtlesim/srv/SetPen.json
[0.999s] -- Up-to-date symlink: /home/timl/ros2_ws/install/turtlesim/share/turtlesim/srv/Spawn.json
[1.000s] -- Up-to-date symlink: /home/timl/ros2_ws/install/turtlesim/share/turtlesim/srv/TeleportAbsolute.json
[1.000s] -- Up-to-date symlink: /home/timl/ros2_ws/install/turtlesim/share/turtlesim/srv/TeleportRelative.json
[1.005s] -- Up-to-date symlink: /home/timl/ros2_ws/install/turtlesim/include/turtlesim/turtlesim/action/detail/rotate_absolute__functions.h
[1.005s] -- Up-to-date symlink: /home/timl/ros2_ws/install/turtlesim/include/turtlesim/turtlesim/action/detail/rotate_absolute__struct.h
[1.005s] -- Up-to-date symlink: /home/timl/ros2_ws/install/turtlesim/include/turtlesim/turtlesim/action/detail/rotate_absolute__type_support.h
[1.005s] -- Up-to-date symlink: /home/timl/ros2_ws/install/turtlesim/include/turtlesim/turtlesim/action/rotate_absolute.h
[1.006s] -- Up-to-date symlink: /home/timl/ros2_ws/install/turtlesim/include/turtlesim/turtlesim/msg/color.h
[1.006s] -- Up-to-date symlink: /home/timl/ros2_ws/install/turtlesim/include/turtlesim/turtlesim/msg/detail/color__functions.h
[1.006s] -- Up-to-date symlink: /home/timl/ros2_ws/install/turtlesim/include/turtlesim/turtlesim/msg/detail/color__struct.h
[1.008s] -- Up-to-date symlink: /home/timl/ros2_ws/install/turtlesim/include/turtlesim/turtlesim/msg/detail/color__type_support.h
[1.008s] -- Up-to-date symlink: /home/timl/ros2_ws/install/turtlesim/include/turtlesim/turtlesim/msg/detail/pose__functions.h
[1.008s] -- Up-to-date symlink: /home/timl/ros2_ws/install/turtlesim/include/turtlesim/turtlesim/msg/detail/pose__struct.h
[1.008s] -- Up-to-date symlink: /home/timl/ros2_ws/install/turtlesim/include/turtlesim/turtlesim/msg/detail/pose__type_support.h
[1.008s] -- Up-to-date symlink: /home/timl/ros2_ws/install/turtlesim/include/turtlesim/turtlesim/msg/pose.h
[1.009s] -- Up-to-date symlink: /home/timl/ros2_ws/install/turtlesim/include/turtlesim/turtlesim/msg/rosidl_generator_c__visibility_control.h
[1.009s] -- Up-to-date symlink: /home/timl/ros2_ws/install/turtlesim/include/turtlesim/turtlesim/srv/detail/kill__functions.h
[1.009s] -- Up-to-date symlink: /home/timl/ros2_ws/install/turtlesim/include/turtlesim/turtlesim/srv/detail/kill__struct.h
[1.009s] -- Up-to-date symlink: /home/timl/ros2_ws/install/turtlesim/include/turtlesim/turtlesim/srv/detail/kill__type_support.h
[1.009s] -- Up-to-date symlink: /home/timl/ros2_ws/install/turtlesim/include/turtlesim/turtlesim/srv/detail/set_pen__functions.h
[1.010s] -- Up-to-date symlink: /home/timl/ros2_ws/install/turtlesim/include/turtlesim/turtlesim/srv/detail/set_pen__struct.h
[1.010s] -- Up-to-date symlink: /home/timl/ros2_ws/install/turtlesim/include/turtlesim/turtlesim/srv/detail/set_pen__type_support.h
[1.010s] -- Up-to-date symlink: /home/timl/ros2_ws/install/turtlesim/include/turtlesim/turtlesim/srv/detail/spawn__functions.h
[1.010s] -- Up-to-date symlink: /home/timl/ros2_ws/install/turtlesim/include/turtlesim/turtlesim/srv/detail/spawn__struct.h
[1.012s] -- Up-to-date symlink: /home/timl/ros2_ws/install/turtlesim/include/turtlesim/turtlesim/srv/detail/spawn__type_support.h
[1.013s] -- Up-to-date symlink: /home/timl/ros2_ws/install/turtlesim/include/turtlesim/turtlesim/srv/detail/teleport_absolute__functions.h
[1.013s] -- Up-to-date symlink: /home/timl/ros2_ws/install/turtlesim/include/turtlesim/turtlesim/srv/detail/teleport_absolute__struct.h
[1.014s] -- Up-to-date symlink: /home/timl/ros2_ws/install/turtlesim/include/turtlesim/turtlesim/srv/detail/teleport_absolute__type_support.h
[1.014s] -- Up-to-date symlink: /home/timl/ros2_ws/install/turtlesim/include/turtlesim/turtlesim/srv/detail/teleport_relative__functions.h
[1.014s] -- Up-to-date symlink: /home/timl/ros2_ws/install/turtlesim/include/turtlesim/turtlesim/srv/detail/teleport_relative__struct.h
[1.015s] -- Up-to-date symlink: /home/timl/ros2_ws/install/turtlesim/include/turtlesim/turtlesim/srv/detail/teleport_relative__type_support.h
[1.015s] -- Up-to-date symlink: /home/timl/ros2_ws/install/turtlesim/include/turtlesim/turtlesim/srv/kill.h
[1.016s] -- Up-to-date symlink: /home/timl/ros2_ws/install/turtlesim/include/turtlesim/turtlesim/srv/set_pen.h
[1.017s] -- Up-to-date symlink: /home/timl/ros2_ws/install/turtlesim/include/turtlesim/turtlesim/srv/spawn.h
[1.018s] -- Up-to-date symlink: /home/timl/ros2_ws/install/turtlesim/include/turtlesim/turtlesim/srv/teleport_absolute.h
[1.019s] -- Up-to-date symlink: /home/timl/ros2_ws/install/turtlesim/include/turtlesim/turtlesim/srv/teleport_relative.h
[1.021s] -- Up-to-date symlink: /home/timl/ros2_ws/install/turtlesim/share/turtlesim/environment/library_path.sh
[1.023s] -- Up-to-date symlink: /home/timl/ros2_ws/install/turtlesim/share/turtlesim/environment/library_path.dsv
[1.028s] -- Up-to-date symlink: /home/timl/ros2_ws/install/turtlesim/include/turtlesim/turtlesim/action/detail/rotate_absolute__rosidl_typesupport_fastrtps_c.h
[1.031s] -- Up-to-date symlink: /home/timl/ros2_ws/install/turtlesim/include/turtlesim/turtlesim/msg/detail/color__rosidl_typesupport_fastrtps_c.h
[1.031s] -- Up-to-date symlink: /home/timl/ros2_ws/install/turtlesim/include/turtlesim/turtlesim/msg/detail/pose__rosidl_typesupport_fastrtps_c.h
[1.031s] -- Up-to-date symlink: /home/timl/ros2_ws/install/turtlesim/include/turtlesim/turtlesim/msg/rosidl_typesupport_fastrtps_c__visibility_control.h
[1.032s] -- Up-to-date symlink: /home/timl/ros2_ws/install/turtlesim/include/turtlesim/turtlesim/srv/detail/kill__rosidl_typesupport_fastrtps_c.h
[1.034s] -- Up-to-date symlink: /home/timl/ros2_ws/install/turtlesim/include/turtlesim/turtlesim/srv/detail/set_pen__rosidl_typesupport_fastrtps_c.h
[1.045s] -- Up-to-date symlink: /home/timl/ros2_ws/install/turtlesim/include/turtlesim/turtlesim/srv/detail/spawn__rosidl_typesupport_fastrtps_c.h
[1.045s] -- Up-to-date symlink: /home/timl/ros2_ws/install/turtlesim/include/turtlesim/turtlesim/srv/detail/teleport_absolute__rosidl_typesupport_fastrtps_c.h
[1.045s] -- Up-to-date symlink: /home/timl/ros2_ws/install/turtlesim/include/turtlesim/turtlesim/srv/detail/teleport_relative__rosidl_typesupport_fastrtps_c.h
[1.049s] -- Up-to-date symlink: /home/timl/ros2_ws/install/turtlesim/include/turtlesim/turtlesim/action/detail/rotate_absolute__builder.hpp
[1.052s] -- Up-to-date symlink: /home/timl/ros2_ws/install/turtlesim/include/turtlesim/turtlesim/action/detail/rotate_absolute__struct.hpp
[1.053s] -- Up-to-date symlink: /home/timl/ros2_ws/install/turtlesim/include/turtlesim/turtlesim/action/detail/rotate_absolute__traits.hpp
[1.053s] -- Up-to-date symlink: /home/timl/ros2_ws/install/turtlesim/include/turtlesim/turtlesim/action/detail/rotate_absolute__type_support.hpp
[1.053s] -- Up-to-date symlink: /home/timl/ros2_ws/install/turtlesim/include/turtlesim/turtlesim/action/rotate_absolute.hpp
[1.054s] -- Up-to-date symlink: /home/timl/ros2_ws/install/turtlesim/include/turtlesim/turtlesim/msg/color.hpp
[1.054s] -- Up-to-date symlink: /home/timl/ros2_ws/install/turtlesim/include/turtlesim/turtlesim/msg/detail/color__builder.hpp
[1.055s] -- Up-to-date symlink: /home/timl/ros2_ws/install/turtlesim/include/turtlesim/turtlesim/msg/detail/color__struct.hpp
[1.056s] -- Up-to-date symlink: /home/timl/ros2_ws/install/turtlesim/include/turtlesim/turtlesim/msg/detail/color__traits.hpp
[1.056s] -- Up-to-date symlink: /home/timl/ros2_ws/install/turtlesim/include/turtlesim/turtlesim/msg/detail/color__type_support.hpp
[1.057s] -- Up-to-date symlink: /home/timl/ros2_ws/install/turtlesim/include/turtlesim/turtlesim/msg/detail/pose__builder.hpp
[1.057s] -- Up-to-date symlink: /home/timl/ros2_ws/install/turtlesim/include/turtlesim/turtlesim/msg/detail/pose__struct.hpp
[1.057s] -- Up-to-date symlink: /home/timl/ros2_ws/install/turtlesim/include/turtlesim/turtlesim/msg/detail/pose__traits.hpp
[1.058s] -- Up-to-date symlink: /home/timl/ros2_ws/install/turtlesim/include/turtlesim/turtlesim/msg/detail/pose__type_support.hpp
[1.059s] -- Up-to-date symlink: /home/timl/ros2_ws/install/turtlesim/include/turtlesim/turtlesim/msg/pose.hpp
[1.060s] -- Up-to-date symlink: /home/timl/ros2_ws/install/turtlesim/include/turtlesim/turtlesim/msg/rosidl_generator_cpp__visibility_control.hpp
[1.060s] -- Up-to-date symlink: /home/timl/ros2_ws/install/turtlesim/include/turtlesim/turtlesim/srv/detail/kill__builder.hpp
[1.062s] -- Up-to-date symlink: /home/timl/ros2_ws/install/turtlesim/include/turtlesim/turtlesim/srv/detail/kill__struct.hpp
[1.063s] -- Up-to-date symlink: /home/timl/ros2_ws/install/turtlesim/include/turtlesim/turtlesim/srv/detail/kill__traits.hpp
[1.064s] -- Up-to-date symlink: /home/timl/ros2_ws/install/turtlesim/include/turtlesim/turtlesim/srv/detail/kill__type_support.hpp
[1.066s] -- Up-to-date symlink: /home/timl/ros2_ws/install/turtlesim/include/turtlesim/turtlesim/srv/detail/set_pen__builder.hpp
[1.070s] -- Up-to-date symlink: /home/timl/ros2_ws/install/turtlesim/include/turtlesim/turtlesim/srv/detail/set_pen__struct.hpp
[1.070s] -- Up-to-date symlink: /home/timl/ros2_ws/install/turtlesim/include/turtlesim/turtlesim/srv/detail/set_pen__traits.hpp
[1.072s] -- Up-to-date symlink: /home/timl/ros2_ws/install/turtlesim/include/turtlesim/turtlesim/srv/detail/set_pen__type_support.hpp
[1.075s] -- Up-to-date symlink: /home/timl/ros2_ws/install/turtlesim/include/turtlesim/turtlesim/srv/detail/spawn__builder.hpp
[1.081s] -- Up-to-date symlink: /home/timl/ros2_ws/install/turtlesim/include/turtlesim/turtlesim/srv/detail/spawn__struct.hpp
[1.085s] -- Up-to-date symlink: /home/timl/ros2_ws/install/turtlesim/include/turtlesim/turtlesim/srv/detail/spawn__traits.hpp
[1.088s] -- Up-to-date symlink: /home/timl/ros2_ws/install/turtlesim/include/turtlesim/turtlesim/srv/detail/spawn__type_support.hpp
[1.090s] -- Up-to-date symlink: /home/timl/ros2_ws/install/turtlesim/include/turtlesim/turtlesim/srv/detail/teleport_absolute__builder.hpp
[1.093s] -- Up-to-date symlink: /home/timl/ros2_ws/install/turtlesim/include/turtlesim/turtlesim/srv/detail/teleport_absolute__struct.hpp
[1.093s] -- Up-to-date symlink: /home/timl/ros2_ws/install/turtlesim/include/turtlesim/turtlesim/srv/detail/teleport_absolute__traits.hpp
[1.096s] -- Up-to-date symlink: /home/timl/ros2_ws/install/turtlesim/include/turtlesim/turtlesim/srv/detail/teleport_absolute__type_support.hpp
[1.097s] -- Up-to-date symlink: /home/timl/ros2_ws/install/turtlesim/include/turtlesim/turtlesim/srv/detail/teleport_relative__builder.hpp
[1.104s] -- Up-to-date symlink: /home/timl/ros2_ws/install/turtlesim/include/turtlesim/turtlesim/srv/detail/teleport_relative__struct.hpp
[1.104s] -- Up-to-date symlink: /home/timl/ros2_ws/install/turtlesim/include/turtlesim/turtlesim/srv/detail/teleport_relative__traits.hpp
[1.104s] -- Up-to-date symlink: /home/timl/ros2_ws/install/turtlesim/include/turtlesim/turtlesim/srv/detail/teleport_relative__type_support.hpp
[1.107s] -- Up-to-date symlink: /home/timl/ros2_ws/install/turtlesim/include/turtlesim/turtlesim/srv/kill.hpp
[1.108s] -- Up-to-date symlink: /home/timl/ros2_ws/install/turtlesim/include/turtlesim/turtlesim/srv/set_pen.hpp
[1.124s] -- Up-to-date symlink: /home/timl/ros2_ws/install/turtlesim/include/turtlesim/turtlesim/srv/spawn.hpp
[1.127s] -- Up-to-date symlink: /home/timl/ros2_ws/install/turtlesim/include/turtlesim/turtlesim/srv/teleport_absolute.hpp
[1.127s] -- Up-to-date symlink: /home/timl/ros2_ws/install/turtlesim/include/turtlesim/turtlesim/srv/teleport_relative.hpp
[1.131s] -- Up-to-date symlink: /home/timl/ros2_ws/install/turtlesim/include/turtlesim/turtlesim/action/detail/rotate_absolute__rosidl_typesupport_fastrtps_cpp.hpp
[1.131s] -- Up-to-date symlink: /home/timl/ros2_ws/install/turtlesim/include/turtlesim/turtlesim/msg/detail/color__rosidl_typesupport_fastrtps_cpp.hpp
[1.132s] -- Up-to-date symlink: /home/timl/ros2_ws/install/turtlesim/include/turtlesim/turtlesim/msg/detail/pose__rosidl_typesupport_fastrtps_cpp.hpp
[1.132s] -- Up-to-date symlink: /home/timl/ros2_ws/install/turtlesim/include/turtlesim/turtlesim/msg/rosidl_typesupport_fastrtps_cpp__visibility_control.h
[1.132s] -- Up-to-date symlink: /home/timl/ros2_ws/install/turtlesim/include/turtlesim/turtlesim/srv/detail/kill__rosidl_typesupport_fastrtps_cpp.hpp
[1.132s] -- Up-to-date symlink: /home/timl/ros2_ws/install/turtlesim/include/turtlesim/turtlesim/srv/detail/set_pen__rosidl_typesupport_fastrtps_cpp.hpp
[1.133s] -- Up-to-date symlink: /home/timl/ros2_ws/install/turtlesim/include/turtlesim/turtlesim/srv/detail/spawn__rosidl_typesupport_fastrtps_cpp.hpp
[1.133s] -- Up-to-date symlink: /home/timl/ros2_ws/install/turtlesim/include/turtlesim/turtlesim/srv/detail/teleport_absolute__rosidl_typesupport_fastrtps_cpp.hpp
[1.134s] -- Up-to-date symlink: /home/timl/ros2_ws/install/turtlesim/include/turtlesim/turtlesim/srv/detail/teleport_relative__rosidl_typesupport_fastrtps_cpp.hpp
[1.136s] -- Up-to-date symlink: /home/timl/ros2_ws/install/turtlesim/include/turtlesim/turtlesim/action/detail/rotate_absolute__rosidl_typesupport_introspection_c.h
[1.136s] -- Up-to-date symlink: /home/timl/ros2_ws/install/turtlesim/include/turtlesim/turtlesim/msg/detail/color__rosidl_typesupport_introspection_c.h
[1.137s] -- Up-to-date symlink: /home/timl/ros2_ws/install/turtlesim/include/turtlesim/turtlesim/msg/detail/pose__rosidl_typesupport_introspection_c.h
[1.137s] -- Up-to-date symlink: /home/timl/ros2_ws/install/turtlesim/include/turtlesim/turtlesim/msg/rosidl_typesupport_introspection_c__visibility_control.h
[1.138s] -- Up-to-date symlink: /home/timl/ros2_ws/install/turtlesim/include/turtlesim/turtlesim/srv/detail/kill__rosidl_typesupport_introspection_c.h
[1.138s] -- Up-to-date symlink: /home/timl/ros2_ws/install/turtlesim/include/turtlesim/turtlesim/srv/detail/set_pen__rosidl_typesupport_introspection_c.h
[1.139s] -- Up-to-date symlink: /home/timl/ros2_ws/install/turtlesim/include/turtlesim/turtlesim/srv/detail/spawn__rosidl_typesupport_introspection_c.h
[1.146s] -- Up-to-date symlink: /home/timl/ros2_ws/install/turtlesim/include/turtlesim/turtlesim/srv/detail/teleport_absolute__rosidl_typesupport_introspection_c.h
[1.146s] -- Up-to-date symlink: /home/timl/ros2_ws/install/turtlesim/include/turtlesim/turtlesim/srv/detail/teleport_relative__rosidl_typesupport_introspection_c.h
[1.146s] -- Up-to-date symlink: /home/timl/ros2_ws/install/turtlesim/include/turtlesim/turtlesim/action/detail/rotate_absolute__rosidl_typesupport_introspection_cpp.hpp
[1.147s] -- Up-to-date symlink: /home/timl/ros2_ws/install/turtlesim/include/turtlesim/turtlesim/msg/detail/color__rosidl_typesupport_introspection_cpp.hpp
[1.147s] -- Up-to-date symlink: /home/timl/ros2_ws/install/turtlesim/include/turtlesim/turtlesim/msg/detail/pose__rosidl_typesupport_introspection_cpp.hpp
[1.147s] -- Up-to-date symlink: /home/timl/ros2_ws/install/turtlesim/include/turtlesim/turtlesim/srv/detail/kill__rosidl_typesupport_introspection_cpp.hpp
[1.147s] -- Up-to-date symlink: /home/timl/ros2_ws/install/turtlesim/include/turtlesim/turtlesim/srv/detail/set_pen__rosidl_typesupport_introspection_cpp.hpp
[1.147s] -- Up-to-date symlink: /home/timl/ros2_ws/install/turtlesim/include/turtlesim/turtlesim/srv/detail/spawn__rosidl_typesupport_introspection_cpp.hpp
[1.148s] -- Up-to-date symlink: /home/timl/ros2_ws/install/turtlesim/include/turtlesim/turtlesim/srv/detail/teleport_absolute__rosidl_typesupport_introspection_cpp.hpp
[1.148s] -- Up-to-date symlink: /home/timl/ros2_ws/install/turtlesim/include/turtlesim/turtlesim/srv/detail/teleport_relative__rosidl_typesupport_introspection_cpp.hpp
[1.148s] -- Up-to-date symlink: /home/timl/ros2_ws/install/turtlesim/share/turtlesim/environment/pythonpath.sh
[1.149s] -- Up-to-date symlink: /home/timl/ros2_ws/install/turtlesim/share/turtlesim/environment/pythonpath.dsv
[1.149s] -- Up-to-date symlink: /home/timl/ros2_ws/install/turtlesim/lib/python3.12/site-packages/turtlesim-1.8.3-py3.12.egg-info/PKG-INFO
[1.149s] -- Up-to-date symlink: /home/timl/ros2_ws/install/turtlesim/lib/python3.12/site-packages/turtlesim-1.8.3-py3.12.egg-info/SOURCES.txt
[1.149s] -- Up-to-date symlink: /home/timl/ros2_ws/install/turtlesim/lib/python3.12/site-packages/turtlesim-1.8.3-py3.12.egg-info/dependency_links.txt
[1.149s] -- Up-to-date symlink: /home/timl/ros2_ws/install/turtlesim/lib/python3.12/site-packages/turtlesim-1.8.3-py3.12.egg-info/top_level.txt
[1.150s] -- Up-to-date symlink: /home/timl/ros2_ws/install/turtlesim/lib/python3.12/site-packages/turtlesim/__init__.py
[1.150s] -- Up-to-date symlink: /home/timl/ros2_ws/install/turtlesim/lib/python3.12/site-packages/turtlesim/_turtlesim_s.ep.rosidl_typesupport_c.c
[1.150s] -- Up-to-date symlink: /home/timl/ros2_ws/install/turtlesim/lib/python3.12/site-packages/turtlesim/_turtlesim_s.ep.rosidl_typesupport_fastrtps_c.c
[1.150s] -- Up-to-date symlink: /home/timl/ros2_ws/install/turtlesim/lib/python3.12/site-packages/turtlesim/_turtlesim_s.ep.rosidl_typesupport_introspection_c.c
[1.150s] -- Up-to-date symlink: /home/timl/ros2_ws/install/turtlesim/lib/python3.12/site-packages/turtlesim/action/__init__.py
[1.150s] -- Up-to-date symlink: /home/timl/ros2_ws/install/turtlesim/lib/python3.12/site-packages/turtlesim/action/_rotate_absolute.py
[1.151s] -- Up-to-date symlink: /home/timl/ros2_ws/install/turtlesim/lib/python3.12/site-packages/turtlesim/action/_rotate_absolute_s.c
[1.151s] -- Up-to-date symlink: /home/timl/ros2_ws/install/turtlesim/lib/python3.12/site-packages/turtlesim/msg/__init__.py
[1.151s] -- Up-to-date symlink: /home/timl/ros2_ws/install/turtlesim/lib/python3.12/site-packages/turtlesim/msg/_color.py
[1.151s] -- Up-to-date symlink: /home/timl/ros2_ws/install/turtlesim/lib/python3.12/site-packages/turtlesim/msg/_color_s.c
[1.152s] -- Up-to-date symlink: /home/timl/ros2_ws/install/turtlesim/lib/python3.12/site-packages/turtlesim/msg/_pose.py
[1.152s] -- Up-to-date symlink: /home/timl/ros2_ws/install/turtlesim/lib/python3.12/site-packages/turtlesim/msg/_pose_s.c
[1.152s] -- Up-to-date symlink: /home/timl/ros2_ws/install/turtlesim/lib/python3.12/site-packages/turtlesim/srv/__init__.py
[1.152s] -- Up-to-date symlink: /home/timl/ros2_ws/install/turtlesim/lib/python3.12/site-packages/turtlesim/srv/_kill.py
[1.153s] -- Up-to-date symlink: /home/timl/ros2_ws/install/turtlesim/lib/python3.12/site-packages/turtlesim/srv/_kill_s.c
[1.153s] -- Up-to-date symlink: /home/timl/ros2_ws/install/turtlesim/lib/python3.12/site-packages/turtlesim/srv/_set_pen.py
[1.153s] -- Up-to-date symlink: /home/timl/ros2_ws/install/turtlesim/lib/python3.12/site-packages/turtlesim/srv/_set_pen_s.c
[1.153s] -- Up-to-date symlink: /home/timl/ros2_ws/install/turtlesim/lib/python3.12/site-packages/turtlesim/srv/_spawn.py
[1.154s] -- Up-to-date symlink: /home/timl/ros2_ws/install/turtlesim/lib/python3.12/site-packages/turtlesim/srv/_spawn_s.c
[1.154s] -- Up-to-date symlink: /home/timl/ros2_ws/install/turtlesim/lib/python3.12/site-packages/turtlesim/srv/_teleport_absolute.py
[1.154s] -- Up-to-date symlink: /home/timl/ros2_ws/install/turtlesim/lib/python3.12/site-packages/turtlesim/srv/_teleport_absolute_s.c
[1.154s] -- Up-to-date symlink: /home/timl/ros2_ws/install/turtlesim/lib/python3.12/site-packages/turtlesim/srv/_teleport_relative.py
[1.154s] -- Up-to-date symlink: /home/timl/ros2_ws/install/turtlesim/lib/python3.12/site-packages/turtlesim/srv/_teleport_relative_s.c
[1.155s] -- Up-to-date symlink: /home/timl/ros2_ws/install/turtlesim/lib/python3.12/site-packages/turtlesim/turtlesim_s__rosidl_typesupport_c.so
[1.155s] -- Up-to-date symlink: /home/timl/ros2_ws/install/turtlesim/lib/python3.12/site-packages/turtlesim/turtlesim_s__rosidl_typesupport_fastrtps_c.so
[1.155s] -- Up-to-date symlink: /home/timl/ros2_ws/install/turtlesim/lib/python3.12/site-packages/turtlesim/turtlesim_s__rosidl_typesupport_introspection_c.so
[1.156s] -- Up-to-date symlink: /home/timl/ros2_ws/install/turtlesim/lib/python3.12/site-packages/turtlesim/turtlesim_s__rosidl_typesupport_fastrtps_c.so
[1.156s] -- Up-to-date symlink: /home/timl/ros2_ws/install/turtlesim/lib/python3.12/site-packages/turtlesim/turtlesim_s__rosidl_typesupport_introspection_c.so
[1.157s] -- Up-to-date symlink: /home/timl/ros2_ws/install/turtlesim/lib/python3.12/site-packages/turtlesim/turtlesim_s__rosidl_typesupport_c.so
[1.157s] -- Up-to-date symlink: /home/timl/ros2_ws/install/turtlesim/share/turtlesim/action/RotateAbsolute.idl
[1.157s] -- Up-to-date symlink: /home/timl/ros2_ws/install/turtlesim/share/turtlesim/msg/Color.idl
[1.157s] -- Up-to-date symlink: /home/timl/ros2_ws/install/turtlesim/share/turtlesim/msg/Pose.idl
[1.158s] -- Up-to-date symlink: /home/timl/ros2_ws/install/turtlesim/share/turtlesim/srv/Kill.idl
[1.158s] -- Up-to-date symlink: /home/timl/ros2_ws/install/turtlesim/share/turtlesim/srv/SetPen.idl
[1.158s] -- Up-to-date symlink: /home/timl/ros2_ws/install/turtlesim/share/turtlesim/srv/Spawn.idl
[1.159s] -- Up-to-date symlink: /home/timl/ros2_ws/install/turtlesim/share/turtlesim/srv/TeleportAbsolute.idl
[1.159s] -- Up-to-date symlink: /home/timl/ros2_ws/install/turtlesim/share/turtlesim/srv/TeleportRelative.idl
[1.159s] -- Up-to-date symlink: /home/timl/ros2_ws/install/turtlesim/share/turtlesim/action/RotateAbsolute.action
[1.159s] -- Up-to-date symlink: /home/timl/ros2_ws/install/turtlesim/share/turtlesim/msg/Color.msg
[1.160s] -- Up-to-date symlink: /home/timl/ros2_ws/install/turtlesim/share/turtlesim/msg/Pose.msg
[1.160s] -- Up-to-date symlink: /home/timl/ros2_ws/install/turtlesim/share/turtlesim/srv/Kill.srv
[1.160s] -- Up-to-date symlink: /home/timl/ros2_ws/install/turtlesim/share/turtlesim/srv/SetPen.srv
[1.160s] -- Up-to-date symlink: /home/timl/ros2_ws/install/turtlesim/share/turtlesim/srv/Spawn.srv
[1.161s] -- Up-to-date symlink: /home/timl/ros2_ws/install/turtlesim/share/turtlesim/srv/TeleportAbsolute.srv
[1.161s] -- Up-to-date symlink: /home/timl/ros2_ws/install/turtlesim/share/turtlesim/srv/TeleportRelative.srv
[1.162s] -- Up-to-date symlink: /home/timl/ros2_ws/install/turtlesim/lib/turtlesim/turtlesim_node
[1.162s] -- Up-to-date symlink: /home/timl/ros2_ws/install/turtlesim/lib/turtlesim/turtle_teleop_key
[1.162s] -- Up-to-date symlink: /home/timl/ros2_ws/install/turtlesim/lib/turtlesim/draw_square
[1.163s] -- Up-to-date symlink: /home/timl/ros2_ws/install/turtlesim/lib/turtlesim/mimic
[1.163s] -- Up-to-date symlink: /home/timl/ros2_ws/install/turtlesim/share/turtlesim/launch/multisim.launch.py
[1.163s] -- Up-to-date symlink: /home/timl/ros2_ws/install/turtlesim/share/ament_index/resource_index/package_run_dependencies/turtlesim
[1.163s] -- Up-to-date symlink: /home/timl/ros2_ws/install/turtlesim/share/ament_index/resource_index/parent_prefix_path/turtlesim
[1.163s] -- Up-to-date symlink: /home/timl/ros2_ws/install/turtlesim/share/turtlesim/environment/ament_prefix_path.sh
[1.164s] -- Up-to-date symlink: /home/timl/ros2_ws/install/turtlesim/share/turtlesim/environment/ament_prefix_path.dsv
[1.165s] -- Up-to-date symlink: /home/timl/ros2_ws/install/turtlesim/share/turtlesim/environment/path.sh
[1.165s] -- Up-to-date symlink: /home/timl/ros2_ws/install/turtlesim/share/turtlesim/environment/path.dsv
[1.165s] -- Up-to-date symlink: /home/timl/ros2_ws/install/turtlesim/share/turtlesim/local_setup.bash
[1.166s] -- Up-to-date symlink: /home/timl/ros2_ws/install/turtlesim/share/turtlesim/local_setup.sh
[1.166s] -- Up-to-date symlink: /home/timl/ros2_ws/install/turtlesim/share/turtlesim/local_setup.zsh
[1.166s] -- Up-to-date symlink: /home/timl/ros2_ws/install/turtlesim/share/turtlesim/local_setup.dsv
[1.166s] -- Symlinking: /home/timl/ros2_ws/install/turtlesim/share/turtlesim/package.dsv
[1.170s] -- Up-to-date symlink: /home/timl/ros2_ws/install/turtlesim/share/ament_index/resource_index/packages/turtlesim
[1.170s] -- Up-to-date symlink: /home/timl/ros2_ws/install/turtlesim/share/turtlesim/cmake/rosidl_cmake-extras.cmake
[1.175s] -- Up-to-date symlink: /home/timl/ros2_ws/install/turtlesim/share/turtlesim/cmake/ament_cmake_export_dependencies-extras.cmake
[1.176s] -- Up-to-date symlink: /home/timl/ros2_ws/install/turtlesim/share/turtlesim/cmake/ament_cmake_export_include_directories-extras.cmake
[1.176s] -- Up-to-date symlink: /home/timl/ros2_ws/install/turtlesim/share/turtlesim/cmake/ament_cmake_export_libraries-extras.cmake
[1.176s] -- Up-to-date symlink: /home/timl/ros2_ws/install/turtlesim/share/turtlesim/cmake/ament_cmake_export_targets-extras.cmake
[1.177s] -- Up-to-date symlink: /home/timl/ros2_ws/install/turtlesim/share/turtlesim/cmake/rosidl_cmake_export_typesupport_targets-extras.cmake
[1.177s] -- Up-to-date symlink: /home/timl/ros2_ws/install/turtlesim/share/turtlesim/cmake/rosidl_cmake_export_typesupport_libraries-extras.cmake
[1.177s] -- Up-to-date symlink: /home/timl/ros2_ws/install/turtlesim/share/turtlesim/cmake/turtlesimConfig.cmake
[1.177s] -- Up-to-date symlink: /home/timl/ros2_ws/install/turtlesim/share/turtlesim/cmake/turtlesimConfig-version.cmake
[1.177s] -- Up-to-date symlink: /home/timl/ros2_ws/install/turtlesim/share/turtlesim/package.xml
[1.178s] -- Up-to-date: /home/timl/ros2_ws/install/turtlesim/lib/libturtlesim__rosidl_generator_c.so
[1.178s] -- Up-to-date: /home/timl/ros2_ws/install/turtlesim/lib/libturtlesim__rosidl_typesupport_fastrtps_c.so
[1.181s] -- Up-to-date: /home/timl/ros2_ws/install/turtlesim/lib/libturtlesim__rosidl_typesupport_fastrtps_cpp.so
[1.182s] -- Up-to-date: /home/timl/ros2_ws/install/turtlesim/lib/libturtlesim__rosidl_typesupport_introspection_c.so
[1.182s] -- Up-to-date: /home/timl/ros2_ws/install/turtlesim/lib/libturtlesim__rosidl_typesupport_c.so
[1.185s] -- Up-to-date: /home/timl/ros2_ws/install/turtlesim/lib/libturtlesim__rosidl_typesupport_introspection_cpp.so
[1.185s] -- Up-to-date: /home/timl/ros2_ws/install/turtlesim/lib/libturtlesim__rosidl_typesupport_cpp.so
[1.226s] Listing '/home/timl/ros2_ws/install/turtlesim/lib/python3.12/site-packages/turtlesim'...
[1.226s] Listing '/home/timl/ros2_ws/install/turtlesim/lib/python3.12/site-packages/turtlesim/action'...
[1.226s] Listing '/home/timl/ros2_ws/install/turtlesim/lib/python3.12/site-packages/turtlesim/msg'...
[1.226s] Listing '/home/timl/ros2_ws/install/turtlesim/lib/python3.12/site-packages/turtlesim/srv'...
[1.236s] -- Up-to-date: /home/timl/ros2_ws/install/turtlesim/lib/libturtlesim__rosidl_generator_py.so
[1.237s] -- Up-to-date: /home/timl/ros2_ws/install/turtlesim/share/turtlesim/images
[1.239s] -- Up-to-date: /home/timl/ros2_ws/install/turtlesim/share/turtlesim/images/rolling.png
[1.239s] -- Up-to-date: /home/timl/ros2_ws/install/turtlesim/share/turtlesim/images/crystal.png
[1.239s] -- Up-to-date: /home/timl/ros2_ws/install/turtlesim/share/turtlesim/images/humble.png
[1.239s] -- Up-to-date: /home/timl/ros2_ws/install/turtlesim/share/turtlesim/images/bouncy.png
[1.239s] -- Up-to-date: /home/timl/ros2_ws/install/turtlesim/share/turtlesim/images/dashing.png
[1.240s] -- Up-to-date: /home/timl/ros2_ws/install/turtlesim/share/turtlesim/images/ardent.png
[1.240s] -- Up-to-date: /home/timl/ros2_ws/install/turtlesim/share/turtlesim/images/eloquent.png
[1.241s] -- Up-to-date: /home/timl/ros2_ws/install/turtlesim/share/turtlesim/images/jazzy.png
[1.241s] -- Up-to-date: /home/timl/ros2_ws/install/turtlesim/share/turtlesim/images/galactic.png
[1.241s] -- Up-to-date: /home/timl/ros2_ws/install/turtlesim/share/turtlesim/images/iron.png
[1.241s] -- Up-to-date: /home/timl/ros2_ws/install/turtlesim/share/turtlesim/images/foxy.png
[1.242s] -- Up-to-date: /home/timl/ros2_ws/install/turtlesim/share/turtlesim/cmake/export_turtlesim__rosidl_generator_cExport.cmake
[1.242s] -- Up-to-date: /home/timl/ros2_ws/install/turtlesim/share/turtlesim/cmake/export_turtlesim__rosidl_generator_cExport-noconfig.cmake
[1.243s] -- Up-to-date: /home/timl/ros2_ws/install/turtlesim/share/turtlesim/cmake/export_turtlesim__rosidl_typesupport_fastrtps_cExport.cmake
[1.243s] -- Up-to-date: /home/timl/ros2_ws/install/turtlesim/share/turtlesim/cmake/export_turtlesim__rosidl_typesupport_fastrtps_cExport-noconfig.cmake
[1.244s] -- Up-to-date: /home/timl/ros2_ws/install/turtlesim/share/turtlesim/cmake/export_turtlesim__rosidl_generator_cppExport.cmake
[1.246s] -- Up-to-date: /home/timl/ros2_ws/install/turtlesim/share/turtlesim/cmake/export_turtlesim__rosidl_typesupport_fastrtps_cppExport.cmake
[1.246s] -- Up-to-date: /home/timl/ros2_ws/install/turtlesim/share/turtlesim/cmake/export_turtlesim__rosidl_typesupport_fastrtps_cppExport-noconfig.cmake
[1.248s] -- Up-to-date: /home/timl/ros2_ws/install/turtlesim/share/turtlesim/cmake/turtlesim__rosidl_typesupport_introspection_cExport.cmake
[1.248s] -- Up-to-date: /home/timl/ros2_ws/install/turtlesim/share/turtlesim/cmake/turtlesim__rosidl_typesupport_introspection_cExport-noconfig.cmake
[1.250s] -- Up-to-date: /home/timl/ros2_ws/install/turtlesim/share/turtlesim/cmake/turtlesim__rosidl_typesupport_cExport.cmake
[1.251s] -- Up-to-date: /home/timl/ros2_ws/install/turtlesim/share/turtlesim/cmake/turtlesim__rosidl_typesupport_cExport-noconfig.cmake
[1.252s] -- Up-to-date: /home/timl/ros2_ws/install/turtlesim/share/turtlesim/cmake/turtlesim__rosidl_typesupport_introspection_cppExport.cmake
[1.252s] -- Up-to-date: /home/timl/ros2_ws/install/turtlesim/share/turtlesim/cmake/turtlesim__rosidl_typesupport_introspection_cppExport-noconfig.cmake
[1.253s] -- Up-to-date: /home/timl/ros2_ws/install/turtlesim/share/turtlesim/cmake/turtlesim__rosidl_typesupport_cppExport.cmake
[1.254s] -- Up-to-date: /home/timl/ros2_ws/install/turtlesim/share/turtlesim/cmake/turtlesim__rosidl_typesupport_cppExport-noconfig.cmake
[1.254s] -- Up-to-date: /home/timl/ros2_ws/install/turtlesim/share/turtlesim/cmake/export_turtlesim__rosidl_generator_pyExport.cmake
[1.254s] -- Up-to-date: /home/timl/ros2_ws/install/turtlesim/share/turtlesim/cmake/export_turtlesim__rosidl_generator_pyExport-noconfig.cmake
[1.282s] Invoked command in '/home/timl/ros2_ws/build/turtlesim' returned '0': CMAKE_PREFIX_PATH=${CMAKE_PREFIX_PATH}:/opt/ros/jazzy /usr/bin/cmake --install /home/timl/ros2_ws/build/turtlesim
