[0.250s] Invoking command in '/home/timl/ros2_ws/src/build/cpp_pubsub': AMENT_PREFIX_PATH=/home/timl/ros2_ws/src/install/tutorial_interfaces:${AMENT_PREFIX_PATH} CMAKE_PREFIX_PATH=/home/timl/ros2_ws/src/install/tutorial_interfaces:/home/timl/ros2_ws/install/polygon_plugins:/home/timl/ros2_ws/install/polygon_base:/home/timl/ros2_ws/install/custom_action_interfaces:/home/timl/ros2_ws/src/install/cpp_parameters:/home/timl/ros2_ws/install/cpp_parameters:/home/timl/ros2_ws/install/more_interfaces:/home/timl/ros2_ws/install/tutorial_interfaces:/home/timl/ros2_ws/install/cpp_srvcli:/home/timl/ros2_ws/install/turtlesim:/home/timl/ros2_ws/install/my_package:/home/timl/ros2_ws/install/cpp_pubsub:/opt/ros/jazzy/opt/sdformat_vendor:/opt/ros/jazzy/opt/gz_math_vendor:/opt/ros/jazzy/opt/gz_utils_vendor:/opt/ros/jazzy/opt/gz_tools_vendor:/opt/ros/jazzy/opt/gz_cmake_vendor:/home/timl/ros2_ws/install/py_pubsub:/opt/ros/jazzy LD_LIBRARY_PATH=/home/timl/ros2_ws/src/install/tutorial_interfaces/lib:${LD_LIBRARY_PATH} PYTHONPATH=/home/timl/ros2_ws/src/install/tutorial_interfaces/lib/python3.12/site-packages:${PYTHONPATH} /usr/bin/cmake --build /home/timl/ros2_ws/src/build/cpp_pubsub -- -j6 -l6
[0.352s] [ 50%] Built target talker
[0.396s] [100%] Built target listener
[0.409s] Invoked command in '/home/timl/ros2_ws/src/build/cpp_pubsub' returned '0': AMENT_PREFIX_PATH=/home/timl/ros2_ws/src/install/tutorial_interfaces:${AMENT_PREFIX_PATH} CMAKE_PREFIX_PATH=/home/timl/ros2_ws/src/install/tutorial_interfaces:/home/timl/ros2_ws/install/polygon_plugins:/home/timl/ros2_ws/install/polygon_base:/home/timl/ros2_ws/install/custom_action_interfaces:/home/timl/ros2_ws/src/install/cpp_parameters:/home/timl/ros2_ws/install/cpp_parameters:/home/timl/ros2_ws/install/more_interfaces:/home/timl/ros2_ws/install/tutorial_interfaces:/home/timl/ros2_ws/install/cpp_srvcli:/home/timl/ros2_ws/install/turtlesim:/home/timl/ros2_ws/install/my_package:/home/timl/ros2_ws/install/cpp_pubsub:/opt/ros/jazzy/opt/sdformat_vendor:/opt/ros/jazzy/opt/gz_math_vendor:/opt/ros/jazzy/opt/gz_utils_vendor:/opt/ros/jazzy/opt/gz_tools_vendor:/opt/ros/jazzy/opt/gz_cmake_vendor:/home/timl/ros2_ws/install/py_pubsub:/opt/ros/jazzy LD_LIBRARY_PATH=/home/timl/ros2_ws/src/install/tutorial_interfaces/lib:${LD_LIBRARY_PATH} PYTHONPATH=/home/timl/ros2_ws/src/install/tutorial_interfaces/lib/python3.12/site-packages:${PYTHONPATH} /usr/bin/cmake --build /home/timl/ros2_ws/src/build/cpp_pubsub -- -j6 -l6
[0.409s] Invoking command in '/home/timl/ros2_ws/src/build/cpp_pubsub': AMENT_PREFIX_PATH=/home/timl/ros2_ws/src/install/tutorial_interfaces:${AMENT_PREFIX_PATH} CMAKE_PREFIX_PATH=/home/timl/ros2_ws/src/install/tutorial_interfaces:/home/timl/ros2_ws/install/polygon_plugins:/home/timl/ros2_ws/install/polygon_base:/home/timl/ros2_ws/install/custom_action_interfaces:/home/timl/ros2_ws/src/install/cpp_parameters:/home/timl/ros2_ws/install/cpp_parameters:/home/timl/ros2_ws/install/more_interfaces:/home/timl/ros2_ws/install/tutorial_interfaces:/home/timl/ros2_ws/install/cpp_srvcli:/home/timl/ros2_ws/install/turtlesim:/home/timl/ros2_ws/install/my_package:/home/timl/ros2_ws/install/cpp_pubsub:/opt/ros/jazzy/opt/sdformat_vendor:/opt/ros/jazzy/opt/gz_math_vendor:/opt/ros/jazzy/opt/gz_utils_vendor:/opt/ros/jazzy/opt/gz_tools_vendor:/opt/ros/jazzy/opt/gz_cmake_vendor:/home/timl/ros2_ws/install/py_pubsub:/opt/ros/jazzy LD_LIBRARY_PATH=/home/timl/ros2_ws/src/install/tutorial_interfaces/lib:${LD_LIBRARY_PATH} PYTHONPATH=/home/timl/ros2_ws/src/install/tutorial_interfaces/lib/python3.12/site-packages:${PYTHONPATH} /usr/bin/cmake --install /home/timl/ros2_ws/src/build/cpp_pubsub
[0.417s] -- Install configuration: ""
[0.418s] -- Up-to-date: /home/timl/ros2_ws/src/install/cpp_pubsub/lib/cpp_pubsub/talker
[0.418s] -- Up-to-date: /home/timl/ros2_ws/src/install/cpp_pubsub/lib/cpp_pubsub/listener
[0.418s] -- Up-to-date: /home/timl/ros2_ws/src/install/cpp_pubsub/share/ament_index/resource_index/package_run_dependencies/cpp_pubsub
[0.418s] -- Up-to-date: /home/timl/ros2_ws/src/install/cpp_pubsub/share/ament_index/resource_index/parent_prefix_path/cpp_pubsub
[0.418s] -- Up-to-date: /home/timl/ros2_ws/src/install/cpp_pubsub/share/cpp_pubsub/environment/ament_prefix_path.sh
[0.418s] -- Up-to-date: /home/timl/ros2_ws/src/install/cpp_pubsub/share/cpp_pubsub/environment/ament_prefix_path.dsv
[0.419s] -- Up-to-date: /home/timl/ros2_ws/src/install/cpp_pubsub/share/cpp_pubsub/environment/path.sh
[0.419s] -- Up-to-date: /home/timl/ros2_ws/src/install/cpp_pubsub/share/cpp_pubsub/environment/path.dsv
[0.419s] -- Up-to-date: /home/timl/ros2_ws/src/install/cpp_pubsub/share/cpp_pubsub/local_setup.bash
[0.419s] -- Up-to-date: /home/timl/ros2_ws/src/install/cpp_pubsub/share/cpp_pubsub/local_setup.sh
[0.419s] -- Up-to-date: /home/timl/ros2_ws/src/install/cpp_pubsub/share/cpp_pubsub/local_setup.zsh
[0.419s] -- Up-to-date: /home/timl/ros2_ws/src/install/cpp_pubsub/share/cpp_pubsub/local_setup.dsv
[0.419s] -- Installing: /home/timl/ros2_ws/src/install/cpp_pubsub/share/cpp_pubsub/package.dsv
[0.419s] -- Up-to-date: /home/timl/ros2_ws/src/install/cpp_pubsub/share/ament_index/resource_index/packages/cpp_pubsub
[0.419s] -- Up-to-date: /home/timl/ros2_ws/src/install/cpp_pubsub/share/cpp_pubsub/cmake/cpp_pubsubConfig.cmake
[0.419s] -- Up-to-date: /home/timl/ros2_ws/src/install/cpp_pubsub/share/cpp_pubsub/cmake/cpp_pubsubConfig-version.cmake
[0.419s] -- Up-to-date: /home/timl/ros2_ws/src/install/cpp_pubsub/share/cpp_pubsub/package.xml
[0.427s] Invoked command in '/home/timl/ros2_ws/src/build/cpp_pubsub' returned '0': AMENT_PREFIX_PATH=/home/timl/ros2_ws/src/install/tutorial_interfaces:${AMENT_PREFIX_PATH} CMAKE_PREFIX_PATH=/home/timl/ros2_ws/src/install/tutorial_interfaces:/home/timl/ros2_ws/install/polygon_plugins:/home/timl/ros2_ws/install/polygon_base:/home/timl/ros2_ws/install/custom_action_interfaces:/home/timl/ros2_ws/src/install/cpp_parameters:/home/timl/ros2_ws/install/cpp_parameters:/home/timl/ros2_ws/install/more_interfaces:/home/timl/ros2_ws/install/tutorial_interfaces:/home/timl/ros2_ws/install/cpp_srvcli:/home/timl/ros2_ws/install/turtlesim:/home/timl/ros2_ws/install/my_package:/home/timl/ros2_ws/install/cpp_pubsub:/opt/ros/jazzy/opt/sdformat_vendor:/opt/ros/jazzy/opt/gz_math_vendor:/opt/ros/jazzy/opt/gz_utils_vendor:/opt/ros/jazzy/opt/gz_tools_vendor:/opt/ros/jazzy/opt/gz_cmake_vendor:/home/timl/ros2_ws/install/py_pubsub:/opt/ros/jazzy LD_LIBRARY_PATH=/home/timl/ros2_ws/src/install/tutorial_interfaces/lib:${LD_LIBRARY_PATH} PYTHONPATH=/home/timl/ros2_ws/src/install/tutorial_interfaces/lib/python3.12/site-packages:${PYTHONPATH} /usr/bin/cmake --install /home/timl/ros2_ws/src/build/cpp_pubsub
