[1.008s] Invoking command in '/home/timl/ros2_ws/src/my_py_pkg': PYTHONPATH=/home/timl/ros2_ws/build/my_py_pkg/prefix_override:/usr/lib/python3/dist-packages/colcon_core/task/python/colcon_distutils_commands:/home/timl/ros2_ws/install/my_py_pkg/lib/python3.12/site-packages:${PYTHONPATH} /usr/bin/python3 -W ignore:setup.py install is deprecated -W ignore:easy_install command is deprecated setup.py egg_info --egg-base ../../build/my_py_pkg build --build-base /home/timl/ros2_ws/build/my_py_pkg/build install --record /home/timl/ros2_ws/build/my_py_pkg/install.log --single-version-externally-managed install_data
[1.326s] running egg_info
[1.349s] writing ../../build/my_py_pkg/my_py_pkg.egg-info/PKG-INFO
[1.350s] writing dependency_links to ../../build/my_py_pkg/my_py_pkg.egg-info/dependency_links.txt
[1.350s] writing entry points to ../../build/my_py_pkg/my_py_pkg.egg-info/entry_points.txt
[1.350s] writing requirements to ../../build/my_py_pkg/my_py_pkg.egg-info/requires.txt
[1.350s] writing top-level names to ../../build/my_py_pkg/my_py_pkg.egg-info/top_level.txt
[1.397s] reading manifest file '../../build/my_py_pkg/my_py_pkg.egg-info/SOURCES.txt'
[1.398s] writing manifest file '../../build/my_py_pkg/my_py_pkg.egg-info/SOURCES.txt'
[1.399s] running build
[1.399s] running build_py
[1.399s] copying my_py_pkg/add_two_ints_server.py -> /home/timl/ros2_ws/build/my_py_pkg/build/lib/my_py_pkg
[1.399s] running install
[1.405s] running install_lib
[1.429s] copying /home/timl/ros2_ws/build/my_py_pkg/build/lib/my_py_pkg/add_two_ints_server.py -> /home/timl/ros2_ws/install/my_py_pkg/lib/python3.12/site-packages/my_py_pkg
[1.429s] byte-compiling /home/timl/ros2_ws/install/my_py_pkg/lib/python3.12/site-packages/my_py_pkg/add_two_ints_server.py to add_two_ints_server.cpython-312.pyc
[1.430s] running install_data
[1.430s] running install_egg_info
[1.457s] removing '/home/timl/ros2_ws/install/my_py_pkg/lib/python3.12/site-packages/my_py_pkg-0.0.0-py3.12.egg-info' (and everything under it)
[1.457s] Copying ../../build/my_py_pkg/my_py_pkg.egg-info to /home/timl/ros2_ws/install/my_py_pkg/lib/python3.12/site-packages/my_py_pkg-0.0.0-py3.12.egg-info
[1.458s] running install_scripts
[1.612s] Installing add_two_ints_server script to /home/timl/ros2_ws/install/my_py_pkg/lib/my_py_pkg
[1.612s] Installing py_node script to /home/timl/ros2_ws/install/my_py_pkg/lib/my_py_pkg
[1.612s] Installing robot_news_station script to /home/timl/ros2_ws/install/my_py_pkg/lib/my_py_pkg
[1.612s] Installing smartphone script to /home/timl/ros2_ws/install/my_py_pkg/lib/my_py_pkg
[1.613s] writing list of installed files to '/home/timl/ros2_ws/build/my_py_pkg/install.log'
[1.650s] Invoked command in '/home/timl/ros2_ws/src/my_py_pkg' returned '0': PYTHONPATH=/home/timl/ros2_ws/build/my_py_pkg/prefix_override:/usr/lib/python3/dist-packages/colcon_core/task/python/colcon_distutils_commands:/home/timl/ros2_ws/install/my_py_pkg/lib/python3.12/site-packages:${PYTHONPATH} /usr/bin/python3 -W ignore:setup.py install is deprecated -W ignore:easy_install command is deprecated setup.py egg_info --egg-base ../../build/my_py_pkg build --build-base /home/timl/ros2_ws/build/my_py_pkg/build install --record /home/timl/ros2_ws/build/my_py_pkg/install.log --single-version-externally-managed install_data
