-- Found ament_cmake: 2.5.3 (/opt/ros/jazzy/share/ament_cmake/cmake)
-- Found rclcpp: 28.1.6 (/opt/ros/jazzy/share/rclcpp/cmake)
-- Found rosidl_generator_c: 4.6.5 (/opt/ros/jazzy/share/rosidl_generator_c/cmake)
-- Found rosidl_generator_cpp: 4.6.5 (/opt/ros/jazzy/share/rosidl_generator_cpp/cmake)
-- Using all available rosidl_typesupport_c: rosidl_typesupport_fastrtps_c;rosidl_typesupport_introspection_c
-- Using all available rosidl_typesupport_cpp: rosidl_typesupport_fastrtps_cpp;rosidl_typesupport_introspection_cpp
-- Found rmw_implementation_cmake: 7.3.1 (/opt/ros/jazzy/share/rmw_implementation_cmake/cmake)
-- Found rmw_fastrtps_cpp: 8.4.1 (/opt/ros/jazzy/share/rmw_fastrtps_cpp/cmake)
-- Using RMW implementation 'rmw_fastrtps_cpp' as default
-- Configuring done (1.8s)
-- Generating done (0.0s)
-- Build files have been written to: /home/timl/ros2_ws/build/cpp_parameters
[100%] Built target minimal_param_node
-- Install configuration: ""
-- Up-to-date: /home/timl/ros2_ws/install/cpp_parameters/lib/cpp_parameters/minimal_param_node
-- Installing: /home/timl/ros2_ws/install/cpp_parameters/share/cpp_parameters/launch
-- Installing: /home/timl/ros2_ws/install/cpp_parameters/share/cpp_parameters/launch/cpp_parameters_launch.py
-- Up-to-date: /home/timl/ros2_ws/install/cpp_parameters/share/ament_index/resource_index/package_run_dependencies/cpp_parameters
-- Installing: /home/timl/ros2_ws/install/cpp_parameters/share/ament_index/resource_index/parent_prefix_path/cpp_parameters
-- Up-to-date: /home/timl/ros2_ws/install/cpp_parameters/share/cpp_parameters/environment/ament_prefix_path.sh
-- Up-to-date: /home/timl/ros2_ws/install/cpp_parameters/share/cpp_parameters/environment/ament_prefix_path.dsv
-- Up-to-date: /home/timl/ros2_ws/install/cpp_parameters/share/cpp_parameters/environment/path.sh
-- Up-to-date: /home/timl/ros2_ws/install/cpp_parameters/share/cpp_parameters/environment/path.dsv
-- Up-to-date: /home/timl/ros2_ws/install/cpp_parameters/share/cpp_parameters/local_setup.bash
-- Up-to-date: /home/timl/ros2_ws/install/cpp_parameters/share/cpp_parameters/local_setup.sh
-- Up-to-date: /home/timl/ros2_ws/install/cpp_parameters/share/cpp_parameters/local_setup.zsh
-- Up-to-date: /home/timl/ros2_ws/install/cpp_parameters/share/cpp_parameters/local_setup.dsv
-- Installing: /home/timl/ros2_ws/install/cpp_parameters/share/cpp_parameters/package.dsv
-- Up-to-date: /home/timl/ros2_ws/install/cpp_parameters/share/ament_index/resource_index/packages/cpp_parameters
-- Up-to-date: /home/timl/ros2_ws/install/cpp_parameters/share/cpp_parameters/cmake/cpp_parametersConfig.cmake
-- Up-to-date: /home/timl/ros2_ws/install/cpp_parameters/share/cpp_parameters/cmake/cpp_parametersConfig-version.cmake
-- Up-to-date: /home/timl/ros2_ws/install/cpp_parameters/share/cpp_parameters/package.xml
