[0.039s] Invoking command in '/home/timl/ros2_ws/build/cpp_parameters': CMAKE_PREFIX_PATH=${CMAKE_PREFIX_PATH}:/home/timl/ros2_ws/install/py_pubsub:/opt/ros/jazzy /usr/bin/cmake --build /home/timl/ros2_ws/build/cpp_parameters -- -j6 -l6
[0.078s] -- Found ament_cmake: 2.5.3 (/opt/ros/jazzy/share/ament_cmake/cmake)
[0.522s] -- Found rclcpp: 28.1.6 (/opt/ros/jazzy/share/rclcpp/cmake)
[0.912s] -- Found rosidl_generator_c: 4.6.5 (/opt/ros/jazzy/share/rosidl_generator_c/cmake)
[0.932s] -- Found rosidl_generator_cpp: 4.6.5 (/opt/ros/jazzy/share/rosidl_generator_cpp/cmake)
[0.955s] -- Using all available rosidl_typesupport_c: rosidl_typesupport_fastrtps_c;rosidl_typesupport_introspection_c
[0.976s] -- Using all available rosidl_typesupport_cpp: rosidl_typesupport_fastrtps_cpp;rosidl_typesupport_introspection_cpp
[1.064s] -- Found rmw_implementation_cmake: 7.3.1 (/opt/ros/jazzy/share/rmw_implementation_cmake/cmake)
[1.067s] -- Found rmw_fastrtps_cpp: 8.4.1 (/opt/ros/jazzy/share/rmw_fastrtps_cpp/cmake)
[1.433s] -- Using RMW implementation 'rmw_fastrtps_cpp' as default
[1.903s] -- Configuring done (1.8s)
[1.929s] -- Generating done (0.0s)
[1.937s] -- Build files have been written to: /home/timl/ros2_ws/build/cpp_parameters
[1.996s] [100%] Built target minimal_param_node
[2.013s] Invoked command in '/home/timl/ros2_ws/build/cpp_parameters' returned '0': CMAKE_PREFIX_PATH=${CMAKE_PREFIX_PATH}:/home/timl/ros2_ws/install/py_pubsub:/opt/ros/jazzy /usr/bin/cmake --build /home/timl/ros2_ws/build/cpp_parameters -- -j6 -l6
[2.015s] Invoking command in '/home/timl/ros2_ws/build/cpp_parameters': CMAKE_PREFIX_PATH=${CMAKE_PREFIX_PATH}:/home/timl/ros2_ws/install/py_pubsub:/opt/ros/jazzy /usr/bin/cmake --install /home/timl/ros2_ws/build/cpp_parameters
[2.020s] -- Install configuration: ""
[2.022s] -- Up-to-date: /home/timl/ros2_ws/install/cpp_parameters/lib/cpp_parameters/minimal_param_node
[2.022s] -- Installing: /home/timl/ros2_ws/install/cpp_parameters/share/cpp_parameters/launch
[2.022s] -- Installing: /home/timl/ros2_ws/install/cpp_parameters/share/cpp_parameters/launch/cpp_parameters_launch.py
[2.022s] -- Up-to-date: /home/timl/ros2_ws/install/cpp_parameters/share/ament_index/resource_index/package_run_dependencies/cpp_parameters
[2.022s] -- Installing: /home/timl/ros2_ws/install/cpp_parameters/share/ament_index/resource_index/parent_prefix_path/cpp_parameters
[2.022s] -- Up-to-date: /home/timl/ros2_ws/install/cpp_parameters/share/cpp_parameters/environment/ament_prefix_path.sh
[2.023s] -- Up-to-date: /home/timl/ros2_ws/install/cpp_parameters/share/cpp_parameters/environment/ament_prefix_path.dsv
[2.023s] -- Up-to-date: /home/timl/ros2_ws/install/cpp_parameters/share/cpp_parameters/environment/path.sh
[2.023s] -- Up-to-date: /home/timl/ros2_ws/install/cpp_parameters/share/cpp_parameters/environment/path.dsv
[2.023s] -- Up-to-date: /home/timl/ros2_ws/install/cpp_parameters/share/cpp_parameters/local_setup.bash
[2.023s] -- Up-to-date: /home/timl/ros2_ws/install/cpp_parameters/share/cpp_parameters/local_setup.sh
[2.023s] -- Up-to-date: /home/timl/ros2_ws/install/cpp_parameters/share/cpp_parameters/local_setup.zsh
[2.023s] -- Up-to-date: /home/timl/ros2_ws/install/cpp_parameters/share/cpp_parameters/local_setup.dsv
[2.023s] -- Installing: /home/timl/ros2_ws/install/cpp_parameters/share/cpp_parameters/package.dsv
[2.023s] -- Up-to-date: /home/timl/ros2_ws/install/cpp_parameters/share/ament_index/resource_index/packages/cpp_parameters
[2.023s] -- Up-to-date: /home/timl/ros2_ws/install/cpp_parameters/share/cpp_parameters/cmake/cpp_parametersConfig.cmake
[2.024s] -- Up-to-date: /home/timl/ros2_ws/install/cpp_parameters/share/cpp_parameters/cmake/cpp_parametersConfig-version.cmake
[2.024s] -- Up-to-date: /home/timl/ros2_ws/install/cpp_parameters/share/cpp_parameters/package.xml
[2.025s] Invoked command in '/home/timl/ros2_ws/build/cpp_parameters' returned '0': CMAKE_PREFIX_PATH=${CMAKE_PREFIX_PATH}:/home/timl/ros2_ws/install/py_pubsub:/opt/ros/jazzy /usr/bin/cmake --install /home/timl/ros2_ws/build/cpp_parameters
