[0.057s] Invoking command in '/home/timl/ros2_ws/build/custom_action_interfaces': CMAKE_PREFIX_PATH=${CMAKE_PREFIX_PATH}:/opt/ros/jazzy /usr/bin/cmake --build /home/timl/ros2_ws/build/custom_action_interfaces -- -j6 -l6
[0.127s] [  2%] Built target custom_action_interfaces__rosidl_generator_type_description
[0.158s] [  2%] Built target ament_cmake_python_copy_custom_action_interfaces
[0.169s] [  5%] Built target custom_action_interfaces__cpp
[0.172s] [ 20%] Built target custom_action_interfaces__rosidl_generator_c
[0.271s] [ 29%] Built target custom_action_interfaces__rosidl_typesupport_fastrtps_c
[0.287s] [ 38%] Built target custom_action_interfaces__rosidl_typesupport_introspection_c
[0.292s] [ 47%] Built target custom_action_interfaces__rosidl_typesupport_c
[0.335s] [ 55%] Built target custom_action_interfaces__rosidl_typesupport_fastrtps_cpp
[0.346s] [ 64%] Built target custom_action_interfaces__rosidl_typesupport_cpp
[0.352s] [ 73%] Built target custom_action_interfaces__rosidl_typesupport_introspection_cpp
[0.398s] [ 73%] Built target custom_action_interfaces
[0.463s] [ 76%] Built target custom_action_interfaces__py
[0.553s] [ 82%] Built target custom_action_interfaces__rosidl_generator_py
[0.662s] [ 88%] Built target custom_action_interfaces_s__rosidl_typesupport_fastrtps_c
[0.672s] [ 94%] Built target custom_action_interfaces_s__rosidl_typesupport_c
[0.675s] running egg_info
[0.676s] [100%] Built target custom_action_interfaces_s__rosidl_typesupport_introspection_c
[0.711s] writing custom_action_interfaces.egg-info/PKG-INFO
[0.711s] writing dependency_links to custom_action_interfaces.egg-info/dependency_links.txt
[0.711s] writing top-level names to custom_action_interfaces.egg-info/top_level.txt
[0.803s] reading manifest file 'custom_action_interfaces.egg-info/SOURCES.txt'
[0.813s] writing manifest file 'custom_action_interfaces.egg-info/SOURCES.txt'
[0.881s] [100%] Built target ament_cmake_python_build_custom_action_interfaces_egg
[0.925s] Invoked command in '/home/timl/ros2_ws/build/custom_action_interfaces' returned '0': CMAKE_PREFIX_PATH=${CMAKE_PREFIX_PATH}:/opt/ros/jazzy /usr/bin/cmake --build /home/timl/ros2_ws/build/custom_action_interfaces -- -j6 -l6
[0.925s] Invoking command in '/home/timl/ros2_ws/build/custom_action_interfaces': CMAKE_PREFIX_PATH=${CMAKE_PREFIX_PATH}:/opt/ros/jazzy /usr/bin/cmake --install /home/timl/ros2_ws/build/custom_action_interfaces
[0.934s] -- Install configuration: ""
[0.935s] -- Up-to-date: /home/timl/ros2_ws/install/custom_action_interfaces/share/ament_index/resource_index/rosidl_interfaces/custom_action_interfaces
[0.935s] -- Up-to-date: /home/timl/ros2_ws/install/custom_action_interfaces/share/custom_action_interfaces/action/Fibonacci.json
[0.935s] -- Up-to-date: /home/timl/ros2_ws/install/custom_action_interfaces/include/custom_action_interfaces/custom_action_interfaces
[0.935s] -- Up-to-date: /home/timl/ros2_ws/install/custom_action_interfaces/include/custom_action_interfaces/custom_action_interfaces/action
[0.935s] -- Up-to-date: /home/timl/ros2_ws/install/custom_action_interfaces/include/custom_action_interfaces/custom_action_interfaces/action/detail
[0.936s] -- Up-to-date: /home/timl/ros2_ws/install/custom_action_interfaces/include/custom_action_interfaces/custom_action_interfaces/action/detail/fibonacci__type_support.c
[0.936s] -- Up-to-date: /home/timl/ros2_ws/install/custom_action_interfaces/include/custom_action_interfaces/custom_action_interfaces/action/detail/fibonacci__struct.h
[0.936s] -- Up-to-date: /home/timl/ros2_ws/install/custom_action_interfaces/include/custom_action_interfaces/custom_action_interfaces/action/detail/fibonacci__description.c
[0.937s] -- Up-to-date: /home/timl/ros2_ws/install/custom_action_interfaces/include/custom_action_interfaces/custom_action_interfaces/action/detail/fibonacci__functions.c
[0.937s] -- Up-to-date: /home/timl/ros2_ws/install/custom_action_interfaces/include/custom_action_interfaces/custom_action_interfaces/action/detail/fibonacci__functions.h
[0.937s] -- Up-to-date: /home/timl/ros2_ws/install/custom_action_interfaces/include/custom_action_interfaces/custom_action_interfaces/action/detail/fibonacci__type_support.h
[0.938s] -- Up-to-date: /home/timl/ros2_ws/install/custom_action_interfaces/include/custom_action_interfaces/custom_action_interfaces/action/fibonacci.h
[0.938s] -- Up-to-date: /home/timl/ros2_ws/install/custom_action_interfaces/include/custom_action_interfaces/custom_action_interfaces/msg
[0.938s] -- Up-to-date: /home/timl/ros2_ws/install/custom_action_interfaces/include/custom_action_interfaces/custom_action_interfaces/msg/rosidl_generator_c__visibility_control.h
[0.938s] -- Up-to-date: /home/timl/ros2_ws/install/custom_action_interfaces/share/custom_action_interfaces/environment/library_path.sh
[0.939s] -- Up-to-date: /home/timl/ros2_ws/install/custom_action_interfaces/share/custom_action_interfaces/environment/library_path.dsv
[0.939s] -- Up-to-date: /home/timl/ros2_ws/install/custom_action_interfaces/lib/libcustom_action_interfaces__rosidl_generator_c.so
[0.939s] -- Up-to-date: /home/timl/ros2_ws/install/custom_action_interfaces/include/custom_action_interfaces/custom_action_interfaces
[0.939s] -- Up-to-date: /home/timl/ros2_ws/install/custom_action_interfaces/include/custom_action_interfaces/custom_action_interfaces/action
[0.940s] -- Up-to-date: /home/timl/ros2_ws/install/custom_action_interfaces/include/custom_action_interfaces/custom_action_interfaces/action/detail
[0.952s] -- Up-to-date: /home/timl/ros2_ws/install/custom_action_interfaces/include/custom_action_interfaces/custom_action_interfaces/action/detail/fibonacci__rosidl_typesupport_fastrtps_c.h
[0.952s] -- Up-to-date: /home/timl/ros2_ws/install/custom_action_interfaces/include/custom_action_interfaces/custom_action_interfaces/msg
[0.952s] -- Up-to-date: /home/timl/ros2_ws/install/custom_action_interfaces/include/custom_action_interfaces/custom_action_interfaces/msg/rosidl_typesupport_fastrtps_c__visibility_control.h
[0.952s] -- Up-to-date: /home/timl/ros2_ws/install/custom_action_interfaces/lib/libcustom_action_interfaces__rosidl_typesupport_fastrtps_c.so
[0.952s] -- Up-to-date: /home/timl/ros2_ws/install/custom_action_interfaces/include/custom_action_interfaces/custom_action_interfaces
[0.952s] -- Up-to-date: /home/timl/ros2_ws/install/custom_action_interfaces/include/custom_action_interfaces/custom_action_interfaces/action
[0.952s] -- Up-to-date: /home/timl/ros2_ws/install/custom_action_interfaces/include/custom_action_interfaces/custom_action_interfaces/action/detail
[0.952s] -- Up-to-date: /home/timl/ros2_ws/install/custom_action_interfaces/include/custom_action_interfaces/custom_action_interfaces/action/detail/fibonacci__type_support.c
[0.952s] -- Up-to-date: /home/timl/ros2_ws/install/custom_action_interfaces/include/custom_action_interfaces/custom_action_interfaces/action/detail/fibonacci__rosidl_typesupport_introspection_c.h
[0.952s] -- Up-to-date: /home/timl/ros2_ws/install/custom_action_interfaces/include/custom_action_interfaces/custom_action_interfaces/msg
[0.952s] -- Up-to-date: /home/timl/ros2_ws/install/custom_action_interfaces/include/custom_action_interfaces/custom_action_interfaces/msg/rosidl_typesupport_introspection_c__visibility_control.h
[0.952s] -- Up-to-date: /home/timl/ros2_ws/install/custom_action_interfaces/lib/libcustom_action_interfaces__rosidl_typesupport_introspection_c.so
[0.952s] -- Up-to-date: /home/timl/ros2_ws/install/custom_action_interfaces/lib/libcustom_action_interfaces__rosidl_typesupport_c.so
[0.953s] -- Up-to-date: /home/timl/ros2_ws/install/custom_action_interfaces/include/custom_action_interfaces/custom_action_interfaces
[0.953s] -- Up-to-date: /home/timl/ros2_ws/install/custom_action_interfaces/include/custom_action_interfaces/custom_action_interfaces/action
[0.953s] -- Up-to-date: /home/timl/ros2_ws/install/custom_action_interfaces/include/custom_action_interfaces/custom_action_interfaces/action/detail
[0.953s] -- Up-to-date: /home/timl/ros2_ws/install/custom_action_interfaces/include/custom_action_interfaces/custom_action_interfaces/action/detail/fibonacci__struct.hpp
[0.953s] -- Up-to-date: /home/timl/ros2_ws/install/custom_action_interfaces/include/custom_action_interfaces/custom_action_interfaces/action/detail/fibonacci__traits.hpp
[0.953s] -- Up-to-date: /home/timl/ros2_ws/install/custom_action_interfaces/include/custom_action_interfaces/custom_action_interfaces/action/detail/fibonacci__builder.hpp
[0.953s] -- Up-to-date: /home/timl/ros2_ws/install/custom_action_interfaces/include/custom_action_interfaces/custom_action_interfaces/action/detail/fibonacci__type_support.hpp
[0.953s] -- Up-to-date: /home/timl/ros2_ws/install/custom_action_interfaces/include/custom_action_interfaces/custom_action_interfaces/action/fibonacci.hpp
[0.953s] -- Up-to-date: /home/timl/ros2_ws/install/custom_action_interfaces/include/custom_action_interfaces/custom_action_interfaces/msg
[0.954s] -- Up-to-date: /home/timl/ros2_ws/install/custom_action_interfaces/include/custom_action_interfaces/custom_action_interfaces/msg/rosidl_generator_cpp__visibility_control.hpp
[0.954s] -- Up-to-date: /home/timl/ros2_ws/install/custom_action_interfaces/include/custom_action_interfaces/custom_action_interfaces
[0.954s] -- Up-to-date: /home/timl/ros2_ws/install/custom_action_interfaces/include/custom_action_interfaces/custom_action_interfaces/action
[0.954s] -- Up-to-date: /home/timl/ros2_ws/install/custom_action_interfaces/include/custom_action_interfaces/custom_action_interfaces/action/detail
[0.954s] -- Up-to-date: /home/timl/ros2_ws/install/custom_action_interfaces/include/custom_action_interfaces/custom_action_interfaces/action/detail/fibonacci__rosidl_typesupport_fastrtps_cpp.hpp
[0.954s] -- Up-to-date: /home/timl/ros2_ws/install/custom_action_interfaces/include/custom_action_interfaces/custom_action_interfaces/action/detail/dds_fastrtps
[0.954s] -- Up-to-date: /home/timl/ros2_ws/install/custom_action_interfaces/include/custom_action_interfaces/custom_action_interfaces/msg
[0.954s] -- Up-to-date: /home/timl/ros2_ws/install/custom_action_interfaces/include/custom_action_interfaces/custom_action_interfaces/msg/rosidl_typesupport_fastrtps_cpp__visibility_control.h
[0.954s] -- Up-to-date: /home/timl/ros2_ws/install/custom_action_interfaces/lib/libcustom_action_interfaces__rosidl_typesupport_fastrtps_cpp.so
[0.954s] -- Up-to-date: /home/timl/ros2_ws/install/custom_action_interfaces/include/custom_action_interfaces/custom_action_interfaces
[0.955s] -- Up-to-date: /home/timl/ros2_ws/install/custom_action_interfaces/include/custom_action_interfaces/custom_action_interfaces/action
[0.955s] -- Up-to-date: /home/timl/ros2_ws/install/custom_action_interfaces/include/custom_action_interfaces/custom_action_interfaces/action/detail
[0.955s] -- Up-to-date: /home/timl/ros2_ws/install/custom_action_interfaces/include/custom_action_interfaces/custom_action_interfaces/action/detail/fibonacci__rosidl_typesupport_introspection_cpp.hpp
[0.955s] -- Up-to-date: /home/timl/ros2_ws/install/custom_action_interfaces/include/custom_action_interfaces/custom_action_interfaces/action/detail/fibonacci__type_support.cpp
[0.955s] -- Up-to-date: /home/timl/ros2_ws/install/custom_action_interfaces/lib/libcustom_action_interfaces__rosidl_typesupport_introspection_cpp.so
[0.955s] -- Up-to-date: /home/timl/ros2_ws/install/custom_action_interfaces/lib/libcustom_action_interfaces__rosidl_typesupport_cpp.so
[0.956s] -- Up-to-date: /home/timl/ros2_ws/install/custom_action_interfaces/share/custom_action_interfaces/environment/pythonpath.sh
[0.956s] -- Up-to-date: /home/timl/ros2_ws/install/custom_action_interfaces/share/custom_action_interfaces/environment/pythonpath.dsv
[0.956s] -- Up-to-date: /home/timl/ros2_ws/install/custom_action_interfaces/lib/python3.12/site-packages/custom_action_interfaces-0.0.0-py3.12.egg-info
[0.956s] -- Installing: /home/timl/ros2_ws/install/custom_action_interfaces/lib/python3.12/site-packages/custom_action_interfaces-0.0.0-py3.12.egg-info/top_level.txt
[0.956s] -- Installing: /home/timl/ros2_ws/install/custom_action_interfaces/lib/python3.12/site-packages/custom_action_interfaces-0.0.0-py3.12.egg-info/PKG-INFO
[0.956s] -- Installing: /home/timl/ros2_ws/install/custom_action_interfaces/lib/python3.12/site-packages/custom_action_interfaces-0.0.0-py3.12.egg-info/SOURCES.txt
[0.957s] -- Installing: /home/timl/ros2_ws/install/custom_action_interfaces/lib/python3.12/site-packages/custom_action_interfaces-0.0.0-py3.12.egg-info/dependency_links.txt
[0.957s] -- Up-to-date: /home/timl/ros2_ws/install/custom_action_interfaces/lib/python3.12/site-packages/custom_action_interfaces
[0.957s] -- Up-to-date: /home/timl/ros2_ws/install/custom_action_interfaces/lib/python3.12/site-packages/custom_action_interfaces/custom_action_interfaces_s__rosidl_typesupport_c.so
[0.957s] -- Up-to-date: /home/timl/ros2_ws/install/custom_action_interfaces/lib/python3.12/site-packages/custom_action_interfaces/action
[0.958s] -- Up-to-date: /home/timl/ros2_ws/install/custom_action_interfaces/lib/python3.12/site-packages/custom_action_interfaces/action/_fibonacci_s.c
[0.958s] -- Up-to-date: /home/timl/ros2_ws/install/custom_action_interfaces/lib/python3.12/site-packages/custom_action_interfaces/action/_fibonacci.py
[0.958s] -- Up-to-date: /home/timl/ros2_ws/install/custom_action_interfaces/lib/python3.12/site-packages/custom_action_interfaces/action/__init__.py
[0.958s] -- Up-to-date: /home/timl/ros2_ws/install/custom_action_interfaces/lib/python3.12/site-packages/custom_action_interfaces/_custom_action_interfaces_s.ep.rosidl_typesupport_introspection_c.c
[0.958s] -- Up-to-date: /home/timl/ros2_ws/install/custom_action_interfaces/lib/python3.12/site-packages/custom_action_interfaces/custom_action_interfaces_s__rosidl_typesupport_fastrtps_c.so
[0.958s] -- Up-to-date: /home/timl/ros2_ws/install/custom_action_interfaces/lib/python3.12/site-packages/custom_action_interfaces/_custom_action_interfaces_s.ep.rosidl_typesupport_fastrtps_c.c
[0.958s] -- Up-to-date: /home/timl/ros2_ws/install/custom_action_interfaces/lib/python3.12/site-packages/custom_action_interfaces/_custom_action_interfaces_s.ep.rosidl_typesupport_c.c
[0.958s] -- Up-to-date: /home/timl/ros2_ws/install/custom_action_interfaces/lib/python3.12/site-packages/custom_action_interfaces/__init__.py
[0.958s] -- Up-to-date: /home/timl/ros2_ws/install/custom_action_interfaces/lib/python3.12/site-packages/custom_action_interfaces/custom_action_interfaces_s__rosidl_typesupport_introspection_c.so
[1.062s] Listing '/home/timl/ros2_ws/install/custom_action_interfaces/lib/python3.12/site-packages/custom_action_interfaces'...
[1.062s] Listing '/home/timl/ros2_ws/install/custom_action_interfaces/lib/python3.12/site-packages/custom_action_interfaces/action'...
[1.072s] -- Up-to-date: /home/timl/ros2_ws/install/custom_action_interfaces/lib/python3.12/site-packages/custom_action_interfaces/custom_action_interfaces_s__rosidl_typesupport_fastrtps_c.so
[1.073s] -- Up-to-date: /home/timl/ros2_ws/install/custom_action_interfaces/lib/python3.12/site-packages/custom_action_interfaces/custom_action_interfaces_s__rosidl_typesupport_introspection_c.so
[1.073s] -- Up-to-date: /home/timl/ros2_ws/install/custom_action_interfaces/lib/python3.12/site-packages/custom_action_interfaces/custom_action_interfaces_s__rosidl_typesupport_c.so
[1.073s] -- Up-to-date: /home/timl/ros2_ws/install/custom_action_interfaces/lib/libcustom_action_interfaces__rosidl_generator_py.so
[1.073s] -- Up-to-date: /home/timl/ros2_ws/install/custom_action_interfaces/share/custom_action_interfaces/action/Fibonacci.idl
[1.073s] -- Up-to-date: /home/timl/ros2_ws/install/custom_action_interfaces/share/custom_action_interfaces/action/Fibonacci.action
[1.074s] -- Up-to-date: /home/timl/ros2_ws/install/custom_action_interfaces/share/ament_index/resource_index/package_run_dependencies/custom_action_interfaces
[1.074s] -- Up-to-date: /home/timl/ros2_ws/install/custom_action_interfaces/share/ament_index/resource_index/parent_prefix_path/custom_action_interfaces
[1.074s] -- Up-to-date: /home/timl/ros2_ws/install/custom_action_interfaces/share/custom_action_interfaces/environment/ament_prefix_path.sh
[1.075s] -- Up-to-date: /home/timl/ros2_ws/install/custom_action_interfaces/share/custom_action_interfaces/environment/ament_prefix_path.dsv
[1.075s] -- Up-to-date: /home/timl/ros2_ws/install/custom_action_interfaces/share/custom_action_interfaces/environment/path.sh
[1.076s] -- Up-to-date: /home/timl/ros2_ws/install/custom_action_interfaces/share/custom_action_interfaces/environment/path.dsv
[1.076s] -- Up-to-date: /home/timl/ros2_ws/install/custom_action_interfaces/share/custom_action_interfaces/local_setup.bash
[1.076s] -- Up-to-date: /home/timl/ros2_ws/install/custom_action_interfaces/share/custom_action_interfaces/local_setup.sh
[1.077s] -- Up-to-date: /home/timl/ros2_ws/install/custom_action_interfaces/share/custom_action_interfaces/local_setup.zsh
[1.077s] -- Up-to-date: /home/timl/ros2_ws/install/custom_action_interfaces/share/custom_action_interfaces/local_setup.dsv
[1.077s] -- Installing: /home/timl/ros2_ws/install/custom_action_interfaces/share/custom_action_interfaces/package.dsv
[1.077s] -- Up-to-date: /home/timl/ros2_ws/install/custom_action_interfaces/share/ament_index/resource_index/packages/custom_action_interfaces
[1.077s] -- Up-to-date: /home/timl/ros2_ws/install/custom_action_interfaces/share/custom_action_interfaces/cmake/export_custom_action_interfaces__rosidl_generator_cExport.cmake
[1.077s] -- Up-to-date: /home/timl/ros2_ws/install/custom_action_interfaces/share/custom_action_interfaces/cmake/export_custom_action_interfaces__rosidl_generator_cExport-noconfig.cmake
[1.078s] -- Up-to-date: /home/timl/ros2_ws/install/custom_action_interfaces/share/custom_action_interfaces/cmake/export_custom_action_interfaces__rosidl_typesupport_fastrtps_cExport.cmake
[1.078s] -- Up-to-date: /home/timl/ros2_ws/install/custom_action_interfaces/share/custom_action_interfaces/cmake/export_custom_action_interfaces__rosidl_typesupport_fastrtps_cExport-noconfig.cmake
[1.078s] -- Up-to-date: /home/timl/ros2_ws/install/custom_action_interfaces/share/custom_action_interfaces/cmake/custom_action_interfaces__rosidl_typesupport_introspection_cExport.cmake
[1.078s] -- Up-to-date: /home/timl/ros2_ws/install/custom_action_interfaces/share/custom_action_interfaces/cmake/custom_action_interfaces__rosidl_typesupport_introspection_cExport-noconfig.cmake
[1.079s] -- Up-to-date: /home/timl/ros2_ws/install/custom_action_interfaces/share/custom_action_interfaces/cmake/custom_action_interfaces__rosidl_typesupport_cExport.cmake
[1.079s] -- Up-to-date: /home/timl/ros2_ws/install/custom_action_interfaces/share/custom_action_interfaces/cmake/custom_action_interfaces__rosidl_typesupport_cExport-noconfig.cmake
[1.079s] -- Up-to-date: /home/timl/ros2_ws/install/custom_action_interfaces/share/custom_action_interfaces/cmake/export_custom_action_interfaces__rosidl_generator_cppExport.cmake
[1.079s] -- Up-to-date: /home/timl/ros2_ws/install/custom_action_interfaces/share/custom_action_interfaces/cmake/export_custom_action_interfaces__rosidl_typesupport_fastrtps_cppExport.cmake
[1.079s] -- Up-to-date: /home/timl/ros2_ws/install/custom_action_interfaces/share/custom_action_interfaces/cmake/export_custom_action_interfaces__rosidl_typesupport_fastrtps_cppExport-noconfig.cmake
[1.080s] -- Up-to-date: /home/timl/ros2_ws/install/custom_action_interfaces/share/custom_action_interfaces/cmake/custom_action_interfaces__rosidl_typesupport_introspection_cppExport.cmake
[1.080s] -- Up-to-date: /home/timl/ros2_ws/install/custom_action_interfaces/share/custom_action_interfaces/cmake/custom_action_interfaces__rosidl_typesupport_introspection_cppExport-noconfig.cmake
[1.080s] -- Up-to-date: /home/timl/ros2_ws/install/custom_action_interfaces/share/custom_action_interfaces/cmake/custom_action_interfaces__rosidl_typesupport_cppExport.cmake
[1.080s] -- Up-to-date: /home/timl/ros2_ws/install/custom_action_interfaces/share/custom_action_interfaces/cmake/custom_action_interfaces__rosidl_typesupport_cppExport-noconfig.cmake
[1.080s] -- Up-to-date: /home/timl/ros2_ws/install/custom_action_interfaces/share/custom_action_interfaces/cmake/export_custom_action_interfaces__rosidl_generator_pyExport.cmake
[1.081s] -- Up-to-date: /home/timl/ros2_ws/install/custom_action_interfaces/share/custom_action_interfaces/cmake/export_custom_action_interfaces__rosidl_generator_pyExport-noconfig.cmake
[1.081s] -- Up-to-date: /home/timl/ros2_ws/install/custom_action_interfaces/share/custom_action_interfaces/cmake/rosidl_cmake-extras.cmake
[1.081s] -- Up-to-date: /home/timl/ros2_ws/install/custom_action_interfaces/share/custom_action_interfaces/cmake/ament_cmake_export_dependencies-extras.cmake
[1.081s] -- Up-to-date: /home/timl/ros2_ws/install/custom_action_interfaces/share/custom_action_interfaces/cmake/ament_cmake_export_include_directories-extras.cmake
[1.082s] -- Up-to-date: /home/timl/ros2_ws/install/custom_action_interfaces/share/custom_action_interfaces/cmake/ament_cmake_export_libraries-extras.cmake
[1.083s] -- Up-to-date: /home/timl/ros2_ws/install/custom_action_interfaces/share/custom_action_interfaces/cmake/ament_cmake_export_targets-extras.cmake
[1.084s] -- Up-to-date: /home/timl/ros2_ws/install/custom_action_interfaces/share/custom_action_interfaces/cmake/rosidl_cmake_export_typesupport_targets-extras.cmake
[1.084s] -- Up-to-date: /home/timl/ros2_ws/install/custom_action_interfaces/share/custom_action_interfaces/cmake/rosidl_cmake_export_typesupport_libraries-extras.cmake
[1.084s] -- Up-to-date: /home/timl/ros2_ws/install/custom_action_interfaces/share/custom_action_interfaces/cmake/custom_action_interfacesConfig.cmake
[1.084s] -- Up-to-date: /home/timl/ros2_ws/install/custom_action_interfaces/share/custom_action_interfaces/cmake/custom_action_interfacesConfig-version.cmake
[1.085s] -- Up-to-date: /home/timl/ros2_ws/install/custom_action_interfaces/share/custom_action_interfaces/package.xml
[1.126s] Invoked command in '/home/timl/ros2_ws/build/custom_action_interfaces' returned '0': CMAKE_PREFIX_PATH=${CMAKE_PREFIX_PATH}:/opt/ros/jazzy /usr/bin/cmake --install /home/timl/ros2_ws/build/custom_action_interfaces
