[0.018s] Invoking command in '/home/timl/ros2_ws/src/build/tutorial_interfaces': CMAKE_PREFIX_PATH=${CMAKE_PREFIX_PATH}:/home/timl/ros2_ws/install/py_pubsub:/opt/ros/jazzy /usr/bin/cmake /home/timl/ros2_ws/src/tutorial_interfaces -DCMAKE_INSTALL_PREFIX=/home/timl/ros2_ws/src/install/tutorial_interfaces
[0.220s] -- The C compiler identification is GNU 13.3.0
[1.053s] -- The CXX compiler identification is GNU 13.3.0
[1.903s] -- Detecting C compiler ABI info
[2.276s] -- Detecting C compiler ABI info - done
[2.286s] -- Check for working C compiler: /usr/bin/cc - skipped
[2.286s] -- Detecting C compile features
[2.287s] -- Detecting C compile features - done
[2.441s] -- Detecting CXX compiler ABI info
[2.813s] -- Detecting CXX compiler ABI info - done
[2.824s] -- Check for working CXX compiler: /usr/bin/c++ - skipped
[2.824s] -- Detecting CXX compile features
[2.824s] -- Detecting CXX compile features - done
[2.830s] -- Found ament_cmake: 2.5.3 (/opt/ros/jazzy/share/ament_cmake/cmake)
[2.996s] -- Found Python3: /usr/bin/python3 (found version "3.12.3") found components: Interpreter 
[3.125s] -- Found geometry_msgs: 5.3.5 (/opt/ros/jazzy/share/geometry_msgs/cmake)
[3.382s] -- Found rosidl_generator_c: 4.6.5 (/opt/ros/jazzy/share/rosidl_generator_c/cmake)
[3.400s] -- Found rosidl_generator_cpp: 4.6.5 (/opt/ros/jazzy/share/rosidl_generator_cpp/cmake)
[3.421s] -- Using all available rosidl_typesupport_c: rosidl_typesupport_fastrtps_c;rosidl_typesupport_introspection_c
[3.443s] -- Using all available rosidl_typesupport_cpp: rosidl_typesupport_fastrtps_cpp;rosidl_typesupport_introspection_cpp
[3.508s] -- Found rosidl_default_generators: 1.6.0 (/opt/ros/jazzy/share/rosidl_default_generators/cmake)
[3.537s] -- Found rosidl_adapter: 4.6.5 (/opt/ros/jazzy/share/rosidl_adapter/cmake)
[3.545s] [31mCMake Error at /opt/ros/jazzy/share/rosidl_cmake/cmake/rosidl_generate_interfaces.cmake:95 (message):
[3.545s]   rosidl_generate_interfaces() the passed file 'msg/Num.msg' doesn't exist
[3.545s]   relative to the CMAKE_CURRENT_SOURCE_DIR
[3.545s]   '/home/timl/ros2_ws/src/tutorial_interfaces'
[3.545s] Call Stack (most recent call first):
[3.546s]   CMakeLists.txt:16 (rosidl_generate_interfaces)
[3.546s] 
[3.546s] [0m
[3.546s] -- Configuring incomplete, errors occurred!
[3.554s] Invoked command in '/home/timl/ros2_ws/src/build/tutorial_interfaces' returned '1': CMAKE_PREFIX_PATH=${CMAKE_PREFIX_PATH}:/home/timl/ros2_ws/install/py_pubsub:/opt/ros/jazzy /usr/bin/cmake /home/timl/ros2_ws/src/tutorial_interfaces -DCMAKE_INSTALL_PREFIX=/home/timl/ros2_ws/src/install/tutorial_interfaces
