[0.980s] Invoking command in '/home/timl/ros2_ws/src/my_py_pkg': PYTHONPATH=/home/timl/ros2_ws/build/my_py_pkg/prefix_override:/usr/lib/python3/dist-packages/colcon_core/task/python/colcon_distutils_commands:/home/timl/ros2_ws/install/my_py_pkg/lib/python3.12/site-packages:${PYTHONPATH} /usr/bin/python3 -W ignore:setup.py install is deprecated -W ignore:easy_install command is deprecated setup.py egg_info --egg-base ../../build/my_py_pkg build --build-base /home/timl/ros2_ws/build/my_py_pkg/build install --record /home/timl/ros2_ws/build/my_py_pkg/install.log --single-version-externally-managed install_data
[1.295s] running egg_info
[1.321s] writing ../../build/my_py_pkg/my_py_pkg.egg-info/PKG-INFO
[1.321s] writing dependency_links to ../../build/my_py_pkg/my_py_pkg.egg-info/dependency_links.txt
[1.322s] writing entry points to ../../build/my_py_pkg/my_py_pkg.egg-info/entry_points.txt
[1.322s] writing requirements to ../../build/my_py_pkg/my_py_pkg.egg-info/requires.txt
[1.322s] writing top-level names to ../../build/my_py_pkg/my_py_pkg.egg-info/top_level.txt
[1.376s] reading manifest file '../../build/my_py_pkg/my_py_pkg.egg-info/SOURCES.txt'
[1.378s] writing manifest file '../../build/my_py_pkg/my_py_pkg.egg-info/SOURCES.txt'
[1.378s] running build
[1.378s] running build_py
[1.379s] copying my_py_pkg/add_two_ints_client.py -> /home/timl/ros2_ws/build/my_py_pkg/build/lib/my_py_pkg
[1.380s] running install
[1.386s] running install_lib
[1.418s] copying /home/timl/ros2_ws/build/my_py_pkg/build/lib/my_py_pkg/add_two_ints_client.py -> /home/timl/ros2_ws/install/my_py_pkg/lib/python3.12/site-packages/my_py_pkg
[1.419s] byte-compiling /home/timl/ros2_ws/install/my_py_pkg/lib/python3.12/site-packages/my_py_pkg/add_two_ints_client.py to add_two_ints_client.cpython-312.pyc
[1.420s] running install_data
[1.420s] running install_egg_info
[1.449s] removing '/home/timl/ros2_ws/install/my_py_pkg/lib/python3.12/site-packages/my_py_pkg-0.0.0-py3.12.egg-info' (and everything under it)
[1.450s] Copying ../../build/my_py_pkg/my_py_pkg.egg-info to /home/timl/ros2_ws/install/my_py_pkg/lib/python3.12/site-packages/my_py_pkg-0.0.0-py3.12.egg-info
[1.454s] running install_scripts
[1.615s] Installing add_two_ints_client script to /home/timl/ros2_ws/install/my_py_pkg/lib/my_py_pkg
[1.615s] Installing add_two_ints_client_no_oop script to /home/timl/ros2_ws/install/my_py_pkg/lib/my_py_pkg
[1.615s] Installing add_two_ints_server script to /home/timl/ros2_ws/install/my_py_pkg/lib/my_py_pkg
[1.615s] Installing py_node script to /home/timl/ros2_ws/install/my_py_pkg/lib/my_py_pkg
[1.615s] Installing robot_news_station script to /home/timl/ros2_ws/install/my_py_pkg/lib/my_py_pkg
[1.616s] Installing smartphone script to /home/timl/ros2_ws/install/my_py_pkg/lib/my_py_pkg
[1.616s] writing list of installed files to '/home/timl/ros2_ws/build/my_py_pkg/install.log'
[1.649s] Invoked command in '/home/timl/ros2_ws/src/my_py_pkg' returned '0': PYTHONPATH=/home/timl/ros2_ws/build/my_py_pkg/prefix_override:/usr/lib/python3/dist-packages/colcon_core/task/python/colcon_distutils_commands:/home/timl/ros2_ws/install/my_py_pkg/lib/python3.12/site-packages:${PYTHONPATH} /usr/bin/python3 -W ignore:setup.py install is deprecated -W ignore:easy_install command is deprecated setup.py egg_info --egg-base ../../build/my_py_pkg build --build-base /home/timl/ros2_ws/build/my_py_pkg/build install --record /home/timl/ros2_ws/build/my_py_pkg/install.log --single-version-externally-managed install_data
