-- Found ament_cmake: 2.5.3 (/opt/ros/jazzy/share/ament_cmake/cmake)
-- Found rclcpp: 28.1.6 (/opt/ros/jazzy/share/rclcpp/cmake)
-- Found rosidl_generator_c: 4.6.5 (/opt/ros/jazzy/share/rosidl_generator_c/cmake)
-- Found rosidl_generator_cpp: 4.6.5 (/opt/ros/jazzy/share/rosidl_generator_cpp/cmake)
-- Using all available rosidl_typesupport_c: rosidl_typesupport_fastrtps_c;rosidl_typesupport_introspection_c
-- Using all available rosidl_typesupport_cpp: rosidl_typesupport_fastrtps_cpp;rosidl_typesupport_introspection_cpp
-- Found rmw_implementation_cmake: 7.3.1 (/opt/ros/jazzy/share/rmw_implementation_cmake/cmake)
-- Found rmw_fastrtps_cpp: 8.4.1 (/opt/ros/jazzy/share/rmw_fastrtps_cpp/cmake)
-- Using RMW implementation 'rmw_fastrtps_cpp' as default
-- Found example_interfaces: 0.12.0 (/opt/ros/jazzy/share/example_interfaces/cmake)
-- Configuring done (1.4s)
-- Generating done (0.0s)
-- Build files have been written to: /home/timl/ros2_ws/build/my_cpp_pkg
[ 10%] [32mBuilding CXX object CMakeFiles/add_two_ints_client.dir/src/add_two_ints_client.cpp.o[0m
[ 30%] Built target cpp_node
[ 50%] Built target smartphone
[ 70%] Built target robot_news_station
[ 90%] Built target add_two_ints_server
[01m[K/home/timl/ros2_ws/src/my_cpp_pkg/src/add_two_ints_client.cpp:26:48:[m[K [01;31m[Kerror: [m[K‘[01m[Kexample_interfaves[m[K’ was not declared in this scope; did you mean ‘[01m[Kexample_interfaces[m[K’?
   26 |     void callbackCallAddTwoInts(rclcpp::Client<[01;31m[Kexample_interfaves[m[K::srv::AddTwoInts>::SharedFuture future)
      |                                                [01;31m[K^~~~~~~~~~~~~~~~~~[m[K
      |                                                [32m[Kexample_interfaces[m[K
[01m[K/home/timl/ros2_ws/src/my_cpp_pkg/src/add_two_ints_client.cpp:26:83:[m[K [01;31m[Kerror: [m[Ktemplate argument 1 is invalid
   26 |     void callbackCallAddTwoInts(rclcpp::Client<example_interfaves::srv::AddTwoInts[01;31m[K>[m[K::SharedFuture future)
      |                                                                                   [01;31m[K^[m[K
[01m[K/home/timl/ros2_ws/src/my_cpp_pkg/src/add_two_ints_client.cpp:26:48:[m[K [01;31m[Kerror: [m[K‘[01m[Kexample_interfaves[m[K’ was not declared in this scope; did you mean ‘[01m[Kexample_interfaces[m[K’?
   26 |     void callbackCallAddTwoInts(rclcpp::Client<[01;31m[Kexample_interfaves[m[K::srv::AddTwoInts>::SharedFuture future)
      |                                                [01;31m[K^~~~~~~~~~~~~~~~~~[m[K
      |                                                [32m[Kexample_interfaces[m[K
[01m[K/home/timl/ros2_ws/src/my_cpp_pkg/src/add_two_ints_client.cpp:26:83:[m[K [01;31m[Kerror: [m[Ktemplate argument 1 is invalid
   26 |     void callbackCallAddTwoInts(rclcpp::Client<example_interfaves::srv::AddTwoInts[01;31m[K>[m[K::SharedFuture future)
      |                                                                                   [01;31m[K^[m[K
[01m[K/home/timl/ros2_ws/src/my_cpp_pkg/src/add_two_ints_client.cpp:26:48:[m[K [01;31m[Kerror: [m[K‘[01m[Kexample_interfaves[m[K’ was not declared in this scope; did you mean ‘[01m[Kexample_interfaces[m[K’?
   26 |     void callbackCallAddTwoInts(rclcpp::Client<[01;31m[Kexample_interfaves[m[K::srv::AddTwoInts>::SharedFuture future)
      |                                                [01;31m[K^~~~~~~~~~~~~~~~~~[m[K
      |                                                [32m[Kexample_interfaces[m[K
[01m[K/home/timl/ros2_ws/src/my_cpp_pkg/src/add_two_ints_client.cpp:26:83:[m[K [01;31m[Kerror: [m[Ktemplate argument 1 is invalid
   26 |     void callbackCallAddTwoInts(rclcpp::Client<example_interfaves::srv::AddTwoInts[01;31m[K>[m[K::SharedFuture future)
      |                                                                                   [01;31m[K^[m[K
[01m[K/home/timl/ros2_ws/src/my_cpp_pkg/src/add_two_ints_client.cpp:26:33:[m[K [01;31m[Kerror: [m[Kinvalid template-id
   26 |     void callbackCallAddTwoInts([01;31m[Krclcpp[m[K::Client<example_interfaves::srv::AddTwoInts>::SharedFuture future)
      |                                 [01;31m[K^~~~~~[m[K
[01m[K/home/timl/ros2_ws/src/my_cpp_pkg/src/add_two_ints_client.cpp:26:48:[m[K [01;31m[Kerror: [m[K‘[01m[Kexample_interfaves[m[K’ has not been declared
   26 |     void callbackCallAddTwoInts(rclcpp::Client<[01;31m[Kexample_interfaves[m[K::srv::AddTwoInts>::SharedFuture future)
      |                                                [01;31m[K^~~~~~~~~~~~~~~~~~[m[K
[01m[K/home/timl/ros2_ws/src/my_cpp_pkg/src/add_two_ints_client.cpp:26:99:[m[K [01;31m[Kerror: [m[Kexpected unqualified-id before ‘[01m[Kfuture[m[K’
   26 |     void callbackCallAddTwoInts(rclcpp::Client<example_interfaves::srv::AddTwoInts>::SharedFuture [01;31m[Kfuture[m[K)
      |                                                                                                   [01;31m[K^~~~~~[m[K
[01m[K/home/timl/ros2_ws/src/my_cpp_pkg/src/add_two_ints_client.cpp:26:98:[m[K [01;31m[Kerror: [m[Kexpected ‘[01m[K)[m[K’ before ‘[01m[Kfuture[m[K’
   26 |     void callbackCallAddTwoInts[34m[K([m[Krclcpp::Client<example_interfaves::srv::AddTwoInts>::SharedFuture[01;31m[K [m[K[32m[Kfuture[m[K)
      |                                [34m[K~[m[K                                                                 [01;31m[K^[m[K[32m[K~~~~~~[m[K
      |                                                                                                  [32m[K)[m[K
[01m[K/home/timl/ros2_ws/src/my_cpp_pkg/src/add_two_ints_client.cpp:26:86:[m[K [01;31m[Kerror: [m[Kexpected ‘[01m[K;[m[K’ at end of member declaration
   26 |     void callbackCallAddTwoInts(rclcpp::Client<example_interfaves::srv::AddTwoInts>::[01;31m[KSharedFuture[m[K future)
      |                                                                                      [01;31m[K^~~~~~~~~~~~[m[K
      |                                                                                                  [32m[K;[m[K
[01m[K/home/timl/ros2_ws/src/my_cpp_pkg/src/add_two_ints_client.cpp:26:99:[m[K [01;31m[Kerror: [m[K‘[01m[Kfuture[m[K’ does not name a type
   26 |     void callbackCallAddTwoInts(rclcpp::Client<example_interfaves::srv::AddTwoInts>::SharedFuture [01;31m[Kfuture[m[K)
      |                                                                                                   [01;31m[K^~~~~~[m[K
[01m[K/home/timl/ros2_ws/src/my_cpp_pkg/src/add_two_ints_client.cpp:30:6:[m[K [01;35m[Kwarning: [m[Kextra ‘[01m[K;[m[K’ [[01;35m[K]8;;https://gcc.gnu.org/onlinedocs/gcc/Warning-Options.html#index-Wpedantic-Wpedantic]8;;[m[K]
   30 |     }[01;35m[K;[m[K
      |      [01;35m[K^[m[K
      |      [31m[K-[m[K
[01m[K/home/timl/ros2_ws/src/my_cpp_pkg/src/add_two_ints_client.cpp:[m[K In constructor ‘[01m[KAddTwoIntsClientNode::[01;32m[KAddTwoIntsClientNode[m[K()[m[K’:
[01m[K/home/timl/ros2_ws/src/my_cpp_pkg/src/add_two_ints_client.cpp:10:5:[m[K [01;31m[Kerror: [m[Kexpected ‘[01m[K;[m[K’ before ‘[01m[K}[m[K’ token
   10 |     [01;31m[K}[m[K
      |     [01;31m[K^[m[K
[01m[K/home/timl/ros2_ws/src/my_cpp_pkg/src/add_two_ints_client.cpp:[m[K In member function ‘[01m[Kvoid AddTwoIntsClientNode::[01;32m[KcallAddTwoInts[m[K(int, int)[m[K’:
[01m[K/home/timl/ros2_ws/src/my_cpp_pkg/src/add_two_ints_client.cpp:14:64:[m[K [01;31m[Kerror: [m[K‘[01m[Kls[m[K’ is not a member of ‘[01m[Kstd::literals::chrono_literals[m[K’
   14 |         while (!client->wait_for_service(std::chrono_literals::[01;31m[Kls[m[K))
      |                                                                [01;31m[K^~[m[K
In file included from [01m[K/opt/ros/jazzy/include/rclcpp/rclcpp/client.hpp:42[m[K,
                 from [01m[K/opt/ros/jazzy/include/rclcpp/rclcpp/callback_group.hpp:24[m[K,
                 from [01m[K/opt/ros/jazzy/include/rclcpp/rclcpp/any_executable.hpp:20[m[K,
                 from [01m[K/opt/ros/jazzy/include/rclcpp/rclcpp/memory_strategy.hpp:25[m[K,
                 from [01m[K/opt/ros/jazzy/include/rclcpp/rclcpp/memory_strategies.hpp:18[m[K,
                 from [01m[K/opt/ros/jazzy/include/rclcpp/rclcpp/executor_options.hpp:22[m[K,
                 from [01m[K/opt/ros/jazzy/include/rclcpp/rclcpp/executor.hpp:38[m[K,
                 from [01m[K/opt/ros/jazzy/include/rclcpp/rclcpp/executors/multi_threaded_executor.hpp:25[m[K,
                 from [01m[K/opt/ros/jazzy/include/rclcpp/rclcpp/executors.hpp:21[m[K,
                 from [01m[K/opt/ros/jazzy/include/rclcpp/rclcpp/rclcpp.hpp:172[m[K,
                 from [01m[K/home/timl/ros2_ws/src/my_cpp_pkg/src/add_two_ints_client.cpp:1[m[K:
/opt/ros/jazzy/include/rclcpp/rclcpp/function_traits.hpp: In instantiation of ‘[01m[Kstruct rclcpp::function_traits::function_traits<std::_Bind<void (AddTwoIntsClientNode::*(AddTwoIntsClientNode*, std::_Placeholder<1>))(...)> >[m[K’:
[01m[K/opt/ros/jazzy/include/rclcpp/rclcpp/function_traits.hpp:165:8:[m[K   required from ‘[01m[Kstruct rclcpp::function_traits::same_arguments<std::_Bind<void (AddTwoIntsClientNode::*(AddTwoIntsClientNode*, std::_Placeholder<1>))(...)>, std::function<void(std::shared_future<std::pair<std::shared_ptr<example_interfaces::srv::AddTwoInts_Request_<std::allocator<void> > >, std::shared_ptr<example_interfaces::srv::AddTwoInts_Response_<std::allocator<void> > > > >)> >[m[K’
[01m[K/opt/ros/jazzy/include/rclcpp/rclcpp/client.hpp:700:17:[m[K   required by substitution of ‘[01m[Ktemplate<class CallbackT, typename std::enable_if<rclcpp::function_traits::same_arguments<CallbackT, std::function<void(std::shared_future<std::pair<std::shared_ptr<example_interfaces::srv::AddTwoInts_Request_<std::allocator<void> > >, std::shared_ptr<example_interfaces::srv::AddTwoInts_Response_<std::allocator<void> > > > >)> >::value, void>::type* <anonymous> > rclcpp::Client<example_interfaces::srv::AddTwoInts>::SharedFutureWithRequestAndRequestId rclcpp::Client<example_interfaces::srv::AddTwoInts>::[01;32m[Kasync_send_request[m[K(SharedRequest, CallbackT&&) [35m[K[with CallbackT = std::_Bind<void (AddTwoIntsClientNode::*(AddTwoIntsClientNode*, std::_Placeholder<1>))(...)>; typename std::enable_if<rclcpp::function_traits::same_arguments<CallbackT, std::function<void(std::shared_future<std::pair<std::shared_ptr<example_interfaces::srv::AddTwoInts_Request_<std::allocator<void> > >, std::shared_ptr<example_interfaces::srv::AddTwoInts_Response_<std::allocator<void> > > > >)> >::value, void>::type* <anonymous> = <missing>][m[K[m[K’
[01m[K/home/timl/ros2_ws/src/my_cpp_pkg/src/add_two_ints_client.cpp:22:35:[m[K   required from here
[01m[K/opt/ros/jazzy/include/rclcpp/rclcpp/function_traits.hpp:51:9:[m[K [01;31m[Kerror: [m[K‘[01m[Kdecltype[m[K’ cannot resolve address of overloaded function
   51 |   using [01;31m[Karguments[m[K = typename tuple_tail<
      |         [01;31m[K^~~~~~~~~[m[K
[01m[K/opt/ros/jazzy/include/rclcpp/rclcpp/function_traits.hpp:57:9:[m[K [01;31m[Kerror: [m[K‘[01m[Kdecltype[m[K’ cannot resolve address of overloaded function
   57 |   using [01;31m[Kargument_type[m[K = typename std::tuple_element<N, arguments>::type;
      |         [01;31m[K^~~~~~~~~~~~~[m[K
[01m[K/opt/ros/jazzy/include/rclcpp/rclcpp/function_traits.hpp:59:9:[m[K [01;31m[Kerror: [m[K‘[01m[Kdecltype[m[K’ cannot resolve address of overloaded function
   59 |   using [01;31m[Kreturn_type[m[K = typename function_traits<decltype( &FunctionT::operator())>::return_type;
      |         [01;31m[K^~~~~~~~~~~[m[K
[01m[K/home/timl/ros2_ws/src/my_cpp_pkg/src/add_two_ints_client.cpp:22:35:[m[K [01;31m[Kerror: [m[Kno matching function for call to ‘[01m[Krclcpp::Client<example_interfaces::srv::AddTwoInts>::async_send_request(std::shared_ptr<example_interfaces::srv::AddTwoInts_Request_<std::allocator<void> > >&, std::_Bind_helper<false, void (AddTwoIntsClientNode::*)(...), AddTwoIntsClientNode*, const std::_Placeholder<1>&>::type)[m[K’
   22 |         [01;31m[Kclient->async_send_request(request, std::bind(&AddTwoIntsClientNode::callbackCallAddTwoInts, this, std::placeholders::_1))[m[K;
      |         [01;31m[K~~~~~~~~~~~~~~~~~~~~~~~~~~^~~~~~~~~~~~~~~~~~~~~~~~~~~~~~~~~~~~~~~~~~~~~~~~~~~~~~~~~~~~~~~~~~~~~~~~~~~~~~~~~~~~~~~~~~~~~~~~[m[K
[01m[K/opt/ros/jazzy/include/rclcpp/rclcpp/client.hpp:672:3:[m[K [01;36m[Knote: [m[Kcandidate: ‘[01m[Ktemplate<class CallbackT, typename std::enable_if<rclcpp::function_traits::same_arguments<CallbackT, std::function<void(std::shared_future<std::shared_ptr<example_interfaces::srv::AddTwoInts_Response_<std::allocator<void> > > >)> >::value, void>::type* <anonymous> > rclcpp::Client<ServiceT>::SharedFutureAndRequestId rclcpp::Client<ServiceT>::[01;32m[Kasync_send_request[m[K(SharedRequest, CallbackT&&) [35m[K[with typename std::enable_if<rclcpp::function_traits::same_arguments<CallbackT, std::function<void(std::shared_future<typename ServiceT::Response::SharedPtr>)> >::value>::type* <anonymous> = CallbackT; ServiceT = example_interfaces::srv::AddTwoInts][m[K[m[K’
  672 |   [01;36m[Kasync_send_request[m[K(SharedRequest request, CallbackT && cb)
      |   [01;36m[K^~~~~~~~~~~~~~~~~~[m[K
[01m[K/opt/ros/jazzy/include/rclcpp/rclcpp/client.hpp:672:3:[m[K [01;36m[Knote: [m[K  template argument deduction/substitution failed:
[01m[K/opt/ros/jazzy/include/rclcpp/rclcpp/client.hpp:669:17:[m[K [01;31m[Kerror: [m[K‘[01m[Kvalue[m[K’ is not a member of ‘[01m[Krclcpp::function_traits::same_arguments<std::_Bind<void (AddTwoIntsClientNode::*(AddTwoIntsClientNode*, std::_Placeholder<1>))(...)>, std::function<void(std::shared_future<std::shared_ptr<example_interfaces::srv::AddTwoInts_Response_<std::allocator<void> > > >)> >[m[K’
  669 |     >::type * = [01;31m[Knullptr[m[K
      |                 [01;31m[K^~~~~~~[m[K
[01m[K/opt/ros/jazzy/include/rclcpp/rclcpp/client.hpp:703:3:[m[K [01;36m[Knote: [m[Kcandidate: ‘[01m[Ktemplate<class CallbackT, typename std::enable_if<rclcpp::function_traits::same_arguments<CallbackT, std::function<void(std::shared_future<std::pair<std::shared_ptr<example_interfaces::srv::AddTwoInts_Request_<std::allocator<void> > >, std::shared_ptr<example_interfaces::srv::AddTwoInts_Response_<std::allocator<void> > > > >)> >::value, void>::type* <anonymous> > rclcpp::Client<ServiceT>::SharedFutureWithRequestAndRequestId rclcpp::Client<ServiceT>::[01;32m[Kasync_send_request[m[K(SharedRequest, CallbackT&&) [35m[K[with typename std::enable_if<rclcpp::function_traits::same_arguments<CallbackT, std::function<void(std::shared_future<std::pair<typename ServiceT::Request::SharedPtr, typename ServiceT::Response::SharedPtr> >)> >::value>::type* <anonymous> = CallbackT; ServiceT = example_interfaces::srv::AddTwoInts][m[K[m[K’
  703 |   [01;36m[Kasync_send_request[m[K(SharedRequest request, CallbackT && cb)
      |   [01;36m[K^~~~~~~~~~~~~~~~~~[m[K
[01m[K/opt/ros/jazzy/include/rclcpp/rclcpp/client.hpp:703:3:[m[K [01;36m[Knote: [m[K  substitution of deduced template arguments resulted in errors seen above
[01m[K/opt/ros/jazzy/include/rclcpp/rclcpp/client.hpp:637:3:[m[K [01;36m[Knote: [m[Kcandidate: ‘[01m[Krclcpp::Client<ServiceT>::FutureAndRequestId rclcpp::Client<ServiceT>::[01;32m[Kasync_send_request[m[K(SharedRequest) [35m[K[with ServiceT = example_interfaces::srv::AddTwoInts; SharedRequest = std::shared_ptr<example_interfaces::srv::AddTwoInts_Request_<std::allocator<void> > >][m[K[m[K’
  637 |   [01;36m[Kasync_send_request[m[K(SharedRequest request)
      |   [01;36m[K^~~~~~~~~~~~~~~~~~[m[K
[01m[K/opt/ros/jazzy/include/rclcpp/rclcpp/client.hpp:637:3:[m[K [01;36m[Knote: [m[K  candidate expects 1 argument, 2 provided
gmake[2]: *** [CMakeFiles/add_two_ints_client.dir/build.make:76: CMakeFiles/add_two_ints_client.dir/src/add_two_ints_client.cpp.o] Error 1
gmake[1]: *** [CMakeFiles/Makefile2:249: CMakeFiles/add_two_ints_client.dir/all] Error 2
gmake: *** [Makefile:146: all] Error 2
