[0.044s] Invoking command in '/home/timl/ros2_ws/src/build/custom_action_interfaces': CMAKE_PREFIX_PATH=${CMAKE_PREFIX_PATH}:/home/timl/ros2_ws/install/py_pubsub:/opt/ros/jazzy /usr/bin/cmake --build /home/timl/ros2_ws/src/build/custom_action_interfaces -- -j6 -l6
[0.146s] [  2%] Built target custom_action_interfaces__rosidl_generator_type_description
[0.173s] [  2%] Built target ament_cmake_python_copy_custom_action_interfaces
[0.206s] [ 17%] Built target custom_action_interfaces__rosidl_generator_c
[0.210s] [ 20%] Built target custom_action_interfaces__cpp
[0.289s] [ 29%] Built target custom_action_interfaces__rosidl_typesupport_fastrtps_c
[0.326s] [ 38%] Built target custom_action_interfaces__rosidl_typesupport_c
[0.327s] [ 47%] Built target custom_action_interfaces__rosidl_typesupport_introspection_c
[0.348s] [ 55%] Built target custom_action_interfaces__rosidl_typesupport_fastrtps_cpp
[0.504s] [ 64%] Built target custom_action_interfaces__rosidl_typesupport_introspection_cpp
[0.511s] [ 73%] Built target custom_action_interfaces__rosidl_typesupport_cpp
[0.594s] [ 73%] Built target custom_action_interfaces
[0.654s] [ 76%] Built target custom_action_interfaces__py
[0.700s] [ 82%] Built target custom_action_interfaces__rosidl_generator_py
[0.735s] running egg_info
[0.737s] [ 88%] Built target custom_action_interfaces_s__rosidl_typesupport_fastrtps_c
[0.778s] writing custom_action_interfaces.egg-info/PKG-INFO
[0.779s] writing dependency_links to custom_action_interfaces.egg-info/dependency_links.txt
[0.779s] writing top-level names to custom_action_interfaces.egg-info/top_level.txt
[0.826s] [ 94%] Built target custom_action_interfaces_s__rosidl_typesupport_introspection_c
[0.838s] [100%] Built target custom_action_interfaces_s__rosidl_typesupport_c
[0.941s] reading manifest file 'custom_action_interfaces.egg-info/SOURCES.txt'
[0.945s] writing manifest file 'custom_action_interfaces.egg-info/SOURCES.txt'
[1.003s] [100%] Built target ament_cmake_python_build_custom_action_interfaces_egg
[1.025s] Invoked command in '/home/timl/ros2_ws/src/build/custom_action_interfaces' returned '0': CMAKE_PREFIX_PATH=${CMAKE_PREFIX_PATH}:/home/timl/ros2_ws/install/py_pubsub:/opt/ros/jazzy /usr/bin/cmake --build /home/timl/ros2_ws/src/build/custom_action_interfaces -- -j6 -l6
[1.026s] Invoking command in '/home/timl/ros2_ws/src/build/custom_action_interfaces': CMAKE_PREFIX_PATH=${CMAKE_PREFIX_PATH}:/home/timl/ros2_ws/install/py_pubsub:/opt/ros/jazzy /usr/bin/cmake --install /home/timl/ros2_ws/src/build/custom_action_interfaces
[1.038s] -- Install configuration: ""
[1.038s] -- Up-to-date: /home/timl/ros2_ws/src/install/custom_action_interfaces/share/ament_index/resource_index/rosidl_interfaces/custom_action_interfaces
[1.038s] -- Up-to-date: /home/timl/ros2_ws/src/install/custom_action_interfaces/share/custom_action_interfaces/action/Fibonacci.json
[1.038s] -- Up-to-date: /home/timl/ros2_ws/src/install/custom_action_interfaces/include/custom_action_interfaces/custom_action_interfaces
[1.038s] -- Up-to-date: /home/timl/ros2_ws/src/install/custom_action_interfaces/include/custom_action_interfaces/custom_action_interfaces/action
[1.038s] -- Up-to-date: /home/timl/ros2_ws/src/install/custom_action_interfaces/include/custom_action_interfaces/custom_action_interfaces/action/detail
[1.038s] -- Installing: /home/timl/ros2_ws/src/install/custom_action_interfaces/include/custom_action_interfaces/custom_action_interfaces/action/detail/fibonacci__type_support.c
[1.039s] -- Up-to-date: /home/timl/ros2_ws/src/install/custom_action_interfaces/include/custom_action_interfaces/custom_action_interfaces/action/detail/fibonacci__struct.h
[1.039s] -- Up-to-date: /home/timl/ros2_ws/src/install/custom_action_interfaces/include/custom_action_interfaces/custom_action_interfaces/action/detail/fibonacci__description.c
[1.039s] -- Up-to-date: /home/timl/ros2_ws/src/install/custom_action_interfaces/include/custom_action_interfaces/custom_action_interfaces/action/detail/fibonacci__functions.c
[1.039s] -- Up-to-date: /home/timl/ros2_ws/src/install/custom_action_interfaces/include/custom_action_interfaces/custom_action_interfaces/action/detail/fibonacci__functions.h
[1.039s] -- Up-to-date: /home/timl/ros2_ws/src/install/custom_action_interfaces/include/custom_action_interfaces/custom_action_interfaces/action/detail/fibonacci__type_support.h
[1.039s] -- Up-to-date: /home/timl/ros2_ws/src/install/custom_action_interfaces/include/custom_action_interfaces/custom_action_interfaces/action/fibonacci.h
[1.039s] -- Up-to-date: /home/timl/ros2_ws/src/install/custom_action_interfaces/include/custom_action_interfaces/custom_action_interfaces/msg
[1.040s] -- Up-to-date: /home/timl/ros2_ws/src/install/custom_action_interfaces/include/custom_action_interfaces/custom_action_interfaces/msg/rosidl_generator_c__visibility_control.h
[1.040s] -- Up-to-date: /home/timl/ros2_ws/src/install/custom_action_interfaces/share/custom_action_interfaces/environment/library_path.sh
[1.040s] -- Up-to-date: /home/timl/ros2_ws/src/install/custom_action_interfaces/share/custom_action_interfaces/environment/library_path.dsv
[1.040s] -- Up-to-date: /home/timl/ros2_ws/src/install/custom_action_interfaces/lib/libcustom_action_interfaces__rosidl_generator_c.so
[1.040s] -- Up-to-date: /home/timl/ros2_ws/src/install/custom_action_interfaces/include/custom_action_interfaces/custom_action_interfaces
[1.040s] -- Up-to-date: /home/timl/ros2_ws/src/install/custom_action_interfaces/include/custom_action_interfaces/custom_action_interfaces/action
[1.040s] -- Up-to-date: /home/timl/ros2_ws/src/install/custom_action_interfaces/include/custom_action_interfaces/custom_action_interfaces/action/detail
[1.040s] -- Up-to-date: /home/timl/ros2_ws/src/install/custom_action_interfaces/include/custom_action_interfaces/custom_action_interfaces/action/detail/fibonacci__rosidl_typesupport_fastrtps_c.h
[1.040s] -- Up-to-date: /home/timl/ros2_ws/src/install/custom_action_interfaces/include/custom_action_interfaces/custom_action_interfaces/msg
[1.040s] -- Up-to-date: /home/timl/ros2_ws/src/install/custom_action_interfaces/include/custom_action_interfaces/custom_action_interfaces/msg/rosidl_typesupport_fastrtps_c__visibility_control.h
[1.040s] -- Up-to-date: /home/timl/ros2_ws/src/install/custom_action_interfaces/lib/libcustom_action_interfaces__rosidl_typesupport_fastrtps_c.so
[1.040s] -- Up-to-date: /home/timl/ros2_ws/src/install/custom_action_interfaces/include/custom_action_interfaces/custom_action_interfaces
[1.040s] -- Up-to-date: /home/timl/ros2_ws/src/install/custom_action_interfaces/include/custom_action_interfaces/custom_action_interfaces/action
[1.041s] -- Up-to-date: /home/timl/ros2_ws/src/install/custom_action_interfaces/include/custom_action_interfaces/custom_action_interfaces/action/detail
[1.041s] -- Installing: /home/timl/ros2_ws/src/install/custom_action_interfaces/include/custom_action_interfaces/custom_action_interfaces/action/detail/fibonacci__type_support.c
[1.041s] -- Up-to-date: /home/timl/ros2_ws/src/install/custom_action_interfaces/include/custom_action_interfaces/custom_action_interfaces/action/detail/fibonacci__rosidl_typesupport_introspection_c.h
[1.041s] -- Up-to-date: /home/timl/ros2_ws/src/install/custom_action_interfaces/include/custom_action_interfaces/custom_action_interfaces/msg
[1.041s] -- Up-to-date: /home/timl/ros2_ws/src/install/custom_action_interfaces/include/custom_action_interfaces/custom_action_interfaces/msg/rosidl_typesupport_introspection_c__visibility_control.h
[1.041s] -- Up-to-date: /home/timl/ros2_ws/src/install/custom_action_interfaces/lib/libcustom_action_interfaces__rosidl_typesupport_introspection_c.so
[1.041s] -- Up-to-date: /home/timl/ros2_ws/src/install/custom_action_interfaces/lib/libcustom_action_interfaces__rosidl_typesupport_c.so
[1.041s] -- Up-to-date: /home/timl/ros2_ws/src/install/custom_action_interfaces/include/custom_action_interfaces/custom_action_interfaces
[1.042s] -- Up-to-date: /home/timl/ros2_ws/src/install/custom_action_interfaces/include/custom_action_interfaces/custom_action_interfaces/action
[1.042s] -- Up-to-date: /home/timl/ros2_ws/src/install/custom_action_interfaces/include/custom_action_interfaces/custom_action_interfaces/action/detail
[1.042s] -- Up-to-date: /home/timl/ros2_ws/src/install/custom_action_interfaces/include/custom_action_interfaces/custom_action_interfaces/action/detail/fibonacci__struct.hpp
[1.042s] -- Up-to-date: /home/timl/ros2_ws/src/install/custom_action_interfaces/include/custom_action_interfaces/custom_action_interfaces/action/detail/fibonacci__traits.hpp
[1.042s] -- Up-to-date: /home/timl/ros2_ws/src/install/custom_action_interfaces/include/custom_action_interfaces/custom_action_interfaces/action/detail/fibonacci__builder.hpp
[1.042s] -- Up-to-date: /home/timl/ros2_ws/src/install/custom_action_interfaces/include/custom_action_interfaces/custom_action_interfaces/action/detail/fibonacci__type_support.hpp
[1.042s] -- Up-to-date: /home/timl/ros2_ws/src/install/custom_action_interfaces/include/custom_action_interfaces/custom_action_interfaces/action/fibonacci.hpp
[1.042s] -- Up-to-date: /home/timl/ros2_ws/src/install/custom_action_interfaces/include/custom_action_interfaces/custom_action_interfaces/msg
[1.042s] -- Up-to-date: /home/timl/ros2_ws/src/install/custom_action_interfaces/include/custom_action_interfaces/custom_action_interfaces/msg/rosidl_generator_cpp__visibility_control.hpp
[1.043s] -- Up-to-date: /home/timl/ros2_ws/src/install/custom_action_interfaces/include/custom_action_interfaces/custom_action_interfaces
[1.043s] -- Up-to-date: /home/timl/ros2_ws/src/install/custom_action_interfaces/include/custom_action_interfaces/custom_action_interfaces/action
[1.043s] -- Up-to-date: /home/timl/ros2_ws/src/install/custom_action_interfaces/include/custom_action_interfaces/custom_action_interfaces/action/detail
[1.043s] -- Up-to-date: /home/timl/ros2_ws/src/install/custom_action_interfaces/include/custom_action_interfaces/custom_action_interfaces/action/detail/fibonacci__rosidl_typesupport_fastrtps_cpp.hpp
[1.043s] -- Up-to-date: /home/timl/ros2_ws/src/install/custom_action_interfaces/include/custom_action_interfaces/custom_action_interfaces/action/detail/dds_fastrtps
[1.043s] -- Up-to-date: /home/timl/ros2_ws/src/install/custom_action_interfaces/include/custom_action_interfaces/custom_action_interfaces/msg
[1.043s] -- Up-to-date: /home/timl/ros2_ws/src/install/custom_action_interfaces/include/custom_action_interfaces/custom_action_interfaces/msg/rosidl_typesupport_fastrtps_cpp__visibility_control.h
[1.045s] -- Up-to-date: /home/timl/ros2_ws/src/install/custom_action_interfaces/lib/libcustom_action_interfaces__rosidl_typesupport_fastrtps_cpp.so
[1.059s] -- Up-to-date: /home/timl/ros2_ws/src/install/custom_action_interfaces/include/custom_action_interfaces/custom_action_interfaces
[1.060s] -- Up-to-date: /home/timl/ros2_ws/src/install/custom_action_interfaces/include/custom_action_interfaces/custom_action_interfaces/action
[1.060s] -- Up-to-date: /home/timl/ros2_ws/src/install/custom_action_interfaces/include/custom_action_interfaces/custom_action_interfaces/action/detail
[1.060s] -- Up-to-date: /home/timl/ros2_ws/src/install/custom_action_interfaces/include/custom_action_interfaces/custom_action_interfaces/action/detail/fibonacci__rosidl_typesupport_introspection_cpp.hpp
[1.060s] -- Up-to-date: /home/timl/ros2_ws/src/install/custom_action_interfaces/include/custom_action_interfaces/custom_action_interfaces/action/detail/fibonacci__type_support.cpp
[1.060s] -- Up-to-date: /home/timl/ros2_ws/src/install/custom_action_interfaces/lib/libcustom_action_interfaces__rosidl_typesupport_introspection_cpp.so
[1.061s] -- Up-to-date: /home/timl/ros2_ws/src/install/custom_action_interfaces/lib/libcustom_action_interfaces__rosidl_typesupport_cpp.so
[1.061s] -- Up-to-date: /home/timl/ros2_ws/src/install/custom_action_interfaces/share/custom_action_interfaces/environment/pythonpath.sh
[1.061s] -- Up-to-date: /home/timl/ros2_ws/src/install/custom_action_interfaces/share/custom_action_interfaces/environment/pythonpath.dsv
[1.061s] -- Up-to-date: /home/timl/ros2_ws/src/install/custom_action_interfaces/lib/python3.12/site-packages/custom_action_interfaces-0.0.0-py3.12.egg-info
[1.061s] -- Installing: /home/timl/ros2_ws/src/install/custom_action_interfaces/lib/python3.12/site-packages/custom_action_interfaces-0.0.0-py3.12.egg-info/top_level.txt
[1.061s] -- Installing: /home/timl/ros2_ws/src/install/custom_action_interfaces/lib/python3.12/site-packages/custom_action_interfaces-0.0.0-py3.12.egg-info/PKG-INFO
[1.062s] -- Installing: /home/timl/ros2_ws/src/install/custom_action_interfaces/lib/python3.12/site-packages/custom_action_interfaces-0.0.0-py3.12.egg-info/SOURCES.txt
[1.062s] -- Installing: /home/timl/ros2_ws/src/install/custom_action_interfaces/lib/python3.12/site-packages/custom_action_interfaces-0.0.0-py3.12.egg-info/dependency_links.txt
[1.062s] -- Up-to-date: /home/timl/ros2_ws/src/install/custom_action_interfaces/lib/python3.12/site-packages/custom_action_interfaces
[1.062s] -- Up-to-date: /home/timl/ros2_ws/src/install/custom_action_interfaces/lib/python3.12/site-packages/custom_action_interfaces/custom_action_interfaces_s__rosidl_typesupport_c.so
[1.062s] -- Up-to-date: /home/timl/ros2_ws/src/install/custom_action_interfaces/lib/python3.12/site-packages/custom_action_interfaces/action
[1.062s] -- Up-to-date: /home/timl/ros2_ws/src/install/custom_action_interfaces/lib/python3.12/site-packages/custom_action_interfaces/action/_fibonacci_s.c
[1.062s] -- Up-to-date: /home/timl/ros2_ws/src/install/custom_action_interfaces/lib/python3.12/site-packages/custom_action_interfaces/action/_fibonacci.py
[1.062s] -- Up-to-date: /home/timl/ros2_ws/src/install/custom_action_interfaces/lib/python3.12/site-packages/custom_action_interfaces/action/__init__.py
[1.063s] -- Up-to-date: /home/timl/ros2_ws/src/install/custom_action_interfaces/lib/python3.12/site-packages/custom_action_interfaces/_custom_action_interfaces_s.ep.rosidl_typesupport_introspection_c.c
[1.063s] -- Up-to-date: /home/timl/ros2_ws/src/install/custom_action_interfaces/lib/python3.12/site-packages/custom_action_interfaces/custom_action_interfaces_s__rosidl_typesupport_fastrtps_c.so
[1.063s] -- Up-to-date: /home/timl/ros2_ws/src/install/custom_action_interfaces/lib/python3.12/site-packages/custom_action_interfaces/_custom_action_interfaces_s.ep.rosidl_typesupport_fastrtps_c.c
[1.064s] -- Up-to-date: /home/timl/ros2_ws/src/install/custom_action_interfaces/lib/python3.12/site-packages/custom_action_interfaces/_custom_action_interfaces_s.ep.rosidl_typesupport_c.c
[1.064s] -- Up-to-date: /home/timl/ros2_ws/src/install/custom_action_interfaces/lib/python3.12/site-packages/custom_action_interfaces/__init__.py
[1.064s] -- Up-to-date: /home/timl/ros2_ws/src/install/custom_action_interfaces/lib/python3.12/site-packages/custom_action_interfaces/custom_action_interfaces_s__rosidl_typesupport_introspection_c.so
[1.091s] Listing '/home/timl/ros2_ws/src/install/custom_action_interfaces/lib/python3.12/site-packages/custom_action_interfaces'...
[1.091s] Listing '/home/timl/ros2_ws/src/install/custom_action_interfaces/lib/python3.12/site-packages/custom_action_interfaces/action'...
[1.111s] -- Up-to-date: /home/timl/ros2_ws/src/install/custom_action_interfaces/lib/python3.12/site-packages/custom_action_interfaces/custom_action_interfaces_s__rosidl_typesupport_fastrtps_c.so
[1.114s] -- Up-to-date: /home/timl/ros2_ws/src/install/custom_action_interfaces/lib/python3.12/site-packages/custom_action_interfaces/custom_action_interfaces_s__rosidl_typesupport_introspection_c.so
[1.114s] -- Up-to-date: /home/timl/ros2_ws/src/install/custom_action_interfaces/lib/python3.12/site-packages/custom_action_interfaces/custom_action_interfaces_s__rosidl_typesupport_c.so
[1.114s] -- Up-to-date: /home/timl/ros2_ws/src/install/custom_action_interfaces/lib/libcustom_action_interfaces__rosidl_generator_py.so
[1.115s] -- Up-to-date: /home/timl/ros2_ws/src/install/custom_action_interfaces/share/custom_action_interfaces/action/Fibonacci.idl
[1.115s] -- Up-to-date: /home/timl/ros2_ws/src/install/custom_action_interfaces/share/custom_action_interfaces/action/Fibonacci.action
[1.115s] -- Up-to-date: /home/timl/ros2_ws/src/install/custom_action_interfaces/share/ament_index/resource_index/package_run_dependencies/custom_action_interfaces
[1.115s] -- Up-to-date: /home/timl/ros2_ws/src/install/custom_action_interfaces/share/ament_index/resource_index/parent_prefix_path/custom_action_interfaces
[1.115s] -- Up-to-date: /home/timl/ros2_ws/src/install/custom_action_interfaces/share/custom_action_interfaces/environment/ament_prefix_path.sh
[1.116s] -- Up-to-date: /home/timl/ros2_ws/src/install/custom_action_interfaces/share/custom_action_interfaces/environment/ament_prefix_path.dsv
[1.116s] -- Up-to-date: /home/timl/ros2_ws/src/install/custom_action_interfaces/share/custom_action_interfaces/environment/path.sh
[1.116s] -- Up-to-date: /home/timl/ros2_ws/src/install/custom_action_interfaces/share/custom_action_interfaces/environment/path.dsv
[1.116s] -- Up-to-date: /home/timl/ros2_ws/src/install/custom_action_interfaces/share/custom_action_interfaces/local_setup.bash
[1.129s] -- Up-to-date: /home/timl/ros2_ws/src/install/custom_action_interfaces/share/custom_action_interfaces/local_setup.sh
[1.130s] -- Up-to-date: /home/timl/ros2_ws/src/install/custom_action_interfaces/share/custom_action_interfaces/local_setup.zsh
[1.132s] -- Up-to-date: /home/timl/ros2_ws/src/install/custom_action_interfaces/share/custom_action_interfaces/local_setup.dsv
[1.132s] -- Installing: /home/timl/ros2_ws/src/install/custom_action_interfaces/share/custom_action_interfaces/package.dsv
[1.132s] -- Up-to-date: /home/timl/ros2_ws/src/install/custom_action_interfaces/share/ament_index/resource_index/packages/custom_action_interfaces
[1.133s] -- Up-to-date: /home/timl/ros2_ws/src/install/custom_action_interfaces/share/custom_action_interfaces/cmake/export_custom_action_interfaces__rosidl_generator_cExport.cmake
[1.133s] -- Up-to-date: /home/timl/ros2_ws/src/install/custom_action_interfaces/share/custom_action_interfaces/cmake/export_custom_action_interfaces__rosidl_generator_cExport-noconfig.cmake
[1.133s] -- Up-to-date: /home/timl/ros2_ws/src/install/custom_action_interfaces/share/custom_action_interfaces/cmake/export_custom_action_interfaces__rosidl_typesupport_fastrtps_cExport.cmake
[1.133s] -- Up-to-date: /home/timl/ros2_ws/src/install/custom_action_interfaces/share/custom_action_interfaces/cmake/export_custom_action_interfaces__rosidl_typesupport_fastrtps_cExport-noconfig.cmake
[1.134s] -- Up-to-date: /home/timl/ros2_ws/src/install/custom_action_interfaces/share/custom_action_interfaces/cmake/custom_action_interfaces__rosidl_typesupport_introspection_cExport.cmake
[1.134s] -- Up-to-date: /home/timl/ros2_ws/src/install/custom_action_interfaces/share/custom_action_interfaces/cmake/custom_action_interfaces__rosidl_typesupport_introspection_cExport-noconfig.cmake
[1.134s] -- Up-to-date: /home/timl/ros2_ws/src/install/custom_action_interfaces/share/custom_action_interfaces/cmake/custom_action_interfaces__rosidl_typesupport_cExport.cmake
[1.135s] -- Up-to-date: /home/timl/ros2_ws/src/install/custom_action_interfaces/share/custom_action_interfaces/cmake/custom_action_interfaces__rosidl_typesupport_cExport-noconfig.cmake
[1.135s] -- Up-to-date: /home/timl/ros2_ws/src/install/custom_action_interfaces/share/custom_action_interfaces/cmake/export_custom_action_interfaces__rosidl_generator_cppExport.cmake
[1.135s] -- Up-to-date: /home/timl/ros2_ws/src/install/custom_action_interfaces/share/custom_action_interfaces/cmake/export_custom_action_interfaces__rosidl_typesupport_fastrtps_cppExport.cmake
[1.136s] -- Up-to-date: /home/timl/ros2_ws/src/install/custom_action_interfaces/share/custom_action_interfaces/cmake/export_custom_action_interfaces__rosidl_typesupport_fastrtps_cppExport-noconfig.cmake
[1.136s] -- Up-to-date: /home/timl/ros2_ws/src/install/custom_action_interfaces/share/custom_action_interfaces/cmake/custom_action_interfaces__rosidl_typesupport_introspection_cppExport.cmake
[1.136s] -- Up-to-date: /home/timl/ros2_ws/src/install/custom_action_interfaces/share/custom_action_interfaces/cmake/custom_action_interfaces__rosidl_typesupport_introspection_cppExport-noconfig.cmake
[1.136s] -- Up-to-date: /home/timl/ros2_ws/src/install/custom_action_interfaces/share/custom_action_interfaces/cmake/custom_action_interfaces__rosidl_typesupport_cppExport.cmake
[1.137s] -- Up-to-date: /home/timl/ros2_ws/src/install/custom_action_interfaces/share/custom_action_interfaces/cmake/custom_action_interfaces__rosidl_typesupport_cppExport-noconfig.cmake
[1.137s] -- Up-to-date: /home/timl/ros2_ws/src/install/custom_action_interfaces/share/custom_action_interfaces/cmake/export_custom_action_interfaces__rosidl_generator_pyExport.cmake
[1.137s] -- Up-to-date: /home/timl/ros2_ws/src/install/custom_action_interfaces/share/custom_action_interfaces/cmake/export_custom_action_interfaces__rosidl_generator_pyExport-noconfig.cmake
[1.137s] -- Up-to-date: /home/timl/ros2_ws/src/install/custom_action_interfaces/share/custom_action_interfaces/cmake/rosidl_cmake-extras.cmake
[1.138s] -- Up-to-date: /home/timl/ros2_ws/src/install/custom_action_interfaces/share/custom_action_interfaces/cmake/ament_cmake_export_dependencies-extras.cmake
[1.139s] -- Up-to-date: /home/timl/ros2_ws/src/install/custom_action_interfaces/share/custom_action_interfaces/cmake/ament_cmake_export_include_directories-extras.cmake
[1.139s] -- Up-to-date: /home/timl/ros2_ws/src/install/custom_action_interfaces/share/custom_action_interfaces/cmake/ament_cmake_export_libraries-extras.cmake
[1.140s] -- Up-to-date: /home/timl/ros2_ws/src/install/custom_action_interfaces/share/custom_action_interfaces/cmake/ament_cmake_export_targets-extras.cmake
[1.141s] -- Up-to-date: /home/timl/ros2_ws/src/install/custom_action_interfaces/share/custom_action_interfaces/cmake/rosidl_cmake_export_typesupport_targets-extras.cmake
[1.141s] -- Up-to-date: /home/timl/ros2_ws/src/install/custom_action_interfaces/share/custom_action_interfaces/cmake/rosidl_cmake_export_typesupport_libraries-extras.cmake
[1.141s] -- Up-to-date: /home/timl/ros2_ws/src/install/custom_action_interfaces/share/custom_action_interfaces/cmake/custom_action_interfacesConfig.cmake
[1.142s] -- Up-to-date: /home/timl/ros2_ws/src/install/custom_action_interfaces/share/custom_action_interfaces/cmake/custom_action_interfacesConfig-version.cmake
[1.142s] -- Up-to-date: /home/timl/ros2_ws/src/install/custom_action_interfaces/share/custom_action_interfaces/package.xml
[1.142s] Invoked command in '/home/timl/ros2_ws/src/build/custom_action_interfaces' returned '0': CMAKE_PREFIX_PATH=${CMAKE_PREFIX_PATH}:/home/timl/ros2_ws/install/py_pubsub:/opt/ros/jazzy /usr/bin/cmake --install /home/timl/ros2_ws/src/build/custom_action_interfaces
