running egg_info
creating ../../build/A2/A2.egg-info
writing ../../build/A2/A2.egg-info/PKG-INFO
writing dependency_links to ../../build/A2/A2.egg-info/dependency_links.txt
writing requirements to ../../build/A2/A2.egg-info/requires.txt
writing top-level names to ../../build/A2/A2.egg-info/top_level.txt
writing manifest file '../../build/A2/A2.egg-info/SOURCES.txt'
reading manifest file '../../build/A2/A2.egg-info/SOURCES.txt'
writing manifest file '../../build/A2/A2.egg-info/SOURCES.txt'
running build
running build_py
creating /home/timl/ros2_ws/build/A2/build
creating /home/timl/ros2_ws/build/A2/build/lib
creating /home/timl/ros2_ws/build/A2/build/lib/A2
copying A2/__init__.py -> /home/timl/ros2_ws/build/A2/build/lib/A2
copying A2/number_publisher.py -> /home/timl/ros2_ws/build/A2/build/lib/A2
running install
running install_lib
creating /home/timl/ros2_ws/install/A2/lib/python3.12/site-packages/A2
copying /home/timl/ros2_ws/build/A2/build/lib/A2/__init__.py -> /home/timl/ros2_ws/install/A2/lib/python3.12/site-packages/A2
copying /home/timl/ros2_ws/build/A2/build/lib/A2/number_publisher.py -> /home/timl/ros2_ws/install/A2/lib/python3.12/site-packages/A2
byte-compiling /home/timl/ros2_ws/install/A2/lib/python3.12/site-packages/A2/__init__.py to __init__.cpython-312.pyc
byte-compiling /home/timl/ros2_ws/install/A2/lib/python3.12/site-packages/A2/number_publisher.py to number_publisher.cpython-312.pyc
running install_data
creating /home/timl/ros2_ws/install/A2/share/ament_index
creating /home/timl/ros2_ws/install/A2/share/ament_index/resource_index
creating /home/timl/ros2_ws/install/A2/share/ament_index/resource_index/packages
copying resource/A2 -> /home/timl/ros2_ws/install/A2/share/ament_index/resource_index/packages
copying package.xml -> /home/timl/ros2_ws/install/A2/share/A2
running install_egg_info
Copying ../../build/A2/A2.egg-info to /home/timl/ros2_ws/install/A2/lib/python3.12/site-packages/A2-0.0.0-py3.12.egg-info
running install_scripts
writing list of installed files to '/home/timl/ros2_ws/build/A2/install.log'
