[0.018s] Invoking command in '/home/timl/ros2_ws/build/more_interfaces': CMAKE_PREFIX_PATH=${CMAKE_PREFIX_PATH}:/home/timl/ros2_ws/install/py_pubsub:/opt/ros/jazzy /usr/bin/cmake /home/timl/ros2_ws/src/more_interfaces -DCMAKE_INSTALL_PREFIX=/home/timl/ros2_ws/install/more_interfaces
[0.261s] -- The C compiler identification is GNU 13.3.0
[1.050s] -- The CXX compiler identification is GNU 13.3.0
[1.769s] -- Detecting C compiler ABI info
[2.082s] -- Detecting C compiler ABI info - done
[2.091s] -- Check for working C compiler: /usr/bin/cc - skipped
[2.092s] -- Detecting C compile features
[2.092s] -- Detecting C compile features - done
[2.218s] -- Detecting CXX compiler ABI info
[2.580s] -- Detecting CXX compiler ABI info - done
[2.591s] -- Check for working CXX compiler: /usr/bin/c++ - skipped
[2.591s] -- Detecting CXX compile features
[2.591s] -- Detecting CXX compile features - done
[2.604s] -- Found ament_cmake: 2.5.3 (/opt/ros/jazzy/share/ament_cmake/cmake)
[2.768s] -- Found Python3: /usr/bin/python3 (found version "3.12.3") found components: Interpreter 
[2.906s] -- Found rosidl_default_generators: 1.6.0 (/opt/ros/jazzy/share/rosidl_default_generators/cmake)
[2.916s] -- Using all available rosidl_typesupport_c: rosidl_typesupport_fastrtps_c;rosidl_typesupport_introspection_c
[3.194s] -- Using all available rosidl_typesupport_cpp: rosidl_typesupport_fastrtps_cpp;rosidl_typesupport_introspection_cpp
[3.267s] -- Found rosidl_adapter: 4.6.5 (/opt/ros/jazzy/share/rosidl_adapter/cmake)
[3.875s] -- Found ament_cmake_ros: 0.12.0 (/opt/ros/jazzy/share/ament_cmake_ros/cmake)
[4.328s] -- Using all available rosidl_typesupport_c: rosidl_typesupport_fastrtps_c;rosidl_typesupport_introspection_c
[4.909s] -- Using all available rosidl_typesupport_cpp: rosidl_typesupport_fastrtps_cpp;rosidl_typesupport_introspection_cpp
[4.913s] -- Found python_cmake_module: 0.11.1 (/opt/ros/jazzy/share/python_cmake_module/cmake)
[5.061s] -- Found PythonExtra: /usr/bin/python3  
[5.582s] -- Found Python3: /usr/bin/python3 (found version "3.12.3") found components: Interpreter Development NumPy Development.Module Development.Embed 
[5.622s] -- Found rclcpp: 28.1.6 (/opt/ros/jazzy/share/rclcpp/cmake)
[5.755s] -- Found rmw_implementation_cmake: 7.3.1 (/opt/ros/jazzy/share/rmw_implementation_cmake/cmake)
[5.760s] -- Found rmw_fastrtps_cpp: 8.4.1 (/opt/ros/jazzy/share/rmw_fastrtps_cpp/cmake)
[5.863s] -- Found OpenSSL: /usr/lib/x86_64-linux-gnu/libcrypto.so (found version "3.0.13")  
[6.064s] -- Found FastRTPS: /opt/ros/jazzy/include (Required is at least version "2.13") 
[6.179s] -- Using RMW implementation 'rmw_fastrtps_cpp' as default
[6.427s] -- Configuring done (6.4s)
[6.480s] -- Generating done (0.0s)
[6.496s] -- Build files have been written to: /home/timl/ros2_ws/build/more_interfaces
[6.506s] Invoked command in '/home/timl/ros2_ws/build/more_interfaces' returned '0': CMAKE_PREFIX_PATH=${CMAKE_PREFIX_PATH}:/home/timl/ros2_ws/install/py_pubsub:/opt/ros/jazzy /usr/bin/cmake /home/timl/ros2_ws/src/more_interfaces -DCMAKE_INSTALL_PREFIX=/home/timl/ros2_ws/install/more_interfaces
[6.508s] Invoking command in '/home/timl/ros2_ws/build/more_interfaces': CMAKE_PREFIX_PATH=${CMAKE_PREFIX_PATH}:/home/timl/ros2_ws/install/py_pubsub:/opt/ros/jazzy /usr/bin/cmake --build /home/timl/ros2_ws/build/more_interfaces -- -j6 -l6
[6.554s] [  2%] [34m[1mGenerating type hashes for ROS interfaces[0m
[6.563s] [  2%] Built target ament_cmake_python_copy_more_interfaces
[6.749s] [  2%] Built target more_interfaces__rosidl_generator_type_description
[6.760s] [  5%] [34m[1mGenerating C code for ROS interfaces[0m
[6.770s] [  8%] [34m[1mGenerating C++ code for ROS interfaces[0m
[6.795s] running egg_info
[6.796s] creating more_interfaces.egg-info
[6.818s] writing more_interfaces.egg-info/PKG-INFO
[6.818s] writing dependency_links to more_interfaces.egg-info/dependency_links.txt
[6.819s] writing top-level names to more_interfaces.egg-info/top_level.txt
[6.819s] writing manifest file 'more_interfaces.egg-info/SOURCES.txt'
[6.888s] reading manifest file 'more_interfaces.egg-info/SOURCES.txt'
[6.889s] writing manifest file 'more_interfaces.egg-info/SOURCES.txt'
[6.915s] [  8%] Built target ament_cmake_python_build_more_interfaces_egg
[7.009s] [  8%] Built target more_interfaces__cpp
[7.019s] [ 16%] [32mBuilding C object CMakeFiles/more_interfaces__rosidl_generator_c.dir/rosidl_generator_c/more_interfaces/msg/detail/address_book__type_support.c.o[0m
[7.019s] [ 16%] [32mBuilding C object CMakeFiles/more_interfaces__rosidl_generator_c.dir/rosidl_generator_c/more_interfaces/msg/detail/address_book__functions.c.o[0m
[7.019s] [ 16%] [32mBuilding C object CMakeFiles/more_interfaces__rosidl_generator_c.dir/rosidl_generator_c/more_interfaces/msg/detail/address_book__description.c.o[0m
[7.075s] [ 19%] [32m[1mLinking C shared library libmore_interfaces__rosidl_generator_c.so[0m
[7.233s] [ 19%] Built target more_interfaces__rosidl_generator_c
[7.242s] [ 25%] [34m[1mGenerating C++ type support dispatch for ROS interfaces[0m
[7.242s] [ 25%] [34m[1mGenerating C type support for eProsima Fast-RTPS[0m
[7.243s] [ 30%] [34m[1mGenerating C++ type support for eProsima Fast-RTPS[0m
[7.243s] [ 33%] [34m[1mGenerating C type support dispatch for ROS interfaces[0m
[7.243s] [ 30%] [34m[1mGenerating C introspection for ROS interfaces[0m
[7.243s] [ 36%] [34m[1mGenerating C++ introspection for ROS interfaces[0m
[7.480s] [ 38%] [32mBuilding CXX object CMakeFiles/more_interfaces__rosidl_typesupport_cpp.dir/rosidl_typesupport_cpp/more_interfaces/msg/address_book__type_support.cpp.o[0m
[7.497s] [ 41%] [32mBuilding CXX object CMakeFiles/more_interfaces__rosidl_typesupport_c.dir/rosidl_typesupport_c/more_interfaces/msg/address_book__type_support.cpp.o[0m
[7.534s] [ 44%] [32mBuilding C object CMakeFiles/more_interfaces__rosidl_typesupport_introspection_c.dir/rosidl_typesupport_introspection_c/more_interfaces/msg/detail/address_book__type_support.c.o[0m
[7.541s] [ 47%] [32mBuilding CXX object CMakeFiles/more_interfaces__rosidl_typesupport_introspection_cpp.dir/rosidl_typesupport_introspection_cpp/more_interfaces/msg/detail/address_book__type_support.cpp.o[0m
[7.554s] [ 50%] [32mBuilding CXX object CMakeFiles/more_interfaces__rosidl_typesupport_fastrtps_c.dir/rosidl_typesupport_fastrtps_c/more_interfaces/msg/detail/address_book__type_support_c.cpp.o[0m
[7.562s] [ 52%] [32mBuilding CXX object CMakeFiles/more_interfaces__rosidl_typesupport_fastrtps_cpp.dir/rosidl_typesupport_fastrtps_cpp/more_interfaces/msg/detail/dds_fastrtps/address_book__type_support.cpp.o[0m
[7.574s] [ 55%] [32m[1mLinking CXX shared library libmore_interfaces__rosidl_typesupport_c.so[0m
[7.615s] [ 58%] [32m[1mLinking C shared library libmore_interfaces__rosidl_typesupport_introspection_c.so[0m
[7.785s] [ 58%] Built target more_interfaces__rosidl_typesupport_c
[7.788s] [ 58%] Built target more_interfaces__rosidl_typesupport_introspection_c
[7.968s] [ 61%] [32m[1mLinking CXX shared library libmore_interfaces__rosidl_typesupport_cpp.so[0m
[7.983s] [ 63%] [32m[1mLinking CXX shared library libmore_interfaces__rosidl_typesupport_introspection_cpp.so[0m
[8.113s] [ 63%] Built target more_interfaces__rosidl_typesupport_cpp
[8.135s] [ 66%] [32mBuilding CXX object CMakeFiles/publish_address_book.dir/src/publish_address_book.cpp.o[0m
[8.166s] [ 66%] Built target more_interfaces__rosidl_typesupport_introspection_cpp
[8.169s] [ 69%] [32m[1mLinking CXX shared library libmore_interfaces__rosidl_typesupport_fastrtps_c.so[0m
[8.318s] [ 72%] [32m[1mLinking CXX shared library libmore_interfaces__rosidl_typesupport_fastrtps_cpp.so[0m
[8.344s] [ 72%] Built target more_interfaces__rosidl_typesupport_fastrtps_c
[8.516s] [ 72%] Built target more_interfaces__rosidl_typesupport_fastrtps_cpp
[8.535s] [ 72%] Built target more_interfaces
[8.556s] [ 75%] [34m[1mGenerating Python code for ROS interfaces[0m
[8.841s] [ 75%] Built target more_interfaces__py
[8.860s] [ 77%] [32mBuilding C object CMakeFiles/more_interfaces__rosidl_generator_py.dir/rosidl_generator_py/more_interfaces/msg/_address_book_s.c.o[0m
[8.989s] [ 80%] [32m[1mLinking C shared library libmore_interfaces__rosidl_generator_py.so[0m
[9.150s] [ 80%] Built target more_interfaces__rosidl_generator_py
[9.170s] [ 86%] [32mBuilding C object CMakeFiles/more_interfaces_s__rosidl_typesupport_fastrtps_c.dir/rosidl_generator_py/more_interfaces/_more_interfaces_s.ep.rosidl_typesupport_fastrtps_c.c.o[0m
[9.171s] [ 86%] [32mBuilding C object CMakeFiles/more_interfaces_s__rosidl_typesupport_introspection_c.dir/rosidl_generator_py/more_interfaces/_more_interfaces_s.ep.rosidl_typesupport_introspection_c.c.o[0m
[9.173s] [ 88%] [32mBuilding C object CMakeFiles/more_interfaces_s__rosidl_typesupport_c.dir/rosidl_generator_py/more_interfaces/_more_interfaces_s.ep.rosidl_typesupport_c.c.o[0m
[9.296s] [ 94%] [32m[1mLinking C shared module rosidl_generator_py/more_interfaces/more_interfaces_s__rosidl_typesupport_c.so[0m
[9.296s] [ 94%] [32m[1mLinking C shared module rosidl_generator_py/more_interfaces/more_interfaces_s__rosidl_typesupport_introspection_c.so[0m
[9.300s] [ 97%] [32m[1mLinking C shared module rosidl_generator_py/more_interfaces/more_interfaces_s__rosidl_typesupport_fastrtps_c.so[0m
[9.415s] [ 97%] Built target more_interfaces_s__rosidl_typesupport_introspection_c
[9.416s] [ 97%] Built target more_interfaces_s__rosidl_typesupport_c
[9.468s] [ 97%] Built target more_interfaces_s__rosidl_typesupport_fastrtps_c
[12.985s] [100%] [32m[1mLinking CXX executable publish_address_book[0m
[13.314s] [100%] Built target publish_address_book
[13.326s] Invoked command in '/home/timl/ros2_ws/build/more_interfaces' returned '0': CMAKE_PREFIX_PATH=${CMAKE_PREFIX_PATH}:/home/timl/ros2_ws/install/py_pubsub:/opt/ros/jazzy /usr/bin/cmake --build /home/timl/ros2_ws/build/more_interfaces -- -j6 -l6
[13.335s] Invoking command in '/home/timl/ros2_ws/build/more_interfaces': CMAKE_PREFIX_PATH=${CMAKE_PREFIX_PATH}:/home/timl/ros2_ws/install/py_pubsub:/opt/ros/jazzy /usr/bin/cmake --install /home/timl/ros2_ws/build/more_interfaces
[13.344s] -- Install configuration: ""
[13.345s] -- Installing: /home/timl/ros2_ws/install/more_interfaces/share/ament_index/resource_index/rosidl_interfaces/more_interfaces
[13.345s] -- Installing: /home/timl/ros2_ws/install/more_interfaces/share/more_interfaces/msg/AddressBook.json
[13.345s] -- Installing: /home/timl/ros2_ws/install/more_interfaces/include/more_interfaces/more_interfaces
[13.346s] -- Installing: /home/timl/ros2_ws/install/more_interfaces/include/more_interfaces/more_interfaces/msg
[13.346s] -- Installing: /home/timl/ros2_ws/install/more_interfaces/include/more_interfaces/more_interfaces/msg/detail
[13.346s] -- Installing: /home/timl/ros2_ws/install/more_interfaces/include/more_interfaces/more_interfaces/msg/detail/address_book__type_support.c
[13.347s] -- Installing: /home/timl/ros2_ws/install/more_interfaces/include/more_interfaces/more_interfaces/msg/detail/address_book__functions.c
[13.347s] -- Installing: /home/timl/ros2_ws/install/more_interfaces/include/more_interfaces/more_interfaces/msg/detail/address_book__description.c
[13.347s] -- Installing: /home/timl/ros2_ws/install/more_interfaces/include/more_interfaces/more_interfaces/msg/detail/address_book__type_support.h
[13.347s] -- Installing: /home/timl/ros2_ws/install/more_interfaces/include/more_interfaces/more_interfaces/msg/detail/address_book__functions.h
[13.347s] -- Installing: /home/timl/ros2_ws/install/more_interfaces/include/more_interfaces/more_interfaces/msg/detail/address_book__struct.h
[13.348s] -- Installing: /home/timl/ros2_ws/install/more_interfaces/include/more_interfaces/more_interfaces/msg/address_book.h
[13.348s] -- Installing: /home/timl/ros2_ws/install/more_interfaces/include/more_interfaces/more_interfaces/msg/rosidl_generator_c__visibility_control.h
[13.348s] -- Installing: /home/timl/ros2_ws/install/more_interfaces/share/more_interfaces/environment/library_path.sh
[13.348s] -- Installing: /home/timl/ros2_ws/install/more_interfaces/share/more_interfaces/environment/library_path.dsv
[13.349s] -- Installing: /home/timl/ros2_ws/install/more_interfaces/lib/libmore_interfaces__rosidl_generator_c.so
[13.349s] -- Set non-toolchain portion of runtime path of "/home/timl/ros2_ws/install/more_interfaces/lib/libmore_interfaces__rosidl_generator_c.so" to ""
[13.349s] -- Up-to-date: /home/timl/ros2_ws/install/more_interfaces/include/more_interfaces/more_interfaces
[13.349s] -- Up-to-date: /home/timl/ros2_ws/install/more_interfaces/include/more_interfaces/more_interfaces/msg
[13.349s] -- Up-to-date: /home/timl/ros2_ws/install/more_interfaces/include/more_interfaces/more_interfaces/msg/detail
[13.349s] -- Installing: /home/timl/ros2_ws/install/more_interfaces/include/more_interfaces/more_interfaces/msg/detail/address_book__rosidl_typesupport_fastrtps_c.h
[13.349s] -- Installing: /home/timl/ros2_ws/install/more_interfaces/include/more_interfaces/more_interfaces/msg/rosidl_typesupport_fastrtps_c__visibility_control.h
[13.350s] -- Installing: /home/timl/ros2_ws/install/more_interfaces/lib/libmore_interfaces__rosidl_typesupport_fastrtps_c.so
[13.350s] -- Set non-toolchain portion of runtime path of "/home/timl/ros2_ws/install/more_interfaces/lib/libmore_interfaces__rosidl_typesupport_fastrtps_c.so" to ""
[13.350s] -- Up-to-date: /home/timl/ros2_ws/install/more_interfaces/include/more_interfaces/more_interfaces
[13.350s] -- Up-to-date: /home/timl/ros2_ws/install/more_interfaces/include/more_interfaces/more_interfaces/msg
[13.351s] -- Up-to-date: /home/timl/ros2_ws/install/more_interfaces/include/more_interfaces/more_interfaces/msg/detail
[13.351s] -- Up-to-date: /home/timl/ros2_ws/install/more_interfaces/include/more_interfaces/more_interfaces/msg/detail/address_book__type_support.c
[13.351s] -- Installing: /home/timl/ros2_ws/install/more_interfaces/include/more_interfaces/more_interfaces/msg/detail/address_book__rosidl_typesupport_introspection_c.h
[13.351s] -- Installing: /home/timl/ros2_ws/install/more_interfaces/include/more_interfaces/more_interfaces/msg/rosidl_typesupport_introspection_c__visibility_control.h
[13.351s] -- Installing: /home/timl/ros2_ws/install/more_interfaces/lib/libmore_interfaces__rosidl_typesupport_introspection_c.so
[13.352s] -- Set non-toolchain portion of runtime path of "/home/timl/ros2_ws/install/more_interfaces/lib/libmore_interfaces__rosidl_typesupport_introspection_c.so" to ""
[13.352s] -- Installing: /home/timl/ros2_ws/install/more_interfaces/lib/libmore_interfaces__rosidl_typesupport_c.so
[13.352s] -- Set non-toolchain portion of runtime path of "/home/timl/ros2_ws/install/more_interfaces/lib/libmore_interfaces__rosidl_typesupport_c.so" to ""
[13.352s] -- Up-to-date: /home/timl/ros2_ws/install/more_interfaces/include/more_interfaces/more_interfaces
[13.353s] -- Up-to-date: /home/timl/ros2_ws/install/more_interfaces/include/more_interfaces/more_interfaces/msg
[13.353s] -- Up-to-date: /home/timl/ros2_ws/install/more_interfaces/include/more_interfaces/more_interfaces/msg/detail
[13.353s] -- Installing: /home/timl/ros2_ws/install/more_interfaces/include/more_interfaces/more_interfaces/msg/detail/address_book__struct.hpp
[13.353s] -- Installing: /home/timl/ros2_ws/install/more_interfaces/include/more_interfaces/more_interfaces/msg/detail/address_book__builder.hpp
[13.353s] -- Installing: /home/timl/ros2_ws/install/more_interfaces/include/more_interfaces/more_interfaces/msg/detail/address_book__traits.hpp
[13.354s] -- Installing: /home/timl/ros2_ws/install/more_interfaces/include/more_interfaces/more_interfaces/msg/detail/address_book__type_support.hpp
[13.354s] -- Installing: /home/timl/ros2_ws/install/more_interfaces/include/more_interfaces/more_interfaces/msg/rosidl_generator_cpp__visibility_control.hpp
[13.354s] -- Installing: /home/timl/ros2_ws/install/more_interfaces/include/more_interfaces/more_interfaces/msg/address_book.hpp
[13.354s] -- Up-to-date: /home/timl/ros2_ws/install/more_interfaces/include/more_interfaces/more_interfaces
[13.354s] -- Up-to-date: /home/timl/ros2_ws/install/more_interfaces/include/more_interfaces/more_interfaces/msg
[13.355s] -- Up-to-date: /home/timl/ros2_ws/install/more_interfaces/include/more_interfaces/more_interfaces/msg/detail
[13.355s] -- Installing: /home/timl/ros2_ws/install/more_interfaces/include/more_interfaces/more_interfaces/msg/detail/dds_fastrtps
[13.355s] -- Installing: /home/timl/ros2_ws/install/more_interfaces/include/more_interfaces/more_interfaces/msg/detail/address_book__rosidl_typesupport_fastrtps_cpp.hpp
[13.355s] -- Installing: /home/timl/ros2_ws/install/more_interfaces/include/more_interfaces/more_interfaces/msg/rosidl_typesupport_fastrtps_cpp__visibility_control.h
[13.355s] -- Installing: /home/timl/ros2_ws/install/more_interfaces/lib/libmore_interfaces__rosidl_typesupport_fastrtps_cpp.so
[13.355s] -- Set non-toolchain portion of runtime path of "/home/timl/ros2_ws/install/more_interfaces/lib/libmore_interfaces__rosidl_typesupport_fastrtps_cpp.so" to ""
[13.356s] -- Up-to-date: /home/timl/ros2_ws/install/more_interfaces/include/more_interfaces/more_interfaces
[13.356s] -- Up-to-date: /home/timl/ros2_ws/install/more_interfaces/include/more_interfaces/more_interfaces/msg
[13.356s] -- Up-to-date: /home/timl/ros2_ws/install/more_interfaces/include/more_interfaces/more_interfaces/msg/detail
[13.356s] -- Installing: /home/timl/ros2_ws/install/more_interfaces/include/more_interfaces/more_interfaces/msg/detail/address_book__type_support.cpp
[13.357s] -- Installing: /home/timl/ros2_ws/install/more_interfaces/include/more_interfaces/more_interfaces/msg/detail/address_book__rosidl_typesupport_introspection_cpp.hpp
[13.357s] -- Installing: /home/timl/ros2_ws/install/more_interfaces/lib/libmore_interfaces__rosidl_typesupport_introspection_cpp.so
[13.357s] -- Set non-toolchain portion of runtime path of "/home/timl/ros2_ws/install/more_interfaces/lib/libmore_interfaces__rosidl_typesupport_introspection_cpp.so" to ""
[13.357s] -- Installing: /home/timl/ros2_ws/install/more_interfaces/lib/libmore_interfaces__rosidl_typesupport_cpp.so
[13.357s] -- Set non-toolchain portion of runtime path of "/home/timl/ros2_ws/install/more_interfaces/lib/libmore_interfaces__rosidl_typesupport_cpp.so" to ""
[13.357s] -- Installing: /home/timl/ros2_ws/install/more_interfaces/share/more_interfaces/environment/pythonpath.sh
[13.357s] -- Installing: /home/timl/ros2_ws/install/more_interfaces/share/more_interfaces/environment/pythonpath.dsv
[13.357s] -- Installing: /home/timl/ros2_ws/install/more_interfaces/lib/python3.12/site-packages/more_interfaces-0.0.0-py3.12.egg-info
[13.357s] -- Installing: /home/timl/ros2_ws/install/more_interfaces/lib/python3.12/site-packages/more_interfaces-0.0.0-py3.12.egg-info/top_level.txt
[13.357s] -- Installing: /home/timl/ros2_ws/install/more_interfaces/lib/python3.12/site-packages/more_interfaces-0.0.0-py3.12.egg-info/PKG-INFO
[13.358s] -- Installing: /home/timl/ros2_ws/install/more_interfaces/lib/python3.12/site-packages/more_interfaces-0.0.0-py3.12.egg-info/SOURCES.txt
[13.358s] -- Installing: /home/timl/ros2_ws/install/more_interfaces/lib/python3.12/site-packages/more_interfaces-0.0.0-py3.12.egg-info/dependency_links.txt
[13.358s] -- Installing: /home/timl/ros2_ws/install/more_interfaces/lib/python3.12/site-packages/more_interfaces
[13.359s] -- Installing: /home/timl/ros2_ws/install/more_interfaces/lib/python3.12/site-packages/more_interfaces/_more_interfaces_s.ep.rosidl_typesupport_fastrtps_c.c
[13.359s] -- Installing: /home/timl/ros2_ws/install/more_interfaces/lib/python3.12/site-packages/more_interfaces/more_interfaces_s__rosidl_typesupport_fastrtps_c.so
[13.359s] -- Installing: /home/timl/ros2_ws/install/more_interfaces/lib/python3.12/site-packages/more_interfaces/_more_interfaces_s.ep.rosidl_typesupport_introspection_c.c
[13.359s] -- Installing: /home/timl/ros2_ws/install/more_interfaces/lib/python3.12/site-packages/more_interfaces/more_interfaces_s__rosidl_typesupport_c.so
[13.359s] -- Installing: /home/timl/ros2_ws/install/more_interfaces/lib/python3.12/site-packages/more_interfaces/more_interfaces_s__rosidl_typesupport_introspection_c.so
[13.359s] -- Installing: /home/timl/ros2_ws/install/more_interfaces/lib/python3.12/site-packages/more_interfaces/_more_interfaces_s.ep.rosidl_typesupport_c.c
[13.360s] -- Installing: /home/timl/ros2_ws/install/more_interfaces/lib/python3.12/site-packages/more_interfaces/__init__.py
[13.360s] -- Installing: /home/timl/ros2_ws/install/more_interfaces/lib/python3.12/site-packages/more_interfaces/msg
[13.360s] -- Installing: /home/timl/ros2_ws/install/more_interfaces/lib/python3.12/site-packages/more_interfaces/msg/_address_book_s.c
[13.360s] -- Installing: /home/timl/ros2_ws/install/more_interfaces/lib/python3.12/site-packages/more_interfaces/msg/_address_book.py
[13.360s] -- Installing: /home/timl/ros2_ws/install/more_interfaces/lib/python3.12/site-packages/more_interfaces/msg/__init__.py
[13.401s] Listing '/home/timl/ros2_ws/install/more_interfaces/lib/python3.12/site-packages/more_interfaces'...
[13.401s] Compiling '/home/timl/ros2_ws/install/more_interfaces/lib/python3.12/site-packages/more_interfaces/__init__.py'...
[13.401s] Listing '/home/timl/ros2_ws/install/more_interfaces/lib/python3.12/site-packages/more_interfaces/msg'...
[13.401s] Compiling '/home/timl/ros2_ws/install/more_interfaces/lib/python3.12/site-packages/more_interfaces/msg/__init__.py'...
[13.401s] Compiling '/home/timl/ros2_ws/install/more_interfaces/lib/python3.12/site-packages/more_interfaces/msg/_address_book.py'...
[13.407s] -- Installing: /home/timl/ros2_ws/install/more_interfaces/lib/python3.12/site-packages/more_interfaces/more_interfaces_s__rosidl_typesupport_fastrtps_c.so
[13.407s] -- Set non-toolchain portion of runtime path of "/home/timl/ros2_ws/install/more_interfaces/lib/python3.12/site-packages/more_interfaces/more_interfaces_s__rosidl_typesupport_fastrtps_c.so" to ""
[13.408s] -- Installing: /home/timl/ros2_ws/install/more_interfaces/lib/python3.12/site-packages/more_interfaces/more_interfaces_s__rosidl_typesupport_introspection_c.so
[13.409s] -- Set non-toolchain portion of runtime path of "/home/timl/ros2_ws/install/more_interfaces/lib/python3.12/site-packages/more_interfaces/more_interfaces_s__rosidl_typesupport_introspection_c.so" to ""
[13.410s] -- Installing: /home/timl/ros2_ws/install/more_interfaces/lib/python3.12/site-packages/more_interfaces/more_interfaces_s__rosidl_typesupport_c.so
[13.410s] -- Set non-toolchain portion of runtime path of "/home/timl/ros2_ws/install/more_interfaces/lib/python3.12/site-packages/more_interfaces/more_interfaces_s__rosidl_typesupport_c.so" to ""
[13.410s] -- Installing: /home/timl/ros2_ws/install/more_interfaces/lib/libmore_interfaces__rosidl_generator_py.so
[13.410s] -- Set non-toolchain portion of runtime path of "/home/timl/ros2_ws/install/more_interfaces/lib/libmore_interfaces__rosidl_generator_py.so" to ""
[13.410s] -- Installing: /home/timl/ros2_ws/install/more_interfaces/share/more_interfaces/msg/AddressBook.idl
[13.410s] -- Installing: /home/timl/ros2_ws/install/more_interfaces/share/more_interfaces/msg/AddressBook.msg
[13.411s] -- Installing: /home/timl/ros2_ws/install/more_interfaces/lib/more_interfaces/publish_address_book
[13.411s] -- Set non-toolchain portion of runtime path of "/home/timl/ros2_ws/install/more_interfaces/lib/more_interfaces/publish_address_book" to ""
[13.412s] -- Installing: /home/timl/ros2_ws/install/more_interfaces/share/ament_index/resource_index/package_run_dependencies/more_interfaces
[13.412s] -- Installing: /home/timl/ros2_ws/install/more_interfaces/share/ament_index/resource_index/parent_prefix_path/more_interfaces
[13.413s] -- Installing: /home/timl/ros2_ws/install/more_interfaces/share/more_interfaces/environment/ament_prefix_path.sh
[13.413s] -- Installing: /home/timl/ros2_ws/install/more_interfaces/share/more_interfaces/environment/ament_prefix_path.dsv
[13.413s] -- Installing: /home/timl/ros2_ws/install/more_interfaces/share/more_interfaces/environment/path.sh
[13.413s] -- Installing: /home/timl/ros2_ws/install/more_interfaces/share/more_interfaces/environment/path.dsv
[13.414s] -- Installing: /home/timl/ros2_ws/install/more_interfaces/share/more_interfaces/local_setup.bash
[13.414s] -- Installing: /home/timl/ros2_ws/install/more_interfaces/share/more_interfaces/local_setup.sh
[13.414s] -- Installing: /home/timl/ros2_ws/install/more_interfaces/share/more_interfaces/local_setup.zsh
[13.414s] -- Installing: /home/timl/ros2_ws/install/more_interfaces/share/more_interfaces/local_setup.dsv
[13.415s] -- Installing: /home/timl/ros2_ws/install/more_interfaces/share/more_interfaces/package.dsv
[13.415s] -- Installing: /home/timl/ros2_ws/install/more_interfaces/share/ament_index/resource_index/packages/more_interfaces
[13.415s] -- Installing: /home/timl/ros2_ws/install/more_interfaces/share/more_interfaces/cmake/export_more_interfaces__rosidl_generator_cExport.cmake
[13.415s] -- Installing: /home/timl/ros2_ws/install/more_interfaces/share/more_interfaces/cmake/export_more_interfaces__rosidl_generator_cExport-noconfig.cmake
[13.416s] -- Installing: /home/timl/ros2_ws/install/more_interfaces/share/more_interfaces/cmake/export_more_interfaces__rosidl_typesupport_fastrtps_cExport.cmake
[13.416s] -- Installing: /home/timl/ros2_ws/install/more_interfaces/share/more_interfaces/cmake/export_more_interfaces__rosidl_typesupport_fastrtps_cExport-noconfig.cmake
[13.416s] -- Installing: /home/timl/ros2_ws/install/more_interfaces/share/more_interfaces/cmake/more_interfaces__rosidl_typesupport_introspection_cExport.cmake
[13.416s] -- Installing: /home/timl/ros2_ws/install/more_interfaces/share/more_interfaces/cmake/more_interfaces__rosidl_typesupport_introspection_cExport-noconfig.cmake
[13.416s] -- Installing: /home/timl/ros2_ws/install/more_interfaces/share/more_interfaces/cmake/more_interfaces__rosidl_typesupport_cExport.cmake
[13.417s] -- Installing: /home/timl/ros2_ws/install/more_interfaces/share/more_interfaces/cmake/more_interfaces__rosidl_typesupport_cExport-noconfig.cmake
[13.417s] -- Installing: /home/timl/ros2_ws/install/more_interfaces/share/more_interfaces/cmake/export_more_interfaces__rosidl_generator_cppExport.cmake
[13.417s] -- Installing: /home/timl/ros2_ws/install/more_interfaces/share/more_interfaces/cmake/export_more_interfaces__rosidl_typesupport_fastrtps_cppExport.cmake
[13.417s] -- Installing: /home/timl/ros2_ws/install/more_interfaces/share/more_interfaces/cmake/export_more_interfaces__rosidl_typesupport_fastrtps_cppExport-noconfig.cmake
[13.418s] -- Installing: /home/timl/ros2_ws/install/more_interfaces/share/more_interfaces/cmake/more_interfaces__rosidl_typesupport_introspection_cppExport.cmake
[13.418s] -- Installing: /home/timl/ros2_ws/install/more_interfaces/share/more_interfaces/cmake/more_interfaces__rosidl_typesupport_introspection_cppExport-noconfig.cmake
[13.418s] -- Installing: /home/timl/ros2_ws/install/more_interfaces/share/more_interfaces/cmake/more_interfaces__rosidl_typesupport_cppExport.cmake
[13.418s] -- Installing: /home/timl/ros2_ws/install/more_interfaces/share/more_interfaces/cmake/more_interfaces__rosidl_typesupport_cppExport-noconfig.cmake
[13.418s] -- Installing: /home/timl/ros2_ws/install/more_interfaces/share/more_interfaces/cmake/export_more_interfaces__rosidl_generator_pyExport.cmake
[13.419s] -- Installing: /home/timl/ros2_ws/install/more_interfaces/share/more_interfaces/cmake/export_more_interfaces__rosidl_generator_pyExport-noconfig.cmake
[13.419s] -- Installing: /home/timl/ros2_ws/install/more_interfaces/share/more_interfaces/cmake/rosidl_cmake-extras.cmake
[13.419s] -- Installing: /home/timl/ros2_ws/install/more_interfaces/share/more_interfaces/cmake/ament_cmake_export_include_directories-extras.cmake
[13.419s] -- Installing: /home/timl/ros2_ws/install/more_interfaces/share/more_interfaces/cmake/ament_cmake_export_libraries-extras.cmake
[13.420s] -- Installing: /home/timl/ros2_ws/install/more_interfaces/share/more_interfaces/cmake/ament_cmake_export_targets-extras.cmake
[13.420s] -- Installing: /home/timl/ros2_ws/install/more_interfaces/share/more_interfaces/cmake/rosidl_cmake_export_typesupport_targets-extras.cmake
[13.420s] -- Installing: /home/timl/ros2_ws/install/more_interfaces/share/more_interfaces/cmake/ament_cmake_export_dependencies-extras.cmake
[13.420s] -- Installing: /home/timl/ros2_ws/install/more_interfaces/share/more_interfaces/cmake/rosidl_cmake_export_typesupport_libraries-extras.cmake
[13.420s] -- Installing: /home/timl/ros2_ws/install/more_interfaces/share/more_interfaces/cmake/more_interfacesConfig.cmake
[13.420s] -- Installing: /home/timl/ros2_ws/install/more_interfaces/share/more_interfaces/cmake/more_interfacesConfig-version.cmake
[13.420s] -- Installing: /home/timl/ros2_ws/install/more_interfaces/share/more_interfaces/package.xml
[13.422s] Invoked command in '/home/timl/ros2_ws/build/more_interfaces' returned '0': CMAKE_PREFIX_PATH=${CMAKE_PREFIX_PATH}:/home/timl/ros2_ws/install/py_pubsub:/opt/ros/jazzy /usr/bin/cmake --install /home/timl/ros2_ws/build/more_interfaces
