[0.030s] Invoking command in '/home/timl/ros2_ws/build/my_package': CMAKE_PREFIX_PATH=${CMAKE_PREFIX_PATH}:/home/timl/ros2_ws/install/py_pubsub:/opt/ros/jazzy /usr/bin/cmake --build /home/timl/ros2_ws/build/my_package -- -j6 -l6
[0.246s] [100%] Built target my_node
[0.606s] Invoked command in '/home/timl/ros2_ws/build/my_package' returned '0': CMAKE_PREFIX_PATH=${CMAKE_PREFIX_PATH}:/home/timl/ros2_ws/install/py_pubsub:/opt/ros/jazzy /usr/bin/cmake --build /home/timl/ros2_ws/build/my_package -- -j6 -l6
[0.608s] Invoking command in '/home/timl/ros2_ws/build/my_package': CMAKE_PREFIX_PATH=${CMAKE_PREFIX_PATH}:/home/timl/ros2_ws/install/py_pubsub:/opt/ros/jazzy /usr/bin/cmake --install /home/timl/ros2_ws/build/my_package
[0.622s] -- Install configuration: ""
[0.623s] -- Up-to-date: /home/timl/ros2_ws/install/my_package/lib/my_package/my_node
[0.628s] -- Up-to-date: /home/timl/ros2_ws/install/my_package/share/ament_index/resource_index/package_run_dependencies/my_package
[0.628s] -- Up-to-date: /home/timl/ros2_ws/install/my_package/share/ament_index/resource_index/parent_prefix_path/my_package
[0.630s] -- Up-to-date: /home/timl/ros2_ws/install/my_package/share/my_package/environment/ament_prefix_path.sh
[0.630s] -- Up-to-date: /home/timl/ros2_ws/install/my_package/share/my_package/environment/ament_prefix_path.dsv
[0.631s] -- Up-to-date: /home/timl/ros2_ws/install/my_package/share/my_package/environment/path.sh
[0.631s] -- Up-to-date: /home/timl/ros2_ws/install/my_package/share/my_package/environment/path.dsv
[0.631s] -- Up-to-date: /home/timl/ros2_ws/install/my_package/share/my_package/local_setup.bash
[0.632s] -- Up-to-date: /home/timl/ros2_ws/install/my_package/share/my_package/local_setup.sh
[0.633s] -- Up-to-date: /home/timl/ros2_ws/install/my_package/share/my_package/local_setup.zsh
[0.633s] -- Up-to-date: /home/timl/ros2_ws/install/my_package/share/my_package/local_setup.dsv
[0.633s] -- Installing: /home/timl/ros2_ws/install/my_package/share/my_package/package.dsv
[0.637s] -- Up-to-date: /home/timl/ros2_ws/install/my_package/share/ament_index/resource_index/packages/my_package
[0.639s] -- Up-to-date: /home/timl/ros2_ws/install/my_package/share/my_package/cmake/my_packageConfig.cmake
[0.639s] -- Up-to-date: /home/timl/ros2_ws/install/my_package/share/my_package/cmake/my_packageConfig-version.cmake
[0.640s] -- Up-to-date: /home/timl/ros2_ws/install/my_package/share/my_package/package.xml
[0.651s] Invoked command in '/home/timl/ros2_ws/build/my_package' returned '0': CMAKE_PREFIX_PATH=${CMAKE_PREFIX_PATH}:/home/timl/ros2_ws/install/py_pubsub:/opt/ros/jazzy /usr/bin/cmake --install /home/timl/ros2_ws/build/my_package
