[0.016s] Invoking command in '/home/timl/ros2_ws/build/my_cpp_pkg': CMAKE_PREFIX_PATH=${CMAKE_PREFIX_PATH}:/home/timl/ros2_ws/install/py_pubsub:/home/timl/ros2_ws/install/my_py_pkg:/opt/ros/jazzy /usr/bin/cmake --build /home/timl/ros2_ws/build/my_cpp_pkg -- -j6 -l6
[0.079s] [ 25%] Built target robot_news_station
[0.080s] [ 50%] Built target smartphone
[0.081s] [ 75%] Built target cpp_node
[0.088s] [ 87%] [32mBuilding CXX object CMakeFiles/add_two_ints_server.dir/src/add_two_ints_server.cpp.o[0m
[4.145s] [100%] [32m[1mLinking CXX executable add_two_ints_server[0m
[4.459s] [100%] Built target add_two_ints_server
[4.471s] Invoked command in '/home/timl/ros2_ws/build/my_cpp_pkg' returned '0': CMAKE_PREFIX_PATH=${CMAKE_PREFIX_PATH}:/home/timl/ros2_ws/install/py_pubsub:/home/timl/ros2_ws/install/my_py_pkg:/opt/ros/jazzy /usr/bin/cmake --build /home/timl/ros2_ws/build/my_cpp_pkg -- -j6 -l6
[4.482s] Invoking command in '/home/timl/ros2_ws/build/my_cpp_pkg': CMAKE_PREFIX_PATH=${CMAKE_PREFIX_PATH}:/home/timl/ros2_ws/install/py_pubsub:/home/timl/ros2_ws/install/my_py_pkg:/opt/ros/jazzy /usr/bin/cmake --install /home/timl/ros2_ws/build/my_cpp_pkg
[4.490s] -- Install configuration: ""
[4.490s] -- Up-to-date: /home/timl/ros2_ws/install/my_cpp_pkg/lib/my_cpp_pkg/cpp_node
[4.490s] -- Up-to-date: /home/timl/ros2_ws/install/my_cpp_pkg/lib/my_cpp_pkg/robot_news_station
[4.491s] -- Up-to-date: /home/timl/ros2_ws/install/my_cpp_pkg/lib/my_cpp_pkg/smartphone
[4.491s] -- Installing: /home/timl/ros2_ws/install/my_cpp_pkg/lib/my_cpp_pkg/add_two_ints_server
[4.492s] -- Set non-toolchain portion of runtime path of "/home/timl/ros2_ws/install/my_cpp_pkg/lib/my_cpp_pkg/add_two_ints_server" to ""
[4.493s] -- Up-to-date: /home/timl/ros2_ws/install/my_cpp_pkg/share/ament_index/resource_index/package_run_dependencies/my_cpp_pkg
[4.493s] -- Up-to-date: /home/timl/ros2_ws/install/my_cpp_pkg/share/ament_index/resource_index/parent_prefix_path/my_cpp_pkg
[4.493s] -- Up-to-date: /home/timl/ros2_ws/install/my_cpp_pkg/share/my_cpp_pkg/environment/ament_prefix_path.sh
[4.493s] -- Up-to-date: /home/timl/ros2_ws/install/my_cpp_pkg/share/my_cpp_pkg/environment/ament_prefix_path.dsv
[4.494s] -- Up-to-date: /home/timl/ros2_ws/install/my_cpp_pkg/share/my_cpp_pkg/environment/path.sh
[4.494s] -- Up-to-date: /home/timl/ros2_ws/install/my_cpp_pkg/share/my_cpp_pkg/environment/path.dsv
[4.494s] -- Up-to-date: /home/timl/ros2_ws/install/my_cpp_pkg/share/my_cpp_pkg/local_setup.bash
[4.494s] -- Up-to-date: /home/timl/ros2_ws/install/my_cpp_pkg/share/my_cpp_pkg/local_setup.sh
[4.494s] -- Up-to-date: /home/timl/ros2_ws/install/my_cpp_pkg/share/my_cpp_pkg/local_setup.zsh
[4.494s] -- Up-to-date: /home/timl/ros2_ws/install/my_cpp_pkg/share/my_cpp_pkg/local_setup.dsv
[4.494s] -- Installing: /home/timl/ros2_ws/install/my_cpp_pkg/share/my_cpp_pkg/package.dsv
[4.494s] -- Up-to-date: /home/timl/ros2_ws/install/my_cpp_pkg/share/ament_index/resource_index/packages/my_cpp_pkg
[4.494s] -- Up-to-date: /home/timl/ros2_ws/install/my_cpp_pkg/share/my_cpp_pkg/cmake/my_cpp_pkgConfig.cmake
[4.494s] -- Up-to-date: /home/timl/ros2_ws/install/my_cpp_pkg/share/my_cpp_pkg/cmake/my_cpp_pkgConfig-version.cmake
[4.494s] -- Up-to-date: /home/timl/ros2_ws/install/my_cpp_pkg/share/my_cpp_pkg/package.xml
[4.496s] Invoked command in '/home/timl/ros2_ws/build/my_cpp_pkg' returned '0': CMAKE_PREFIX_PATH=${CMAKE_PREFIX_PATH}:/home/timl/ros2_ws/install/py_pubsub:/home/timl/ros2_ws/install/my_py_pkg:/opt/ros/jazzy /usr/bin/cmake --install /home/timl/ros2_ws/build/my_cpp_pkg
