[0.055s] Invoking command in '/home/timl/ros2_ws/src/build/more_interfaces': CMAKE_PREFIX_PATH=${CMAKE_PREFIX_PATH}:/home/timl/ros2_ws/install/py_pubsub:/opt/ros/jazzy /usr/bin/cmake /home/timl/ros2_ws/src/more_interfaces -DCMAKE_INSTALL_PREFIX=/home/timl/ros2_ws/src/install/more_interfaces
[0.245s] -- The C compiler identification is GNU 13.3.0
[1.270s] -- The CXX compiler identification is GNU 13.3.0
[2.158s] -- Detecting C compiler ABI info
[2.592s] -- Detecting C compiler ABI info - done
[2.601s] -- Check for working C compiler: /usr/bin/cc - skipped
[2.601s] -- Detecting C compile features
[2.609s] -- Detecting C compile features - done
[2.729s] -- Detecting CXX compiler ABI info
[3.284s] -- Detecting CXX compiler ABI info - done
[3.288s] -- Check for working CXX compiler: /usr/bin/c++ - skipped
[3.288s] -- Detecting CXX compile features
[3.289s] -- Detecting CXX compile features - done
[3.296s] -- Found ament_cmake: 2.5.3 (/opt/ros/jazzy/share/ament_cmake/cmake)
[3.580s] -- Found Python3: /usr/bin/python3 (found version "3.12.3") found components: Interpreter 
[3.748s] -- Found rosidl_default_generators: 1.6.0 (/opt/ros/jazzy/share/rosidl_default_generators/cmake)
[3.766s] -- Using all available rosidl_typesupport_c: rosidl_typesupport_fastrtps_c;rosidl_typesupport_introspection_c
[4.196s] -- Using all available rosidl_typesupport_cpp: rosidl_typesupport_fastrtps_cpp;rosidl_typesupport_introspection_cpp
[4.255s] -- Found rosidl_adapter: 4.6.5 (/opt/ros/jazzy/share/rosidl_adapter/cmake)
[5.091s] -- Found ament_cmake_ros: 0.12.0 (/opt/ros/jazzy/share/ament_cmake_ros/cmake)
[5.845s] -- Using all available rosidl_typesupport_c: rosidl_typesupport_fastrtps_c;rosidl_typesupport_introspection_c
[7.041s] -- Using all available rosidl_typesupport_cpp: rosidl_typesupport_fastrtps_cpp;rosidl_typesupport_introspection_cpp
[7.041s] -- Found python_cmake_module: 0.11.1 (/opt/ros/jazzy/share/python_cmake_module/cmake)
[7.458s] -- Found PythonExtra: /usr/bin/python3  
[8.801s] -- Found Python3: /usr/bin/python3 (found version "3.12.3") found components: Interpreter Development NumPy Development.Module Development.Embed 
[8.873s] -- Found rclcpp: 28.1.6 (/opt/ros/jazzy/share/rclcpp/cmake)
[9.047s] -- Found rmw_implementation_cmake: 7.3.1 (/opt/ros/jazzy/share/rmw_implementation_cmake/cmake)
[9.055s] -- Found rmw_fastrtps_cpp: 8.4.1 (/opt/ros/jazzy/share/rmw_fastrtps_cpp/cmake)
[9.399s] -- Found OpenSSL: /usr/lib/x86_64-linux-gnu/libcrypto.so (found version "3.0.13")  
[9.734s] -- Found FastRTPS: /opt/ros/jazzy/include (Required is at least version "2.13") 
[9.907s] -- Using RMW implementation 'rmw_fastrtps_cpp' as default
[10.258s] -- Configuring done (10.2s)
[10.333s] -- Generating done (0.1s)
[10.371s] -- Build files have been written to: /home/timl/ros2_ws/src/build/more_interfaces
[10.395s] Invoked command in '/home/timl/ros2_ws/src/build/more_interfaces' returned '0': CMAKE_PREFIX_PATH=${CMAKE_PREFIX_PATH}:/home/timl/ros2_ws/install/py_pubsub:/opt/ros/jazzy /usr/bin/cmake /home/timl/ros2_ws/src/more_interfaces -DCMAKE_INSTALL_PREFIX=/home/timl/ros2_ws/src/install/more_interfaces
[10.396s] Invoking command in '/home/timl/ros2_ws/src/build/more_interfaces': CMAKE_PREFIX_PATH=${CMAKE_PREFIX_PATH}:/home/timl/ros2_ws/install/py_pubsub:/opt/ros/jazzy /usr/bin/cmake --build /home/timl/ros2_ws/src/build/more_interfaces -- -j6 -l6
[10.454s] [  2%] [34m[1mGenerating type hashes for ROS interfaces[0m
[10.480s] [  2%] Built target ament_cmake_python_copy_more_interfaces
[10.693s] [  2%] Built target more_interfaces__rosidl_generator_type_description
[10.712s] [  5%] [34m[1mGenerating C code for ROS interfaces[0m
[10.760s] [  8%] [34m[1mGenerating C++ code for ROS interfaces[0m
[10.796s] running egg_info
[10.796s] creating more_interfaces.egg-info
[10.828s] writing more_interfaces.egg-info/PKG-INFO
[10.829s] writing dependency_links to more_interfaces.egg-info/dependency_links.txt
[10.829s] writing top-level names to more_interfaces.egg-info/top_level.txt
[10.829s] writing manifest file 'more_interfaces.egg-info/SOURCES.txt'
[11.009s] reading manifest file 'more_interfaces.egg-info/SOURCES.txt'
[11.016s] writing manifest file 'more_interfaces.egg-info/SOURCES.txt'
[11.099s] [  8%] Built target ament_cmake_python_build_more_interfaces_egg
[11.290s] [ 11%] [32mBuilding C object CMakeFiles/more_interfaces__rosidl_generator_c.dir/rosidl_generator_c/more_interfaces/msg/detail/address_book__description.c.o[0m
[11.323s] [ 16%] [32mBuilding C object CMakeFiles/more_interfaces__rosidl_generator_c.dir/rosidl_generator_c/more_interfaces/msg/detail/address_book__functions.c.o[0m
[11.332s] [ 16%] [32mBuilding C object CMakeFiles/more_interfaces__rosidl_generator_c.dir/rosidl_generator_c/more_interfaces/msg/detail/address_book__type_support.c.o[0m
[11.454s] [ 19%] [32m[1mLinking C shared library libmore_interfaces__rosidl_generator_c.so[0m
[11.472s] [ 19%] Built target more_interfaces__cpp
[11.747s] [ 19%] Built target more_interfaces__rosidl_generator_c
[11.778s] [ 22%] [34m[1mGenerating C++ type support dispatch for ROS interfaces[0m
[11.822s] [ 25%] [34m[1mGenerating C type support for eProsima Fast-RTPS[0m
[11.840s] [ 27%] [34m[1mGenerating C introspection for ROS interfaces[0m
[11.858s] [ 30%] [34m[1mGenerating C++ type support for eProsima Fast-RTPS[0m
[11.869s] [ 33%] [34m[1mGenerating C type support dispatch for ROS interfaces[0m
[11.870s] [ 36%] [34m[1mGenerating C++ introspection for ROS interfaces[0m
[12.619s] [ 38%] [32mBuilding CXX object CMakeFiles/more_interfaces__rosidl_typesupport_cpp.dir/rosidl_typesupport_cpp/more_interfaces/msg/address_book__type_support.cpp.o[0m
[12.686s] [ 41%] [32mBuilding CXX object CMakeFiles/more_interfaces__rosidl_typesupport_fastrtps_c.dir/rosidl_typesupport_fastrtps_c/more_interfaces/msg/detail/address_book__type_support_c.cpp.o[0m
[12.723s] [ 44%] [32mBuilding C object CMakeFiles/more_interfaces__rosidl_typesupport_introspection_c.dir/rosidl_typesupport_introspection_c/more_interfaces/msg/detail/address_book__type_support.c.o[0m
[12.742s] [ 47%] [32mBuilding CXX object CMakeFiles/more_interfaces__rosidl_typesupport_c.dir/rosidl_typesupport_c/more_interfaces/msg/address_book__type_support.cpp.o[0m
[12.772s] [ 50%] [32mBuilding CXX object CMakeFiles/more_interfaces__rosidl_typesupport_introspection_cpp.dir/rosidl_typesupport_introspection_cpp/more_interfaces/msg/detail/address_book__type_support.cpp.o[0m
[12.812s] [ 52%] [32mBuilding CXX object CMakeFiles/more_interfaces__rosidl_typesupport_fastrtps_cpp.dir/rosidl_typesupport_fastrtps_cpp/more_interfaces/msg/detail/dds_fastrtps/address_book__type_support.cpp.o[0m
[12.872s] [ 55%] [32m[1mLinking C shared library libmore_interfaces__rosidl_typesupport_introspection_c.so[0m
[12.994s] [ 58%] [32m[1mLinking CXX shared library libmore_interfaces__rosidl_typesupport_c.so[0m
[13.344s] [ 58%] Built target more_interfaces__rosidl_typesupport_introspection_c
[13.519s] [ 58%] Built target more_interfaces__rosidl_typesupport_c
[13.584s] [ 61%] [32m[1mLinking CXX shared library libmore_interfaces__rosidl_typesupport_introspection_cpp.so[0m
[13.638s] [ 63%] [32m[1mLinking CXX shared library libmore_interfaces__rosidl_typesupport_cpp.so[0m
[13.952s] [ 66%] [32m[1mLinking CXX shared library libmore_interfaces__rosidl_typesupport_fastrtps_c.so[0m
[13.969s] [ 66%] Built target more_interfaces__rosidl_typesupport_cpp
[13.976s] [ 69%] [32m[1mLinking CXX shared library libmore_interfaces__rosidl_typesupport_fastrtps_cpp.so[0m
[14.002s] [ 69%] Built target more_interfaces__rosidl_typesupport_introspection_cpp
[14.005s] [ 72%] [32mBuilding CXX object CMakeFiles/publish_address_book.dir/src/publish_address_book.cpp.o[0m
[14.200s] [ 72%] Built target more_interfaces__rosidl_typesupport_fastrtps_c
[14.425s] [ 72%] Built target more_interfaces__rosidl_typesupport_fastrtps_cpp
[14.457s] [ 72%] Built target more_interfaces
[14.489s] [ 75%] [34m[1mGenerating Python code for ROS interfaces[0m
[15.011s] [ 75%] Built target more_interfaces__py
[15.043s] [ 77%] [32mBuilding C object CMakeFiles/more_interfaces__rosidl_generator_py.dir/rosidl_generator_py/more_interfaces/msg/_address_book_s.c.o[0m
[15.204s] [ 80%] [32m[1mLinking C shared library libmore_interfaces__rosidl_generator_py.so[0m
[15.446s] [ 80%] Built target more_interfaces__rosidl_generator_py
[15.508s] [ 86%] [32mBuilding C object CMakeFiles/more_interfaces_s__rosidl_typesupport_fastrtps_c.dir/rosidl_generator_py/more_interfaces/_more_interfaces_s.ep.rosidl_typesupport_fastrtps_c.c.o[0m
[15.509s] [ 86%] [32mBuilding C object CMakeFiles/more_interfaces_s__rosidl_typesupport_introspection_c.dir/rosidl_generator_py/more_interfaces/_more_interfaces_s.ep.rosidl_typesupport_introspection_c.c.o[0m
[15.517s] [ 88%] [32mBuilding C object CMakeFiles/more_interfaces_s__rosidl_typesupport_c.dir/rosidl_generator_py/more_interfaces/_more_interfaces_s.ep.rosidl_typesupport_c.c.o[0m
[15.663s] [ 91%] [32m[1mLinking C shared module rosidl_generator_py/more_interfaces/more_interfaces_s__rosidl_typesupport_fastrtps_c.so[0m
[15.684s] [ 94%] [32m[1mLinking C shared module rosidl_generator_py/more_interfaces/more_interfaces_s__rosidl_typesupport_introspection_c.so[0m
[15.686s] [ 97%] [32m[1mLinking C shared module rosidl_generator_py/more_interfaces/more_interfaces_s__rosidl_typesupport_c.so[0m
[15.819s] [ 97%] Built target more_interfaces_s__rosidl_typesupport_fastrtps_c
[15.833s] [ 97%] Built target more_interfaces_s__rosidl_typesupport_introspection_c
[15.857s] [ 97%] Built target more_interfaces_s__rosidl_typesupport_c
[20.847s] [100%] [32m[1mLinking CXX executable publish_address_book[0m
[21.481s] [100%] Built target publish_address_book
[21.518s] Invoked command in '/home/timl/ros2_ws/src/build/more_interfaces' returned '0': CMAKE_PREFIX_PATH=${CMAKE_PREFIX_PATH}:/home/timl/ros2_ws/install/py_pubsub:/opt/ros/jazzy /usr/bin/cmake --build /home/timl/ros2_ws/src/build/more_interfaces -- -j6 -l6
[21.519s] Invoking command in '/home/timl/ros2_ws/src/build/more_interfaces': CMAKE_PREFIX_PATH=${CMAKE_PREFIX_PATH}:/home/timl/ros2_ws/install/py_pubsub:/opt/ros/jazzy /usr/bin/cmake --install /home/timl/ros2_ws/src/build/more_interfaces
[21.529s] -- Install configuration: ""
[21.530s] -- Installing: /home/timl/ros2_ws/src/install/more_interfaces/share/ament_index/resource_index/rosidl_interfaces/more_interfaces
[21.534s] -- Installing: /home/timl/ros2_ws/src/install/more_interfaces/share/more_interfaces/msg/AddressBook.json
[21.536s] -- Installing: /home/timl/ros2_ws/src/install/more_interfaces/include/more_interfaces/more_interfaces
[21.537s] -- Installing: /home/timl/ros2_ws/src/install/more_interfaces/include/more_interfaces/more_interfaces/msg
[21.538s] -- Installing: /home/timl/ros2_ws/src/install/more_interfaces/include/more_interfaces/more_interfaces/msg/detail
[21.538s] -- Installing: /home/timl/ros2_ws/src/install/more_interfaces/include/more_interfaces/more_interfaces/msg/detail/address_book__type_support.c
[21.539s] -- Installing: /home/timl/ros2_ws/src/install/more_interfaces/include/more_interfaces/more_interfaces/msg/detail/address_book__functions.c
[21.541s] -- Installing: /home/timl/ros2_ws/src/install/more_interfaces/include/more_interfaces/more_interfaces/msg/detail/address_book__description.c
[21.542s] -- Installing: /home/timl/ros2_ws/src/install/more_interfaces/include/more_interfaces/more_interfaces/msg/detail/address_book__type_support.h
[21.544s] -- Installing: /home/timl/ros2_ws/src/install/more_interfaces/include/more_interfaces/more_interfaces/msg/detail/address_book__functions.h
[21.545s] -- Installing: /home/timl/ros2_ws/src/install/more_interfaces/include/more_interfaces/more_interfaces/msg/detail/address_book__struct.h
[21.546s] -- Installing: /home/timl/ros2_ws/src/install/more_interfaces/include/more_interfaces/more_interfaces/msg/address_book.h
[21.546s] -- Installing: /home/timl/ros2_ws/src/install/more_interfaces/include/more_interfaces/more_interfaces/msg/rosidl_generator_c__visibility_control.h
[21.548s] -- Installing: /home/timl/ros2_ws/src/install/more_interfaces/share/more_interfaces/environment/library_path.sh
[21.551s] -- Installing: /home/timl/ros2_ws/src/install/more_interfaces/share/more_interfaces/environment/library_path.dsv
[21.551s] -- Installing: /home/timl/ros2_ws/src/install/more_interfaces/lib/libmore_interfaces__rosidl_generator_c.so
[21.552s] -- Set non-toolchain portion of runtime path of "/home/timl/ros2_ws/src/install/more_interfaces/lib/libmore_interfaces__rosidl_generator_c.so" to ""
[21.554s] -- Up-to-date: /home/timl/ros2_ws/src/install/more_interfaces/include/more_interfaces/more_interfaces
[21.554s] -- Up-to-date: /home/timl/ros2_ws/src/install/more_interfaces/include/more_interfaces/more_interfaces/msg
[21.555s] -- Up-to-date: /home/timl/ros2_ws/src/install/more_interfaces/include/more_interfaces/more_interfaces/msg/detail
[21.555s] -- Installing: /home/timl/ros2_ws/src/install/more_interfaces/include/more_interfaces/more_interfaces/msg/detail/address_book__rosidl_typesupport_fastrtps_c.h
[21.556s] -- Installing: /home/timl/ros2_ws/src/install/more_interfaces/include/more_interfaces/more_interfaces/msg/rosidl_typesupport_fastrtps_c__visibility_control.h
[21.556s] -- Installing: /home/timl/ros2_ws/src/install/more_interfaces/lib/libmore_interfaces__rosidl_typesupport_fastrtps_c.so
[21.557s] -- Set non-toolchain portion of runtime path of "/home/timl/ros2_ws/src/install/more_interfaces/lib/libmore_interfaces__rosidl_typesupport_fastrtps_c.so" to ""
[21.557s] -- Up-to-date: /home/timl/ros2_ws/src/install/more_interfaces/include/more_interfaces/more_interfaces
[21.557s] -- Up-to-date: /home/timl/ros2_ws/src/install/more_interfaces/include/more_interfaces/more_interfaces/msg
[21.557s] -- Up-to-date: /home/timl/ros2_ws/src/install/more_interfaces/include/more_interfaces/more_interfaces/msg/detail
[21.557s] -- Installing: /home/timl/ros2_ws/src/install/more_interfaces/include/more_interfaces/more_interfaces/msg/detail/address_book__type_support.c
[21.558s] -- Installing: /home/timl/ros2_ws/src/install/more_interfaces/include/more_interfaces/more_interfaces/msg/detail/address_book__rosidl_typesupport_introspection_c.h
[21.559s] -- Installing: /home/timl/ros2_ws/src/install/more_interfaces/include/more_interfaces/more_interfaces/msg/rosidl_typesupport_introspection_c__visibility_control.h
[21.559s] -- Installing: /home/timl/ros2_ws/src/install/more_interfaces/lib/libmore_interfaces__rosidl_typesupport_introspection_c.so
[21.559s] -- Set non-toolchain portion of runtime path of "/home/timl/ros2_ws/src/install/more_interfaces/lib/libmore_interfaces__rosidl_typesupport_introspection_c.so" to ""
[21.560s] -- Installing: /home/timl/ros2_ws/src/install/more_interfaces/lib/libmore_interfaces__rosidl_typesupport_c.so
[21.560s] -- Set non-toolchain portion of runtime path of "/home/timl/ros2_ws/src/install/more_interfaces/lib/libmore_interfaces__rosidl_typesupport_c.so" to ""
[21.569s] -- Up-to-date: /home/timl/ros2_ws/src/install/more_interfaces/include/more_interfaces/more_interfaces
[21.569s] -- Up-to-date: /home/timl/ros2_ws/src/install/more_interfaces/include/more_interfaces/more_interfaces/msg
[21.571s] -- Up-to-date: /home/timl/ros2_ws/src/install/more_interfaces/include/more_interfaces/more_interfaces/msg/detail
[21.571s] -- Installing: /home/timl/ros2_ws/src/install/more_interfaces/include/more_interfaces/more_interfaces/msg/detail/address_book__struct.hpp
[21.572s] -- Installing: /home/timl/ros2_ws/src/install/more_interfaces/include/more_interfaces/more_interfaces/msg/detail/address_book__builder.hpp
[21.572s] -- Installing: /home/timl/ros2_ws/src/install/more_interfaces/include/more_interfaces/more_interfaces/msg/detail/address_book__traits.hpp
[21.573s] -- Installing: /home/timl/ros2_ws/src/install/more_interfaces/include/more_interfaces/more_interfaces/msg/detail/address_book__type_support.hpp
[21.573s] -- Installing: /home/timl/ros2_ws/src/install/more_interfaces/include/more_interfaces/more_interfaces/msg/rosidl_generator_cpp__visibility_control.hpp
[21.573s] -- Installing: /home/timl/ros2_ws/src/install/more_interfaces/include/more_interfaces/more_interfaces/msg/address_book.hpp
[21.573s] -- Up-to-date: /home/timl/ros2_ws/src/install/more_interfaces/include/more_interfaces/more_interfaces
[21.577s] -- Up-to-date: /home/timl/ros2_ws/src/install/more_interfaces/include/more_interfaces/more_interfaces/msg
[21.578s] -- Up-to-date: /home/timl/ros2_ws/src/install/more_interfaces/include/more_interfaces/more_interfaces/msg/detail
[21.578s] -- Installing: /home/timl/ros2_ws/src/install/more_interfaces/include/more_interfaces/more_interfaces/msg/detail/dds_fastrtps
[21.578s] -- Installing: /home/timl/ros2_ws/src/install/more_interfaces/include/more_interfaces/more_interfaces/msg/detail/address_book__rosidl_typesupport_fastrtps_cpp.hpp
[21.578s] -- Installing: /home/timl/ros2_ws/src/install/more_interfaces/include/more_interfaces/more_interfaces/msg/rosidl_typesupport_fastrtps_cpp__visibility_control.h
[21.578s] -- Installing: /home/timl/ros2_ws/src/install/more_interfaces/lib/libmore_interfaces__rosidl_typesupport_fastrtps_cpp.so
[21.578s] -- Set non-toolchain portion of runtime path of "/home/timl/ros2_ws/src/install/more_interfaces/lib/libmore_interfaces__rosidl_typesupport_fastrtps_cpp.so" to ""
[21.578s] -- Up-to-date: /home/timl/ros2_ws/src/install/more_interfaces/include/more_interfaces/more_interfaces
[21.578s] -- Up-to-date: /home/timl/ros2_ws/src/install/more_interfaces/include/more_interfaces/more_interfaces/msg
[21.578s] -- Up-to-date: /home/timl/ros2_ws/src/install/more_interfaces/include/more_interfaces/more_interfaces/msg/detail
[21.578s] -- Installing: /home/timl/ros2_ws/src/install/more_interfaces/include/more_interfaces/more_interfaces/msg/detail/address_book__type_support.cpp
[21.578s] -- Installing: /home/timl/ros2_ws/src/install/more_interfaces/include/more_interfaces/more_interfaces/msg/detail/address_book__rosidl_typesupport_introspection_cpp.hpp
[21.578s] -- Installing: /home/timl/ros2_ws/src/install/more_interfaces/lib/libmore_interfaces__rosidl_typesupport_introspection_cpp.so
[21.578s] -- Set non-toolchain portion of runtime path of "/home/timl/ros2_ws/src/install/more_interfaces/lib/libmore_interfaces__rosidl_typesupport_introspection_cpp.so" to ""
[21.579s] -- Installing: /home/timl/ros2_ws/src/install/more_interfaces/lib/libmore_interfaces__rosidl_typesupport_cpp.so
[21.579s] -- Set non-toolchain portion of runtime path of "/home/timl/ros2_ws/src/install/more_interfaces/lib/libmore_interfaces__rosidl_typesupport_cpp.so" to ""
[21.579s] -- Installing: /home/timl/ros2_ws/src/install/more_interfaces/share/more_interfaces/environment/pythonpath.sh
[21.579s] -- Installing: /home/timl/ros2_ws/src/install/more_interfaces/share/more_interfaces/environment/pythonpath.dsv
[21.579s] -- Installing: /home/timl/ros2_ws/src/install/more_interfaces/lib/python3.12/site-packages/more_interfaces-0.0.0-py3.12.egg-info
[21.579s] -- Installing: /home/timl/ros2_ws/src/install/more_interfaces/lib/python3.12/site-packages/more_interfaces-0.0.0-py3.12.egg-info/top_level.txt
[21.579s] -- Installing: /home/timl/ros2_ws/src/install/more_interfaces/lib/python3.12/site-packages/more_interfaces-0.0.0-py3.12.egg-info/PKG-INFO
[21.579s] -- Installing: /home/timl/ros2_ws/src/install/more_interfaces/lib/python3.12/site-packages/more_interfaces-0.0.0-py3.12.egg-info/SOURCES.txt
[21.579s] -- Installing: /home/timl/ros2_ws/src/install/more_interfaces/lib/python3.12/site-packages/more_interfaces-0.0.0-py3.12.egg-info/dependency_links.txt
[21.579s] -- Installing: /home/timl/ros2_ws/src/install/more_interfaces/lib/python3.12/site-packages/more_interfaces
[21.579s] -- Installing: /home/timl/ros2_ws/src/install/more_interfaces/lib/python3.12/site-packages/more_interfaces/_more_interfaces_s.ep.rosidl_typesupport_fastrtps_c.c
[21.579s] -- Installing: /home/timl/ros2_ws/src/install/more_interfaces/lib/python3.12/site-packages/more_interfaces/more_interfaces_s__rosidl_typesupport_fastrtps_c.so
[21.580s] -- Installing: /home/timl/ros2_ws/src/install/more_interfaces/lib/python3.12/site-packages/more_interfaces/_more_interfaces_s.ep.rosidl_typesupport_introspection_c.c
[21.580s] -- Installing: /home/timl/ros2_ws/src/install/more_interfaces/lib/python3.12/site-packages/more_interfaces/more_interfaces_s__rosidl_typesupport_c.so
[21.580s] -- Installing: /home/timl/ros2_ws/src/install/more_interfaces/lib/python3.12/site-packages/more_interfaces/more_interfaces_s__rosidl_typesupport_introspection_c.so
[21.580s] -- Installing: /home/timl/ros2_ws/src/install/more_interfaces/lib/python3.12/site-packages/more_interfaces/_more_interfaces_s.ep.rosidl_typesupport_c.c
[21.580s] -- Installing: /home/timl/ros2_ws/src/install/more_interfaces/lib/python3.12/site-packages/more_interfaces/__init__.py
[21.580s] -- Installing: /home/timl/ros2_ws/src/install/more_interfaces/lib/python3.12/site-packages/more_interfaces/msg
[21.580s] -- Installing: /home/timl/ros2_ws/src/install/more_interfaces/lib/python3.12/site-packages/more_interfaces/msg/_address_book_s.c
[21.580s] -- Installing: /home/timl/ros2_ws/src/install/more_interfaces/lib/python3.12/site-packages/more_interfaces/msg/_address_book.py
[21.580s] -- Installing: /home/timl/ros2_ws/src/install/more_interfaces/lib/python3.12/site-packages/more_interfaces/msg/__init__.py
[21.747s] Listing '/home/timl/ros2_ws/src/install/more_interfaces/lib/python3.12/site-packages/more_interfaces'...
[21.747s] Compiling '/home/timl/ros2_ws/src/install/more_interfaces/lib/python3.12/site-packages/more_interfaces/__init__.py'...
[21.747s] Listing '/home/timl/ros2_ws/src/install/more_interfaces/lib/python3.12/site-packages/more_interfaces/msg'...
[21.747s] Compiling '/home/timl/ros2_ws/src/install/more_interfaces/lib/python3.12/site-packages/more_interfaces/msg/__init__.py'...
[21.747s] Compiling '/home/timl/ros2_ws/src/install/more_interfaces/lib/python3.12/site-packages/more_interfaces/msg/_address_book.py'...
[21.793s] -- Installing: /home/timl/ros2_ws/src/install/more_interfaces/lib/python3.12/site-packages/more_interfaces/more_interfaces_s__rosidl_typesupport_fastrtps_c.so
[21.793s] -- Set non-toolchain portion of runtime path of "/home/timl/ros2_ws/src/install/more_interfaces/lib/python3.12/site-packages/more_interfaces/more_interfaces_s__rosidl_typesupport_fastrtps_c.so" to ""
[21.793s] -- Installing: /home/timl/ros2_ws/src/install/more_interfaces/lib/python3.12/site-packages/more_interfaces/more_interfaces_s__rosidl_typesupport_introspection_c.so
[21.793s] -- Set non-toolchain portion of runtime path of "/home/timl/ros2_ws/src/install/more_interfaces/lib/python3.12/site-packages/more_interfaces/more_interfaces_s__rosidl_typesupport_introspection_c.so" to ""
[21.794s] -- Installing: /home/timl/ros2_ws/src/install/more_interfaces/lib/python3.12/site-packages/more_interfaces/more_interfaces_s__rosidl_typesupport_c.so
[21.794s] -- Set non-toolchain portion of runtime path of "/home/timl/ros2_ws/src/install/more_interfaces/lib/python3.12/site-packages/more_interfaces/more_interfaces_s__rosidl_typesupport_c.so" to ""
[21.794s] -- Installing: /home/timl/ros2_ws/src/install/more_interfaces/lib/libmore_interfaces__rosidl_generator_py.so
[21.794s] -- Set non-toolchain portion of runtime path of "/home/timl/ros2_ws/src/install/more_interfaces/lib/libmore_interfaces__rosidl_generator_py.so" to ""
[21.794s] -- Installing: /home/timl/ros2_ws/src/install/more_interfaces/share/more_interfaces/msg/AddressBook.idl
[21.795s] -- Installing: /home/timl/ros2_ws/src/install/more_interfaces/share/more_interfaces/msg/AddressBook.msg
[21.817s] -- Installing: /home/timl/ros2_ws/src/install/more_interfaces/lib/more_interfaces/publish_address_book
[21.817s] -- Set non-toolchain portion of runtime path of "/home/timl/ros2_ws/src/install/more_interfaces/lib/more_interfaces/publish_address_book" to ""
[21.817s] -- Installing: /home/timl/ros2_ws/src/install/more_interfaces/share/ament_index/resource_index/package_run_dependencies/more_interfaces
[21.817s] -- Installing: /home/timl/ros2_ws/src/install/more_interfaces/share/ament_index/resource_index/parent_prefix_path/more_interfaces
[21.817s] -- Installing: /home/timl/ros2_ws/src/install/more_interfaces/share/more_interfaces/environment/ament_prefix_path.sh
[21.817s] -- Installing: /home/timl/ros2_ws/src/install/more_interfaces/share/more_interfaces/environment/ament_prefix_path.dsv
[21.817s] -- Installing: /home/timl/ros2_ws/src/install/more_interfaces/share/more_interfaces/environment/path.sh
[21.818s] -- Installing: /home/timl/ros2_ws/src/install/more_interfaces/share/more_interfaces/environment/path.dsv
[21.818s] -- Installing: /home/timl/ros2_ws/src/install/more_interfaces/share/more_interfaces/local_setup.bash
[21.818s] -- Installing: /home/timl/ros2_ws/src/install/more_interfaces/share/more_interfaces/local_setup.sh
[21.818s] -- Installing: /home/timl/ros2_ws/src/install/more_interfaces/share/more_interfaces/local_setup.zsh
[21.818s] -- Installing: /home/timl/ros2_ws/src/install/more_interfaces/share/more_interfaces/local_setup.dsv
[21.818s] -- Installing: /home/timl/ros2_ws/src/install/more_interfaces/share/more_interfaces/package.dsv
[21.818s] -- Installing: /home/timl/ros2_ws/src/install/more_interfaces/share/ament_index/resource_index/packages/more_interfaces
[21.818s] -- Installing: /home/timl/ros2_ws/src/install/more_interfaces/share/more_interfaces/cmake/export_more_interfaces__rosidl_generator_cExport.cmake
[21.818s] -- Installing: /home/timl/ros2_ws/src/install/more_interfaces/share/more_interfaces/cmake/export_more_interfaces__rosidl_generator_cExport-noconfig.cmake
[21.818s] -- Installing: /home/timl/ros2_ws/src/install/more_interfaces/share/more_interfaces/cmake/export_more_interfaces__rosidl_typesupport_fastrtps_cExport.cmake
[21.818s] -- Installing: /home/timl/ros2_ws/src/install/more_interfaces/share/more_interfaces/cmake/export_more_interfaces__rosidl_typesupport_fastrtps_cExport-noconfig.cmake
[21.818s] -- Installing: /home/timl/ros2_ws/src/install/more_interfaces/share/more_interfaces/cmake/more_interfaces__rosidl_typesupport_introspection_cExport.cmake
[21.818s] -- Installing: /home/timl/ros2_ws/src/install/more_interfaces/share/more_interfaces/cmake/more_interfaces__rosidl_typesupport_introspection_cExport-noconfig.cmake
[21.819s] -- Installing: /home/timl/ros2_ws/src/install/more_interfaces/share/more_interfaces/cmake/more_interfaces__rosidl_typesupport_cExport.cmake
[21.819s] -- Installing: /home/timl/ros2_ws/src/install/more_interfaces/share/more_interfaces/cmake/more_interfaces__rosidl_typesupport_cExport-noconfig.cmake
[21.819s] -- Installing: /home/timl/ros2_ws/src/install/more_interfaces/share/more_interfaces/cmake/export_more_interfaces__rosidl_generator_cppExport.cmake
[21.819s] -- Installing: /home/timl/ros2_ws/src/install/more_interfaces/share/more_interfaces/cmake/export_more_interfaces__rosidl_typesupport_fastrtps_cppExport.cmake
[21.819s] -- Installing: /home/timl/ros2_ws/src/install/more_interfaces/share/more_interfaces/cmake/export_more_interfaces__rosidl_typesupport_fastrtps_cppExport-noconfig.cmake
[21.819s] -- Installing: /home/timl/ros2_ws/src/install/more_interfaces/share/more_interfaces/cmake/more_interfaces__rosidl_typesupport_introspection_cppExport.cmake
[21.849s] -- Installing: /home/timl/ros2_ws/src/install/more_interfaces/share/more_interfaces/cmake/more_interfaces__rosidl_typesupport_introspection_cppExport-noconfig.cmake
[21.850s] -- Installing: /home/timl/ros2_ws/src/install/more_interfaces/share/more_interfaces/cmake/more_interfaces__rosidl_typesupport_cppExport.cmake
[21.850s] -- Installing: /home/timl/ros2_ws/src/install/more_interfaces/share/more_interfaces/cmake/more_interfaces__rosidl_typesupport_cppExport-noconfig.cmake
[21.850s] -- Installing: /home/timl/ros2_ws/src/install/more_interfaces/share/more_interfaces/cmake/export_more_interfaces__rosidl_generator_pyExport.cmake
[21.850s] -- Installing: /home/timl/ros2_ws/src/install/more_interfaces/share/more_interfaces/cmake/export_more_interfaces__rosidl_generator_pyExport-noconfig.cmake
[21.851s] -- Installing: /home/timl/ros2_ws/src/install/more_interfaces/share/more_interfaces/cmake/rosidl_cmake-extras.cmake
[21.851s] -- Installing: /home/timl/ros2_ws/src/install/more_interfaces/share/more_interfaces/cmake/ament_cmake_export_include_directories-extras.cmake
[21.851s] -- Installing: /home/timl/ros2_ws/src/install/more_interfaces/share/more_interfaces/cmake/ament_cmake_export_libraries-extras.cmake
[21.851s] -- Installing: /home/timl/ros2_ws/src/install/more_interfaces/share/more_interfaces/cmake/ament_cmake_export_targets-extras.cmake
[21.851s] -- Installing: /home/timl/ros2_ws/src/install/more_interfaces/share/more_interfaces/cmake/rosidl_cmake_export_typesupport_targets-extras.cmake
[21.851s] -- Installing: /home/timl/ros2_ws/src/install/more_interfaces/share/more_interfaces/cmake/ament_cmake_export_dependencies-extras.cmake
[21.852s] -- Installing: /home/timl/ros2_ws/src/install/more_interfaces/share/more_interfaces/cmake/rosidl_cmake_export_typesupport_libraries-extras.cmake
[21.852s] -- Installing: /home/timl/ros2_ws/src/install/more_interfaces/share/more_interfaces/cmake/more_interfacesConfig.cmake
[21.852s] -- Installing: /home/timl/ros2_ws/src/install/more_interfaces/share/more_interfaces/cmake/more_interfacesConfig-version.cmake
[21.852s] -- Installing: /home/timl/ros2_ws/src/install/more_interfaces/share/more_interfaces/package.xml
[21.861s] Invoked command in '/home/timl/ros2_ws/src/build/more_interfaces' returned '0': CMAKE_PREFIX_PATH=${CMAKE_PREFIX_PATH}:/home/timl/ros2_ws/install/py_pubsub:/opt/ros/jazzy /usr/bin/cmake --install /home/timl/ros2_ws/src/build/more_interfaces
