[0.874s] Invoking command in '/home/timl/ros2_ws/src/A2': PYTHONPATH=/home/timl/ros2_ws/build/A2/prefix_override:/usr/lib/python3/dist-packages/colcon_core/task/python/colcon_distutils_commands:/home/timl/ros2_ws/install/A2/lib/python3.12/site-packages:${PYTHONPATH} /usr/bin/python3 -W ignore:setup.py install is deprecated -W ignore:easy_install command is deprecated setup.py egg_info --egg-base ../../build/A2 build --build-base /home/timl/ros2_ws/build/A2/build install --record /home/timl/ros2_ws/build/A2/install.log --single-version-externally-managed install_data
[1.162s] running egg_info
[1.185s] writing ../../build/A2/A2.egg-info/PKG-INFO
[1.185s] writing dependency_links to ../../build/A2/A2.egg-info/dependency_links.txt
[1.185s] writing entry points to ../../build/A2/A2.egg-info/entry_points.txt
[1.186s] writing requirements to ../../build/A2/A2.egg-info/requires.txt
[1.186s] writing top-level names to ../../build/A2/A2.egg-info/top_level.txt
[1.232s] reading manifest file '../../build/A2/A2.egg-info/SOURCES.txt'
[1.233s] writing manifest file '../../build/A2/A2.egg-info/SOURCES.txt'
[1.233s] running build
[1.233s] running build_py
[1.234s] running install
[1.239s] running install_lib
[1.262s] running install_data
[1.262s] running install_egg_info
[1.285s] removing '/home/timl/ros2_ws/install/A2/lib/python3.12/site-packages/A2-0.0.0-py3.12.egg-info' (and everything under it)
[1.286s] Copying ../../build/A2/A2.egg-info to /home/timl/ros2_ws/install/A2/lib/python3.12/site-packages/A2-0.0.0-py3.12.egg-info
[1.287s] running install_scripts
[1.433s] Installing counter script to /home/timl/ros2_ws/install/A2/lib/A2
[1.434s] writing list of installed files to '/home/timl/ros2_ws/build/A2/install.log'
[1.462s] Invoked command in '/home/timl/ros2_ws/src/A2' returned '0': PYTHONPATH=/home/timl/ros2_ws/build/A2/prefix_override:/usr/lib/python3/dist-packages/colcon_core/task/python/colcon_distutils_commands:/home/timl/ros2_ws/install/A2/lib/python3.12/site-packages:${PYTHONPATH} /usr/bin/python3 -W ignore:setup.py install is deprecated -W ignore:easy_install command is deprecated setup.py egg_info --egg-base ../../build/A2 build --build-base /home/timl/ros2_ws/build/A2/build install --record /home/timl/ros2_ws/build/A2/install.log --single-version-externally-managed install_data
