[0.200s] Invoking command in '/home/timl/ros2_ws/build/cpp_srvcli': CMAKE_PREFIX_PATH=${CMAKE_PREFIX_PATH}:/home/timl/ros2_ws/install/py_pubsub:/opt/ros/jazzy /usr/bin/cmake --build /home/timl/ros2_ws/build/cpp_srvcli -- -j6 -l6
[0.229s] -- Found ament_cmake: 2.5.3 (/opt/ros/jazzy/share/ament_cmake/cmake)
[0.463s] -- Found rclcpp: 28.1.6 (/opt/ros/jazzy/share/rclcpp/cmake)
[0.692s] -- Found rosidl_generator_c: 4.6.5 (/opt/ros/jazzy/share/rosidl_generator_c/cmake)
[0.703s] -- Found rosidl_generator_cpp: 4.6.5 (/opt/ros/jazzy/share/rosidl_generator_cpp/cmake)
[0.716s] -- Using all available rosidl_typesupport_c: rosidl_typesupport_fastrtps_c;rosidl_typesupport_introspection_c
[0.732s] -- Using all available rosidl_typesupport_cpp: rosidl_typesupport_fastrtps_cpp;rosidl_typesupport_introspection_cpp
[0.804s] -- Found rmw_implementation_cmake: 7.3.1 (/opt/ros/jazzy/share/rmw_implementation_cmake/cmake)
[0.806s] -- Found rmw_fastrtps_cpp: 8.4.1 (/opt/ros/jazzy/share/rmw_fastrtps_cpp/cmake)
[1.085s] -- Using RMW implementation 'rmw_fastrtps_cpp' as default
[1.325s] -- Found example_interfaces: 0.12.0 (/opt/ros/jazzy/share/example_interfaces/cmake)
[1.387s] -- Found tutorial_interfaces: 0.0.0 (/home/timl/ros2_ws/install/tutorial_interfaces/share/tutorial_interfaces/cmake)
[1.452s] -- Found ament_lint_auto: 0.17.1 (/opt/ros/jazzy/share/ament_lint_auto/cmake)
[1.555s] -- Added test 'cppcheck' to perform static code analysis on C / C++ code
[1.555s] -- Configured cppcheck include dirs: 
[1.555s] -- Configured cppcheck exclude dirs and/or files: 
[1.556s] -- Added test 'lint_cmake' to check CMake code style
[1.557s] -- Added test 'uncrustify' to check C / C++ code style
[1.557s] -- Configured uncrustify additional arguments: 
[1.557s] -- Added test 'xmllint' to check XML markup files
[1.558s] -- Configuring done (1.3s)
[1.578s] -- Generating done (0.0s)
[1.585s] -- Build files have been written to: /home/timl/ros2_ws/build/cpp_srvcli
[1.634s] [ 50%] [32mBuilding CXX object CMakeFiles/client.dir/src/add_two_ints_client.cpp.o[0m
[1.634s] [ 50%] [32mBuilding CXX object CMakeFiles/server.dir/src/add_two_ints_server.cpp.o[0m
[6.206s] [ 75%] [32m[1mLinking CXX executable server[0m
[6.457s] [100%] [32m[1mLinking CXX executable client[0m
[6.512s] [100%] Built target server
[6.735s] [100%] Built target client
[6.747s] Invoked command in '/home/timl/ros2_ws/build/cpp_srvcli' returned '0': CMAKE_PREFIX_PATH=${CMAKE_PREFIX_PATH}:/home/timl/ros2_ws/install/py_pubsub:/opt/ros/jazzy /usr/bin/cmake --build /home/timl/ros2_ws/build/cpp_srvcli -- -j6 -l6
[6.756s] Invoking command in '/home/timl/ros2_ws/build/cpp_srvcli': CMAKE_PREFIX_PATH=${CMAKE_PREFIX_PATH}:/home/timl/ros2_ws/install/py_pubsub:/opt/ros/jazzy /usr/bin/cmake --install /home/timl/ros2_ws/build/cpp_srvcli
[6.764s] -- Install configuration: ""
[6.765s] -- Installing: /home/timl/ros2_ws/install/cpp_srvcli/lib/cpp_srvcli/server
[6.766s] -- Set non-toolchain portion of runtime path of "/home/timl/ros2_ws/install/cpp_srvcli/lib/cpp_srvcli/server" to ""
[6.766s] -- Installing: /home/timl/ros2_ws/install/cpp_srvcli/lib/cpp_srvcli/client
[6.767s] -- Set non-toolchain portion of runtime path of "/home/timl/ros2_ws/install/cpp_srvcli/lib/cpp_srvcli/client" to ""
[6.768s] -- Up-to-date: /home/timl/ros2_ws/install/cpp_srvcli/share/ament_index/resource_index/package_run_dependencies/cpp_srvcli
[6.768s] -- Up-to-date: /home/timl/ros2_ws/install/cpp_srvcli/share/ament_index/resource_index/parent_prefix_path/cpp_srvcli
[6.768s] -- Up-to-date: /home/timl/ros2_ws/install/cpp_srvcli/share/cpp_srvcli/environment/ament_prefix_path.sh
[6.768s] -- Up-to-date: /home/timl/ros2_ws/install/cpp_srvcli/share/cpp_srvcli/environment/ament_prefix_path.dsv
[6.768s] -- Up-to-date: /home/timl/ros2_ws/install/cpp_srvcli/share/cpp_srvcli/environment/path.sh
[6.768s] -- Up-to-date: /home/timl/ros2_ws/install/cpp_srvcli/share/cpp_srvcli/environment/path.dsv
[6.769s] -- Up-to-date: /home/timl/ros2_ws/install/cpp_srvcli/share/cpp_srvcli/local_setup.bash
[6.769s] -- Up-to-date: /home/timl/ros2_ws/install/cpp_srvcli/share/cpp_srvcli/local_setup.sh
[6.769s] -- Up-to-date: /home/timl/ros2_ws/install/cpp_srvcli/share/cpp_srvcli/local_setup.zsh
[6.769s] -- Up-to-date: /home/timl/ros2_ws/install/cpp_srvcli/share/cpp_srvcli/local_setup.dsv
[6.769s] -- Installing: /home/timl/ros2_ws/install/cpp_srvcli/share/cpp_srvcli/package.dsv
[6.769s] -- Up-to-date: /home/timl/ros2_ws/install/cpp_srvcli/share/ament_index/resource_index/packages/cpp_srvcli
[6.769s] -- Up-to-date: /home/timl/ros2_ws/install/cpp_srvcli/share/cpp_srvcli/cmake/cpp_srvcliConfig.cmake
[6.769s] -- Up-to-date: /home/timl/ros2_ws/install/cpp_srvcli/share/cpp_srvcli/cmake/cpp_srvcliConfig-version.cmake
[6.769s] -- Installing: /home/timl/ros2_ws/install/cpp_srvcli/share/cpp_srvcli/package.xml
[6.770s] Invoked command in '/home/timl/ros2_ws/build/cpp_srvcli' returned '0': CMAKE_PREFIX_PATH=${CMAKE_PREFIX_PATH}:/home/timl/ros2_ws/install/py_pubsub:/opt/ros/jazzy /usr/bin/cmake --install /home/timl/ros2_ws/build/cpp_srvcli
