[0.025s] Invoking command in '/home/timl/ros2_ws/build/polygon_base': CMAKE_PREFIX_PATH=${CMAKE_PREFIX_PATH}:/opt/ros/jazzy /usr/bin/cmake --build /home/timl/ros2_ws/build/polygon_base -- -j6 -l6
[0.116s] [100%] Built target area_node
[0.126s] Invoked command in '/home/timl/ros2_ws/build/polygon_base' returned '0': CMAKE_PREFIX_PATH=${CMAKE_PREFIX_PATH}:/opt/ros/jazzy /usr/bin/cmake --build /home/timl/ros2_ws/build/polygon_base -- -j6 -l6
[0.144s] Invoking command in '/home/timl/ros2_ws/build/polygon_base': CMAKE_PREFIX_PATH=${CMAKE_PREFIX_PATH}:/opt/ros/jazzy /usr/bin/cmake --install /home/timl/ros2_ws/build/polygon_base
[0.157s] -- Install configuration: ""
[0.157s] -- Up-to-date: /home/timl/ros2_ws/install/polygon_base/include
[0.157s] -- Up-to-date: /home/timl/ros2_ws/install/polygon_base/include/polygon_base
[0.158s] -- Up-to-date: /home/timl/ros2_ws/install/polygon_base/include/polygon_base/regular_polygon.hpp
[0.158s] -- Up-to-date: /home/timl/ros2_ws/install/polygon_base/lib/polygon_base/area_node
[0.158s] -- Up-to-date: /home/timl/ros2_ws/install/polygon_base/share/ament_index/resource_index/package_run_dependencies/polygon_base
[0.158s] -- Up-to-date: /home/timl/ros2_ws/install/polygon_base/share/ament_index/resource_index/parent_prefix_path/polygon_base
[0.158s] -- Up-to-date: /home/timl/ros2_ws/install/polygon_base/share/polygon_base/environment/ament_prefix_path.sh
[0.158s] -- Up-to-date: /home/timl/ros2_ws/install/polygon_base/share/polygon_base/environment/ament_prefix_path.dsv
[0.158s] -- Up-to-date: /home/timl/ros2_ws/install/polygon_base/share/polygon_base/environment/path.sh
[0.158s] -- Up-to-date: /home/timl/ros2_ws/install/polygon_base/share/polygon_base/environment/path.dsv
[0.158s] -- Up-to-date: /home/timl/ros2_ws/install/polygon_base/share/polygon_base/local_setup.bash
[0.158s] -- Up-to-date: /home/timl/ros2_ws/install/polygon_base/share/polygon_base/local_setup.sh
[0.158s] -- Up-to-date: /home/timl/ros2_ws/install/polygon_base/share/polygon_base/local_setup.zsh
[0.158s] -- Up-to-date: /home/timl/ros2_ws/install/polygon_base/share/polygon_base/local_setup.dsv
[0.159s] -- Installing: /home/timl/ros2_ws/install/polygon_base/share/polygon_base/package.dsv
[0.159s] -- Up-to-date: /home/timl/ros2_ws/install/polygon_base/share/ament_index/resource_index/packages/polygon_base
[0.159s] -- Up-to-date: /home/timl/ros2_ws/install/polygon_base/share/polygon_base/cmake/ament_cmake_export_include_directories-extras.cmake
[0.161s] -- Up-to-date: /home/timl/ros2_ws/install/polygon_base/share/polygon_base/cmake/polygon_baseConfig.cmake
[0.161s] -- Up-to-date: /home/timl/ros2_ws/install/polygon_base/share/polygon_base/cmake/polygon_baseConfig-version.cmake
[0.161s] -- Up-to-date: /home/timl/ros2_ws/install/polygon_base/share/polygon_base/package.xml
[0.173s] Invoked command in '/home/timl/ros2_ws/build/polygon_base' returned '0': CMAKE_PREFIX_PATH=${CMAKE_PREFIX_PATH}:/opt/ros/jazzy /usr/bin/cmake --install /home/timl/ros2_ws/build/polygon_base
