[0.421s] DEBUG:colcon:Command line arguments: ['/usr/bin/colcon', 'list', '-p', '--base-paths', '/home/timl/ros2_ws']
[0.421s] DEBUG:colcon:Parsed command line arguments: Namespace(log_base=None, log_level=None, verb_name='list', build_base='build', ignore_user_meta=False, metas=['./colcon.meta'], base_paths=['/home/timl/ros2_ws'], packages_ignore=None, packages_ignore_regex=None, paths=None, packages_up_to=None, packages_up_to_regex=None, packages_above=None, packages_above_and_dependencies=None, packages_above_depth=None, packages_select_by_dep=None, packages_skip_by_dep=None, packages_skip_up_to=None, packages_select_build_failed=False, packages_skip_build_finished=False, packages_select_test_failures=False, packages_skip_test_passed=False, packages_select=None, packages_skip=None, packages_select_regex=None, packages_skip_regex=None, packages_start=None, packages_end=None, allow_overriding=[], topological_order=False, names_only=False, paths_only=True, topological_graph=False, topological_graph_dot=False, topological_graph_density=False, topological_graph_legend=False, topological_graph_dot_cluster=False, topological_graph_dot_include_skipped=False, mixin_files=None, mixin=None, verb_parser=<colcon_mixin.mixin.mixin_argument.MixinArgumentDecorator object at 0x7f6001712c00>, verb_extension=<colcon_package_information.verb.list.ListVerb object at 0x7f60017120c0>, main=<bound method ListVerb.main of <colcon_package_information.verb.list.ListVerb object at 0x7f60017120c0>>, mixin_verb=('list',))
[0.491s] Level 1:colcon.colcon_core.package_discovery:discover_packages(colcon_meta) check parameters
[0.491s] Level 1:colcon.colcon_core.package_discovery:discover_packages(recursive) check parameters
[0.492s] Level 1:colcon.colcon_core.package_discovery:discover_packages(ignore) check parameters
[0.492s] Level 1:colcon.colcon_core.package_discovery:discover_packages(path) check parameters
[0.492s] Level 1:colcon.colcon_core.package_discovery:discover_packages(recursive) discover
[0.492s] INFO:colcon.colcon_core.package_discovery:Crawling recursively for packages in '/home/timl/ros2_ws'
[0.492s] Level 1:colcon.colcon_core.package_identification:_identify(/home/timl/ros2_ws) by extensions ['ignore', 'ignore_ament_install']
[0.492s] Level 1:colcon.colcon_core.package_identification:_identify(/home/timl/ros2_ws) by extension 'ignore'
[0.492s] Level 1:colcon.colcon_core.package_identification:_identify(/home/timl/ros2_ws) by extension 'ignore_ament_install'
[0.492s] Level 1:colcon.colcon_core.package_identification:_identify(/home/timl/ros2_ws) by extensions ['colcon_pkg']
[0.492s] Level 1:colcon.colcon_core.package_identification:_identify(/home/timl/ros2_ws) by extension 'colcon_pkg'
[0.493s] Level 1:colcon.colcon_core.package_identification:_identify(/home/timl/ros2_ws) by extensions ['colcon_meta']
[0.493s] Level 1:colcon.colcon_core.package_identification:_identify(/home/timl/ros2_ws) by extension 'colcon_meta'
[0.493s] Level 1:colcon.colcon_core.package_identification:_identify(/home/timl/ros2_ws) by extensions ['ros']
[0.493s] Level 1:colcon.colcon_core.package_identification:_identify(/home/timl/ros2_ws) by extension 'ros'
[0.540s] Level 1:colcon.colcon_core.package_identification:_identify(/home/timl/ros2_ws) by extensions ['cmake', 'python']
[0.540s] Level 1:colcon.colcon_core.package_identification:_identify(/home/timl/ros2_ws) by extension 'cmake'
[0.540s] Level 1:colcon.colcon_core.package_identification:_identify(/home/timl/ros2_ws) by extension 'python'
[0.540s] Level 1:colcon.colcon_core.package_identification:_identify(/home/timl/ros2_ws) by extensions ['python_setup_py']
[0.540s] Level 1:colcon.colcon_core.package_identification:_identify(/home/timl/ros2_ws) by extension 'python_setup_py'
[0.541s] Level 1:colcon.colcon_core.package_identification:_identify(/home/timl/ros2_ws/build) by extensions ['ignore', 'ignore_ament_install']
[0.541s] Level 1:colcon.colcon_core.package_identification:_identify(/home/timl/ros2_ws/build) by extension 'ignore'
[0.541s] Level 1:colcon.colcon_core.package_identification:_identify(/home/timl/ros2_ws/build) ignored
[0.541s] Level 1:colcon.colcon_core.package_identification:_identify(/home/timl/ros2_ws/install) by extensions ['ignore', 'ignore_ament_install']
[0.541s] Level 1:colcon.colcon_core.package_identification:_identify(/home/timl/ros2_ws/install) by extension 'ignore'
[0.541s] Level 1:colcon.colcon_core.package_identification:_identify(/home/timl/ros2_ws/install) ignored
[0.541s] Level 1:colcon.colcon_core.package_identification:_identify(/home/timl/ros2_ws/log) by extensions ['ignore', 'ignore_ament_install']
[0.541s] Level 1:colcon.colcon_core.package_identification:_identify(/home/timl/ros2_ws/log) by extension 'ignore'
[0.541s] Level 1:colcon.colcon_core.package_identification:_identify(/home/timl/ros2_ws/log) ignored
[0.541s] Level 1:colcon.colcon_core.package_identification:_identify(/home/timl/ros2_ws/ros_tutorials) by extensions ['ignore', 'ignore_ament_install']
[0.542s] Level 1:colcon.colcon_core.package_identification:_identify(/home/timl/ros2_ws/ros_tutorials) by extension 'ignore'
[0.542s] Level 1:colcon.colcon_core.package_identification:_identify(/home/timl/ros2_ws/ros_tutorials) by extension 'ignore_ament_install'
[0.542s] Level 1:colcon.colcon_core.package_identification:_identify(/home/timl/ros2_ws/ros_tutorials) by extensions ['colcon_pkg']
[0.542s] Level 1:colcon.colcon_core.package_identification:_identify(/home/timl/ros2_ws/ros_tutorials) by extension 'colcon_pkg'
[0.542s] Level 1:colcon.colcon_core.package_identification:_identify(/home/timl/ros2_ws/ros_tutorials) by extensions ['colcon_meta']
[0.542s] Level 1:colcon.colcon_core.package_identification:_identify(/home/timl/ros2_ws/ros_tutorials) by extension 'colcon_meta'
[0.542s] Level 1:colcon.colcon_core.package_identification:_identify(/home/timl/ros2_ws/ros_tutorials) by extensions ['ros']
[0.542s] Level 1:colcon.colcon_core.package_identification:_identify(/home/timl/ros2_ws/ros_tutorials) by extension 'ros'
[0.542s] Level 1:colcon.colcon_core.package_identification:_identify(/home/timl/ros2_ws/ros_tutorials) by extensions ['cmake', 'python']
[0.542s] Level 1:colcon.colcon_core.package_identification:_identify(/home/timl/ros2_ws/ros_tutorials) by extension 'cmake'
[0.542s] Level 1:colcon.colcon_core.package_identification:_identify(/home/timl/ros2_ws/ros_tutorials) by extension 'python'
[0.542s] Level 1:colcon.colcon_core.package_identification:_identify(/home/timl/ros2_ws/ros_tutorials) by extensions ['python_setup_py']
[0.542s] Level 1:colcon.colcon_core.package_identification:_identify(/home/timl/ros2_ws/ros_tutorials) by extension 'python_setup_py'
[0.542s] Level 1:colcon.colcon_core.package_identification:_identify(/home/timl/ros2_ws/ros_tutorials/turtlesim) by extensions ['ignore', 'ignore_ament_install']
[0.542s] Level 1:colcon.colcon_core.package_identification:_identify(/home/timl/ros2_ws/ros_tutorials/turtlesim) by extension 'ignore'
[0.542s] Level 1:colcon.colcon_core.package_identification:_identify(/home/timl/ros2_ws/ros_tutorials/turtlesim) by extension 'ignore_ament_install'
[0.543s] Level 1:colcon.colcon_core.package_identification:_identify(/home/timl/ros2_ws/ros_tutorials/turtlesim) by extensions ['colcon_pkg']
[0.543s] Level 1:colcon.colcon_core.package_identification:_identify(/home/timl/ros2_ws/ros_tutorials/turtlesim) by extension 'colcon_pkg'
[0.543s] Level 1:colcon.colcon_core.package_identification:_identify(/home/timl/ros2_ws/ros_tutorials/turtlesim) by extensions ['colcon_meta']
[0.543s] Level 1:colcon.colcon_core.package_identification:_identify(/home/timl/ros2_ws/ros_tutorials/turtlesim) by extension 'colcon_meta'
[0.543s] Level 1:colcon.colcon_core.package_identification:_identify(/home/timl/ros2_ws/ros_tutorials/turtlesim) by extensions ['ros']
[0.543s] Level 1:colcon.colcon_core.package_identification:_identify(/home/timl/ros2_ws/ros_tutorials/turtlesim) by extension 'ros'
[0.551s] DEBUG:colcon.colcon_core.package_identification:Package '/home/timl/ros2_ws/ros_tutorials/turtlesim' with type 'ros.ament_cmake' and name 'turtlesim'
[0.551s] Level 1:colcon.colcon_core.package_identification:_identify(/home/timl/ros2_ws/src) by extensions ['ignore', 'ignore_ament_install']
[0.552s] Level 1:colcon.colcon_core.package_identification:_identify(/home/timl/ros2_ws/src) by extension 'ignore'
[0.552s] Level 1:colcon.colcon_core.package_identification:_identify(/home/timl/ros2_ws/src) by extension 'ignore_ament_install'
[0.552s] Level 1:colcon.colcon_core.package_identification:_identify(/home/timl/ros2_ws/src) by extensions ['colcon_pkg']
[0.553s] Level 1:colcon.colcon_core.package_identification:_identify(/home/timl/ros2_ws/src) by extension 'colcon_pkg'
[0.553s] Level 1:colcon.colcon_core.package_identification:_identify(/home/timl/ros2_ws/src) by extensions ['colcon_meta']
[0.553s] Level 1:colcon.colcon_core.package_identification:_identify(/home/timl/ros2_ws/src) by extension 'colcon_meta'
[0.553s] Level 1:colcon.colcon_core.package_identification:_identify(/home/timl/ros2_ws/src) by extensions ['ros']
[0.553s] Level 1:colcon.colcon_core.package_identification:_identify(/home/timl/ros2_ws/src) by extension 'ros'
[0.553s] Level 1:colcon.colcon_core.package_identification:_identify(/home/timl/ros2_ws/src) by extensions ['cmake', 'python']
[0.553s] Level 1:colcon.colcon_core.package_identification:_identify(/home/timl/ros2_ws/src) by extension 'cmake'
[0.553s] Level 1:colcon.colcon_core.package_identification:_identify(/home/timl/ros2_ws/src) by extension 'python'
[0.554s] Level 1:colcon.colcon_core.package_identification:_identify(/home/timl/ros2_ws/src) by extensions ['python_setup_py']
[0.554s] Level 1:colcon.colcon_core.package_identification:_identify(/home/timl/ros2_ws/src) by extension 'python_setup_py'
[0.554s] Level 1:colcon.colcon_core.package_identification:_identify(/home/timl/ros2_ws/src/build) by extensions ['ignore', 'ignore_ament_install']
[0.554s] Level 1:colcon.colcon_core.package_identification:_identify(/home/timl/ros2_ws/src/build) by extension 'ignore'
[0.554s] Level 1:colcon.colcon_core.package_identification:_identify(/home/timl/ros2_ws/src/build) ignored
[0.554s] Level 1:colcon.colcon_core.package_identification:_identify(/home/timl/ros2_ws/src/cpp_parameters) by extensions ['ignore', 'ignore_ament_install']
[0.555s] Level 1:colcon.colcon_core.package_identification:_identify(/home/timl/ros2_ws/src/cpp_parameters) by extension 'ignore'
[0.555s] Level 1:colcon.colcon_core.package_identification:_identify(/home/timl/ros2_ws/src/cpp_parameters) by extension 'ignore_ament_install'
[0.555s] Level 1:colcon.colcon_core.package_identification:_identify(/home/timl/ros2_ws/src/cpp_parameters) by extensions ['colcon_pkg']
[0.555s] Level 1:colcon.colcon_core.package_identification:_identify(/home/timl/ros2_ws/src/cpp_parameters) by extension 'colcon_pkg'
[0.555s] Level 1:colcon.colcon_core.package_identification:_identify(/home/timl/ros2_ws/src/cpp_parameters) by extensions ['colcon_meta']
[0.555s] Level 1:colcon.colcon_core.package_identification:_identify(/home/timl/ros2_ws/src/cpp_parameters) by extension 'colcon_meta'
[0.555s] Level 1:colcon.colcon_core.package_identification:_identify(/home/timl/ros2_ws/src/cpp_parameters) by extensions ['ros']
[0.555s] Level 1:colcon.colcon_core.package_identification:_identify(/home/timl/ros2_ws/src/cpp_parameters) by extension 'ros'
[0.555s] DEBUG:colcon.colcon_core.package_identification:Package '/home/timl/ros2_ws/src/cpp_parameters' with type 'ros.ament_cmake' and name 'cpp_parameters'
[0.556s] Level 1:colcon.colcon_core.package_identification:_identify(/home/timl/ros2_ws/src/cpp_pubsub) by extensions ['ignore', 'ignore_ament_install']
[0.556s] Level 1:colcon.colcon_core.package_identification:_identify(/home/timl/ros2_ws/src/cpp_pubsub) by extension 'ignore'
[0.556s] Level 1:colcon.colcon_core.package_identification:_identify(/home/timl/ros2_ws/src/cpp_pubsub) by extension 'ignore_ament_install'
[0.556s] Level 1:colcon.colcon_core.package_identification:_identify(/home/timl/ros2_ws/src/cpp_pubsub) by extensions ['colcon_pkg']
[0.556s] Level 1:colcon.colcon_core.package_identification:_identify(/home/timl/ros2_ws/src/cpp_pubsub) by extension 'colcon_pkg'
[0.556s] Level 1:colcon.colcon_core.package_identification:_identify(/home/timl/ros2_ws/src/cpp_pubsub) by extensions ['colcon_meta']
[0.556s] Level 1:colcon.colcon_core.package_identification:_identify(/home/timl/ros2_ws/src/cpp_pubsub) by extension 'colcon_meta'
[0.556s] Level 1:colcon.colcon_core.package_identification:_identify(/home/timl/ros2_ws/src/cpp_pubsub) by extensions ['ros']
[0.556s] Level 1:colcon.colcon_core.package_identification:_identify(/home/timl/ros2_ws/src/cpp_pubsub) by extension 'ros'
[0.557s] DEBUG:colcon.colcon_core.package_identification:Package '/home/timl/ros2_ws/src/cpp_pubsub' with type 'ros.ament_cmake' and name 'cpp_pubsub'
[0.557s] Level 1:colcon.colcon_core.package_identification:_identify(/home/timl/ros2_ws/src/cpp_srvcli) by extensions ['ignore', 'ignore_ament_install']
[0.557s] Level 1:colcon.colcon_core.package_identification:_identify(/home/timl/ros2_ws/src/cpp_srvcli) by extension 'ignore'
[0.557s] Level 1:colcon.colcon_core.package_identification:_identify(/home/timl/ros2_ws/src/cpp_srvcli) by extension 'ignore_ament_install'
[0.557s] Level 1:colcon.colcon_core.package_identification:_identify(/home/timl/ros2_ws/src/cpp_srvcli) by extensions ['colcon_pkg']
[0.557s] Level 1:colcon.colcon_core.package_identification:_identify(/home/timl/ros2_ws/src/cpp_srvcli) by extension 'colcon_pkg'
[0.557s] Level 1:colcon.colcon_core.package_identification:_identify(/home/timl/ros2_ws/src/cpp_srvcli) by extensions ['colcon_meta']
[0.557s] Level 1:colcon.colcon_core.package_identification:_identify(/home/timl/ros2_ws/src/cpp_srvcli) by extension 'colcon_meta'
[0.557s] Level 1:colcon.colcon_core.package_identification:_identify(/home/timl/ros2_ws/src/cpp_srvcli) by extensions ['ros']
[0.557s] Level 1:colcon.colcon_core.package_identification:_identify(/home/timl/ros2_ws/src/cpp_srvcli) by extension 'ros'
[0.558s] DEBUG:colcon.colcon_core.package_identification:Package '/home/timl/ros2_ws/src/cpp_srvcli' with type 'ros.ament_cmake' and name 'cpp_srvcli'
[0.558s] Level 1:colcon.colcon_core.package_identification:_identify(/home/timl/ros2_ws/src/custom_action_cpp) by extensions ['ignore', 'ignore_ament_install']
[0.558s] Level 1:colcon.colcon_core.package_identification:_identify(/home/timl/ros2_ws/src/custom_action_cpp) by extension 'ignore'
[0.558s] Level 1:colcon.colcon_core.package_identification:_identify(/home/timl/ros2_ws/src/custom_action_cpp) by extension 'ignore_ament_install'
[0.558s] Level 1:colcon.colcon_core.package_identification:_identify(/home/timl/ros2_ws/src/custom_action_cpp) by extensions ['colcon_pkg']
[0.558s] Level 1:colcon.colcon_core.package_identification:_identify(/home/timl/ros2_ws/src/custom_action_cpp) by extension 'colcon_pkg'
[0.558s] Level 1:colcon.colcon_core.package_identification:_identify(/home/timl/ros2_ws/src/custom_action_cpp) by extensions ['colcon_meta']
[0.558s] Level 1:colcon.colcon_core.package_identification:_identify(/home/timl/ros2_ws/src/custom_action_cpp) by extension 'colcon_meta'
[0.558s] Level 1:colcon.colcon_core.package_identification:_identify(/home/timl/ros2_ws/src/custom_action_cpp) by extensions ['ros']
[0.558s] Level 1:colcon.colcon_core.package_identification:_identify(/home/timl/ros2_ws/src/custom_action_cpp) by extension 'ros'
[0.559s] DEBUG:colcon.colcon_core.package_identification:Package '/home/timl/ros2_ws/src/custom_action_cpp' with type 'ros.ament_cmake' and name 'custom_action_cpp'
[0.559s] Level 1:colcon.colcon_core.package_identification:_identify(/home/timl/ros2_ws/src/custom_action_interfaces) by extensions ['ignore', 'ignore_ament_install']
[0.559s] Level 1:colcon.colcon_core.package_identification:_identify(/home/timl/ros2_ws/src/custom_action_interfaces) by extension 'ignore'
[0.559s] Level 1:colcon.colcon_core.package_identification:_identify(/home/timl/ros2_ws/src/custom_action_interfaces) by extension 'ignore_ament_install'
[0.559s] Level 1:colcon.colcon_core.package_identification:_identify(/home/timl/ros2_ws/src/custom_action_interfaces) by extensions ['colcon_pkg']
[0.559s] Level 1:colcon.colcon_core.package_identification:_identify(/home/timl/ros2_ws/src/custom_action_interfaces) by extension 'colcon_pkg'
[0.559s] Level 1:colcon.colcon_core.package_identification:_identify(/home/timl/ros2_ws/src/custom_action_interfaces) by extensions ['colcon_meta']
[0.559s] Level 1:colcon.colcon_core.package_identification:_identify(/home/timl/ros2_ws/src/custom_action_interfaces) by extension 'colcon_meta'
[0.560s] Level 1:colcon.colcon_core.package_identification:_identify(/home/timl/ros2_ws/src/custom_action_interfaces) by extensions ['ros']
[0.560s] Level 1:colcon.colcon_core.package_identification:_identify(/home/timl/ros2_ws/src/custom_action_interfaces) by extension 'ros'
[0.560s] DEBUG:colcon.colcon_core.package_identification:Package '/home/timl/ros2_ws/src/custom_action_interfaces' with type 'ros.ament_cmake' and name 'custom_action_interfaces'
[0.560s] Level 1:colcon.colcon_core.package_identification:_identify(/home/timl/ros2_ws/src/install) by extensions ['ignore', 'ignore_ament_install']
[0.560s] Level 1:colcon.colcon_core.package_identification:_identify(/home/timl/ros2_ws/src/install) by extension 'ignore'
[0.560s] Level 1:colcon.colcon_core.package_identification:_identify(/home/timl/ros2_ws/src/install) ignored
[0.560s] Level 1:colcon.colcon_core.package_identification:_identify(/home/timl/ros2_ws/src/launch) by extensions ['ignore', 'ignore_ament_install']
[0.560s] Level 1:colcon.colcon_core.package_identification:_identify(/home/timl/ros2_ws/src/launch) by extension 'ignore'
[0.561s] Level 1:colcon.colcon_core.package_identification:_identify(/home/timl/ros2_ws/src/launch) by extension 'ignore_ament_install'
[0.561s] Level 1:colcon.colcon_core.package_identification:_identify(/home/timl/ros2_ws/src/launch) by extensions ['colcon_pkg']
[0.561s] Level 1:colcon.colcon_core.package_identification:_identify(/home/timl/ros2_ws/src/launch) by extension 'colcon_pkg'
[0.561s] Level 1:colcon.colcon_core.package_identification:_identify(/home/timl/ros2_ws/src/launch) by extensions ['colcon_meta']
[0.561s] Level 1:colcon.colcon_core.package_identification:_identify(/home/timl/ros2_ws/src/launch) by extension 'colcon_meta'
[0.561s] Level 1:colcon.colcon_core.package_identification:_identify(/home/timl/ros2_ws/src/launch) by extensions ['ros']
[0.561s] Level 1:colcon.colcon_core.package_identification:_identify(/home/timl/ros2_ws/src/launch) by extension 'ros'
[0.561s] Level 1:colcon.colcon_core.package_identification:_identify(/home/timl/ros2_ws/src/launch) by extensions ['cmake', 'python']
[0.561s] Level 1:colcon.colcon_core.package_identification:_identify(/home/timl/ros2_ws/src/launch) by extension 'cmake'
[0.561s] Level 1:colcon.colcon_core.package_identification:_identify(/home/timl/ros2_ws/src/launch) by extension 'python'
[0.561s] Level 1:colcon.colcon_core.package_identification:_identify(/home/timl/ros2_ws/src/launch) by extensions ['python_setup_py']
[0.561s] Level 1:colcon.colcon_core.package_identification:_identify(/home/timl/ros2_ws/src/launch) by extension 'python_setup_py'
[0.561s] Level 1:colcon.colcon_core.package_identification:_identify(/home/timl/ros2_ws/src/launch_ws) by extensions ['ignore', 'ignore_ament_install']
[0.561s] Level 1:colcon.colcon_core.package_identification:_identify(/home/timl/ros2_ws/src/launch_ws) by extension 'ignore'
[0.562s] Level 1:colcon.colcon_core.package_identification:_identify(/home/timl/ros2_ws/src/launch_ws) by extension 'ignore_ament_install'
[0.562s] Level 1:colcon.colcon_core.package_identification:_identify(/home/timl/ros2_ws/src/launch_ws) by extensions ['colcon_pkg']
[0.562s] Level 1:colcon.colcon_core.package_identification:_identify(/home/timl/ros2_ws/src/launch_ws) by extension 'colcon_pkg'
[0.562s] Level 1:colcon.colcon_core.package_identification:_identify(/home/timl/ros2_ws/src/launch_ws) by extensions ['colcon_meta']
[0.562s] Level 1:colcon.colcon_core.package_identification:_identify(/home/timl/ros2_ws/src/launch_ws) by extension 'colcon_meta'
[0.562s] Level 1:colcon.colcon_core.package_identification:_identify(/home/timl/ros2_ws/src/launch_ws) by extensions ['ros']
[0.562s] Level 1:colcon.colcon_core.package_identification:_identify(/home/timl/ros2_ws/src/launch_ws) by extension 'ros'
[0.562s] Level 1:colcon.colcon_core.package_identification:_identify(/home/timl/ros2_ws/src/launch_ws) by extensions ['cmake', 'python']
[0.562s] Level 1:colcon.colcon_core.package_identification:_identify(/home/timl/ros2_ws/src/launch_ws) by extension 'cmake'
[0.562s] Level 1:colcon.colcon_core.package_identification:_identify(/home/timl/ros2_ws/src/launch_ws) by extension 'python'
[0.563s] Level 1:colcon.colcon_core.package_identification:_identify(/home/timl/ros2_ws/src/launch_ws) by extensions ['python_setup_py']
[0.563s] Level 1:colcon.colcon_core.package_identification:_identify(/home/timl/ros2_ws/src/launch_ws) by extension 'python_setup_py'
[0.563s] Level 1:colcon.colcon_core.package_identification:_identify(/home/timl/ros2_ws/src/log) by extensions ['ignore', 'ignore_ament_install']
[0.563s] Level 1:colcon.colcon_core.package_identification:_identify(/home/timl/ros2_ws/src/log) by extension 'ignore'
[0.563s] Level 1:colcon.colcon_core.package_identification:_identify(/home/timl/ros2_ws/src/log) ignored
[0.563s] Level 1:colcon.colcon_core.package_identification:_identify(/home/timl/ros2_ws/src/more_interfaces) by extensions ['ignore', 'ignore_ament_install']
[0.563s] Level 1:colcon.colcon_core.package_identification:_identify(/home/timl/ros2_ws/src/more_interfaces) by extension 'ignore'
[0.563s] Level 1:colcon.colcon_core.package_identification:_identify(/home/timl/ros2_ws/src/more_interfaces) by extension 'ignore_ament_install'
[0.563s] Level 1:colcon.colcon_core.package_identification:_identify(/home/timl/ros2_ws/src/more_interfaces) by extensions ['colcon_pkg']
[0.563s] Level 1:colcon.colcon_core.package_identification:_identify(/home/timl/ros2_ws/src/more_interfaces) by extension 'colcon_pkg'
[0.563s] Level 1:colcon.colcon_core.package_identification:_identify(/home/timl/ros2_ws/src/more_interfaces) by extensions ['colcon_meta']
[0.563s] Level 1:colcon.colcon_core.package_identification:_identify(/home/timl/ros2_ws/src/more_interfaces) by extension 'colcon_meta'
[0.563s] Level 1:colcon.colcon_core.package_identification:_identify(/home/timl/ros2_ws/src/more_interfaces) by extensions ['ros']
[0.563s] Level 1:colcon.colcon_core.package_identification:_identify(/home/timl/ros2_ws/src/more_interfaces) by extension 'ros'
[0.564s] DEBUG:colcon.colcon_core.package_identification:Package '/home/timl/ros2_ws/src/more_interfaces' with type 'ros.ament_cmake' and name 'more_interfaces'
[0.564s] Level 1:colcon.colcon_core.package_identification:_identify(/home/timl/ros2_ws/src/my_cpp_pkg) by extensions ['ignore', 'ignore_ament_install']
[0.564s] Level 1:colcon.colcon_core.package_identification:_identify(/home/timl/ros2_ws/src/my_cpp_pkg) by extension 'ignore'
[0.564s] Level 1:colcon.colcon_core.package_identification:_identify(/home/timl/ros2_ws/src/my_cpp_pkg) by extension 'ignore_ament_install'
[0.564s] Level 1:colcon.colcon_core.package_identification:_identify(/home/timl/ros2_ws/src/my_cpp_pkg) by extensions ['colcon_pkg']
[0.564s] Level 1:colcon.colcon_core.package_identification:_identify(/home/timl/ros2_ws/src/my_cpp_pkg) by extension 'colcon_pkg'
[0.564s] Level 1:colcon.colcon_core.package_identification:_identify(/home/timl/ros2_ws/src/my_cpp_pkg) by extensions ['colcon_meta']
[0.564s] Level 1:colcon.colcon_core.package_identification:_identify(/home/timl/ros2_ws/src/my_cpp_pkg) by extension 'colcon_meta'
[0.564s] Level 1:colcon.colcon_core.package_identification:_identify(/home/timl/ros2_ws/src/my_cpp_pkg) by extensions ['ros']
[0.564s] Level 1:colcon.colcon_core.package_identification:_identify(/home/timl/ros2_ws/src/my_cpp_pkg) by extension 'ros'
[0.565s] DEBUG:colcon.colcon_core.package_identification:Package '/home/timl/ros2_ws/src/my_cpp_pkg' with type 'ros.ament_cmake' and name 'my_cpp_pkg'
[0.565s] Level 1:colcon.colcon_core.package_identification:_identify(/home/timl/ros2_ws/src/my_package) by extensions ['ignore', 'ignore_ament_install']
[0.565s] Level 1:colcon.colcon_core.package_identification:_identify(/home/timl/ros2_ws/src/my_package) by extension 'ignore'
[0.565s] Level 1:colcon.colcon_core.package_identification:_identify(/home/timl/ros2_ws/src/my_package) by extension 'ignore_ament_install'
[0.565s] Level 1:colcon.colcon_core.package_identification:_identify(/home/timl/ros2_ws/src/my_package) by extensions ['colcon_pkg']
[0.565s] Level 1:colcon.colcon_core.package_identification:_identify(/home/timl/ros2_ws/src/my_package) by extension 'colcon_pkg'
[0.565s] Level 1:colcon.colcon_core.package_identification:_identify(/home/timl/ros2_ws/src/my_package) by extensions ['colcon_meta']
[0.565s] Level 1:colcon.colcon_core.package_identification:_identify(/home/timl/ros2_ws/src/my_package) by extension 'colcon_meta'
[0.565s] Level 1:colcon.colcon_core.package_identification:_identify(/home/timl/ros2_ws/src/my_package) by extensions ['ros']
[0.565s] Level 1:colcon.colcon_core.package_identification:_identify(/home/timl/ros2_ws/src/my_package) by extension 'ros'
[0.566s] DEBUG:colcon.colcon_core.package_identification:Package '/home/timl/ros2_ws/src/my_package' with type 'ros.ament_cmake' and name 'my_package'
[0.566s] Level 1:colcon.colcon_core.package_identification:_identify(/home/timl/ros2_ws/src/my_py_pkg) by extensions ['ignore', 'ignore_ament_install']
[0.566s] Level 1:colcon.colcon_core.package_identification:_identify(/home/timl/ros2_ws/src/my_py_pkg) by extension 'ignore'
[0.566s] Level 1:colcon.colcon_core.package_identification:_identify(/home/timl/ros2_ws/src/my_py_pkg) by extension 'ignore_ament_install'
[0.567s] Level 1:colcon.colcon_core.package_identification:_identify(/home/timl/ros2_ws/src/my_py_pkg) by extensions ['colcon_pkg']
[0.567s] Level 1:colcon.colcon_core.package_identification:_identify(/home/timl/ros2_ws/src/my_py_pkg) by extension 'colcon_pkg'
[0.567s] Level 1:colcon.colcon_core.package_identification:_identify(/home/timl/ros2_ws/src/my_py_pkg) by extensions ['colcon_meta']
[0.567s] Level 1:colcon.colcon_core.package_identification:_identify(/home/timl/ros2_ws/src/my_py_pkg) by extension 'colcon_meta'
[0.567s] Level 1:colcon.colcon_core.package_identification:_identify(/home/timl/ros2_ws/src/my_py_pkg) by extensions ['ros']
[0.567s] Level 1:colcon.colcon_core.package_identification:_identify(/home/timl/ros2_ws/src/my_py_pkg) by extension 'ros'
[0.569s] DEBUG:colcon.colcon_core.package_identification:Package '/home/timl/ros2_ws/src/my_py_pkg' with type 'ros.ament_python' and name 'my_py_pkg'
[0.569s] Level 1:colcon.colcon_core.package_identification:_identify(/home/timl/ros2_ws/src/polygon_base) by extensions ['ignore', 'ignore_ament_install']
[0.569s] Level 1:colcon.colcon_core.package_identification:_identify(/home/timl/ros2_ws/src/polygon_base) by extension 'ignore'
[0.569s] Level 1:colcon.colcon_core.package_identification:_identify(/home/timl/ros2_ws/src/polygon_base) by extension 'ignore_ament_install'
[0.569s] Level 1:colcon.colcon_core.package_identification:_identify(/home/timl/ros2_ws/src/polygon_base) by extensions ['colcon_pkg']
[0.569s] Level 1:colcon.colcon_core.package_identification:_identify(/home/timl/ros2_ws/src/polygon_base) by extension 'colcon_pkg'
[0.570s] Level 1:colcon.colcon_core.package_identification:_identify(/home/timl/ros2_ws/src/polygon_base) by extensions ['colcon_meta']
[0.570s] Level 1:colcon.colcon_core.package_identification:_identify(/home/timl/ros2_ws/src/polygon_base) by extension 'colcon_meta'
[0.570s] Level 1:colcon.colcon_core.package_identification:_identify(/home/timl/ros2_ws/src/polygon_base) by extensions ['ros']
[0.570s] Level 1:colcon.colcon_core.package_identification:_identify(/home/timl/ros2_ws/src/polygon_base) by extension 'ros'
[0.570s] DEBUG:colcon.colcon_core.package_identification:Package '/home/timl/ros2_ws/src/polygon_base' with type 'ros.ament_cmake' and name 'polygon_base'
[0.570s] Level 1:colcon.colcon_core.package_identification:_identify(/home/timl/ros2_ws/src/polygon_plugins) by extensions ['ignore', 'ignore_ament_install']
[0.571s] Level 1:colcon.colcon_core.package_identification:_identify(/home/timl/ros2_ws/src/polygon_plugins) by extension 'ignore'
[0.571s] Level 1:colcon.colcon_core.package_identification:_identify(/home/timl/ros2_ws/src/polygon_plugins) by extension 'ignore_ament_install'
[0.571s] Level 1:colcon.colcon_core.package_identification:_identify(/home/timl/ros2_ws/src/polygon_plugins) by extensions ['colcon_pkg']
[0.571s] Level 1:colcon.colcon_core.package_identification:_identify(/home/timl/ros2_ws/src/polygon_plugins) by extension 'colcon_pkg'
[0.571s] Level 1:colcon.colcon_core.package_identification:_identify(/home/timl/ros2_ws/src/polygon_plugins) by extensions ['colcon_meta']
[0.571s] Level 1:colcon.colcon_core.package_identification:_identify(/home/timl/ros2_ws/src/polygon_plugins) by extension 'colcon_meta'
[0.571s] Level 1:colcon.colcon_core.package_identification:_identify(/home/timl/ros2_ws/src/polygon_plugins) by extensions ['ros']
[0.572s] Level 1:colcon.colcon_core.package_identification:_identify(/home/timl/ros2_ws/src/polygon_plugins) by extension 'ros'
[0.573s] DEBUG:colcon.colcon_core.package_identification:Package '/home/timl/ros2_ws/src/polygon_plugins' with type 'ros.ament_cmake' and name 'polygon_plugins'
[0.573s] Level 1:colcon.colcon_core.package_identification:_identify(/home/timl/ros2_ws/src/py_pubsub) by extensions ['ignore', 'ignore_ament_install']
[0.573s] Level 1:colcon.colcon_core.package_identification:_identify(/home/timl/ros2_ws/src/py_pubsub) by extension 'ignore'
[0.573s] Level 1:colcon.colcon_core.package_identification:_identify(/home/timl/ros2_ws/src/py_pubsub) by extension 'ignore_ament_install'
[0.573s] Level 1:colcon.colcon_core.package_identification:_identify(/home/timl/ros2_ws/src/py_pubsub) by extensions ['colcon_pkg']
[0.573s] Level 1:colcon.colcon_core.package_identification:_identify(/home/timl/ros2_ws/src/py_pubsub) by extension 'colcon_pkg'
[0.573s] Level 1:colcon.colcon_core.package_identification:_identify(/home/timl/ros2_ws/src/py_pubsub) by extensions ['colcon_meta']
[0.573s] Level 1:colcon.colcon_core.package_identification:_identify(/home/timl/ros2_ws/src/py_pubsub) by extension 'colcon_meta'
[0.573s] Level 1:colcon.colcon_core.package_identification:_identify(/home/timl/ros2_ws/src/py_pubsub) by extensions ['ros']
[0.573s] Level 1:colcon.colcon_core.package_identification:_identify(/home/timl/ros2_ws/src/py_pubsub) by extension 'ros'
[0.574s] DEBUG:colcon.colcon_core.package_identification:Package '/home/timl/ros2_ws/src/py_pubsub' with type 'ros.ament_python' and name 'py_pubsub'
[0.574s] Level 1:colcon.colcon_core.package_identification:_identify(/home/timl/ros2_ws/src/test_node) by extensions ['ignore', 'ignore_ament_install']
[0.574s] Level 1:colcon.colcon_core.package_identification:_identify(/home/timl/ros2_ws/src/test_node) by extension 'ignore'
[0.575s] Level 1:colcon.colcon_core.package_identification:_identify(/home/timl/ros2_ws/src/test_node) by extension 'ignore_ament_install'
[0.575s] Level 1:colcon.colcon_core.package_identification:_identify(/home/timl/ros2_ws/src/test_node) by extensions ['colcon_pkg']
[0.575s] Level 1:colcon.colcon_core.package_identification:_identify(/home/timl/ros2_ws/src/test_node) by extension 'colcon_pkg'
[0.575s] Level 1:colcon.colcon_core.package_identification:_identify(/home/timl/ros2_ws/src/test_node) by extensions ['colcon_meta']
[0.575s] Level 1:colcon.colcon_core.package_identification:_identify(/home/timl/ros2_ws/src/test_node) by extension 'colcon_meta'
[0.575s] Level 1:colcon.colcon_core.package_identification:_identify(/home/timl/ros2_ws/src/test_node) by extensions ['ros']
[0.575s] Level 1:colcon.colcon_core.package_identification:_identify(/home/timl/ros2_ws/src/test_node) by extension 'ros'
[0.576s] DEBUG:colcon.colcon_core.package_identification:Package '/home/timl/ros2_ws/src/test_node' with type 'ros.ament_cmake' and name 'test_node'
[0.576s] Level 1:colcon.colcon_core.package_identification:_identify(/home/timl/ros2_ws/src/tutorial_interfaces) by extensions ['ignore', 'ignore_ament_install']
[0.576s] Level 1:colcon.colcon_core.package_identification:_identify(/home/timl/ros2_ws/src/tutorial_interfaces) by extension 'ignore'
[0.576s] Level 1:colcon.colcon_core.package_identification:_identify(/home/timl/ros2_ws/src/tutorial_interfaces) by extension 'ignore_ament_install'
[0.576s] Level 1:colcon.colcon_core.package_identification:_identify(/home/timl/ros2_ws/src/tutorial_interfaces) by extensions ['colcon_pkg']
[0.576s] Level 1:colcon.colcon_core.package_identification:_identify(/home/timl/ros2_ws/src/tutorial_interfaces) by extension 'colcon_pkg'
[0.576s] Level 1:colcon.colcon_core.package_identification:_identify(/home/timl/ros2_ws/src/tutorial_interfaces) by extensions ['colcon_meta']
[0.576s] Level 1:colcon.colcon_core.package_identification:_identify(/home/timl/ros2_ws/src/tutorial_interfaces) by extension 'colcon_meta'
[0.576s] Level 1:colcon.colcon_core.package_identification:_identify(/home/timl/ros2_ws/src/tutorial_interfaces) by extensions ['ros']
[0.576s] Level 1:colcon.colcon_core.package_identification:_identify(/home/timl/ros2_ws/src/tutorial_interfaces) by extension 'ros'
[0.577s] DEBUG:colcon.colcon_core.package_identification:Package '/home/timl/ros2_ws/src/tutorial_interfaces' with type 'ros.ament_cmake' and name 'tutorial_interfaces'
[0.577s] Level 1:colcon.colcon_core.package_discovery:discover_packages(recursive) using defaults
