-- Found ament_cmake: 2.5.3 (/opt/ros/jazzy/share/ament_cmake/cmake)
-- Found rclcpp: 28.1.6 (/opt/ros/jazzy/share/rclcpp/cmake)
-- Found rosidl_generator_c: 4.6.5 (/opt/ros/jazzy/share/rosidl_generator_c/cmake)
-- Found rosidl_generator_cpp: 4.6.5 (/opt/ros/jazzy/share/rosidl_generator_cpp/cmake)
-- Using all available rosidl_typesupport_c: rosidl_typesupport_fastrtps_c;rosidl_typesupport_introspection_c
-- Using all available rosidl_typesupport_cpp: rosidl_typesupport_fastrtps_cpp;rosidl_typesupport_introspection_cpp
-- Found rmw_implementation_cmake: 7.3.1 (/opt/ros/jazzy/share/rmw_implementation_cmake/cmake)
-- Found rmw_fastrtps_cpp: 8.4.1 (/opt/ros/jazzy/share/rmw_fastrtps_cpp/cmake)
-- Using RMW implementation 'rmw_fastrtps_cpp' as default
-- Found example_interfaces: 0.12.0 (/opt/ros/jazzy/share/example_interfaces/cmake)
-- Configuring done (1.3s)
-- Generating done (0.1s)
-- Build files have been written to: /home/timl/ros2_ws/build/my_cpp_pkg
[ 12%] [32mBuilding CXX object CMakeFiles/add_two_ints_server.dir/src/add_two_ints_server.cpp.o[0m
[ 62%] Built target smartphone
[ 62%] Built target cpp_node
[ 87%] Built target robot_news_station
[01m[K/home/timl/ros2_ws/src/my_cpp_pkg/src/add_two_ints_server.cpp:[m[K In constructor ‘[01m[KAddTwoIntsServerNode::[01;32m[KAddTwoIntsServerNode[m[K()[m[K’:
[01m[K/home/timl/ros2_ws/src/my_cpp_pkg/src/add_two_ints_server.cpp:11:90:[m[K [01;31m[Kerror: [m[Kexpected primary-expression before ‘[01m[K_1[m[K’
   11 |             std::bind(&AddTwoIntsServerNode::callbackAddTwoInts, this, std::placeholders [01;31m[K_1[m[K, std::placeholders _2));
      |                                                                                          [01;31m[K^~[m[K
[01m[K/home/timl/ros2_ws/src/my_cpp_pkg/src/add_two_ints_server.cpp:11:112:[m[K [01;31m[Kerror: [m[Kexpected primary-expression before ‘[01m[K_2[m[K’
   11 |             std::bind(&AddTwoIntsServerNode::callbackAddTwoInts, this, std::placeholders _1, std::placeholders [01;31m[K_2[m[K));
      |                                                                                                                [01;31m[K^~[m[K
[01m[K/home/timl/ros2_ws/src/my_cpp_pkg/src/add_two_ints_server.cpp:13:5:[m[K [01;31m[Kerror: [m[Kexpected ‘[01m[K;[m[K’ before ‘[01m[K}[m[K’ token
   13 |     [01;31m[K}[m[K
      |     [01;31m[K^[m[K
[01m[K/home/timl/ros2_ws/src/my_cpp_pkg/src/add_two_ints_server.cpp:[m[K In member function ‘[01m[Kvoid AddTwoIntsServerNode::[01;32m[KcallbackAddTwoInts[m[K(example_interfaces::srv::AddTwoInts_Request_<std::allocator<void> >::SharedPtr, example_interfaces::srv::AddTwoInts_Response_<std::allocator<void> >::SharedPtr)[m[K’:
[01m[K/home/timl/ros2_ws/src/my_cpp_pkg/src/add_two_ints_server.cpp:20:5:[m[K [01;31m[Kerror: [m[Kexpected ‘[01m[K;[m[K’ before ‘[01m[K}[m[K’ token
   20 |     [01;31m[K}[m[K
      |     [01;31m[K^[m[K
[01m[K/home/timl/ros2_ws/src/my_cpp_pkg/src/add_two_ints_server.cpp:[m[K In function ‘[01m[Kint[01;32m[K main[m[K(int, char**)[m[K’:
[01m[K/home/timl/ros2_ws/src/my_cpp_pkg/src/add_two_ints_server.cpp:25:1:[m[K [01;31m[Kerror: [m[Konly constructors take member initializers
   25 | [01;31m[K{[m[K
      | [01;31m[K^[m[K
[01m[K/home/timl/ros2_ws/src/my_cpp_pkg/src/add_two_ints_server.cpp:25:1:[m[K [01;31m[Kerror: [m[Kexpected identifier before ‘[01m[K{[m[K’ token
gmake[2]: *** [CMakeFiles/add_two_ints_server.dir/build.make:76: CMakeFiles/add_two_ints_server.dir/src/add_two_ints_server.cpp.o] Error 1
gmake[1]: *** [CMakeFiles/Makefile2:221: CMakeFiles/add_two_ints_server.dir/all] Error 2
gmake: *** [Makefile:146: all] Error 2
