[0.013s] Invoking command in '/home/timl/ros2_ws/build/my_cpp_pkg': CMAKE_PREFIX_PATH=${CMAKE_PREFIX_PATH}:/home/timl/ros2_ws/install/py_pubsub:/home/timl/ros2_ws/install/my_py_pkg:/opt/ros/jazzy /usr/bin/cmake --build /home/timl/ros2_ws/build/my_cpp_pkg -- -j6 -l6
[0.040s] -- Found ament_cmake: 2.5.3 (/opt/ros/jazzy/share/ament_cmake/cmake)
[0.258s] -- Found rclcpp: 28.1.6 (/opt/ros/jazzy/share/rclcpp/cmake)
[0.503s] -- Found rosidl_generator_c: 4.6.5 (/opt/ros/jazzy/share/rosidl_generator_c/cmake)
[0.513s] -- Found rosidl_generator_cpp: 4.6.5 (/opt/ros/jazzy/share/rosidl_generator_cpp/cmake)
[0.525s] -- Using all available rosidl_typesupport_c: rosidl_typesupport_fastrtps_c;rosidl_typesupport_introspection_c
[0.540s] -- Using all available rosidl_typesupport_cpp: rosidl_typesupport_fastrtps_cpp;rosidl_typesupport_introspection_cpp
[0.604s] -- Found rmw_implementation_cmake: 7.3.1 (/opt/ros/jazzy/share/rmw_implementation_cmake/cmake)
[0.606s] -- Found rmw_fastrtps_cpp: 8.4.1 (/opt/ros/jazzy/share/rmw_fastrtps_cpp/cmake)
[0.897s] -- Using RMW implementation 'rmw_fastrtps_cpp' as default
[1.168s] -- Found example_interfaces: 0.12.0 (/opt/ros/jazzy/share/example_interfaces/cmake)
[1.317s] -- Configuring done (1.3s)
[1.382s] -- Generating done (0.1s)
[1.391s] -- Build files have been written to: /home/timl/ros2_ws/build/my_cpp_pkg
[1.431s] [ 12%] [32mBuilding CXX object CMakeFiles/add_two_ints_server.dir/src/add_two_ints_server.cpp.o[0m
[1.440s] [ 62%] Built target smartphone
[1.440s] [ 62%] Built target cpp_node
[1.442s] [ 87%] Built target robot_news_station
[3.669s] [01m[K/home/timl/ros2_ws/src/my_cpp_pkg/src/add_two_ints_server.cpp:[m[K In constructor ‘[01m[KAddTwoIntsServerNode::[01;32m[KAddTwoIntsServerNode[m[K()[m[K’:
[3.670s] [01m[K/home/timl/ros2_ws/src/my_cpp_pkg/src/add_two_ints_server.cpp:11:90:[m[K [01;31m[Kerror: [m[Kexpected primary-expression before ‘[01m[K_1[m[K’
[3.670s]    11 |             std::bind(&AddTwoIntsServerNode::callbackAddTwoInts, this, std::placeholders [01;31m[K_1[m[K, std::placeholders _2));
[3.670s]       |                                                                                          [01;31m[K^~[m[K
[3.670s] [01m[K/home/timl/ros2_ws/src/my_cpp_pkg/src/add_two_ints_server.cpp:11:112:[m[K [01;31m[Kerror: [m[Kexpected primary-expression before ‘[01m[K_2[m[K’
[3.670s]    11 |             std::bind(&AddTwoIntsServerNode::callbackAddTwoInts, this, std::placeholders _1, std::placeholders [01;31m[K_2[m[K));
[3.670s]       |                                                                                                                [01;31m[K^~[m[K
[3.670s] [01m[K/home/timl/ros2_ws/src/my_cpp_pkg/src/add_two_ints_server.cpp:13:5:[m[K [01;31m[Kerror: [m[Kexpected ‘[01m[K;[m[K’ before ‘[01m[K}[m[K’ token
[3.670s]    13 |     [01;31m[K}[m[K
[3.670s]       |     [01;31m[K^[m[K
[3.673s] [01m[K/home/timl/ros2_ws/src/my_cpp_pkg/src/add_two_ints_server.cpp:[m[K In member function ‘[01m[Kvoid AddTwoIntsServerNode::[01;32m[KcallbackAddTwoInts[m[K(example_interfaces::srv::AddTwoInts_Request_<std::allocator<void> >::SharedPtr, example_interfaces::srv::AddTwoInts_Response_<std::allocator<void> >::SharedPtr)[m[K’:
[3.673s] [01m[K/home/timl/ros2_ws/src/my_cpp_pkg/src/add_two_ints_server.cpp:20:5:[m[K [01;31m[Kerror: [m[Kexpected ‘[01m[K;[m[K’ before ‘[01m[K}[m[K’ token
[3.673s]    20 |     [01;31m[K}[m[K
[3.673s]       |     [01;31m[K^[m[K
[3.673s] [01m[K/home/timl/ros2_ws/src/my_cpp_pkg/src/add_two_ints_server.cpp:[m[K In function ‘[01m[Kint[01;32m[K main[m[K(int, char**)[m[K’:
[3.673s] [01m[K/home/timl/ros2_ws/src/my_cpp_pkg/src/add_two_ints_server.cpp:25:1:[m[K [01;31m[Kerror: [m[Konly constructors take member initializers
[3.673s]    25 | [01;31m[K{[m[K
[3.674s]       | [01;31m[K^[m[K
[3.674s] [01m[K/home/timl/ros2_ws/src/my_cpp_pkg/src/add_two_ints_server.cpp:25:1:[m[K [01;31m[Kerror: [m[Kexpected identifier before ‘[01m[K{[m[K’ token
[4.355s] gmake[2]: *** [CMakeFiles/add_two_ints_server.dir/build.make:76: CMakeFiles/add_two_ints_server.dir/src/add_two_ints_server.cpp.o] Error 1
[4.355s] gmake[1]: *** [CMakeFiles/Makefile2:221: CMakeFiles/add_two_ints_server.dir/all] Error 2
[4.355s] gmake: *** [Makefile:146: all] Error 2
[4.357s] Invoked command in '/home/timl/ros2_ws/build/my_cpp_pkg' returned '2': CMAKE_PREFIX_PATH=${CMAKE_PREFIX_PATH}:/home/timl/ros2_ws/install/py_pubsub:/home/timl/ros2_ws/install/my_py_pkg:/opt/ros/jazzy /usr/bin/cmake --build /home/timl/ros2_ws/build/my_cpp_pkg -- -j6 -l6
