[0.056s] Invoking command in '/home/timl/ros2_ws/build/cpp_parameters': CMAKE_PREFIX_PATH=${CMAKE_PREFIX_PATH}:/opt/ros/jazzy /usr/bin/cmake --build /home/timl/ros2_ws/build/cpp_parameters -- -j6 -l6
[0.152s] [100%] Built target minimal_param_node
[0.164s] Invoked command in '/home/timl/ros2_ws/build/cpp_parameters' returned '0': CMAKE_PREFIX_PATH=${CMAKE_PREFIX_PATH}:/opt/ros/jazzy /usr/bin/cmake --build /home/timl/ros2_ws/build/cpp_parameters -- -j6 -l6
[0.165s] Invoking command in '/home/timl/ros2_ws/build/cpp_parameters': CMAKE_PREFIX_PATH=${CMAKE_PREFIX_PATH}:/opt/ros/jazzy /usr/bin/cmake --install /home/timl/ros2_ws/build/cpp_parameters
[0.201s] -- Install configuration: ""
[0.214s] -- Up-to-date: /home/timl/ros2_ws/install/cpp_parameters/lib/cpp_parameters/minimal_param_node
[0.214s] -- Up-to-date: /home/timl/ros2_ws/install/cpp_parameters/share/cpp_parameters/launch
[0.214s] -- Up-to-date: /home/timl/ros2_ws/install/cpp_parameters/share/cpp_parameters/launch/cpp_parameters_launch.py
[0.214s] -- Up-to-date: /home/timl/ros2_ws/install/cpp_parameters/share/ament_index/resource_index/package_run_dependencies/cpp_parameters
[0.214s] -- Up-to-date: /home/timl/ros2_ws/install/cpp_parameters/share/ament_index/resource_index/parent_prefix_path/cpp_parameters
[0.214s] -- Up-to-date: /home/timl/ros2_ws/install/cpp_parameters/share/cpp_parameters/environment/ament_prefix_path.sh
[0.214s] -- Up-to-date: /home/timl/ros2_ws/install/cpp_parameters/share/cpp_parameters/environment/ament_prefix_path.dsv
[0.214s] -- Up-to-date: /home/timl/ros2_ws/install/cpp_parameters/share/cpp_parameters/environment/path.sh
[0.214s] -- Up-to-date: /home/timl/ros2_ws/install/cpp_parameters/share/cpp_parameters/environment/path.dsv
[0.215s] -- Up-to-date: /home/timl/ros2_ws/install/cpp_parameters/share/cpp_parameters/local_setup.bash
[0.215s] -- Up-to-date: /home/timl/ros2_ws/install/cpp_parameters/share/cpp_parameters/local_setup.sh
[0.215s] -- Up-to-date: /home/timl/ros2_ws/install/cpp_parameters/share/cpp_parameters/local_setup.zsh
[0.215s] -- Up-to-date: /home/timl/ros2_ws/install/cpp_parameters/share/cpp_parameters/local_setup.dsv
[0.215s] -- Installing: /home/timl/ros2_ws/install/cpp_parameters/share/cpp_parameters/package.dsv
[0.215s] -- Up-to-date: /home/timl/ros2_ws/install/cpp_parameters/share/ament_index/resource_index/packages/cpp_parameters
[0.215s] -- Up-to-date: /home/timl/ros2_ws/install/cpp_parameters/share/cpp_parameters/cmake/cpp_parametersConfig.cmake
[0.215s] -- Up-to-date: /home/timl/ros2_ws/install/cpp_parameters/share/cpp_parameters/cmake/cpp_parametersConfig-version.cmake
[0.215s] -- Up-to-date: /home/timl/ros2_ws/install/cpp_parameters/share/cpp_parameters/package.xml
[0.232s] Invoked command in '/home/timl/ros2_ws/build/cpp_parameters' returned '0': CMAKE_PREFIX_PATH=${CMAKE_PREFIX_PATH}:/opt/ros/jazzy /usr/bin/cmake --install /home/timl/ros2_ws/build/cpp_parameters
