[2.124s] Invoking command in '/home/timl/ros2_ws/src/my_py_pkg': PYTHONPATH=/home/timl/ros2_ws/build/my_py_pkg/prefix_override:/usr/lib/python3/dist-packages/colcon_core/task/python/colcon_distutils_commands:/home/timl/ros2_ws/install/my_py_pkg/lib/python3.12/site-packages:${PYTHONPATH} /usr/bin/python3 -W ignore:setup.py install is deprecated -W ignore:easy_install command is deprecated setup.py egg_info --egg-base ../../build/my_py_pkg build --build-base /home/timl/ros2_ws/build/my_py_pkg/build install --record /home/timl/ros2_ws/build/my_py_pkg/install.log --single-version-externally-managed install_data
[2.470s] running egg_info
[2.470s] creating ../../build/my_py_pkg/my_py_pkg.egg-info
[2.499s] writing ../../build/my_py_pkg/my_py_pkg.egg-info/PKG-INFO
[2.500s] writing dependency_links to ../../build/my_py_pkg/my_py_pkg.egg-info/dependency_links.txt
[2.500s] writing requirements to ../../build/my_py_pkg/my_py_pkg.egg-info/requires.txt
[2.500s] writing top-level names to ../../build/my_py_pkg/my_py_pkg.egg-info/top_level.txt
[2.500s] writing manifest file '../../build/my_py_pkg/my_py_pkg.egg-info/SOURCES.txt'
[2.555s] reading manifest file '../../build/my_py_pkg/my_py_pkg.egg-info/SOURCES.txt'
[2.556s] writing manifest file '../../build/my_py_pkg/my_py_pkg.egg-info/SOURCES.txt'
[2.556s] running build
[2.556s] running build_py
[2.556s] creating /home/timl/ros2_ws/build/my_py_pkg/build
[2.556s] creating /home/timl/ros2_ws/build/my_py_pkg/build/lib
[2.557s] creating /home/timl/ros2_ws/build/my_py_pkg/build/lib/my_py_pkg
[2.557s] copying my_py_pkg/__init__.py -> /home/timl/ros2_ws/build/my_py_pkg/build/lib/my_py_pkg
[2.557s] running install
[2.564s] running install_lib
[2.590s] creating /home/timl/ros2_ws/install/my_py_pkg/lib/python3.12/site-packages/my_py_pkg
[2.590s] copying /home/timl/ros2_ws/build/my_py_pkg/build/lib/my_py_pkg/__init__.py -> /home/timl/ros2_ws/install/my_py_pkg/lib/python3.12/site-packages/my_py_pkg
[2.591s] byte-compiling /home/timl/ros2_ws/install/my_py_pkg/lib/python3.12/site-packages/my_py_pkg/__init__.py to __init__.cpython-312.pyc
[2.591s] running install_data
[2.591s] creating /home/timl/ros2_ws/install/my_py_pkg/share/ament_index
[2.591s] creating /home/timl/ros2_ws/install/my_py_pkg/share/ament_index/resource_index
[2.592s] creating /home/timl/ros2_ws/install/my_py_pkg/share/ament_index/resource_index/packages
[2.592s] copying resource/my_py_pkg -> /home/timl/ros2_ws/install/my_py_pkg/share/ament_index/resource_index/packages
[2.592s] copying package.xml -> /home/timl/ros2_ws/install/my_py_pkg/share/my_py_pkg
[2.592s] running install_egg_info
[2.620s] Copying ../../build/my_py_pkg/my_py_pkg.egg-info to /home/timl/ros2_ws/install/my_py_pkg/lib/python3.12/site-packages/my_py_pkg-0.0.0-py3.12.egg-info
[2.621s] running install_scripts
[2.800s] writing list of installed files to '/home/timl/ros2_ws/build/my_py_pkg/install.log'
[2.841s] Invoked command in '/home/timl/ros2_ws/src/my_py_pkg' returned '0': PYTHONPATH=/home/timl/ros2_ws/build/my_py_pkg/prefix_override:/usr/lib/python3/dist-packages/colcon_core/task/python/colcon_distutils_commands:/home/timl/ros2_ws/install/my_py_pkg/lib/python3.12/site-packages:${PYTHONPATH} /usr/bin/python3 -W ignore:setup.py install is deprecated -W ignore:easy_install command is deprecated setup.py egg_info --egg-base ../../build/my_py_pkg build --build-base /home/timl/ros2_ws/build/my_py_pkg/build install --record /home/timl/ros2_ws/build/my_py_pkg/install.log --single-version-externally-managed install_data
