[01m[K/home/timl/ros2_ws/src/my_cpp_pkg/src/add_two_ints_client.cpp:4:37:[m[K [01;31m[Kerror: [m[Kexpected ‘[01m[K;[m[K’ before ‘[01m[Kclass[m[K’
    4 | using namespace std::chrono_literals
      |                                     [01;31m[K^[m[K
      |                                     [32m[K;[m[K
    5 | 
    6 | [32m[Kclass[m[K AddTwoIntsClientNode : public rclcpp::Node
      | [32m[K~~~~~[m[K                                
[01m[K/home/timl/ros2_ws/src/my_cpp_pkg/src/add_two_ints_client.cpp:[m[K In member function ‘[01m[Kvoid AddTwoIntsClientNode::[01;32m[KcallAddTwoInts[m[K(int, int)[m[K’:
[01m[K/home/timl/ros2_ws/src/my_cpp_pkg/src/add_two_ints_client.cpp:16:42:[m[K [01;31m[Kerror: [m[K‘[01m[Kls[m[K’ was not declared in this scope
   16 |         while (!client->wait_for_service([01;31m[Kls[m[K))
      |                                          [01;31m[K^~[m[K
In file included from [01m[K/opt/ros/jazzy/include/rclcpp/rclcpp/logging.hpp:24[m[K,
                 from [01m[K/opt/ros/jazzy/include/rclcpp/rclcpp/copy_all_parameter_values.hpp:27[m[K,
                 from [01m[K/opt/ros/jazzy/include/rclcpp/rclcpp/rclcpp.hpp:171[m[K,
                 from [01m[K/home/timl/ros2_ws/src/my_cpp_pkg/src/add_two_ints_client.cpp:1[m[K:
[01m[K/home/timl/ros2_ws/src/my_cpp_pkg/src/add_two_ints_client.cpp:[m[K In member function ‘[01m[Kvoid AddTwoIntsClientNode::[01;32m[KcallbackCallAddTwoInts[m[K(rclcpp::Client<example_interfaces::srv::AddTwoInts>::SharedFuture)[m[K’:
[01m[K/home/timl/ros2_ws/src/my_cpp_pkg/src/add_two_ints_client.cpp:31:41:[m[K [01;35m[Kwarning: [m[Kformat ‘[01m[K%d[m[K’ expects argument of type ‘[01m[Kint[m[K’, but argument 5 has type ‘[01m[Kexample_interfaces::srv::AddTwoInts_Response_<std::allocator<void> >::_sum_type[m[K’ {aka ‘[01m[Klong int[m[K’} [[01;35m[K]8;;https://gcc.gnu.org/onlinedocs/gcc/Warning-Options.html#index-Wformat=-Wformat=]8;;[m[K]
   31 |         RCLCPP_INFO(this->get_logger(), [01;35m[K"Sum: %d"[m[K, [32m[Kresponse->sum[m[K);
      |                                         [01;35m[K^~~~~~~~~[m[K  [32m[K~~~~~~~~~~~~~[m[K
      |                                                              [32m[K|[m[K
      |                                                              [32m[Kexample_interfaces::srv::AddTwoInts_Response_<std::allocator<void> >::_sum_type {aka long int}[m[K
[01m[K/home/timl/ros2_ws/src/my_cpp_pkg/src/add_two_ints_client.cpp:31:48:[m[K [01;36m[Knote: [m[Kformat string is defined here
   31 |         RCLCPP_INFO(this->get_logger(), "Sum: [01;36m[K%d[m[K", response->sum);
      |                                               [01;36m[K~^[m[K
      |                                                [01;36m[K|[m[K
      |                                                [01;36m[Kint[m[K
      |                                               [32m[K%ld[m[K
gmake[2]: *** [CMakeFiles/add_two_ints_client.dir/build.make:76: CMakeFiles/add_two_ints_client.dir/src/add_two_ints_client.cpp.o] Error 1
gmake[1]: *** [CMakeFiles/Makefile2:249: CMakeFiles/add_two_ints_client.dir/all] Error 2
gmake: *** [Makefile:146: all] Error 2
