[0.406s] Invoking command in '/home/timl/ros2_ws/src/build/cpp_srvcli': AMENT_PREFIX_PATH=/home/timl/ros2_ws/src/install/tutorial_interfaces:${AMENT_PREFIX_PATH} CMAKE_PREFIX_PATH=/home/timl/ros2_ws/src/install/tutorial_interfaces:/home/timl/ros2_ws/install/polygon_plugins:/home/timl/ros2_ws/install/polygon_base:/home/timl/ros2_ws/install/custom_action_interfaces:/home/timl/ros2_ws/src/install/cpp_parameters:/home/timl/ros2_ws/install/cpp_parameters:/home/timl/ros2_ws/install/more_interfaces:/home/timl/ros2_ws/install/tutorial_interfaces:/home/timl/ros2_ws/install/cpp_srvcli:/home/timl/ros2_ws/install/turtlesim:/home/timl/ros2_ws/install/my_package:/home/timl/ros2_ws/install/cpp_pubsub:/opt/ros/jazzy/opt/sdformat_vendor:/opt/ros/jazzy/opt/gz_math_vendor:/opt/ros/jazzy/opt/gz_utils_vendor:/opt/ros/jazzy/opt/gz_tools_vendor:/opt/ros/jazzy/opt/gz_cmake_vendor:/home/timl/ros2_ws/install/py_pubsub:/opt/ros/jazzy LD_LIBRARY_PATH=/home/timl/ros2_ws/src/install/tutorial_interfaces/lib:${LD_LIBRARY_PATH} PYTHONPATH=/home/timl/ros2_ws/src/install/tutorial_interfaces/lib/python3.12/site-packages:${PYTHONPATH} /usr/bin/cmake /home/timl/ros2_ws/src/cpp_srvcli -DCMAKE_INSTALL_PREFIX=/home/timl/ros2_ws/src/install/cpp_srvcli
[0.732s] -- The C compiler identification is GNU 13.3.0
[1.868s] -- The CXX compiler identification is GNU 13.3.0
[2.811s] -- Detecting C compiler ABI info
[3.300s] -- Detecting C compiler ABI info - done
[3.301s] -- Check for working C compiler: /usr/bin/cc - skipped
[3.301s] -- Detecting C compile features
[3.302s] -- Detecting C compile features - done
[3.487s] -- Detecting CXX compiler ABI info
[3.960s] -- Detecting CXX compiler ABI info - done
[3.966s] -- Check for working CXX compiler: /usr/bin/c++ - skipped
[3.967s] -- Detecting CXX compile features
[3.968s] -- Detecting CXX compile features - done
[3.975s] -- Found ament_cmake: 2.5.3 (/opt/ros/jazzy/share/ament_cmake/cmake)
[4.175s] -- Found Python3: /usr/bin/python3 (found version "3.12.3") found components: Interpreter 
[4.355s] -- Found rclcpp: 28.1.6 (/opt/ros/jazzy/share/rclcpp/cmake)
[4.689s] -- Found rosidl_generator_c: 4.6.5 (/opt/ros/jazzy/share/rosidl_generator_c/cmake)
[4.712s] -- Found rosidl_generator_cpp: 4.6.5 (/opt/ros/jazzy/share/rosidl_generator_cpp/cmake)
[4.738s] -- Using all available rosidl_typesupport_c: rosidl_typesupport_fastrtps_c;rosidl_typesupport_introspection_c
[4.774s] -- Using all available rosidl_typesupport_cpp: rosidl_typesupport_fastrtps_cpp;rosidl_typesupport_introspection_cpp
[4.955s] -- Found rmw_implementation_cmake: 7.3.1 (/opt/ros/jazzy/share/rmw_implementation_cmake/cmake)
[4.960s] -- Found rmw_fastrtps_cpp: 8.4.1 (/opt/ros/jazzy/share/rmw_fastrtps_cpp/cmake)
[5.118s] -- Found OpenSSL: /usr/lib/x86_64-linux-gnu/libcrypto.so (found version "3.0.13")  
[5.391s] -- Found FastRTPS: /opt/ros/jazzy/include (Required is at least version "2.13") 
[5.525s] -- Using RMW implementation 'rmw_fastrtps_cpp' as default
[5.836s] -- Found tutorial_interfaces: 0.0.0 (/home/timl/ros2_ws/src/install/tutorial_interfaces/share/tutorial_interfaces/cmake)
[6.065s] -- Configuring done (5.6s)
[6.105s] -- Generating done (0.0s)
[6.116s] -- Build files have been written to: /home/timl/ros2_ws/src/build/cpp_srvcli
[6.133s] Invoked command in '/home/timl/ros2_ws/src/build/cpp_srvcli' returned '0': AMENT_PREFIX_PATH=/home/timl/ros2_ws/src/install/tutorial_interfaces:${AMENT_PREFIX_PATH} CMAKE_PREFIX_PATH=/home/timl/ros2_ws/src/install/tutorial_interfaces:/home/timl/ros2_ws/install/polygon_plugins:/home/timl/ros2_ws/install/polygon_base:/home/timl/ros2_ws/install/custom_action_interfaces:/home/timl/ros2_ws/src/install/cpp_parameters:/home/timl/ros2_ws/install/cpp_parameters:/home/timl/ros2_ws/install/more_interfaces:/home/timl/ros2_ws/install/tutorial_interfaces:/home/timl/ros2_ws/install/cpp_srvcli:/home/timl/ros2_ws/install/turtlesim:/home/timl/ros2_ws/install/my_package:/home/timl/ros2_ws/install/cpp_pubsub:/opt/ros/jazzy/opt/sdformat_vendor:/opt/ros/jazzy/opt/gz_math_vendor:/opt/ros/jazzy/opt/gz_utils_vendor:/opt/ros/jazzy/opt/gz_tools_vendor:/opt/ros/jazzy/opt/gz_cmake_vendor:/home/timl/ros2_ws/install/py_pubsub:/opt/ros/jazzy LD_LIBRARY_PATH=/home/timl/ros2_ws/src/install/tutorial_interfaces/lib:${LD_LIBRARY_PATH} PYTHONPATH=/home/timl/ros2_ws/src/install/tutorial_interfaces/lib/python3.12/site-packages:${PYTHONPATH} /usr/bin/cmake /home/timl/ros2_ws/src/cpp_srvcli -DCMAKE_INSTALL_PREFIX=/home/timl/ros2_ws/src/install/cpp_srvcli
[6.133s] Invoking command in '/home/timl/ros2_ws/src/build/cpp_srvcli': AMENT_PREFIX_PATH=/home/timl/ros2_ws/src/install/tutorial_interfaces:${AMENT_PREFIX_PATH} CMAKE_PREFIX_PATH=/home/timl/ros2_ws/src/install/tutorial_interfaces:/home/timl/ros2_ws/install/polygon_plugins:/home/timl/ros2_ws/install/polygon_base:/home/timl/ros2_ws/install/custom_action_interfaces:/home/timl/ros2_ws/src/install/cpp_parameters:/home/timl/ros2_ws/install/cpp_parameters:/home/timl/ros2_ws/install/more_interfaces:/home/timl/ros2_ws/install/tutorial_interfaces:/home/timl/ros2_ws/install/cpp_srvcli:/home/timl/ros2_ws/install/turtlesim:/home/timl/ros2_ws/install/my_package:/home/timl/ros2_ws/install/cpp_pubsub:/opt/ros/jazzy/opt/sdformat_vendor:/opt/ros/jazzy/opt/gz_math_vendor:/opt/ros/jazzy/opt/gz_utils_vendor:/opt/ros/jazzy/opt/gz_tools_vendor:/opt/ros/jazzy/opt/gz_cmake_vendor:/home/timl/ros2_ws/install/py_pubsub:/opt/ros/jazzy LD_LIBRARY_PATH=/home/timl/ros2_ws/src/install/tutorial_interfaces/lib:${LD_LIBRARY_PATH} PYTHONPATH=/home/timl/ros2_ws/src/install/tutorial_interfaces/lib/python3.12/site-packages:${PYTHONPATH} /usr/bin/cmake --build /home/timl/ros2_ws/src/build/cpp_srvcli -- -j6 -l6
[6.213s] [ 25%] [32mBuilding CXX object CMakeFiles/server.dir/src/add_three_ints_server.cpp.o[0m
[6.217s] [ 50%] [32mBuilding CXX object CMakeFiles/client.dir/src/add_three_ints_client.cpp.o[0m
[11.977s] [ 75%] [32m[1mLinking CXX executable server[0m
[12.218s] [100%] [32m[1mLinking CXX executable client[0m
[12.402s] [100%] Built target server
[12.673s] [100%] Built target client
[12.702s] Invoked command in '/home/timl/ros2_ws/src/build/cpp_srvcli' returned '0': AMENT_PREFIX_PATH=/home/timl/ros2_ws/src/install/tutorial_interfaces:${AMENT_PREFIX_PATH} CMAKE_PREFIX_PATH=/home/timl/ros2_ws/src/install/tutorial_interfaces:/home/timl/ros2_ws/install/polygon_plugins:/home/timl/ros2_ws/install/polygon_base:/home/timl/ros2_ws/install/custom_action_interfaces:/home/timl/ros2_ws/src/install/cpp_parameters:/home/timl/ros2_ws/install/cpp_parameters:/home/timl/ros2_ws/install/more_interfaces:/home/timl/ros2_ws/install/tutorial_interfaces:/home/timl/ros2_ws/install/cpp_srvcli:/home/timl/ros2_ws/install/turtlesim:/home/timl/ros2_ws/install/my_package:/home/timl/ros2_ws/install/cpp_pubsub:/opt/ros/jazzy/opt/sdformat_vendor:/opt/ros/jazzy/opt/gz_math_vendor:/opt/ros/jazzy/opt/gz_utils_vendor:/opt/ros/jazzy/opt/gz_tools_vendor:/opt/ros/jazzy/opt/gz_cmake_vendor:/home/timl/ros2_ws/install/py_pubsub:/opt/ros/jazzy LD_LIBRARY_PATH=/home/timl/ros2_ws/src/install/tutorial_interfaces/lib:${LD_LIBRARY_PATH} PYTHONPATH=/home/timl/ros2_ws/src/install/tutorial_interfaces/lib/python3.12/site-packages:${PYTHONPATH} /usr/bin/cmake --build /home/timl/ros2_ws/src/build/cpp_srvcli -- -j6 -l6
[12.702s] Invoking command in '/home/timl/ros2_ws/src/build/cpp_srvcli': AMENT_PREFIX_PATH=/home/timl/ros2_ws/src/install/tutorial_interfaces:${AMENT_PREFIX_PATH} CMAKE_PREFIX_PATH=/home/timl/ros2_ws/src/install/tutorial_interfaces:/home/timl/ros2_ws/install/polygon_plugins:/home/timl/ros2_ws/install/polygon_base:/home/timl/ros2_ws/install/custom_action_interfaces:/home/timl/ros2_ws/src/install/cpp_parameters:/home/timl/ros2_ws/install/cpp_parameters:/home/timl/ros2_ws/install/more_interfaces:/home/timl/ros2_ws/install/tutorial_interfaces:/home/timl/ros2_ws/install/cpp_srvcli:/home/timl/ros2_ws/install/turtlesim:/home/timl/ros2_ws/install/my_package:/home/timl/ros2_ws/install/cpp_pubsub:/opt/ros/jazzy/opt/sdformat_vendor:/opt/ros/jazzy/opt/gz_math_vendor:/opt/ros/jazzy/opt/gz_utils_vendor:/opt/ros/jazzy/opt/gz_tools_vendor:/opt/ros/jazzy/opt/gz_cmake_vendor:/home/timl/ros2_ws/install/py_pubsub:/opt/ros/jazzy LD_LIBRARY_PATH=/home/timl/ros2_ws/src/install/tutorial_interfaces/lib:${LD_LIBRARY_PATH} PYTHONPATH=/home/timl/ros2_ws/src/install/tutorial_interfaces/lib/python3.12/site-packages:${PYTHONPATH} /usr/bin/cmake --install /home/timl/ros2_ws/src/build/cpp_srvcli
[12.713s] -- Install configuration: ""
[12.715s] -- Installing: /home/timl/ros2_ws/src/install/cpp_srvcli/lib/cpp_srvcli/server
[12.728s] -- Set non-toolchain portion of runtime path of "/home/timl/ros2_ws/src/install/cpp_srvcli/lib/cpp_srvcli/server" to ""
[12.729s] -- Installing: /home/timl/ros2_ws/src/install/cpp_srvcli/lib/cpp_srvcli/client
[12.741s] -- Set non-toolchain portion of runtime path of "/home/timl/ros2_ws/src/install/cpp_srvcli/lib/cpp_srvcli/client" to ""
[12.744s] -- Installing: /home/timl/ros2_ws/src/install/cpp_srvcli/share/ament_index/resource_index/package_run_dependencies/cpp_srvcli
[12.745s] -- Installing: /home/timl/ros2_ws/src/install/cpp_srvcli/share/ament_index/resource_index/parent_prefix_path/cpp_srvcli
[12.747s] -- Installing: /home/timl/ros2_ws/src/install/cpp_srvcli/share/cpp_srvcli/environment/ament_prefix_path.sh
[12.748s] -- Installing: /home/timl/ros2_ws/src/install/cpp_srvcli/share/cpp_srvcli/environment/ament_prefix_path.dsv
[12.748s] -- Installing: /home/timl/ros2_ws/src/install/cpp_srvcli/share/cpp_srvcli/environment/path.sh
[12.750s] -- Installing: /home/timl/ros2_ws/src/install/cpp_srvcli/share/cpp_srvcli/environment/path.dsv
[12.750s] -- Installing: /home/timl/ros2_ws/src/install/cpp_srvcli/share/cpp_srvcli/local_setup.bash
[12.752s] -- Installing: /home/timl/ros2_ws/src/install/cpp_srvcli/share/cpp_srvcli/local_setup.sh
[12.753s] -- Installing: /home/timl/ros2_ws/src/install/cpp_srvcli/share/cpp_srvcli/local_setup.zsh
[12.754s] -- Installing: /home/timl/ros2_ws/src/install/cpp_srvcli/share/cpp_srvcli/local_setup.dsv
[12.758s] -- Installing: /home/timl/ros2_ws/src/install/cpp_srvcli/share/cpp_srvcli/package.dsv
[12.758s] -- Installing: /home/timl/ros2_ws/src/install/cpp_srvcli/share/ament_index/resource_index/packages/cpp_srvcli
[12.759s] -- Installing: /home/timl/ros2_ws/src/install/cpp_srvcli/share/cpp_srvcli/cmake/cpp_srvcliConfig.cmake
[12.760s] -- Installing: /home/timl/ros2_ws/src/install/cpp_srvcli/share/cpp_srvcli/cmake/cpp_srvcliConfig-version.cmake
[12.760s] -- Installing: /home/timl/ros2_ws/src/install/cpp_srvcli/share/cpp_srvcli/package.xml
[12.768s] Invoked command in '/home/timl/ros2_ws/src/build/cpp_srvcli' returned '0': AMENT_PREFIX_PATH=/home/timl/ros2_ws/src/install/tutorial_interfaces:${AMENT_PREFIX_PATH} CMAKE_PREFIX_PATH=/home/timl/ros2_ws/src/install/tutorial_interfaces:/home/timl/ros2_ws/install/polygon_plugins:/home/timl/ros2_ws/install/polygon_base:/home/timl/ros2_ws/install/custom_action_interfaces:/home/timl/ros2_ws/src/install/cpp_parameters:/home/timl/ros2_ws/install/cpp_parameters:/home/timl/ros2_ws/install/more_interfaces:/home/timl/ros2_ws/install/tutorial_interfaces:/home/timl/ros2_ws/install/cpp_srvcli:/home/timl/ros2_ws/install/turtlesim:/home/timl/ros2_ws/install/my_package:/home/timl/ros2_ws/install/cpp_pubsub:/opt/ros/jazzy/opt/sdformat_vendor:/opt/ros/jazzy/opt/gz_math_vendor:/opt/ros/jazzy/opt/gz_utils_vendor:/opt/ros/jazzy/opt/gz_tools_vendor:/opt/ros/jazzy/opt/gz_cmake_vendor:/home/timl/ros2_ws/install/py_pubsub:/opt/ros/jazzy LD_LIBRARY_PATH=/home/timl/ros2_ws/src/install/tutorial_interfaces/lib:${LD_LIBRARY_PATH} PYTHONPATH=/home/timl/ros2_ws/src/install/tutorial_interfaces/lib/python3.12/site-packages:${PYTHONPATH} /usr/bin/cmake --install /home/timl/ros2_ws/src/build/cpp_srvcli
