[0.071s] Invoking command in '/home/timl/ros2_ws/build/more_interfaces': CMAKE_PREFIX_PATH=${CMAKE_PREFIX_PATH}:/opt/ros/jazzy /usr/bin/cmake --build /home/timl/ros2_ws/build/more_interfaces -- -j6 -l6
[0.204s] [  0%] Built target ament_cmake_python_copy_more_interfaces
[0.222s] [  2%] Built target more_interfaces__rosidl_generator_type_description
[0.317s] [  5%] Built target more_interfaces__cpp
[0.325s] [ 19%] Built target more_interfaces__rosidl_generator_c
[0.420s] [ 27%] Built target more_interfaces__rosidl_typesupport_fastrtps_c
[0.425s] [ 36%] Built target more_interfaces__rosidl_typesupport_cpp
[0.454s] [ 44%] Built target more_interfaces__rosidl_typesupport_introspection_c
[0.486s] [ 52%] Built target more_interfaces__rosidl_typesupport_c
[0.560s] [ 58%] Built target publish_address_book
[0.571s] [ 66%] Built target more_interfaces__rosidl_typesupport_fastrtps_cpp
[0.602s] [ 75%] Built target more_interfaces__rosidl_typesupport_introspection_cpp
[0.621s] running egg_info
[0.648s] [ 75%] Built target more_interfaces
[0.651s] writing more_interfaces.egg-info/PKG-INFO
[0.658s] writing dependency_links to more_interfaces.egg-info/dependency_links.txt
[0.660s] writing top-level names to more_interfaces.egg-info/top_level.txt
[0.704s] [ 77%] Built target more_interfaces__py
[0.743s] reading manifest file 'more_interfaces.egg-info/SOURCES.txt'
[0.744s] writing manifest file 'more_interfaces.egg-info/SOURCES.txt'
[0.751s] [ 83%] Built target more_interfaces__rosidl_generator_py
[0.802s] [ 88%] Built target more_interfaces_s__rosidl_typesupport_fastrtps_c
[0.807s] [ 94%] Built target more_interfaces_s__rosidl_typesupport_introspection_c
[0.823s] [100%] Built target more_interfaces_s__rosidl_typesupport_c
[0.826s] [100%] Built target ament_cmake_python_build_more_interfaces_egg
[0.840s] Invoked command in '/home/timl/ros2_ws/build/more_interfaces' returned '0': CMAKE_PREFIX_PATH=${CMAKE_PREFIX_PATH}:/opt/ros/jazzy /usr/bin/cmake --build /home/timl/ros2_ws/build/more_interfaces -- -j6 -l6
[0.840s] Invoking command in '/home/timl/ros2_ws/build/more_interfaces': CMAKE_PREFIX_PATH=${CMAKE_PREFIX_PATH}:/opt/ros/jazzy /usr/bin/cmake --install /home/timl/ros2_ws/build/more_interfaces
[0.859s] -- Install configuration: ""
[0.859s] -- Up-to-date: /home/timl/ros2_ws/install/more_interfaces/share/ament_index/resource_index/rosidl_interfaces/more_interfaces
[0.860s] -- Up-to-date: /home/timl/ros2_ws/install/more_interfaces/share/more_interfaces/msg/AddressBook.json
[0.860s] -- Up-to-date: /home/timl/ros2_ws/install/more_interfaces/include/more_interfaces/more_interfaces
[0.860s] -- Up-to-date: /home/timl/ros2_ws/install/more_interfaces/include/more_interfaces/more_interfaces/msg
[0.861s] -- Up-to-date: /home/timl/ros2_ws/install/more_interfaces/include/more_interfaces/more_interfaces/msg/detail
[0.861s] -- Up-to-date: /home/timl/ros2_ws/install/more_interfaces/include/more_interfaces/more_interfaces/msg/detail/address_book__type_support.c
[0.861s] -- Up-to-date: /home/timl/ros2_ws/install/more_interfaces/include/more_interfaces/more_interfaces/msg/detail/address_book__functions.c
[0.861s] -- Up-to-date: /home/timl/ros2_ws/install/more_interfaces/include/more_interfaces/more_interfaces/msg/detail/address_book__description.c
[0.861s] -- Up-to-date: /home/timl/ros2_ws/install/more_interfaces/include/more_interfaces/more_interfaces/msg/detail/address_book__type_support.h
[0.861s] -- Up-to-date: /home/timl/ros2_ws/install/more_interfaces/include/more_interfaces/more_interfaces/msg/detail/address_book__functions.h
[0.861s] -- Up-to-date: /home/timl/ros2_ws/install/more_interfaces/include/more_interfaces/more_interfaces/msg/detail/address_book__struct.h
[0.862s] -- Up-to-date: /home/timl/ros2_ws/install/more_interfaces/include/more_interfaces/more_interfaces/msg/address_book.h
[0.863s] -- Up-to-date: /home/timl/ros2_ws/install/more_interfaces/include/more_interfaces/more_interfaces/msg/rosidl_generator_c__visibility_control.h
[0.863s] -- Up-to-date: /home/timl/ros2_ws/install/more_interfaces/share/more_interfaces/environment/library_path.sh
[0.864s] -- Up-to-date: /home/timl/ros2_ws/install/more_interfaces/share/more_interfaces/environment/library_path.dsv
[0.865s] -- Up-to-date: /home/timl/ros2_ws/install/more_interfaces/lib/libmore_interfaces__rosidl_generator_c.so
[0.865s] -- Up-to-date: /home/timl/ros2_ws/install/more_interfaces/include/more_interfaces/more_interfaces
[0.866s] -- Up-to-date: /home/timl/ros2_ws/install/more_interfaces/include/more_interfaces/more_interfaces/msg
[0.866s] -- Up-to-date: /home/timl/ros2_ws/install/more_interfaces/include/more_interfaces/more_interfaces/msg/detail
[0.866s] -- Up-to-date: /home/timl/ros2_ws/install/more_interfaces/include/more_interfaces/more_interfaces/msg/detail/address_book__rosidl_typesupport_fastrtps_c.h
[0.866s] -- Up-to-date: /home/timl/ros2_ws/install/more_interfaces/include/more_interfaces/more_interfaces/msg/rosidl_typesupport_fastrtps_c__visibility_control.h
[0.870s] -- Up-to-date: /home/timl/ros2_ws/install/more_interfaces/lib/libmore_interfaces__rosidl_typesupport_fastrtps_c.so
[0.870s] -- Up-to-date: /home/timl/ros2_ws/install/more_interfaces/include/more_interfaces/more_interfaces
[0.870s] -- Up-to-date: /home/timl/ros2_ws/install/more_interfaces/include/more_interfaces/more_interfaces/msg
[0.870s] -- Up-to-date: /home/timl/ros2_ws/install/more_interfaces/include/more_interfaces/more_interfaces/msg/detail
[0.870s] -- Up-to-date: /home/timl/ros2_ws/install/more_interfaces/include/more_interfaces/more_interfaces/msg/detail/address_book__type_support.c
[0.871s] -- Up-to-date: /home/timl/ros2_ws/install/more_interfaces/include/more_interfaces/more_interfaces/msg/detail/address_book__rosidl_typesupport_introspection_c.h
[0.871s] -- Up-to-date: /home/timl/ros2_ws/install/more_interfaces/include/more_interfaces/more_interfaces/msg/rosidl_typesupport_introspection_c__visibility_control.h
[0.871s] -- Up-to-date: /home/timl/ros2_ws/install/more_interfaces/lib/libmore_interfaces__rosidl_typesupport_introspection_c.so
[0.871s] -- Up-to-date: /home/timl/ros2_ws/install/more_interfaces/lib/libmore_interfaces__rosidl_typesupport_c.so
[0.872s] -- Up-to-date: /home/timl/ros2_ws/install/more_interfaces/include/more_interfaces/more_interfaces
[0.872s] -- Up-to-date: /home/timl/ros2_ws/install/more_interfaces/include/more_interfaces/more_interfaces/msg
[0.872s] -- Up-to-date: /home/timl/ros2_ws/install/more_interfaces/include/more_interfaces/more_interfaces/msg/detail
[0.872s] -- Up-to-date: /home/timl/ros2_ws/install/more_interfaces/include/more_interfaces/more_interfaces/msg/detail/address_book__struct.hpp
[0.872s] -- Up-to-date: /home/timl/ros2_ws/install/more_interfaces/include/more_interfaces/more_interfaces/msg/detail/address_book__builder.hpp
[0.872s] -- Up-to-date: /home/timl/ros2_ws/install/more_interfaces/include/more_interfaces/more_interfaces/msg/detail/address_book__traits.hpp
[0.872s] -- Up-to-date: /home/timl/ros2_ws/install/more_interfaces/include/more_interfaces/more_interfaces/msg/detail/address_book__type_support.hpp
[0.873s] -- Up-to-date: /home/timl/ros2_ws/install/more_interfaces/include/more_interfaces/more_interfaces/msg/rosidl_generator_cpp__visibility_control.hpp
[0.873s] -- Up-to-date: /home/timl/ros2_ws/install/more_interfaces/include/more_interfaces/more_interfaces/msg/address_book.hpp
[0.873s] -- Up-to-date: /home/timl/ros2_ws/install/more_interfaces/include/more_interfaces/more_interfaces
[0.874s] -- Up-to-date: /home/timl/ros2_ws/install/more_interfaces/include/more_interfaces/more_interfaces/msg
[0.874s] -- Up-to-date: /home/timl/ros2_ws/install/more_interfaces/include/more_interfaces/more_interfaces/msg/detail
[0.874s] -- Up-to-date: /home/timl/ros2_ws/install/more_interfaces/include/more_interfaces/more_interfaces/msg/detail/dds_fastrtps
[0.874s] -- Up-to-date: /home/timl/ros2_ws/install/more_interfaces/include/more_interfaces/more_interfaces/msg/detail/address_book__rosidl_typesupport_fastrtps_cpp.hpp
[0.874s] -- Up-to-date: /home/timl/ros2_ws/install/more_interfaces/include/more_interfaces/more_interfaces/msg/rosidl_typesupport_fastrtps_cpp__visibility_control.h
[0.875s] -- Up-to-date: /home/timl/ros2_ws/install/more_interfaces/lib/libmore_interfaces__rosidl_typesupport_fastrtps_cpp.so
[0.875s] -- Up-to-date: /home/timl/ros2_ws/install/more_interfaces/include/more_interfaces/more_interfaces
[0.875s] -- Up-to-date: /home/timl/ros2_ws/install/more_interfaces/include/more_interfaces/more_interfaces/msg
[0.875s] -- Up-to-date: /home/timl/ros2_ws/install/more_interfaces/include/more_interfaces/more_interfaces/msg/detail
[0.876s] -- Up-to-date: /home/timl/ros2_ws/install/more_interfaces/include/more_interfaces/more_interfaces/msg/detail/address_book__type_support.cpp
[0.877s] -- Up-to-date: /home/timl/ros2_ws/install/more_interfaces/include/more_interfaces/more_interfaces/msg/detail/address_book__rosidl_typesupport_introspection_cpp.hpp
[0.879s] -- Up-to-date: /home/timl/ros2_ws/install/more_interfaces/lib/libmore_interfaces__rosidl_typesupport_introspection_cpp.so
[0.880s] -- Up-to-date: /home/timl/ros2_ws/install/more_interfaces/lib/libmore_interfaces__rosidl_typesupport_cpp.so
[0.881s] -- Up-to-date: /home/timl/ros2_ws/install/more_interfaces/share/more_interfaces/environment/pythonpath.sh
[0.881s] -- Up-to-date: /home/timl/ros2_ws/install/more_interfaces/share/more_interfaces/environment/pythonpath.dsv
[0.882s] -- Up-to-date: /home/timl/ros2_ws/install/more_interfaces/lib/python3.12/site-packages/more_interfaces-0.0.0-py3.12.egg-info
[0.882s] -- Installing: /home/timl/ros2_ws/install/more_interfaces/lib/python3.12/site-packages/more_interfaces-0.0.0-py3.12.egg-info/top_level.txt
[0.884s] -- Installing: /home/timl/ros2_ws/install/more_interfaces/lib/python3.12/site-packages/more_interfaces-0.0.0-py3.12.egg-info/PKG-INFO
[0.885s] -- Installing: /home/timl/ros2_ws/install/more_interfaces/lib/python3.12/site-packages/more_interfaces-0.0.0-py3.12.egg-info/SOURCES.txt
[0.886s] -- Installing: /home/timl/ros2_ws/install/more_interfaces/lib/python3.12/site-packages/more_interfaces-0.0.0-py3.12.egg-info/dependency_links.txt
[0.887s] -- Up-to-date: /home/timl/ros2_ws/install/more_interfaces/lib/python3.12/site-packages/more_interfaces
[0.887s] -- Up-to-date: /home/timl/ros2_ws/install/more_interfaces/lib/python3.12/site-packages/more_interfaces/_more_interfaces_s.ep.rosidl_typesupport_fastrtps_c.c
[0.887s] -- Up-to-date: /home/timl/ros2_ws/install/more_interfaces/lib/python3.12/site-packages/more_interfaces/more_interfaces_s__rosidl_typesupport_fastrtps_c.so
[0.887s] -- Up-to-date: /home/timl/ros2_ws/install/more_interfaces/lib/python3.12/site-packages/more_interfaces/_more_interfaces_s.ep.rosidl_typesupport_introspection_c.c
[0.887s] -- Up-to-date: /home/timl/ros2_ws/install/more_interfaces/lib/python3.12/site-packages/more_interfaces/more_interfaces_s__rosidl_typesupport_c.so
[0.888s] -- Up-to-date: /home/timl/ros2_ws/install/more_interfaces/lib/python3.12/site-packages/more_interfaces/more_interfaces_s__rosidl_typesupport_introspection_c.so
[0.888s] -- Up-to-date: /home/timl/ros2_ws/install/more_interfaces/lib/python3.12/site-packages/more_interfaces/_more_interfaces_s.ep.rosidl_typesupport_c.c
[0.888s] -- Up-to-date: /home/timl/ros2_ws/install/more_interfaces/lib/python3.12/site-packages/more_interfaces/__init__.py
[0.888s] -- Up-to-date: /home/timl/ros2_ws/install/more_interfaces/lib/python3.12/site-packages/more_interfaces/msg
[0.888s] -- Up-to-date: /home/timl/ros2_ws/install/more_interfaces/lib/python3.12/site-packages/more_interfaces/msg/_address_book_s.c
[0.888s] -- Up-to-date: /home/timl/ros2_ws/install/more_interfaces/lib/python3.12/site-packages/more_interfaces/msg/_address_book.py
[0.888s] -- Up-to-date: /home/timl/ros2_ws/install/more_interfaces/lib/python3.12/site-packages/more_interfaces/msg/__init__.py
[0.932s] Listing '/home/timl/ros2_ws/install/more_interfaces/lib/python3.12/site-packages/more_interfaces'...
[0.932s] Listing '/home/timl/ros2_ws/install/more_interfaces/lib/python3.12/site-packages/more_interfaces/msg'...
[0.975s] -- Up-to-date: /home/timl/ros2_ws/install/more_interfaces/lib/python3.12/site-packages/more_interfaces/more_interfaces_s__rosidl_typesupport_fastrtps_c.so
[0.975s] -- Up-to-date: /home/timl/ros2_ws/install/more_interfaces/lib/python3.12/site-packages/more_interfaces/more_interfaces_s__rosidl_typesupport_introspection_c.so
[0.975s] -- Up-to-date: /home/timl/ros2_ws/install/more_interfaces/lib/python3.12/site-packages/more_interfaces/more_interfaces_s__rosidl_typesupport_c.so
[0.975s] -- Up-to-date: /home/timl/ros2_ws/install/more_interfaces/lib/libmore_interfaces__rosidl_generator_py.so
[0.975s] -- Up-to-date: /home/timl/ros2_ws/install/more_interfaces/share/more_interfaces/msg/AddressBook.idl
[0.975s] -- Up-to-date: /home/timl/ros2_ws/install/more_interfaces/share/more_interfaces/msg/AddressBook.msg
[0.975s] -- Up-to-date: /home/timl/ros2_ws/install/more_interfaces/lib/more_interfaces/publish_address_book
[0.975s] -- Up-to-date: /home/timl/ros2_ws/install/more_interfaces/share/ament_index/resource_index/package_run_dependencies/more_interfaces
[0.975s] -- Up-to-date: /home/timl/ros2_ws/install/more_interfaces/share/ament_index/resource_index/parent_prefix_path/more_interfaces
[0.976s] -- Up-to-date: /home/timl/ros2_ws/install/more_interfaces/share/more_interfaces/environment/ament_prefix_path.sh
[0.976s] -- Up-to-date: /home/timl/ros2_ws/install/more_interfaces/share/more_interfaces/environment/ament_prefix_path.dsv
[0.976s] -- Up-to-date: /home/timl/ros2_ws/install/more_interfaces/share/more_interfaces/environment/path.sh
[0.976s] -- Up-to-date: /home/timl/ros2_ws/install/more_interfaces/share/more_interfaces/environment/path.dsv
[0.976s] -- Up-to-date: /home/timl/ros2_ws/install/more_interfaces/share/more_interfaces/local_setup.bash
[0.976s] -- Up-to-date: /home/timl/ros2_ws/install/more_interfaces/share/more_interfaces/local_setup.sh
[0.976s] -- Up-to-date: /home/timl/ros2_ws/install/more_interfaces/share/more_interfaces/local_setup.zsh
[0.976s] -- Up-to-date: /home/timl/ros2_ws/install/more_interfaces/share/more_interfaces/local_setup.dsv
[0.976s] -- Installing: /home/timl/ros2_ws/install/more_interfaces/share/more_interfaces/package.dsv
[0.976s] -- Up-to-date: /home/timl/ros2_ws/install/more_interfaces/share/ament_index/resource_index/packages/more_interfaces
[0.976s] -- Up-to-date: /home/timl/ros2_ws/install/more_interfaces/share/more_interfaces/cmake/export_more_interfaces__rosidl_generator_cExport.cmake
[0.976s] -- Up-to-date: /home/timl/ros2_ws/install/more_interfaces/share/more_interfaces/cmake/export_more_interfaces__rosidl_generator_cExport-noconfig.cmake
[0.976s] -- Up-to-date: /home/timl/ros2_ws/install/more_interfaces/share/more_interfaces/cmake/export_more_interfaces__rosidl_typesupport_fastrtps_cExport.cmake
[0.977s] -- Up-to-date: /home/timl/ros2_ws/install/more_interfaces/share/more_interfaces/cmake/export_more_interfaces__rosidl_typesupport_fastrtps_cExport-noconfig.cmake
[0.977s] -- Up-to-date: /home/timl/ros2_ws/install/more_interfaces/share/more_interfaces/cmake/more_interfaces__rosidl_typesupport_introspection_cExport.cmake
[0.977s] -- Up-to-date: /home/timl/ros2_ws/install/more_interfaces/share/more_interfaces/cmake/more_interfaces__rosidl_typesupport_introspection_cExport-noconfig.cmake
[0.977s] -- Up-to-date: /home/timl/ros2_ws/install/more_interfaces/share/more_interfaces/cmake/more_interfaces__rosidl_typesupport_cExport.cmake
[0.977s] -- Up-to-date: /home/timl/ros2_ws/install/more_interfaces/share/more_interfaces/cmake/more_interfaces__rosidl_typesupport_cExport-noconfig.cmake
[0.989s] -- Up-to-date: /home/timl/ros2_ws/install/more_interfaces/share/more_interfaces/cmake/export_more_interfaces__rosidl_generator_cppExport.cmake
[0.991s] -- Up-to-date: /home/timl/ros2_ws/install/more_interfaces/share/more_interfaces/cmake/export_more_interfaces__rosidl_typesupport_fastrtps_cppExport.cmake
[0.993s] -- Up-to-date: /home/timl/ros2_ws/install/more_interfaces/share/more_interfaces/cmake/export_more_interfaces__rosidl_typesupport_fastrtps_cppExport-noconfig.cmake
[0.993s] -- Up-to-date: /home/timl/ros2_ws/install/more_interfaces/share/more_interfaces/cmake/more_interfaces__rosidl_typesupport_introspection_cppExport.cmake
[0.994s] -- Up-to-date: /home/timl/ros2_ws/install/more_interfaces/share/more_interfaces/cmake/more_interfaces__rosidl_typesupport_introspection_cppExport-noconfig.cmake
[0.994s] -- Up-to-date: /home/timl/ros2_ws/install/more_interfaces/share/more_interfaces/cmake/more_interfaces__rosidl_typesupport_cppExport.cmake
[0.995s] -- Up-to-date: /home/timl/ros2_ws/install/more_interfaces/share/more_interfaces/cmake/more_interfaces__rosidl_typesupport_cppExport-noconfig.cmake
[0.996s] -- Up-to-date: /home/timl/ros2_ws/install/more_interfaces/share/more_interfaces/cmake/export_more_interfaces__rosidl_generator_pyExport.cmake
[0.996s] -- Up-to-date: /home/timl/ros2_ws/install/more_interfaces/share/more_interfaces/cmake/export_more_interfaces__rosidl_generator_pyExport-noconfig.cmake
[0.996s] -- Up-to-date: /home/timl/ros2_ws/install/more_interfaces/share/more_interfaces/cmake/rosidl_cmake-extras.cmake
[0.996s] -- Up-to-date: /home/timl/ros2_ws/install/more_interfaces/share/more_interfaces/cmake/ament_cmake_export_include_directories-extras.cmake
[0.997s] -- Up-to-date: /home/timl/ros2_ws/install/more_interfaces/share/more_interfaces/cmake/ament_cmake_export_libraries-extras.cmake
[0.997s] -- Up-to-date: /home/timl/ros2_ws/install/more_interfaces/share/more_interfaces/cmake/ament_cmake_export_targets-extras.cmake
[0.997s] -- Up-to-date: /home/timl/ros2_ws/install/more_interfaces/share/more_interfaces/cmake/rosidl_cmake_export_typesupport_targets-extras.cmake
[1.001s] -- Up-to-date: /home/timl/ros2_ws/install/more_interfaces/share/more_interfaces/cmake/ament_cmake_export_dependencies-extras.cmake
[1.002s] -- Up-to-date: /home/timl/ros2_ws/install/more_interfaces/share/more_interfaces/cmake/rosidl_cmake_export_typesupport_libraries-extras.cmake
[1.002s] -- Up-to-date: /home/timl/ros2_ws/install/more_interfaces/share/more_interfaces/cmake/more_interfacesConfig.cmake
[1.004s] -- Up-to-date: /home/timl/ros2_ws/install/more_interfaces/share/more_interfaces/cmake/more_interfacesConfig-version.cmake
[1.005s] -- Up-to-date: /home/timl/ros2_ws/install/more_interfaces/share/more_interfaces/package.xml
[1.010s] Invoked command in '/home/timl/ros2_ws/build/more_interfaces' returned '0': CMAKE_PREFIX_PATH=${CMAKE_PREFIX_PATH}:/opt/ros/jazzy /usr/bin/cmake --install /home/timl/ros2_ws/build/more_interfaces
