[0.196s] Invoking command in '/home/timl/ros2_ws/build/custom_action_cpp': AMENT_PREFIX_PATH=/home/timl/ros2_ws/install/custom_action_interfaces:${AMENT_PREFIX_PATH} CMAKE_PREFIX_PATH=/home/timl/ros2_ws/install/custom_action_interfaces:/opt/ros/jazzy/opt/sdformat_vendor:/opt/ros/jazzy/opt/gz_math_vendor:/opt/ros/jazzy/opt/gz_utils_vendor:/opt/ros/jazzy/opt/gz_tools_vendor:/opt/ros/jazzy/opt/gz_cmake_vendor:/opt/ros/jazzy LD_LIBRARY_PATH=/home/timl/ros2_ws/install/custom_action_interfaces/lib:${LD_LIBRARY_PATH} PYTHONPATH=/home/timl/ros2_ws/install/custom_action_interfaces/lib/python3.12/site-packages:${PYTHONPATH} /usr/bin/cmake --build /home/timl/ros2_ws/build/custom_action_cpp -- -j6 -l6
[0.262s] [ 25%] Built target fibonacci_action_client
[0.267s] [ 50%] Built target action_client
[0.269s] [ 75%] Built target fibonacci_action_server
[0.270s] [100%] Built target action_server
[0.281s] Invoked command in '/home/timl/ros2_ws/build/custom_action_cpp' returned '0': AMENT_PREFIX_PATH=/home/timl/ros2_ws/install/custom_action_interfaces:${AMENT_PREFIX_PATH} CMAKE_PREFIX_PATH=/home/timl/ros2_ws/install/custom_action_interfaces:/opt/ros/jazzy/opt/sdformat_vendor:/opt/ros/jazzy/opt/gz_math_vendor:/opt/ros/jazzy/opt/gz_utils_vendor:/opt/ros/jazzy/opt/gz_tools_vendor:/opt/ros/jazzy/opt/gz_cmake_vendor:/opt/ros/jazzy LD_LIBRARY_PATH=/home/timl/ros2_ws/install/custom_action_interfaces/lib:${LD_LIBRARY_PATH} PYTHONPATH=/home/timl/ros2_ws/install/custom_action_interfaces/lib/python3.12/site-packages:${PYTHONPATH} /usr/bin/cmake --build /home/timl/ros2_ws/build/custom_action_cpp -- -j6 -l6
[0.283s] Invoking command in '/home/timl/ros2_ws/build/custom_action_cpp': AMENT_PREFIX_PATH=/home/timl/ros2_ws/install/custom_action_interfaces:${AMENT_PREFIX_PATH} CMAKE_PREFIX_PATH=/home/timl/ros2_ws/install/custom_action_interfaces:/opt/ros/jazzy/opt/sdformat_vendor:/opt/ros/jazzy/opt/gz_math_vendor:/opt/ros/jazzy/opt/gz_utils_vendor:/opt/ros/jazzy/opt/gz_tools_vendor:/opt/ros/jazzy/opt/gz_cmake_vendor:/opt/ros/jazzy LD_LIBRARY_PATH=/home/timl/ros2_ws/install/custom_action_interfaces/lib:${LD_LIBRARY_PATH} PYTHONPATH=/home/timl/ros2_ws/install/custom_action_interfaces/lib/python3.12/site-packages:${PYTHONPATH} /usr/bin/cmake --install /home/timl/ros2_ws/build/custom_action_cpp
[0.292s] -- Install configuration: ""
[0.292s] -- Up-to-date: /home/timl/ros2_ws/install/custom_action_cpp/lib/custom_action_cpp/fibonacci_action_server
[0.293s] -- Up-to-date: /home/timl/ros2_ws/install/custom_action_cpp/lib/libaction_server.so
[0.293s] -- Up-to-date: /home/timl/ros2_ws/install/custom_action_cpp/lib/custom_action_cpp/fibonacci_action_client
[0.294s] -- Up-to-date: /home/timl/ros2_ws/install/custom_action_cpp/lib/libaction_client.so
[0.294s] -- Up-to-date: /home/timl/ros2_ws/install/custom_action_cpp/share/ament_index/resource_index/package_run_dependencies/custom_action_cpp
[0.294s] -- Up-to-date: /home/timl/ros2_ws/install/custom_action_cpp/share/ament_index/resource_index/parent_prefix_path/custom_action_cpp
[0.294s] -- Up-to-date: /home/timl/ros2_ws/install/custom_action_cpp/share/custom_action_cpp/environment/ament_prefix_path.sh
[0.295s] -- Up-to-date: /home/timl/ros2_ws/install/custom_action_cpp/share/custom_action_cpp/environment/ament_prefix_path.dsv
[0.295s] -- Up-to-date: /home/timl/ros2_ws/install/custom_action_cpp/share/custom_action_cpp/environment/path.sh
[0.296s] -- Up-to-date: /home/timl/ros2_ws/install/custom_action_cpp/share/custom_action_cpp/environment/path.dsv
[0.296s] -- Up-to-date: /home/timl/ros2_ws/install/custom_action_cpp/share/custom_action_cpp/local_setup.bash
[0.296s] -- Up-to-date: /home/timl/ros2_ws/install/custom_action_cpp/share/custom_action_cpp/local_setup.sh
[0.296s] -- Up-to-date: /home/timl/ros2_ws/install/custom_action_cpp/share/custom_action_cpp/local_setup.zsh
[0.296s] -- Up-to-date: /home/timl/ros2_ws/install/custom_action_cpp/share/custom_action_cpp/local_setup.dsv
[0.297s] -- Installing: /home/timl/ros2_ws/install/custom_action_cpp/share/custom_action_cpp/package.dsv
[0.297s] -- Up-to-date: /home/timl/ros2_ws/install/custom_action_cpp/share/ament_index/resource_index/packages/custom_action_cpp
[0.298s] -- Up-to-date: /home/timl/ros2_ws/install/custom_action_cpp/share/ament_index/resource_index/rclcpp_components/custom_action_cpp
[0.299s] -- Up-to-date: /home/timl/ros2_ws/install/custom_action_cpp/share/custom_action_cpp/cmake/custom_action_cppConfig.cmake
[0.299s] -- Up-to-date: /home/timl/ros2_ws/install/custom_action_cpp/share/custom_action_cpp/cmake/custom_action_cppConfig-version.cmake
[0.299s] -- Up-to-date: /home/timl/ros2_ws/install/custom_action_cpp/share/custom_action_cpp/package.xml
[0.304s] Invoked command in '/home/timl/ros2_ws/build/custom_action_cpp' returned '0': AMENT_PREFIX_PATH=/home/timl/ros2_ws/install/custom_action_interfaces:${AMENT_PREFIX_PATH} CMAKE_PREFIX_PATH=/home/timl/ros2_ws/install/custom_action_interfaces:/opt/ros/jazzy/opt/sdformat_vendor:/opt/ros/jazzy/opt/gz_math_vendor:/opt/ros/jazzy/opt/gz_utils_vendor:/opt/ros/jazzy/opt/gz_tools_vendor:/opt/ros/jazzy/opt/gz_cmake_vendor:/opt/ros/jazzy LD_LIBRARY_PATH=/home/timl/ros2_ws/install/custom_action_interfaces/lib:${LD_LIBRARY_PATH} PYTHONPATH=/home/timl/ros2_ws/install/custom_action_interfaces/lib/python3.12/site-packages:${PYTHONPATH} /usr/bin/cmake --install /home/timl/ros2_ws/build/custom_action_cpp
