[0.917s] Invoking command in '/home/timl/ros2_ws/src/my_py_pkg': PYTHONPATH=/home/timl/ros2_ws/build/my_py_pkg/prefix_override:/usr/lib/python3/dist-packages/colcon_core/task/python/colcon_distutils_commands:/home/timl/ros2_ws/install/my_py_pkg/lib/python3.12/site-packages:${PYTHONPATH} /usr/bin/python3 -W ignore:setup.py install is deprecated -W ignore:easy_install command is deprecated setup.py egg_info --egg-base ../../build/my_py_pkg build --build-base /home/timl/ros2_ws/build/my_py_pkg/build install --record /home/timl/ros2_ws/build/my_py_pkg/install.log --single-version-externally-managed install_data
[1.220s] running egg_info
[1.243s] writing ../../build/my_py_pkg/my_py_pkg.egg-info/PKG-INFO
[1.243s] writing dependency_links to ../../build/my_py_pkg/my_py_pkg.egg-info/dependency_links.txt
[1.244s] writing entry points to ../../build/my_py_pkg/my_py_pkg.egg-info/entry_points.txt
[1.244s] writing requirements to ../../build/my_py_pkg/my_py_pkg.egg-info/requires.txt
[1.244s] writing top-level names to ../../build/my_py_pkg/my_py_pkg.egg-info/top_level.txt
[1.291s] reading manifest file '../../build/my_py_pkg/my_py_pkg.egg-info/SOURCES.txt'
[1.292s] writing manifest file '../../build/my_py_pkg/my_py_pkg.egg-info/SOURCES.txt'
[1.292s] running build
[1.292s] running build_py
[1.292s] copying my_py_pkg/smartphone.py -> /home/timl/ros2_ws/build/my_py_pkg/build/lib/my_py_pkg
[1.293s] running install
[1.299s] running install_lib
[1.324s] copying /home/timl/ros2_ws/build/my_py_pkg/build/lib/my_py_pkg/smartphone.py -> /home/timl/ros2_ws/install/my_py_pkg/lib/python3.12/site-packages/my_py_pkg
[1.324s] byte-compiling /home/timl/ros2_ws/install/my_py_pkg/lib/python3.12/site-packages/my_py_pkg/smartphone.py to smartphone.cpython-312.pyc
[1.325s] running install_data
[1.325s] running install_egg_info
[1.350s] removing '/home/timl/ros2_ws/install/my_py_pkg/lib/python3.12/site-packages/my_py_pkg-0.0.0-py3.12.egg-info' (and everything under it)
[1.350s] Copying ../../build/my_py_pkg/my_py_pkg.egg-info to /home/timl/ros2_ws/install/my_py_pkg/lib/python3.12/site-packages/my_py_pkg-0.0.0-py3.12.egg-info
[1.351s] running install_scripts
[1.506s] Installing py_node script to /home/timl/ros2_ws/install/my_py_pkg/lib/my_py_pkg
[1.506s] Installing robot_news_station script to /home/timl/ros2_ws/install/my_py_pkg/lib/my_py_pkg
[1.506s] Installing smartphone script to /home/timl/ros2_ws/install/my_py_pkg/lib/my_py_pkg
[1.507s] writing list of installed files to '/home/timl/ros2_ws/build/my_py_pkg/install.log'
[1.538s] Invoked command in '/home/timl/ros2_ws/src/my_py_pkg' returned '0': PYTHONPATH=/home/timl/ros2_ws/build/my_py_pkg/prefix_override:/usr/lib/python3/dist-packages/colcon_core/task/python/colcon_distutils_commands:/home/timl/ros2_ws/install/my_py_pkg/lib/python3.12/site-packages:${PYTHONPATH} /usr/bin/python3 -W ignore:setup.py install is deprecated -W ignore:easy_install command is deprecated setup.py egg_info --egg-base ../../build/my_py_pkg build --build-base /home/timl/ros2_ws/build/my_py_pkg/build install --record /home/timl/ros2_ws/build/my_py_pkg/install.log --single-version-externally-managed install_data
