[0.041s] Invoking command in '/home/timl/ros2_ws/build/polygon_base': CMAKE_PREFIX_PATH=${CMAKE_PREFIX_PATH}:/home/timl/ros2_ws/install/py_pubsub:/opt/ros/jazzy /usr/bin/cmake /home/timl/ros2_ws/src/polygon_base -DCMAKE_INSTALL_PREFIX=/home/timl/ros2_ws/install/polygon_base
[0.348s] -- The C compiler identification is GNU 13.3.0
[1.360s] -- The CXX compiler identification is GNU 13.3.0
[2.287s] -- Detecting C compiler ABI info
[2.748s] -- Detecting C compiler ABI info - done
[2.763s] -- Check for working C compiler: /usr/bin/cc - skipped
[2.764s] -- Detecting C compile features
[2.765s] -- Detecting C compile features - done
[2.926s] -- Detecting CXX compiler ABI info
[3.329s] -- Detecting CXX compiler ABI info - done
[3.342s] -- Check for working CXX compiler: /usr/bin/c++ - skipped
[3.342s] -- Detecting CXX compile features
[3.342s] -- Detecting CXX compile features - done
[3.346s] -- Found ament_cmake: 2.5.3 (/opt/ros/jazzy/share/ament_cmake/cmake)
[3.517s] -- Found Python3: /usr/bin/python3 (found version "3.12.3") found components: Interpreter 
[3.647s] -- Found pluginlib: 5.4.2 (/opt/ros/jazzy/share/pluginlib/cmake)
[3.913s] -- Found TinyXML2 via Config file: /usr/lib/x86_64-linux-gnu/cmake/tinyxml2
[4.054s] -- Configuring done (4.0s)
[4.065s] -- Generating done (0.0s)
[4.069s] -- Build files have been written to: /home/timl/ros2_ws/build/polygon_base
[4.081s] Invoked command in '/home/timl/ros2_ws/build/polygon_base' returned '0': CMAKE_PREFIX_PATH=${CMAKE_PREFIX_PATH}:/home/timl/ros2_ws/install/py_pubsub:/opt/ros/jazzy /usr/bin/cmake /home/timl/ros2_ws/src/polygon_base -DCMAKE_INSTALL_PREFIX=/home/timl/ros2_ws/install/polygon_base
[4.082s] Invoking command in '/home/timl/ros2_ws/build/polygon_base': CMAKE_PREFIX_PATH=${CMAKE_PREFIX_PATH}:/home/timl/ros2_ws/install/py_pubsub:/opt/ros/jazzy /usr/bin/cmake --build /home/timl/ros2_ws/build/polygon_base -- -j6 -l6
[4.162s] [ 50%] [32mBuilding CXX object CMakeFiles/area_node.dir/src/area_node.cpp.o[0m
[8.948s] [100%] [32m[1mLinking CXX executable area_node[0m
[9.233s] [100%] Built target area_node
[9.255s] Invoked command in '/home/timl/ros2_ws/build/polygon_base' returned '0': CMAKE_PREFIX_PATH=${CMAKE_PREFIX_PATH}:/home/timl/ros2_ws/install/py_pubsub:/opt/ros/jazzy /usr/bin/cmake --build /home/timl/ros2_ws/build/polygon_base -- -j6 -l6
[9.255s] Invoking command in '/home/timl/ros2_ws/build/polygon_base': CMAKE_PREFIX_PATH=${CMAKE_PREFIX_PATH}:/home/timl/ros2_ws/install/py_pubsub:/opt/ros/jazzy /usr/bin/cmake --install /home/timl/ros2_ws/build/polygon_base
[9.264s] -- Install configuration: ""
[9.264s] -- Installing: /home/timl/ros2_ws/install/polygon_base/include
[9.265s] -- Installing: /home/timl/ros2_ws/install/polygon_base/include/polygon_base
[9.265s] -- Installing: /home/timl/ros2_ws/install/polygon_base/include/polygon_base/regular_polygon.hpp
[9.266s] -- Installing: /home/timl/ros2_ws/install/polygon_base/lib/polygon_base/area_node
[9.268s] -- Set non-toolchain portion of runtime path of "/home/timl/ros2_ws/install/polygon_base/lib/polygon_base/area_node" to ""
[9.269s] -- Installing: /home/timl/ros2_ws/install/polygon_base/share/ament_index/resource_index/package_run_dependencies/polygon_base
[9.269s] -- Installing: /home/timl/ros2_ws/install/polygon_base/share/ament_index/resource_index/parent_prefix_path/polygon_base
[9.271s] -- Installing: /home/timl/ros2_ws/install/polygon_base/share/polygon_base/environment/ament_prefix_path.sh
[9.273s] -- Installing: /home/timl/ros2_ws/install/polygon_base/share/polygon_base/environment/ament_prefix_path.dsv
[9.274s] -- Installing: /home/timl/ros2_ws/install/polygon_base/share/polygon_base/environment/path.sh
[9.276s] -- Installing: /home/timl/ros2_ws/install/polygon_base/share/polygon_base/environment/path.dsv
[9.277s] -- Installing: /home/timl/ros2_ws/install/polygon_base/share/polygon_base/local_setup.bash
[9.279s] -- Installing: /home/timl/ros2_ws/install/polygon_base/share/polygon_base/local_setup.sh
[9.280s] -- Installing: /home/timl/ros2_ws/install/polygon_base/share/polygon_base/local_setup.zsh
[9.281s] -- Installing: /home/timl/ros2_ws/install/polygon_base/share/polygon_base/local_setup.dsv
[9.282s] -- Installing: /home/timl/ros2_ws/install/polygon_base/share/polygon_base/package.dsv
[9.283s] -- Installing: /home/timl/ros2_ws/install/polygon_base/share/ament_index/resource_index/packages/polygon_base
[9.284s] -- Installing: /home/timl/ros2_ws/install/polygon_base/share/polygon_base/cmake/ament_cmake_export_include_directories-extras.cmake
[9.286s] -- Installing: /home/timl/ros2_ws/install/polygon_base/share/polygon_base/cmake/polygon_baseConfig.cmake
[9.288s] -- Installing: /home/timl/ros2_ws/install/polygon_base/share/polygon_base/cmake/polygon_baseConfig-version.cmake
[9.288s] -- Installing: /home/timl/ros2_ws/install/polygon_base/share/polygon_base/package.xml
[9.299s] Invoked command in '/home/timl/ros2_ws/build/polygon_base' returned '0': CMAKE_PREFIX_PATH=${CMAKE_PREFIX_PATH}:/home/timl/ros2_ws/install/py_pubsub:/opt/ros/jazzy /usr/bin/cmake --install /home/timl/ros2_ws/build/polygon_base
