[0.048s] Invoking command in '/home/timl/ros2_ws/build/more_interfaces': CMAKE_PREFIX_PATH=${CMAKE_PREFIX_PATH}:/opt/ros/jazzy /usr/bin/cmake --build /home/timl/ros2_ws/build/more_interfaces -- -j6 -l6
[0.180s] [  2%] Built target more_interfaces__rosidl_generator_type_description
[0.200s] [  2%] Built target ament_cmake_python_copy_more_interfaces
[0.225s] [  5%] Built target more_interfaces__cpp
[0.246s] [ 19%] Built target more_interfaces__rosidl_generator_c
[0.345s] [ 27%] Built target more_interfaces__rosidl_typesupport_introspection_c
[0.413s] [ 36%] Built target more_interfaces__rosidl_typesupport_fastrtps_cpp
[0.413s] [ 44%] Built target more_interfaces__rosidl_typesupport_c
[0.413s] [ 52%] Built target more_interfaces__rosidl_typesupport_fastrtps_c
[0.439s] [ 61%] Built target more_interfaces__rosidl_typesupport_cpp
[0.467s] [ 69%] Built target more_interfaces__rosidl_typesupport_introspection_cpp
[0.538s] [ 69%] Built target more_interfaces
[0.570s] [ 75%] Built target publish_address_book
[0.654s] [ 77%] Built target more_interfaces__py
[0.692s] running egg_info
[0.730s] writing more_interfaces.egg-info/PKG-INFO
[0.730s] writing dependency_links to more_interfaces.egg-info/dependency_links.txt
[0.731s] writing top-level names to more_interfaces.egg-info/top_level.txt
[0.747s] [ 83%] Built target more_interfaces__rosidl_generator_py
[0.831s] [ 88%] Built target more_interfaces_s__rosidl_typesupport_introspection_c
[0.842s] reading manifest file 'more_interfaces.egg-info/SOURCES.txt'
[0.843s] writing manifest file 'more_interfaces.egg-info/SOURCES.txt'
[0.875s] [ 94%] Built target more_interfaces_s__rosidl_typesupport_fastrtps_c
[0.876s] [100%] Built target more_interfaces_s__rosidl_typesupport_c
[0.898s] [100%] Built target ament_cmake_python_build_more_interfaces_egg
[0.925s] Invoked command in '/home/timl/ros2_ws/build/more_interfaces' returned '0': CMAKE_PREFIX_PATH=${CMAKE_PREFIX_PATH}:/opt/ros/jazzy /usr/bin/cmake --build /home/timl/ros2_ws/build/more_interfaces -- -j6 -l6
[0.929s] Invoking command in '/home/timl/ros2_ws/build/more_interfaces': CMAKE_PREFIX_PATH=${CMAKE_PREFIX_PATH}:/opt/ros/jazzy /usr/bin/cmake --install /home/timl/ros2_ws/build/more_interfaces
[0.938s] -- Install configuration: ""
[0.940s] -- Up-to-date: /home/timl/ros2_ws/install/more_interfaces/share/ament_index/resource_index/rosidl_interfaces/more_interfaces
[0.941s] -- Up-to-date: /home/timl/ros2_ws/install/more_interfaces/share/more_interfaces/msg/AddressBook.json
[0.942s] -- Up-to-date: /home/timl/ros2_ws/install/more_interfaces/include/more_interfaces/more_interfaces
[0.942s] -- Up-to-date: /home/timl/ros2_ws/install/more_interfaces/include/more_interfaces/more_interfaces/msg
[0.943s] -- Up-to-date: /home/timl/ros2_ws/install/more_interfaces/include/more_interfaces/more_interfaces/msg/detail
[0.944s] -- Up-to-date: /home/timl/ros2_ws/install/more_interfaces/include/more_interfaces/more_interfaces/msg/detail/address_book__type_support.c
[0.944s] -- Up-to-date: /home/timl/ros2_ws/install/more_interfaces/include/more_interfaces/more_interfaces/msg/detail/address_book__functions.c
[0.944s] -- Up-to-date: /home/timl/ros2_ws/install/more_interfaces/include/more_interfaces/more_interfaces/msg/detail/address_book__description.c
[0.944s] -- Up-to-date: /home/timl/ros2_ws/install/more_interfaces/include/more_interfaces/more_interfaces/msg/detail/address_book__type_support.h
[0.944s] -- Up-to-date: /home/timl/ros2_ws/install/more_interfaces/include/more_interfaces/more_interfaces/msg/detail/address_book__functions.h
[0.944s] -- Up-to-date: /home/timl/ros2_ws/install/more_interfaces/include/more_interfaces/more_interfaces/msg/detail/address_book__struct.h
[0.944s] -- Up-to-date: /home/timl/ros2_ws/install/more_interfaces/include/more_interfaces/more_interfaces/msg/address_book.h
[0.944s] -- Up-to-date: /home/timl/ros2_ws/install/more_interfaces/include/more_interfaces/more_interfaces/msg/rosidl_generator_c__visibility_control.h
[0.946s] -- Up-to-date: /home/timl/ros2_ws/install/more_interfaces/share/more_interfaces/environment/library_path.sh
[0.948s] -- Up-to-date: /home/timl/ros2_ws/install/more_interfaces/share/more_interfaces/environment/library_path.dsv
[0.950s] -- Up-to-date: /home/timl/ros2_ws/install/more_interfaces/lib/libmore_interfaces__rosidl_generator_c.so
[0.950s] -- Up-to-date: /home/timl/ros2_ws/install/more_interfaces/include/more_interfaces/more_interfaces
[0.950s] -- Up-to-date: /home/timl/ros2_ws/install/more_interfaces/include/more_interfaces/more_interfaces/msg
[0.950s] -- Up-to-date: /home/timl/ros2_ws/install/more_interfaces/include/more_interfaces/more_interfaces/msg/detail
[0.950s] -- Up-to-date: /home/timl/ros2_ws/install/more_interfaces/include/more_interfaces/more_interfaces/msg/detail/address_book__rosidl_typesupport_fastrtps_c.h
[0.950s] -- Up-to-date: /home/timl/ros2_ws/install/more_interfaces/include/more_interfaces/more_interfaces/msg/rosidl_typesupport_fastrtps_c__visibility_control.h
[0.952s] -- Up-to-date: /home/timl/ros2_ws/install/more_interfaces/lib/libmore_interfaces__rosidl_typesupport_fastrtps_c.so
[0.953s] -- Up-to-date: /home/timl/ros2_ws/install/more_interfaces/include/more_interfaces/more_interfaces
[0.953s] -- Up-to-date: /home/timl/ros2_ws/install/more_interfaces/include/more_interfaces/more_interfaces/msg
[0.953s] -- Up-to-date: /home/timl/ros2_ws/install/more_interfaces/include/more_interfaces/more_interfaces/msg/detail
[0.953s] -- Up-to-date: /home/timl/ros2_ws/install/more_interfaces/include/more_interfaces/more_interfaces/msg/detail/address_book__type_support.c
[0.953s] -- Up-to-date: /home/timl/ros2_ws/install/more_interfaces/include/more_interfaces/more_interfaces/msg/detail/address_book__rosidl_typesupport_introspection_c.h
[0.953s] -- Up-to-date: /home/timl/ros2_ws/install/more_interfaces/include/more_interfaces/more_interfaces/msg/rosidl_typesupport_introspection_c__visibility_control.h
[0.953s] -- Up-to-date: /home/timl/ros2_ws/install/more_interfaces/lib/libmore_interfaces__rosidl_typesupport_introspection_c.so
[0.954s] -- Up-to-date: /home/timl/ros2_ws/install/more_interfaces/lib/libmore_interfaces__rosidl_typesupport_c.so
[0.954s] -- Up-to-date: /home/timl/ros2_ws/install/more_interfaces/include/more_interfaces/more_interfaces
[0.954s] -- Up-to-date: /home/timl/ros2_ws/install/more_interfaces/include/more_interfaces/more_interfaces/msg
[0.954s] -- Up-to-date: /home/timl/ros2_ws/install/more_interfaces/include/more_interfaces/more_interfaces/msg/detail
[0.955s] -- Up-to-date: /home/timl/ros2_ws/install/more_interfaces/include/more_interfaces/more_interfaces/msg/detail/address_book__struct.hpp
[0.955s] -- Up-to-date: /home/timl/ros2_ws/install/more_interfaces/include/more_interfaces/more_interfaces/msg/detail/address_book__builder.hpp
[0.955s] -- Up-to-date: /home/timl/ros2_ws/install/more_interfaces/include/more_interfaces/more_interfaces/msg/detail/address_book__traits.hpp
[0.956s] -- Up-to-date: /home/timl/ros2_ws/install/more_interfaces/include/more_interfaces/more_interfaces/msg/detail/address_book__type_support.hpp
[0.957s] -- Up-to-date: /home/timl/ros2_ws/install/more_interfaces/include/more_interfaces/more_interfaces/msg/rosidl_generator_cpp__visibility_control.hpp
[0.957s] -- Up-to-date: /home/timl/ros2_ws/install/more_interfaces/include/more_interfaces/more_interfaces/msg/address_book.hpp
[0.957s] -- Up-to-date: /home/timl/ros2_ws/install/more_interfaces/include/more_interfaces/more_interfaces
[0.957s] -- Up-to-date: /home/timl/ros2_ws/install/more_interfaces/include/more_interfaces/more_interfaces/msg
[0.958s] -- Up-to-date: /home/timl/ros2_ws/install/more_interfaces/include/more_interfaces/more_interfaces/msg/detail
[0.959s] -- Up-to-date: /home/timl/ros2_ws/install/more_interfaces/include/more_interfaces/more_interfaces/msg/detail/dds_fastrtps
[0.961s] -- Up-to-date: /home/timl/ros2_ws/install/more_interfaces/include/more_interfaces/more_interfaces/msg/detail/address_book__rosidl_typesupport_fastrtps_cpp.hpp
[0.962s] -- Up-to-date: /home/timl/ros2_ws/install/more_interfaces/include/more_interfaces/more_interfaces/msg/rosidl_typesupport_fastrtps_cpp__visibility_control.h
[0.964s] -- Up-to-date: /home/timl/ros2_ws/install/more_interfaces/lib/libmore_interfaces__rosidl_typesupport_fastrtps_cpp.so
[0.965s] -- Up-to-date: /home/timl/ros2_ws/install/more_interfaces/include/more_interfaces/more_interfaces
[0.965s] -- Up-to-date: /home/timl/ros2_ws/install/more_interfaces/include/more_interfaces/more_interfaces/msg
[0.965s] -- Up-to-date: /home/timl/ros2_ws/install/more_interfaces/include/more_interfaces/more_interfaces/msg/detail
[0.965s] -- Up-to-date: /home/timl/ros2_ws/install/more_interfaces/include/more_interfaces/more_interfaces/msg/detail/address_book__type_support.cpp
[0.966s] -- Up-to-date: /home/timl/ros2_ws/install/more_interfaces/include/more_interfaces/more_interfaces/msg/detail/address_book__rosidl_typesupport_introspection_cpp.hpp
[0.966s] -- Up-to-date: /home/timl/ros2_ws/install/more_interfaces/lib/libmore_interfaces__rosidl_typesupport_introspection_cpp.so
[0.967s] -- Up-to-date: /home/timl/ros2_ws/install/more_interfaces/lib/libmore_interfaces__rosidl_typesupport_cpp.so
[0.967s] -- Up-to-date: /home/timl/ros2_ws/install/more_interfaces/share/more_interfaces/environment/pythonpath.sh
[0.968s] -- Up-to-date: /home/timl/ros2_ws/install/more_interfaces/share/more_interfaces/environment/pythonpath.dsv
[0.969s] -- Up-to-date: /home/timl/ros2_ws/install/more_interfaces/lib/python3.12/site-packages/more_interfaces-0.0.0-py3.12.egg-info
[0.970s] -- Installing: /home/timl/ros2_ws/install/more_interfaces/lib/python3.12/site-packages/more_interfaces-0.0.0-py3.12.egg-info/top_level.txt
[0.970s] -- Installing: /home/timl/ros2_ws/install/more_interfaces/lib/python3.12/site-packages/more_interfaces-0.0.0-py3.12.egg-info/PKG-INFO
[0.971s] -- Installing: /home/timl/ros2_ws/install/more_interfaces/lib/python3.12/site-packages/more_interfaces-0.0.0-py3.12.egg-info/SOURCES.txt
[0.971s] -- Installing: /home/timl/ros2_ws/install/more_interfaces/lib/python3.12/site-packages/more_interfaces-0.0.0-py3.12.egg-info/dependency_links.txt
[0.971s] -- Up-to-date: /home/timl/ros2_ws/install/more_interfaces/lib/python3.12/site-packages/more_interfaces
[0.972s] -- Up-to-date: /home/timl/ros2_ws/install/more_interfaces/lib/python3.12/site-packages/more_interfaces/_more_interfaces_s.ep.rosidl_typesupport_fastrtps_c.c
[0.972s] -- Up-to-date: /home/timl/ros2_ws/install/more_interfaces/lib/python3.12/site-packages/more_interfaces/more_interfaces_s__rosidl_typesupport_fastrtps_c.so
[0.972s] -- Up-to-date: /home/timl/ros2_ws/install/more_interfaces/lib/python3.12/site-packages/more_interfaces/_more_interfaces_s.ep.rosidl_typesupport_introspection_c.c
[0.972s] -- Up-to-date: /home/timl/ros2_ws/install/more_interfaces/lib/python3.12/site-packages/more_interfaces/more_interfaces_s__rosidl_typesupport_c.so
[0.972s] -- Up-to-date: /home/timl/ros2_ws/install/more_interfaces/lib/python3.12/site-packages/more_interfaces/more_interfaces_s__rosidl_typesupport_introspection_c.so
[0.972s] -- Up-to-date: /home/timl/ros2_ws/install/more_interfaces/lib/python3.12/site-packages/more_interfaces/_more_interfaces_s.ep.rosidl_typesupport_c.c
[0.974s] -- Up-to-date: /home/timl/ros2_ws/install/more_interfaces/lib/python3.12/site-packages/more_interfaces/__init__.py
[0.975s] -- Up-to-date: /home/timl/ros2_ws/install/more_interfaces/lib/python3.12/site-packages/more_interfaces/msg
[0.979s] -- Up-to-date: /home/timl/ros2_ws/install/more_interfaces/lib/python3.12/site-packages/more_interfaces/msg/_address_book_s.c
[0.979s] -- Up-to-date: /home/timl/ros2_ws/install/more_interfaces/lib/python3.12/site-packages/more_interfaces/msg/_address_book.py
[0.980s] -- Up-to-date: /home/timl/ros2_ws/install/more_interfaces/lib/python3.12/site-packages/more_interfaces/msg/__init__.py
[1.008s] Listing '/home/timl/ros2_ws/install/more_interfaces/lib/python3.12/site-packages/more_interfaces'...
[1.009s] Listing '/home/timl/ros2_ws/install/more_interfaces/lib/python3.12/site-packages/more_interfaces/msg'...
[1.020s] -- Up-to-date: /home/timl/ros2_ws/install/more_interfaces/lib/python3.12/site-packages/more_interfaces/more_interfaces_s__rosidl_typesupport_fastrtps_c.so
[1.022s] -- Up-to-date: /home/timl/ros2_ws/install/more_interfaces/lib/python3.12/site-packages/more_interfaces/more_interfaces_s__rosidl_typesupport_introspection_c.so
[1.025s] -- Up-to-date: /home/timl/ros2_ws/install/more_interfaces/lib/python3.12/site-packages/more_interfaces/more_interfaces_s__rosidl_typesupport_c.so
[1.029s] -- Up-to-date: /home/timl/ros2_ws/install/more_interfaces/lib/libmore_interfaces__rosidl_generator_py.so
[1.030s] -- Up-to-date: /home/timl/ros2_ws/install/more_interfaces/share/more_interfaces/msg/AddressBook.idl
[1.030s] -- Up-to-date: /home/timl/ros2_ws/install/more_interfaces/share/more_interfaces/msg/AddressBook.msg
[1.037s] -- Up-to-date: /home/timl/ros2_ws/install/more_interfaces/lib/more_interfaces/publish_address_book
[1.040s] -- Up-to-date: /home/timl/ros2_ws/install/more_interfaces/share/ament_index/resource_index/package_run_dependencies/more_interfaces
[1.041s] -- Up-to-date: /home/timl/ros2_ws/install/more_interfaces/share/ament_index/resource_index/parent_prefix_path/more_interfaces
[1.041s] -- Up-to-date: /home/timl/ros2_ws/install/more_interfaces/share/more_interfaces/environment/ament_prefix_path.sh
[1.041s] -- Up-to-date: /home/timl/ros2_ws/install/more_interfaces/share/more_interfaces/environment/ament_prefix_path.dsv
[1.042s] -- Up-to-date: /home/timl/ros2_ws/install/more_interfaces/share/more_interfaces/environment/path.sh
[1.042s] -- Up-to-date: /home/timl/ros2_ws/install/more_interfaces/share/more_interfaces/environment/path.dsv
[1.042s] -- Up-to-date: /home/timl/ros2_ws/install/more_interfaces/share/more_interfaces/local_setup.bash
[1.043s] -- Up-to-date: /home/timl/ros2_ws/install/more_interfaces/share/more_interfaces/local_setup.sh
[1.043s] -- Up-to-date: /home/timl/ros2_ws/install/more_interfaces/share/more_interfaces/local_setup.zsh
[1.043s] -- Up-to-date: /home/timl/ros2_ws/install/more_interfaces/share/more_interfaces/local_setup.dsv
[1.043s] -- Installing: /home/timl/ros2_ws/install/more_interfaces/share/more_interfaces/package.dsv
[1.045s] -- Up-to-date: /home/timl/ros2_ws/install/more_interfaces/share/ament_index/resource_index/packages/more_interfaces
[1.045s] -- Up-to-date: /home/timl/ros2_ws/install/more_interfaces/share/more_interfaces/cmake/export_more_interfaces__rosidl_generator_cExport.cmake
[1.046s] -- Up-to-date: /home/timl/ros2_ws/install/more_interfaces/share/more_interfaces/cmake/export_more_interfaces__rosidl_generator_cExport-noconfig.cmake
[1.046s] -- Up-to-date: /home/timl/ros2_ws/install/more_interfaces/share/more_interfaces/cmake/export_more_interfaces__rosidl_typesupport_fastrtps_cExport.cmake
[1.047s] -- Up-to-date: /home/timl/ros2_ws/install/more_interfaces/share/more_interfaces/cmake/export_more_interfaces__rosidl_typesupport_fastrtps_cExport-noconfig.cmake
[1.047s] -- Up-to-date: /home/timl/ros2_ws/install/more_interfaces/share/more_interfaces/cmake/more_interfaces__rosidl_typesupport_introspection_cExport.cmake
[1.048s] -- Up-to-date: /home/timl/ros2_ws/install/more_interfaces/share/more_interfaces/cmake/more_interfaces__rosidl_typesupport_introspection_cExport-noconfig.cmake
[1.049s] -- Up-to-date: /home/timl/ros2_ws/install/more_interfaces/share/more_interfaces/cmake/more_interfaces__rosidl_typesupport_cExport.cmake
[1.049s] -- Up-to-date: /home/timl/ros2_ws/install/more_interfaces/share/more_interfaces/cmake/more_interfaces__rosidl_typesupport_cExport-noconfig.cmake
[1.049s] -- Up-to-date: /home/timl/ros2_ws/install/more_interfaces/share/more_interfaces/cmake/export_more_interfaces__rosidl_generator_cppExport.cmake
[1.052s] -- Up-to-date: /home/timl/ros2_ws/install/more_interfaces/share/more_interfaces/cmake/export_more_interfaces__rosidl_typesupport_fastrtps_cppExport.cmake
[1.052s] -- Up-to-date: /home/timl/ros2_ws/install/more_interfaces/share/more_interfaces/cmake/export_more_interfaces__rosidl_typesupport_fastrtps_cppExport-noconfig.cmake
[1.056s] -- Up-to-date: /home/timl/ros2_ws/install/more_interfaces/share/more_interfaces/cmake/more_interfaces__rosidl_typesupport_introspection_cppExport.cmake
[1.057s] -- Up-to-date: /home/timl/ros2_ws/install/more_interfaces/share/more_interfaces/cmake/more_interfaces__rosidl_typesupport_introspection_cppExport-noconfig.cmake
[1.057s] -- Up-to-date: /home/timl/ros2_ws/install/more_interfaces/share/more_interfaces/cmake/more_interfaces__rosidl_typesupport_cppExport.cmake
[1.058s] -- Up-to-date: /home/timl/ros2_ws/install/more_interfaces/share/more_interfaces/cmake/more_interfaces__rosidl_typesupport_cppExport-noconfig.cmake
[1.064s] -- Up-to-date: /home/timl/ros2_ws/install/more_interfaces/share/more_interfaces/cmake/export_more_interfaces__rosidl_generator_pyExport.cmake
[1.064s] -- Up-to-date: /home/timl/ros2_ws/install/more_interfaces/share/more_interfaces/cmake/export_more_interfaces__rosidl_generator_pyExport-noconfig.cmake
[1.065s] -- Up-to-date: /home/timl/ros2_ws/install/more_interfaces/share/more_interfaces/cmake/rosidl_cmake-extras.cmake
[1.065s] -- Up-to-date: /home/timl/ros2_ws/install/more_interfaces/share/more_interfaces/cmake/ament_cmake_export_include_directories-extras.cmake
[1.065s] -- Up-to-date: /home/timl/ros2_ws/install/more_interfaces/share/more_interfaces/cmake/ament_cmake_export_libraries-extras.cmake
[1.065s] -- Up-to-date: /home/timl/ros2_ws/install/more_interfaces/share/more_interfaces/cmake/ament_cmake_export_targets-extras.cmake
[1.065s] -- Up-to-date: /home/timl/ros2_ws/install/more_interfaces/share/more_interfaces/cmake/rosidl_cmake_export_typesupport_targets-extras.cmake
[1.066s] -- Up-to-date: /home/timl/ros2_ws/install/more_interfaces/share/more_interfaces/cmake/ament_cmake_export_dependencies-extras.cmake
[1.066s] -- Up-to-date: /home/timl/ros2_ws/install/more_interfaces/share/more_interfaces/cmake/rosidl_cmake_export_typesupport_libraries-extras.cmake
[1.066s] -- Up-to-date: /home/timl/ros2_ws/install/more_interfaces/share/more_interfaces/cmake/more_interfacesConfig.cmake
[1.069s] -- Up-to-date: /home/timl/ros2_ws/install/more_interfaces/share/more_interfaces/cmake/more_interfacesConfig-version.cmake
[1.069s] -- Up-to-date: /home/timl/ros2_ws/install/more_interfaces/share/more_interfaces/package.xml
[1.080s] Invoked command in '/home/timl/ros2_ws/build/more_interfaces' returned '0': CMAKE_PREFIX_PATH=${CMAKE_PREFIX_PATH}:/opt/ros/jazzy /usr/bin/cmake --install /home/timl/ros2_ws/build/more_interfaces
