[0.020s] Invoking command in '/home/timl/ros2_ws/build/cpp_pubsub': CMAKE_PREFIX_PATH=${CMAKE_PREFIX_PATH}:/opt/ros/jazzy /usr/bin/cmake /home/timl/ros2_ws/src/cpp_pubsub -DCMAKE_INSTALL_PREFIX=/home/timl/ros2_ws/install/cpp_pubsub
[0.482s] -- The C compiler identification is GNU 13.3.0
[1.639s] -- The CXX compiler identification is GNU 13.3.0
[2.503s] -- Detecting C compiler ABI info
[2.908s] -- Detecting C compiler ABI info - done
[2.919s] -- Check for working C compiler: /usr/bin/cc - skipped
[2.920s] -- Detecting C compile features
[2.921s] -- Detecting C compile features - done
[3.071s] -- Detecting CXX compiler ABI info
[3.489s] -- Detecting CXX compiler ABI info - done
[3.500s] -- Check for working CXX compiler: /usr/bin/c++ - skipped
[3.500s] -- Detecting CXX compile features
[3.501s] -- Detecting CXX compile features - done
[3.518s] -- Found ament_cmake: 2.5.3 (/opt/ros/jazzy/share/ament_cmake/cmake)
[3.686s] -- Found Python3: /usr/bin/python3 (found version "3.12.3") found components: Interpreter 
[3.853s] -- Found rclcpp: 28.1.6 (/opt/ros/jazzy/share/rclcpp/cmake)
[4.373s] -- Found rosidl_generator_c: 4.6.5 (/opt/ros/jazzy/share/rosidl_generator_c/cmake)
[4.402s] -- Found rosidl_generator_cpp: 4.6.5 (/opt/ros/jazzy/share/rosidl_generator_cpp/cmake)
[4.442s] -- Using all available rosidl_typesupport_c: rosidl_typesupport_fastrtps_c;rosidl_typesupport_introspection_c
[4.479s] -- Using all available rosidl_typesupport_cpp: rosidl_typesupport_fastrtps_cpp;rosidl_typesupport_introspection_cpp
[4.640s] -- Found rmw_implementation_cmake: 7.3.1 (/opt/ros/jazzy/share/rmw_implementation_cmake/cmake)
[4.648s] -- Found rmw_fastrtps_cpp: 8.4.1 (/opt/ros/jazzy/share/rmw_fastrtps_cpp/cmake)
[4.772s] -- Found OpenSSL: /usr/lib/x86_64-linux-gnu/libcrypto.so (found version "3.0.13")  
[5.027s] -- Found FastRTPS: /opt/ros/jazzy/include (Required is at least version "2.13") 
[5.170s] -- Using RMW implementation 'rmw_fastrtps_cpp' as default
[5.511s] -- Found std_msgs: 5.3.5 (/opt/ros/jazzy/share/std_msgs/cmake)
[5.548s] -- Found ament_lint_auto: 0.17.1 (/opt/ros/jazzy/share/ament_lint_auto/cmake)
[5.685s] -- Added test 'cppcheck' to perform static code analysis on C / C++ code
[5.685s] -- Configured cppcheck include dirs: 
[5.685s] -- Configured cppcheck exclude dirs and/or files: 
[5.688s] -- Added test 'lint_cmake' to check CMake code style
[5.690s] -- Added test 'uncrustify' to check C / C++ code style
[5.690s] -- Configured uncrustify additional arguments: 
[5.692s] -- Added test 'xmllint' to check XML markup files
[5.694s] -- Configuring done (5.6s)
[5.714s] -- Generating done (0.0s)
[5.722s] -- Build files have been written to: /home/timl/ros2_ws/build/cpp_pubsub
[5.732s] Invoked command in '/home/timl/ros2_ws/build/cpp_pubsub' returned '0': CMAKE_PREFIX_PATH=${CMAKE_PREFIX_PATH}:/opt/ros/jazzy /usr/bin/cmake /home/timl/ros2_ws/src/cpp_pubsub -DCMAKE_INSTALL_PREFIX=/home/timl/ros2_ws/install/cpp_pubsub
[5.734s] Invoking command in '/home/timl/ros2_ws/build/cpp_pubsub': CMAKE_PREFIX_PATH=${CMAKE_PREFIX_PATH}:/opt/ros/jazzy /usr/bin/cmake --build /home/timl/ros2_ws/build/cpp_pubsub -- -j6 -l6
[5.785s] [ 50%] [32mBuilding CXX object CMakeFiles/talker.dir/src/publisher_member_function.cpp.o[0m
[5.785s] [ 50%] [32mBuilding CXX object CMakeFiles/listener.dir/src/subscriber_member_function.cpp.o[0m
[11.754s] [ 75%] [32m[1mLinking CXX executable talker[0m
[12.189s] [ 75%] Built target talker
[15.173s] [100%] [32m[1mLinking CXX executable listener[0m
[15.576s] [100%] Built target listener
[15.588s] Invoked command in '/home/timl/ros2_ws/build/cpp_pubsub' returned '0': CMAKE_PREFIX_PATH=${CMAKE_PREFIX_PATH}:/opt/ros/jazzy /usr/bin/cmake --build /home/timl/ros2_ws/build/cpp_pubsub -- -j6 -l6
[15.598s] Invoking command in '/home/timl/ros2_ws/build/cpp_pubsub': CMAKE_PREFIX_PATH=${CMAKE_PREFIX_PATH}:/opt/ros/jazzy /usr/bin/cmake --install /home/timl/ros2_ws/build/cpp_pubsub
[15.608s] -- Install configuration: ""
[15.609s] -- Installing: /home/timl/ros2_ws/install/cpp_pubsub/lib/cpp_pubsub/talker
[15.610s] -- Set non-toolchain portion of runtime path of "/home/timl/ros2_ws/install/cpp_pubsub/lib/cpp_pubsub/talker" to ""
[15.610s] -- Installing: /home/timl/ros2_ws/install/cpp_pubsub/lib/cpp_pubsub/listener
[15.615s] -- Set non-toolchain portion of runtime path of "/home/timl/ros2_ws/install/cpp_pubsub/lib/cpp_pubsub/listener" to ""
[15.616s] -- Installing: /home/timl/ros2_ws/install/cpp_pubsub/share/ament_index/resource_index/package_run_dependencies/cpp_pubsub
[15.617s] -- Installing: /home/timl/ros2_ws/install/cpp_pubsub/share/ament_index/resource_index/parent_prefix_path/cpp_pubsub
[15.618s] -- Installing: /home/timl/ros2_ws/install/cpp_pubsub/share/cpp_pubsub/environment/ament_prefix_path.sh
[15.618s] -- Installing: /home/timl/ros2_ws/install/cpp_pubsub/share/cpp_pubsub/environment/ament_prefix_path.dsv
[15.618s] -- Installing: /home/timl/ros2_ws/install/cpp_pubsub/share/cpp_pubsub/environment/path.sh
[15.619s] -- Installing: /home/timl/ros2_ws/install/cpp_pubsub/share/cpp_pubsub/environment/path.dsv
[15.619s] -- Installing: /home/timl/ros2_ws/install/cpp_pubsub/share/cpp_pubsub/local_setup.bash
[15.619s] -- Installing: /home/timl/ros2_ws/install/cpp_pubsub/share/cpp_pubsub/local_setup.sh
[15.619s] -- Installing: /home/timl/ros2_ws/install/cpp_pubsub/share/cpp_pubsub/local_setup.zsh
[15.619s] -- Installing: /home/timl/ros2_ws/install/cpp_pubsub/share/cpp_pubsub/local_setup.dsv
[15.619s] -- Installing: /home/timl/ros2_ws/install/cpp_pubsub/share/cpp_pubsub/package.dsv
[15.620s] -- Installing: /home/timl/ros2_ws/install/cpp_pubsub/share/ament_index/resource_index/packages/cpp_pubsub
[15.620s] -- Installing: /home/timl/ros2_ws/install/cpp_pubsub/share/cpp_pubsub/cmake/cpp_pubsubConfig.cmake
[15.620s] -- Installing: /home/timl/ros2_ws/install/cpp_pubsub/share/cpp_pubsub/cmake/cpp_pubsubConfig-version.cmake
[15.620s] -- Installing: /home/timl/ros2_ws/install/cpp_pubsub/share/cpp_pubsub/package.xml
[15.623s] Invoked command in '/home/timl/ros2_ws/build/cpp_pubsub' returned '0': CMAKE_PREFIX_PATH=${CMAKE_PREFIX_PATH}:/opt/ros/jazzy /usr/bin/cmake --install /home/timl/ros2_ws/build/cpp_pubsub
