[1.229s] Invoking command in '/home/timl/ros2_ws/src/py_pubsub': PYTHONPATH=/home/timl/ros2_ws/src/build/py_pubsub/prefix_override:/usr/lib/python3/dist-packages/colcon_core/task/python/colcon_distutils_commands:/home/timl/ros2_ws/src/install/py_pubsub/lib/python3.12/site-packages:${PYTHONPATH} /usr/bin/python3 -W ignore:setup.py install is deprecated -W ignore:easy_install command is deprecated setup.py egg_info --egg-base ../build/py_pubsub build --build-base /home/timl/ros2_ws/src/build/py_pubsub/build install --record /home/timl/ros2_ws/src/build/py_pubsub/install.log --single-version-externally-managed install_data
[1.633s] running egg_info
[1.633s] creating ../build/py_pubsub/py_pubsub.egg-info
[1.663s] writing ../build/py_pubsub/py_pubsub.egg-info/PKG-INFO
[1.663s] writing dependency_links to ../build/py_pubsub/py_pubsub.egg-info/dependency_links.txt
[1.663s] writing entry points to ../build/py_pubsub/py_pubsub.egg-info/entry_points.txt
[1.664s] writing requirements to ../build/py_pubsub/py_pubsub.egg-info/requires.txt
[1.664s] writing top-level names to ../build/py_pubsub/py_pubsub.egg-info/top_level.txt
[1.664s] writing manifest file '../build/py_pubsub/py_pubsub.egg-info/SOURCES.txt'
[1.721s] reading manifest file '../build/py_pubsub/py_pubsub.egg-info/SOURCES.txt'
[1.722s] writing manifest file '../build/py_pubsub/py_pubsub.egg-info/SOURCES.txt'
[1.723s] running build
[1.723s] running build_py
[1.724s] creating /home/timl/ros2_ws/src/build/py_pubsub/build
[1.724s] creating /home/timl/ros2_ws/src/build/py_pubsub/build/lib
[1.725s] creating /home/timl/ros2_ws/src/build/py_pubsub/build/lib/py_pubsub
[1.725s] copying py_pubsub/publisher_member_function.py -> /home/timl/ros2_ws/src/build/py_pubsub/build/lib/py_pubsub
[1.726s] copying py_pubsub/subscriber_member_function.py -> /home/timl/ros2_ws/src/build/py_pubsub/build/lib/py_pubsub
[1.727s] copying py_pubsub/__init__.py -> /home/timl/ros2_ws/src/build/py_pubsub/build/lib/py_pubsub
[1.727s] running install
[1.733s] running install_lib
[1.765s] creating /home/timl/ros2_ws/src/install/py_pubsub/lib/python3.12/site-packages/py_pubsub
[1.766s] copying /home/timl/ros2_ws/src/build/py_pubsub/build/lib/py_pubsub/publisher_member_function.py -> /home/timl/ros2_ws/src/install/py_pubsub/lib/python3.12/site-packages/py_pubsub
[1.766s] copying /home/timl/ros2_ws/src/build/py_pubsub/build/lib/py_pubsub/subscriber_member_function.py -> /home/timl/ros2_ws/src/install/py_pubsub/lib/python3.12/site-packages/py_pubsub
[1.766s] copying /home/timl/ros2_ws/src/build/py_pubsub/build/lib/py_pubsub/__init__.py -> /home/timl/ros2_ws/src/install/py_pubsub/lib/python3.12/site-packages/py_pubsub
[1.767s] byte-compiling /home/timl/ros2_ws/src/install/py_pubsub/lib/python3.12/site-packages/py_pubsub/publisher_member_function.py to publisher_member_function.cpython-312.pyc
[1.768s] byte-compiling /home/timl/ros2_ws/src/install/py_pubsub/lib/python3.12/site-packages/py_pubsub/subscriber_member_function.py to subscriber_member_function.cpython-312.pyc
[1.769s] byte-compiling /home/timl/ros2_ws/src/install/py_pubsub/lib/python3.12/site-packages/py_pubsub/__init__.py to __init__.cpython-312.pyc
[1.769s] running install_data
[1.769s] creating /home/timl/ros2_ws/src/install/py_pubsub/share/ament_index
[1.769s] creating /home/timl/ros2_ws/src/install/py_pubsub/share/ament_index/resource_index
[1.770s] creating /home/timl/ros2_ws/src/install/py_pubsub/share/ament_index/resource_index/packages
[1.770s] copying resource/py_pubsub -> /home/timl/ros2_ws/src/install/py_pubsub/share/ament_index/resource_index/packages
[1.770s] copying package.xml -> /home/timl/ros2_ws/src/install/py_pubsub/share/py_pubsub
[1.770s] running install_egg_info
[1.804s] Copying ../build/py_pubsub/py_pubsub.egg-info to /home/timl/ros2_ws/src/install/py_pubsub/lib/python3.12/site-packages/py_pubsub-0.0.0-py3.12.egg-info
[1.805s] running install_scripts
[2.004s] Installing listener script to /home/timl/ros2_ws/src/install/py_pubsub/lib/py_pubsub
[2.005s] Installing talker script to /home/timl/ros2_ws/src/install/py_pubsub/lib/py_pubsub
[2.005s] writing list of installed files to '/home/timl/ros2_ws/src/build/py_pubsub/install.log'
[2.060s] Invoked command in '/home/timl/ros2_ws/src/py_pubsub' returned '0': PYTHONPATH=/home/timl/ros2_ws/src/build/py_pubsub/prefix_override:/usr/lib/python3/dist-packages/colcon_core/task/python/colcon_distutils_commands:/home/timl/ros2_ws/src/install/py_pubsub/lib/python3.12/site-packages:${PYTHONPATH} /usr/bin/python3 -W ignore:setup.py install is deprecated -W ignore:easy_install command is deprecated setup.py egg_info --egg-base ../build/py_pubsub build --build-base /home/timl/ros2_ws/src/build/py_pubsub/build install --record /home/timl/ros2_ws/src/build/py_pubsub/install.log --single-version-externally-managed install_data
