[0.349s] Invoking command in '/home/timl/ros2_ws/src/build/cpp_pubsub': AMENT_PREFIX_PATH=/home/timl/ros2_ws/src/install/tutorial_interfaces:${AMENT_PREFIX_PATH} CMAKE_PREFIX_PATH=/home/timl/ros2_ws/src/install/tutorial_interfaces:/home/timl/ros2_ws/install/polygon_plugins:/home/timl/ros2_ws/install/polygon_base:/home/timl/ros2_ws/install/custom_action_interfaces:/home/timl/ros2_ws/src/install/cpp_parameters:/home/timl/ros2_ws/install/cpp_parameters:/home/timl/ros2_ws/install/more_interfaces:/home/timl/ros2_ws/install/tutorial_interfaces:/home/timl/ros2_ws/install/cpp_srvcli:/home/timl/ros2_ws/install/turtlesim:/home/timl/ros2_ws/install/my_package:/home/timl/ros2_ws/install/cpp_pubsub:/opt/ros/jazzy/opt/sdformat_vendor:/opt/ros/jazzy/opt/gz_math_vendor:/opt/ros/jazzy/opt/gz_utils_vendor:/opt/ros/jazzy/opt/gz_tools_vendor:/opt/ros/jazzy/opt/gz_cmake_vendor:/home/timl/ros2_ws/install/py_pubsub:/opt/ros/jazzy LD_LIBRARY_PATH=/home/timl/ros2_ws/src/install/tutorial_interfaces/lib:${LD_LIBRARY_PATH} PYTHONPATH=/home/timl/ros2_ws/src/install/tutorial_interfaces/lib/python3.12/site-packages:${PYTHONPATH} /usr/bin/cmake /home/timl/ros2_ws/src/cpp_pubsub -DCMAKE_INSTALL_PREFIX=/home/timl/ros2_ws/src/install/cpp_pubsub
[0.739s] -- The C compiler identification is GNU 13.3.0
[1.905s] -- The CXX compiler identification is GNU 13.3.0
[2.824s] -- Detecting C compiler ABI info
[3.263s] -- Detecting C compiler ABI info - done
[3.274s] -- Check for working C compiler: /usr/bin/cc - skipped
[3.275s] -- Detecting C compile features
[3.275s] -- Detecting C compile features - done
[3.463s] -- Detecting CXX compiler ABI info
[3.878s] -- Detecting CXX compiler ABI info - done
[3.901s] -- Check for working CXX compiler: /usr/bin/c++ - skipped
[3.904s] -- Detecting CXX compile features
[3.905s] -- Detecting CXX compile features - done
[3.910s] -- Found ament_cmake: 2.5.3 (/opt/ros/jazzy/share/ament_cmake/cmake)
[4.141s] -- Found Python3: /usr/bin/python3 (found version "3.12.3") found components: Interpreter 
[4.327s] -- Found rclcpp: 28.1.6 (/opt/ros/jazzy/share/rclcpp/cmake)
[4.653s] -- Found rosidl_generator_c: 4.6.5 (/opt/ros/jazzy/share/rosidl_generator_c/cmake)
[4.674s] -- Found rosidl_generator_cpp: 4.6.5 (/opt/ros/jazzy/share/rosidl_generator_cpp/cmake)
[4.701s] -- Using all available rosidl_typesupport_c: rosidl_typesupport_fastrtps_c;rosidl_typesupport_introspection_c
[4.728s] -- Using all available rosidl_typesupport_cpp: rosidl_typesupport_fastrtps_cpp;rosidl_typesupport_introspection_cpp
[4.878s] -- Found rmw_implementation_cmake: 7.3.1 (/opt/ros/jazzy/share/rmw_implementation_cmake/cmake)
[4.887s] -- Found rmw_fastrtps_cpp: 8.4.1 (/opt/ros/jazzy/share/rmw_fastrtps_cpp/cmake)
[5.061s] -- Found OpenSSL: /usr/lib/x86_64-linux-gnu/libcrypto.so (found version "3.0.13")  
[5.344s] -- Found FastRTPS: /opt/ros/jazzy/include (Required is at least version "2.13") 
[5.478s] -- Using RMW implementation 'rmw_fastrtps_cpp' as default
[5.778s] -- Found tutorial_interfaces: 0.0.0 (/home/timl/ros2_ws/src/install/tutorial_interfaces/share/tutorial_interfaces/cmake)
[5.989s] -- Configuring done (5.6s)
[6.017s] -- Generating done (0.0s)
[6.025s] -- Build files have been written to: /home/timl/ros2_ws/src/build/cpp_pubsub
[6.040s] Invoked command in '/home/timl/ros2_ws/src/build/cpp_pubsub' returned '0': AMENT_PREFIX_PATH=/home/timl/ros2_ws/src/install/tutorial_interfaces:${AMENT_PREFIX_PATH} CMAKE_PREFIX_PATH=/home/timl/ros2_ws/src/install/tutorial_interfaces:/home/timl/ros2_ws/install/polygon_plugins:/home/timl/ros2_ws/install/polygon_base:/home/timl/ros2_ws/install/custom_action_interfaces:/home/timl/ros2_ws/src/install/cpp_parameters:/home/timl/ros2_ws/install/cpp_parameters:/home/timl/ros2_ws/install/more_interfaces:/home/timl/ros2_ws/install/tutorial_interfaces:/home/timl/ros2_ws/install/cpp_srvcli:/home/timl/ros2_ws/install/turtlesim:/home/timl/ros2_ws/install/my_package:/home/timl/ros2_ws/install/cpp_pubsub:/opt/ros/jazzy/opt/sdformat_vendor:/opt/ros/jazzy/opt/gz_math_vendor:/opt/ros/jazzy/opt/gz_utils_vendor:/opt/ros/jazzy/opt/gz_tools_vendor:/opt/ros/jazzy/opt/gz_cmake_vendor:/home/timl/ros2_ws/install/py_pubsub:/opt/ros/jazzy LD_LIBRARY_PATH=/home/timl/ros2_ws/src/install/tutorial_interfaces/lib:${LD_LIBRARY_PATH} PYTHONPATH=/home/timl/ros2_ws/src/install/tutorial_interfaces/lib/python3.12/site-packages:${PYTHONPATH} /usr/bin/cmake /home/timl/ros2_ws/src/cpp_pubsub -DCMAKE_INSTALL_PREFIX=/home/timl/ros2_ws/src/install/cpp_pubsub
[6.041s] Invoking command in '/home/timl/ros2_ws/src/build/cpp_pubsub': AMENT_PREFIX_PATH=/home/timl/ros2_ws/src/install/tutorial_interfaces:${AMENT_PREFIX_PATH} CMAKE_PREFIX_PATH=/home/timl/ros2_ws/src/install/tutorial_interfaces:/home/timl/ros2_ws/install/polygon_plugins:/home/timl/ros2_ws/install/polygon_base:/home/timl/ros2_ws/install/custom_action_interfaces:/home/timl/ros2_ws/src/install/cpp_parameters:/home/timl/ros2_ws/install/cpp_parameters:/home/timl/ros2_ws/install/more_interfaces:/home/timl/ros2_ws/install/tutorial_interfaces:/home/timl/ros2_ws/install/cpp_srvcli:/home/timl/ros2_ws/install/turtlesim:/home/timl/ros2_ws/install/my_package:/home/timl/ros2_ws/install/cpp_pubsub:/opt/ros/jazzy/opt/sdformat_vendor:/opt/ros/jazzy/opt/gz_math_vendor:/opt/ros/jazzy/opt/gz_utils_vendor:/opt/ros/jazzy/opt/gz_tools_vendor:/opt/ros/jazzy/opt/gz_cmake_vendor:/home/timl/ros2_ws/install/py_pubsub:/opt/ros/jazzy LD_LIBRARY_PATH=/home/timl/ros2_ws/src/install/tutorial_interfaces/lib:${LD_LIBRARY_PATH} PYTHONPATH=/home/timl/ros2_ws/src/install/tutorial_interfaces/lib/python3.12/site-packages:${PYTHONPATH} /usr/bin/cmake --build /home/timl/ros2_ws/src/build/cpp_pubsub -- -j6 -l6
[6.104s] [ 25%] [32mBuilding CXX object CMakeFiles/talker.dir/src/publisher_member_function.cpp.o[0m
[6.123s] [ 50%] [32mBuilding CXX object CMakeFiles/listener.dir/src/subscriber_member_function.cpp.o[0m
[13.685s] [ 75%] [32m[1mLinking CXX executable talker[0m
[14.151s] [ 75%] Built target talker
[17.477s] [100%] [32m[1mLinking CXX executable listener[0m
[17.921s] [100%] Built target listener
[17.937s] Invoked command in '/home/timl/ros2_ws/src/build/cpp_pubsub' returned '0': AMENT_PREFIX_PATH=/home/timl/ros2_ws/src/install/tutorial_interfaces:${AMENT_PREFIX_PATH} CMAKE_PREFIX_PATH=/home/timl/ros2_ws/src/install/tutorial_interfaces:/home/timl/ros2_ws/install/polygon_plugins:/home/timl/ros2_ws/install/polygon_base:/home/timl/ros2_ws/install/custom_action_interfaces:/home/timl/ros2_ws/src/install/cpp_parameters:/home/timl/ros2_ws/install/cpp_parameters:/home/timl/ros2_ws/install/more_interfaces:/home/timl/ros2_ws/install/tutorial_interfaces:/home/timl/ros2_ws/install/cpp_srvcli:/home/timl/ros2_ws/install/turtlesim:/home/timl/ros2_ws/install/my_package:/home/timl/ros2_ws/install/cpp_pubsub:/opt/ros/jazzy/opt/sdformat_vendor:/opt/ros/jazzy/opt/gz_math_vendor:/opt/ros/jazzy/opt/gz_utils_vendor:/opt/ros/jazzy/opt/gz_tools_vendor:/opt/ros/jazzy/opt/gz_cmake_vendor:/home/timl/ros2_ws/install/py_pubsub:/opt/ros/jazzy LD_LIBRARY_PATH=/home/timl/ros2_ws/src/install/tutorial_interfaces/lib:${LD_LIBRARY_PATH} PYTHONPATH=/home/timl/ros2_ws/src/install/tutorial_interfaces/lib/python3.12/site-packages:${PYTHONPATH} /usr/bin/cmake --build /home/timl/ros2_ws/src/build/cpp_pubsub -- -j6 -l6
[17.938s] Invoking command in '/home/timl/ros2_ws/src/build/cpp_pubsub': AMENT_PREFIX_PATH=/home/timl/ros2_ws/src/install/tutorial_interfaces:${AMENT_PREFIX_PATH} CMAKE_PREFIX_PATH=/home/timl/ros2_ws/src/install/tutorial_interfaces:/home/timl/ros2_ws/install/polygon_plugins:/home/timl/ros2_ws/install/polygon_base:/home/timl/ros2_ws/install/custom_action_interfaces:/home/timl/ros2_ws/src/install/cpp_parameters:/home/timl/ros2_ws/install/cpp_parameters:/home/timl/ros2_ws/install/more_interfaces:/home/timl/ros2_ws/install/tutorial_interfaces:/home/timl/ros2_ws/install/cpp_srvcli:/home/timl/ros2_ws/install/turtlesim:/home/timl/ros2_ws/install/my_package:/home/timl/ros2_ws/install/cpp_pubsub:/opt/ros/jazzy/opt/sdformat_vendor:/opt/ros/jazzy/opt/gz_math_vendor:/opt/ros/jazzy/opt/gz_utils_vendor:/opt/ros/jazzy/opt/gz_tools_vendor:/opt/ros/jazzy/opt/gz_cmake_vendor:/home/timl/ros2_ws/install/py_pubsub:/opt/ros/jazzy LD_LIBRARY_PATH=/home/timl/ros2_ws/src/install/tutorial_interfaces/lib:${LD_LIBRARY_PATH} PYTHONPATH=/home/timl/ros2_ws/src/install/tutorial_interfaces/lib/python3.12/site-packages:${PYTHONPATH} /usr/bin/cmake --install /home/timl/ros2_ws/src/build/cpp_pubsub
[17.946s] -- Install configuration: ""
[17.946s] -- Installing: /home/timl/ros2_ws/src/install/cpp_pubsub/lib/cpp_pubsub/talker
[17.950s] -- Set non-toolchain portion of runtime path of "/home/timl/ros2_ws/src/install/cpp_pubsub/lib/cpp_pubsub/talker" to ""
[17.950s] -- Installing: /home/timl/ros2_ws/src/install/cpp_pubsub/lib/cpp_pubsub/listener
[17.955s] -- Set non-toolchain portion of runtime path of "/home/timl/ros2_ws/src/install/cpp_pubsub/lib/cpp_pubsub/listener" to ""
[17.956s] -- Installing: /home/timl/ros2_ws/src/install/cpp_pubsub/share/ament_index/resource_index/package_run_dependencies/cpp_pubsub
[17.956s] -- Installing: /home/timl/ros2_ws/src/install/cpp_pubsub/share/ament_index/resource_index/parent_prefix_path/cpp_pubsub
[17.956s] -- Installing: /home/timl/ros2_ws/src/install/cpp_pubsub/share/cpp_pubsub/environment/ament_prefix_path.sh
[17.957s] -- Installing: /home/timl/ros2_ws/src/install/cpp_pubsub/share/cpp_pubsub/environment/ament_prefix_path.dsv
[17.957s] -- Installing: /home/timl/ros2_ws/src/install/cpp_pubsub/share/cpp_pubsub/environment/path.sh
[17.957s] -- Installing: /home/timl/ros2_ws/src/install/cpp_pubsub/share/cpp_pubsub/environment/path.dsv
[17.957s] -- Installing: /home/timl/ros2_ws/src/install/cpp_pubsub/share/cpp_pubsub/local_setup.bash
[17.957s] -- Installing: /home/timl/ros2_ws/src/install/cpp_pubsub/share/cpp_pubsub/local_setup.sh
[17.958s] -- Installing: /home/timl/ros2_ws/src/install/cpp_pubsub/share/cpp_pubsub/local_setup.zsh
[17.958s] -- Installing: /home/timl/ros2_ws/src/install/cpp_pubsub/share/cpp_pubsub/local_setup.dsv
[17.958s] -- Installing: /home/timl/ros2_ws/src/install/cpp_pubsub/share/cpp_pubsub/package.dsv
[17.958s] -- Installing: /home/timl/ros2_ws/src/install/cpp_pubsub/share/ament_index/resource_index/packages/cpp_pubsub
[17.958s] -- Installing: /home/timl/ros2_ws/src/install/cpp_pubsub/share/cpp_pubsub/cmake/cpp_pubsubConfig.cmake
[17.959s] -- Installing: /home/timl/ros2_ws/src/install/cpp_pubsub/share/cpp_pubsub/cmake/cpp_pubsubConfig-version.cmake
[17.959s] -- Installing: /home/timl/ros2_ws/src/install/cpp_pubsub/share/cpp_pubsub/package.xml
[17.960s] Invoked command in '/home/timl/ros2_ws/src/build/cpp_pubsub' returned '0': AMENT_PREFIX_PATH=/home/timl/ros2_ws/src/install/tutorial_interfaces:${AMENT_PREFIX_PATH} CMAKE_PREFIX_PATH=/home/timl/ros2_ws/src/install/tutorial_interfaces:/home/timl/ros2_ws/install/polygon_plugins:/home/timl/ros2_ws/install/polygon_base:/home/timl/ros2_ws/install/custom_action_interfaces:/home/timl/ros2_ws/src/install/cpp_parameters:/home/timl/ros2_ws/install/cpp_parameters:/home/timl/ros2_ws/install/more_interfaces:/home/timl/ros2_ws/install/tutorial_interfaces:/home/timl/ros2_ws/install/cpp_srvcli:/home/timl/ros2_ws/install/turtlesim:/home/timl/ros2_ws/install/my_package:/home/timl/ros2_ws/install/cpp_pubsub:/opt/ros/jazzy/opt/sdformat_vendor:/opt/ros/jazzy/opt/gz_math_vendor:/opt/ros/jazzy/opt/gz_utils_vendor:/opt/ros/jazzy/opt/gz_tools_vendor:/opt/ros/jazzy/opt/gz_cmake_vendor:/home/timl/ros2_ws/install/py_pubsub:/opt/ros/jazzy LD_LIBRARY_PATH=/home/timl/ros2_ws/src/install/tutorial_interfaces/lib:${LD_LIBRARY_PATH} PYTHONPATH=/home/timl/ros2_ws/src/install/tutorial_interfaces/lib/python3.12/site-packages:${PYTHONPATH} /usr/bin/cmake --install /home/timl/ros2_ws/src/build/cpp_pubsub
