[0.022s] Invoking command in '/home/timl/ros2_ws/build/turtlesim': CMAKE_PREFIX_PATH=${CMAKE_PREFIX_PATH}:/opt/ros/jazzy /usr/bin/cmake /home/timl/ros2_ws/ros_tutorials/turtlesim -DAMENT_CMAKE_SYMLINK_INSTALL=1 -DCMAKE_INSTALL_PREFIX=/home/timl/ros2_ws/install/turtlesim
[0.575s] -- The C compiler identification is GNU 13.3.0
[1.682s] -- The CXX compiler identification is GNU 13.3.0
[2.527s] -- Detecting C compiler ABI info
[2.948s] -- Detecting C compiler ABI info - done
[2.959s] -- Check for working C compiler: /usr/bin/cc - skipped
[2.960s] -- Detecting C compile features
[2.961s] -- Detecting C compile features - done
[3.140s] -- Detecting CXX compiler ABI info
[3.584s] -- Detecting CXX compiler ABI info - done
[3.596s] -- Check for working CXX compiler: /usr/bin/c++ - skipped
[3.596s] -- Detecting CXX compile features
[3.597s] -- Detecting CXX compile features - done
[3.611s] -- Found ament_cmake: 2.5.3 (/opt/ros/jazzy/share/ament_cmake/cmake)
[3.790s] -- Found Python3: /usr/bin/python3 (found version "3.12.3") found components: Interpreter 
[3.923s] -- Override CMake install command with custom implementation using symlinks instead of copying resources
[3.997s] -- Found ament_index_cpp: 1.8.1 (/opt/ros/jazzy/share/ament_index_cpp/cmake)
[4.003s] -- Found geometry_msgs: 5.3.5 (/opt/ros/jazzy/share/geometry_msgs/cmake)
[4.316s] -- Found rosidl_generator_c: 4.6.5 (/opt/ros/jazzy/share/rosidl_generator_c/cmake)
[4.342s] -- Found rosidl_generator_cpp: 4.6.5 (/opt/ros/jazzy/share/rosidl_generator_cpp/cmake)
[4.386s] -- Using all available rosidl_typesupport_c: rosidl_typesupport_fastrtps_c;rosidl_typesupport_introspection_c
[4.427s] -- Using all available rosidl_typesupport_cpp: rosidl_typesupport_fastrtps_cpp;rosidl_typesupport_introspection_cpp
[4.695s] -- Found rcl_interfaces: 2.0.2 (/opt/ros/jazzy/share/rcl_interfaces/cmake)
[4.854s] -- Found rclcpp: 28.1.6 (/opt/ros/jazzy/share/rclcpp/cmake)
[4.936s] -- Found rmw_implementation_cmake: 7.3.1 (/opt/ros/jazzy/share/rmw_implementation_cmake/cmake)
[4.943s] -- Found rmw_fastrtps_cpp: 8.4.1 (/opt/ros/jazzy/share/rmw_fastrtps_cpp/cmake)
[5.064s] -- Found OpenSSL: /usr/lib/x86_64-linux-gnu/libcrypto.so (found version "3.0.13")  
[5.329s] -- Found FastRTPS: /opt/ros/jazzy/include (Required is at least version "2.13") 
[5.466s] -- Using RMW implementation 'rmw_fastrtps_cpp' as default
[5.798s] -- Found rclcpp_action: 28.1.6 (/opt/ros/jazzy/share/rclcpp_action/cmake)
[5.893s] -- Found rosidl_default_generators: 1.6.0 (/opt/ros/jazzy/share/rosidl_default_generators/cmake)
[5.922s] -- Found rosidl_adapter: 4.6.5 (/opt/ros/jazzy/share/rosidl_adapter/cmake)
[5.933s] -- Found std_srvs: 5.3.5 (/opt/ros/jazzy/share/std_srvs/cmake)
[6.679s] -- Found ament_cmake_ros: 0.12.0 (/opt/ros/jazzy/share/ament_cmake_ros/cmake)
[7.430s] -- Using all available rosidl_typesupport_c: rosidl_typesupport_fastrtps_c;rosidl_typesupport_introspection_c
[7.755s] -- Using all available rosidl_typesupport_cpp: rosidl_typesupport_fastrtps_cpp;rosidl_typesupport_introspection_cpp
[7.760s] -- Found python_cmake_module: 0.11.1 (/opt/ros/jazzy/share/python_cmake_module/cmake)
[7.918s] -- Found PythonExtra: /usr/bin/python3  
[8.441s] -- Found Python3: /usr/bin/python3 (found version "3.12.3") found components: Interpreter Development NumPy Development.Module Development.Embed 
[8.496s] -- Found ament_lint_auto: 0.17.1 (/opt/ros/jazzy/share/ament_lint_auto/cmake)
[8.568s] -- Added test 'copyright' to check source files copyright and LICENSE
[8.572s] -- Added test 'cppcheck' to perform static code analysis on C / C++ code
[8.575s] -- Configured cppcheck include dirs: /home/timl/ros2_ws/ros_tutorials/turtlesim/include
[8.575s] -- Configured cppcheck exclude dirs and/or files: 
[8.578s] -- Added test 'cpplint' to check C / C++ code against the Google style
[8.579s] -- Configured cpplint exclude dirs and/or files: 
[8.580s] -- Added test 'flake8' to check Python code syntax and style conventions
[8.580s] -- Configured 'flake8' exclude dirs and/or files: 
[8.582s] -- Added test 'lint_cmake' to check CMake code style
[8.584s] -- Added test 'pep257' to check Python code against some of the docstring style conventions in PEP 257
[8.588s] -- Added test 'uncrustify' to check C / C++ code style
[8.588s] -- Configured uncrustify additional arguments: 
[8.590s] -- Added test 'xmllint' to check XML markup files
[8.597s] -- Configuring done (8.5s)
[8.719s] -- Generating done (0.1s)
[8.746s] -- Build files have been written to: /home/timl/ros2_ws/build/turtlesim
[8.764s] Invoked command in '/home/timl/ros2_ws/build/turtlesim' returned '0': CMAKE_PREFIX_PATH=${CMAKE_PREFIX_PATH}:/opt/ros/jazzy /usr/bin/cmake /home/timl/ros2_ws/ros_tutorials/turtlesim -DAMENT_CMAKE_SYMLINK_INSTALL=1 -DCMAKE_INSTALL_PREFIX=/home/timl/ros2_ws/install/turtlesim
[8.765s] Invoking command in '/home/timl/ros2_ws/build/turtlesim': CMAKE_PREFIX_PATH=${CMAKE_PREFIX_PATH}:/opt/ros/jazzy /usr/bin/cmake --build /home/timl/ros2_ws/build/turtlesim -- -j6 -l6
[8.822s] [  0%] [34m[1mGenerating type hashes for ROS interfaces[0m
[8.833s] [  0%] Built target ament_cmake_python_symlink_turtlesim
[9.104s] running egg_info
[9.105s] creating turtlesim.egg-info
[9.130s] writing turtlesim.egg-info/PKG-INFO
[9.131s] writing dependency_links to turtlesim.egg-info/dependency_links.txt
[9.131s] writing top-level names to turtlesim.egg-info/top_level.txt
[9.131s] writing manifest file 'turtlesim.egg-info/SOURCES.txt'
[9.179s] [  0%] Built target turtlesim__rosidl_generator_type_description
[9.189s] [  1%] [34m[1mGenerating C code for ROS interfaces[0m
[9.200s] [  2%] [34m[1mGenerating C++ code for ROS interfaces[0m
[9.223s] reading manifest file 'turtlesim.egg-info/SOURCES.txt'
[9.223s] writing manifest file 'turtlesim.egg-info/SOURCES.txt'
[9.257s] [  2%] Built target ament_cmake_python_build_turtlesim_egg
[10.212s] [  2%] Built target turtlesim__cpp
[10.399s] [  3%] [32mBuilding C object CMakeFiles/turtlesim__rosidl_generator_c.dir/rosidl_generator_c/turtlesim/action/detail/rotate_absolute__functions.c.o[0m
[10.401s] [  4%] [32mBuilding C object CMakeFiles/turtlesim__rosidl_generator_c.dir/rosidl_generator_c/turtlesim/action/detail/rotate_absolute__type_support.c.o[0m
[10.401s] [  6%] [32mBuilding C object CMakeFiles/turtlesim__rosidl_generator_c.dir/rosidl_generator_c/turtlesim/action/detail/rotate_absolute__description.c.o[0m
[10.402s] [  6%] [32mBuilding C object CMakeFiles/turtlesim__rosidl_generator_c.dir/rosidl_generator_c/turtlesim/msg/detail/color__description.c.o[0m
[10.407s] [  6%] [32mBuilding C object CMakeFiles/turtlesim__rosidl_generator_c.dir/rosidl_generator_c/turtlesim/msg/detail/color__type_support.c.o[0m
[10.412s] [  7%] [32mBuilding C object CMakeFiles/turtlesim__rosidl_generator_c.dir/rosidl_generator_c/turtlesim/msg/detail/color__functions.c.o[0m
[10.477s] [  8%] [32mBuilding C object CMakeFiles/turtlesim__rosidl_generator_c.dir/rosidl_generator_c/turtlesim/msg/detail/pose__description.c.o[0m
[10.497s] [  9%] [32mBuilding C object CMakeFiles/turtlesim__rosidl_generator_c.dir/rosidl_generator_c/turtlesim/msg/detail/pose__functions.c.o[0m
[10.506s] [ 10%] [32mBuilding C object CMakeFiles/turtlesim__rosidl_generator_c.dir/rosidl_generator_c/turtlesim/msg/detail/pose__type_support.c.o[0m
[10.535s] [ 11%] [32mBuilding C object CMakeFiles/turtlesim__rosidl_generator_c.dir/rosidl_generator_c/turtlesim/srv/detail/kill__description.c.o[0m
[10.537s] [ 12%] [32mBuilding C object CMakeFiles/turtlesim__rosidl_generator_c.dir/rosidl_generator_c/turtlesim/srv/detail/kill__functions.c.o[0m
[10.551s] [ 13%] [32mBuilding C object CMakeFiles/turtlesim__rosidl_generator_c.dir/rosidl_generator_c/turtlesim/srv/detail/kill__type_support.c.o[0m
[10.563s] [ 13%] [32mBuilding C object CMakeFiles/turtlesim__rosidl_generator_c.dir/rosidl_generator_c/turtlesim/srv/detail/set_pen__description.c.o[0m
[10.569s] [ 14%] [32mBuilding C object CMakeFiles/turtlesim__rosidl_generator_c.dir/rosidl_generator_c/turtlesim/srv/detail/set_pen__functions.c.o[0m
[10.598s] [ 15%] [32mBuilding C object CMakeFiles/turtlesim__rosidl_generator_c.dir/rosidl_generator_c/turtlesim/srv/detail/set_pen__type_support.c.o[0m
[10.603s] [ 16%] [32mBuilding C object CMakeFiles/turtlesim__rosidl_generator_c.dir/rosidl_generator_c/turtlesim/srv/detail/spawn__description.c.o[0m
[10.624s] [ 17%] [32mBuilding C object CMakeFiles/turtlesim__rosidl_generator_c.dir/rosidl_generator_c/turtlesim/srv/detail/spawn__functions.c.o[0m
[10.636s] [ 18%] [32mBuilding C object CMakeFiles/turtlesim__rosidl_generator_c.dir/rosidl_generator_c/turtlesim/srv/detail/spawn__type_support.c.o[0m
[10.652s] [ 19%] [32mBuilding C object CMakeFiles/turtlesim__rosidl_generator_c.dir/rosidl_generator_c/turtlesim/srv/detail/teleport_absolute__description.c.o[0m
[10.663s] [ 20%] [32mBuilding C object CMakeFiles/turtlesim__rosidl_generator_c.dir/rosidl_generator_c/turtlesim/srv/detail/teleport_absolute__functions.c.o[0m
[10.664s] [ 20%] [32mBuilding C object CMakeFiles/turtlesim__rosidl_generator_c.dir/rosidl_generator_c/turtlesim/srv/detail/teleport_absolute__type_support.c.o[0m
[10.667s] [ 21%] [32mBuilding C object CMakeFiles/turtlesim__rosidl_generator_c.dir/rosidl_generator_c/turtlesim/srv/detail/teleport_relative__description.c.o[0m
[10.690s] [ 22%] [32mBuilding C object CMakeFiles/turtlesim__rosidl_generator_c.dir/rosidl_generator_c/turtlesim/srv/detail/teleport_relative__functions.c.o[0m
[10.711s] [ 23%] [32mBuilding C object CMakeFiles/turtlesim__rosidl_generator_c.dir/rosidl_generator_c/turtlesim/srv/detail/teleport_relative__type_support.c.o[0m
[10.770s] [ 24%] [32m[1mLinking C shared library libturtlesim__rosidl_generator_c.so[0m
[10.950s] [ 24%] Built target turtlesim__rosidl_generator_c
[10.960s] [ 25%] [34m[1mGenerating C introspection for ROS interfaces[0m
[10.960s] [ 26%] [34m[1mGenerating C type support for eProsima Fast-RTPS[0m
[10.963s] [ 27%] [34m[1mGenerating C++ type support for eProsima Fast-RTPS[0m
[10.964s] [ 28%] [34m[1mGenerating C++ type support dispatch for ROS interfaces[0m
[10.971s] [ 29%] [34m[1mGenerating C type support dispatch for ROS interfaces[0m
[10.976s] [ 29%] [34m[1mGenerating C++ introspection for ROS interfaces[0m
[11.993s] [ 30%] [32mBuilding CXX object CMakeFiles/turtlesim__rosidl_typesupport_cpp.dir/rosidl_typesupport_cpp/turtlesim/action/rotate_absolute__type_support.cpp.o[0m
[12.102s] [ 31%] [32mBuilding CXX object CMakeFiles/turtlesim__rosidl_typesupport_c.dir/rosidl_typesupport_c/turtlesim/action/rotate_absolute__type_support.cpp.o[0m
[12.263s] [ 32%] [32mBuilding CXX object CMakeFiles/turtlesim__rosidl_typesupport_c.dir/rosidl_typesupport_c/turtlesim/msg/color__type_support.cpp.o[0m
[12.354s] [ 33%] [32mBuilding CXX object CMakeFiles/turtlesim__rosidl_typesupport_c.dir/rosidl_typesupport_c/turtlesim/msg/pose__type_support.cpp.o[0m
[12.427s] [ 34%] [32mBuilding CXX object CMakeFiles/turtlesim__rosidl_typesupport_introspection_cpp.dir/rosidl_typesupport_introspection_cpp/turtlesim/action/detail/rotate_absolute__type_support.cpp.o[0m
[12.427s] [ 35%] [32mBuilding CXX object CMakeFiles/turtlesim__rosidl_typesupport_c.dir/rosidl_typesupport_c/turtlesim/srv/kill__type_support.cpp.o[0m
[12.510s] [ 36%] [32mBuilding CXX object CMakeFiles/turtlesim__rosidl_typesupport_c.dir/rosidl_typesupport_c/turtlesim/srv/set_pen__type_support.cpp.o[0m
[12.566s] [ 37%] [32mBuilding C object CMakeFiles/turtlesim__rosidl_typesupport_introspection_c.dir/rosidl_typesupport_introspection_c/turtlesim/action/detail/rotate_absolute__type_support.c.o[0m
[12.594s] [ 37%] [32mBuilding CXX object CMakeFiles/turtlesim__rosidl_typesupport_c.dir/rosidl_typesupport_c/turtlesim/srv/spawn__type_support.cpp.o[0m
[12.669s] [ 38%] [32mBuilding CXX object CMakeFiles/turtlesim__rosidl_typesupport_c.dir/rosidl_typesupport_c/turtlesim/srv/teleport_absolute__type_support.cpp.o[0m
[12.713s] [ 39%] [32mBuilding C object CMakeFiles/turtlesim__rosidl_typesupport_introspection_c.dir/rosidl_typesupport_introspection_c/turtlesim/msg/detail/color__type_support.c.o[0m
[12.760s] [ 40%] [32mBuilding CXX object CMakeFiles/turtlesim__rosidl_typesupport_c.dir/rosidl_typesupport_c/turtlesim/srv/teleport_relative__type_support.cpp.o[0m
[12.778s] [ 40%] [32mBuilding C object CMakeFiles/turtlesim__rosidl_typesupport_introspection_c.dir/rosidl_typesupport_introspection_c/turtlesim/msg/detail/pose__type_support.c.o[0m
[12.847s] [ 41%] [32mBuilding C object CMakeFiles/turtlesim__rosidl_typesupport_introspection_c.dir/rosidl_typesupport_introspection_c/turtlesim/srv/detail/kill__type_support.c.o[0m
[12.852s] [ 42%] [32m[1mLinking CXX shared library libturtlesim__rosidl_typesupport_c.so[0m
[12.960s] [ 43%] [32mBuilding C object CMakeFiles/turtlesim__rosidl_typesupport_introspection_c.dir/rosidl_typesupport_introspection_c/turtlesim/srv/detail/set_pen__type_support.c.o[0m
[12.974s] [ 44%] [32mBuilding CXX object CMakeFiles/turtlesim__rosidl_typesupport_fastrtps_cpp.dir/rosidl_typesupport_fastrtps_cpp/turtlesim/action/detail/dds_fastrtps/rotate_absolute__type_support.cpp.o[0m
[13.089s] [ 45%] [32mBuilding C object CMakeFiles/turtlesim__rosidl_typesupport_introspection_c.dir/rosidl_typesupport_introspection_c/turtlesim/srv/detail/spawn__type_support.c.o[0m
[13.103s] [ 45%] [32mBuilding CXX object CMakeFiles/turtlesim__rosidl_typesupport_fastrtps_c.dir/rosidl_typesupport_fastrtps_c/turtlesim/action/detail/rotate_absolute__type_support_c.cpp.o[0m
[13.150s] [ 45%] Built target turtlesim__rosidl_typesupport_c
[13.163s] [ 46%] [32mBuilding CXX object CMakeFiles/turtlesim__rosidl_typesupport_fastrtps_cpp.dir/rosidl_typesupport_fastrtps_cpp/turtlesim/msg/detail/dds_fastrtps/color__type_support.cpp.o[0m
[13.201s] [ 47%] [32mBuilding C object CMakeFiles/turtlesim__rosidl_typesupport_introspection_c.dir/rosidl_typesupport_introspection_c/turtlesim/srv/detail/teleport_absolute__type_support.c.o[0m
[13.288s] [ 48%] [32mBuilding C object CMakeFiles/turtlesim__rosidl_typesupport_introspection_c.dir/rosidl_typesupport_introspection_c/turtlesim/srv/detail/teleport_relative__type_support.c.o[0m
[13.413s] [ 49%] [32m[1mLinking C shared library libturtlesim__rosidl_typesupport_introspection_c.so[0m
[13.756s] [ 49%] Built target turtlesim__rosidl_typesupport_introspection_c
[13.779s] [ 50%] [32mBuilding CXX object CMakeFiles/turtlesim__rosidl_typesupport_fastrtps_cpp.dir/rosidl_typesupport_fastrtps_cpp/turtlesim/msg/detail/dds_fastrtps/pose__type_support.cpp.o[0m
[13.796s] [ 51%] [32mBuilding CXX object CMakeFiles/turtlesim__rosidl_typesupport_cpp.dir/rosidl_typesupport_cpp/turtlesim/msg/color__type_support.cpp.o[0m
[13.883s] [ 52%] [32mBuilding CXX object CMakeFiles/turtlesim__rosidl_typesupport_introspection_cpp.dir/rosidl_typesupport_introspection_cpp/turtlesim/msg/detail/color__type_support.cpp.o[0m
[14.034s] [ 53%] [32mBuilding CXX object CMakeFiles/turtlesim__rosidl_typesupport_fastrtps_cpp.dir/rosidl_typesupport_fastrtps_cpp/turtlesim/srv/detail/dds_fastrtps/kill__type_support.cpp.o[0m
[14.268s] [ 54%] [32mBuilding CXX object CMakeFiles/turtlesim__rosidl_typesupport_fastrtps_c.dir/rosidl_typesupport_fastrtps_c/turtlesim/msg/detail/color__type_support_c.cpp.o[0m
[14.425s] [ 55%] [32mBuilding CXX object CMakeFiles/turtlesim__rosidl_typesupport_introspection_cpp.dir/rosidl_typesupport_introspection_cpp/turtlesim/msg/detail/pose__type_support.cpp.o[0m
[14.455s] [ 56%] [32mBuilding CXX object CMakeFiles/turtlesim__rosidl_typesupport_cpp.dir/rosidl_typesupport_cpp/turtlesim/msg/pose__type_support.cpp.o[0m
[14.656s] [ 56%] [32mBuilding CXX object CMakeFiles/turtlesim__rosidl_typesupport_fastrtps_cpp.dir/rosidl_typesupport_fastrtps_cpp/turtlesim/srv/detail/dds_fastrtps/set_pen__type_support.cpp.o[0m
[14.786s] [ 57%] [32mBuilding CXX object CMakeFiles/turtlesim__rosidl_typesupport_fastrtps_cpp.dir/rosidl_typesupport_fastrtps_cpp/turtlesim/srv/detail/dds_fastrtps/spawn__type_support.cpp.o[0m
[14.870s] [ 58%] [32mBuilding CXX object CMakeFiles/turtlesim__rosidl_typesupport_introspection_cpp.dir/rosidl_typesupport_introspection_cpp/turtlesim/srv/detail/kill__type_support.cpp.o[0m
[14.873s] [ 58%] [32mBuilding CXX object CMakeFiles/turtlesim__rosidl_typesupport_cpp.dir/rosidl_typesupport_cpp/turtlesim/srv/kill__type_support.cpp.o[0m
[14.962s] [ 59%] [32mBuilding CXX object CMakeFiles/turtlesim__rosidl_typesupport_fastrtps_cpp.dir/rosidl_typesupport_fastrtps_cpp/turtlesim/srv/detail/dds_fastrtps/teleport_absolute__type_support.cpp.o[0m
[14.964s] [ 60%] [32mBuilding CXX object CMakeFiles/turtlesim__rosidl_typesupport_fastrtps_c.dir/rosidl_typesupport_fastrtps_c/turtlesim/msg/detail/pose__type_support_c.cpp.o[0m
[15.463s] [ 61%] [32mBuilding CXX object CMakeFiles/turtlesim__rosidl_typesupport_introspection_cpp.dir/rosidl_typesupport_introspection_cpp/turtlesim/srv/detail/set_pen__type_support.cpp.o[0m
[15.497s] [ 62%] [32mBuilding CXX object CMakeFiles/turtlesim__rosidl_typesupport_cpp.dir/rosidl_typesupport_cpp/turtlesim/srv/set_pen__type_support.cpp.o[0m
[15.527s] [ 63%] [32mBuilding CXX object CMakeFiles/turtlesim__rosidl_typesupport_fastrtps_cpp.dir/rosidl_typesupport_fastrtps_cpp/turtlesim/srv/detail/dds_fastrtps/teleport_relative__type_support.cpp.o[0m
[15.610s] [ 64%] [32mBuilding CXX object CMakeFiles/turtlesim__rosidl_typesupport_fastrtps_c.dir/rosidl_typesupport_fastrtps_c/turtlesim/srv/detail/kill__type_support_c.cpp.o[0m
[15.788s] [ 65%] [32mBuilding CXX object CMakeFiles/turtlesim__rosidl_typesupport_fastrtps_c.dir/rosidl_typesupport_fastrtps_c/turtlesim/srv/detail/set_pen__type_support_c.cpp.o[0m
[15.906s] [ 66%] [32mBuilding CXX object CMakeFiles/turtlesim__rosidl_typesupport_fastrtps_c.dir/rosidl_typesupport_fastrtps_c/turtlesim/srv/detail/spawn__type_support_c.cpp.o[0m
[16.029s] [ 67%] [32mBuilding CXX object CMakeFiles/turtlesim__rosidl_typesupport_introspection_cpp.dir/rosidl_typesupport_introspection_cpp/turtlesim/srv/detail/spawn__type_support.cpp.o[0m
[16.122s] [ 68%] [32mBuilding CXX object CMakeFiles/turtlesim__rosidl_typesupport_cpp.dir/rosidl_typesupport_cpp/turtlesim/srv/spawn__type_support.cpp.o[0m
[16.299s] [ 69%] [32mBuilding CXX object CMakeFiles/turtlesim__rosidl_typesupport_fastrtps_c.dir/rosidl_typesupport_fastrtps_c/turtlesim/srv/detail/teleport_absolute__type_support_c.cpp.o[0m
[16.352s] [ 70%] [32m[1mLinking CXX shared library libturtlesim__rosidl_typesupport_fastrtps_cpp.so[0m
[16.488s] [ 70%] [32mBuilding CXX object CMakeFiles/turtlesim__rosidl_typesupport_fastrtps_c.dir/rosidl_typesupport_fastrtps_c/turtlesim/srv/detail/teleport_relative__type_support_c.cpp.o[0m
[16.588s] [ 70%] [32mBuilding CXX object CMakeFiles/turtlesim__rosidl_typesupport_introspection_cpp.dir/rosidl_typesupport_introspection_cpp/turtlesim/srv/detail/teleport_absolute__type_support.cpp.o[0m
[16.609s] [ 71%] [32mBuilding CXX object CMakeFiles/turtlesim__rosidl_typesupport_introspection_cpp.dir/rosidl_typesupport_introspection_cpp/turtlesim/srv/detail/teleport_relative__type_support.cpp.o[0m
[16.645s] [ 71%] Built target turtlesim__rosidl_typesupport_fastrtps_cpp
[16.655s] [ 72%] [32mBuilding CXX object CMakeFiles/turtlesim__rosidl_typesupport_cpp.dir/rosidl_typesupport_cpp/turtlesim/srv/teleport_absolute__type_support.cpp.o[0m
[16.757s] [ 73%] [32mBuilding CXX object CMakeFiles/turtlesim__rosidl_typesupport_cpp.dir/rosidl_typesupport_cpp/turtlesim/srv/teleport_relative__type_support.cpp.o[0m
[17.134s] [ 74%] [32m[1mLinking CXX shared library libturtlesim__rosidl_typesupport_fastrtps_c.so[0m
[17.145s] [ 75%] [32m[1mLinking CXX shared library libturtlesim__rosidl_typesupport_introspection_cpp.so[0m
[17.238s] [ 76%] [32m[1mLinking CXX shared library libturtlesim__rosidl_typesupport_cpp.so[0m
[17.357s] [ 76%] Built target turtlesim__rosidl_typesupport_fastrtps_c
[17.385s] [ 76%] Built target turtlesim__rosidl_typesupport_introspection_cpp
[17.462s] [ 76%] Built target turtlesim__rosidl_typesupport_cpp
[17.472s] [ 77%] [34m[1mGenerating include/turtlesim/moc_turtle_frame.cpp[0m
[17.485s] [ 77%] [32mBuilding CXX object CMakeFiles/draw_square.dir/tutorials/draw_square.cpp.o[0m
[17.486s] [ 79%] [32mBuilding CXX object CMakeFiles/turtle_teleop_key.dir/tutorials/teleop_turtle_key.cpp.o[0m
[17.486s] [ 79%] [32mBuilding CXX object CMakeFiles/mimic.dir/tutorials/mimic.cpp.o[0m
[17.489s] [ 79%] Built target turtlesim
[17.512s] [ 79%] [34m[1mGenerating Python code for ROS interfaces[0m
[17.624s] [ 81%] [32mBuilding CXX object CMakeFiles/turtlesim_node.dir/src/turtlesim.cpp.o[0m
[17.625s] [ 81%] [32mBuilding CXX object CMakeFiles/turtlesim_node.dir/src/turtle.cpp.o[0m
[19.799s] [ 81%] Built target turtlesim__py
[19.809s] [ 82%] [32mBuilding CXX object CMakeFiles/turtlesim_node.dir/src/turtle_frame.cpp.o[0m
[25.609s] [ 82%] [32mBuilding CXX object CMakeFiles/turtlesim_node.dir/include/turtlesim/moc_turtle_frame.cpp.o[0m
[28.326s] [ 83%] [32m[1mLinking CXX executable turtle_teleop_key[0m
[29.417s] [ 83%] Built target turtle_teleop_key
[29.494s] [ 84%] [32mBuilding C object CMakeFiles/turtlesim__rosidl_generator_py.dir/rosidl_generator_py/turtlesim/action/_rotate_absolute_s.c.o[0m
[30.192s] [ 85%] [32mBuilding C object CMakeFiles/turtlesim__rosidl_generator_py.dir/rosidl_generator_py/turtlesim/msg/_color_s.c.o[0m
[30.447s] [ 85%] [32mBuilding C object CMakeFiles/turtlesim__rosidl_generator_py.dir/rosidl_generator_py/turtlesim/msg/_pose_s.c.o[0m
[30.732s] [ 86%] [32mBuilding C object CMakeFiles/turtlesim__rosidl_generator_py.dir/rosidl_generator_py/turtlesim/srv/_kill_s.c.o[0m
[31.280s] [ 87%] [32mBuilding C object CMakeFiles/turtlesim__rosidl_generator_py.dir/rosidl_generator_py/turtlesim/srv/_set_pen_s.c.o[0m
[31.546s] [ 88%] [32mBuilding C object CMakeFiles/turtlesim__rosidl_generator_py.dir/rosidl_generator_py/turtlesim/srv/_spawn_s.c.o[0m
[31.883s] [ 89%] [32mBuilding C object CMakeFiles/turtlesim__rosidl_generator_py.dir/rosidl_generator_py/turtlesim/srv/_teleport_absolute_s.c.o[0m
[32.199s] [ 90%] [32mBuilding C object CMakeFiles/turtlesim__rosidl_generator_py.dir/rosidl_generator_py/turtlesim/srv/_teleport_relative_s.c.o[0m
[32.440s] [ 91%] [32m[1mLinking C shared library libturtlesim__rosidl_generator_py.so[0m
[32.631s] [ 91%] Built target turtlesim__rosidl_generator_py
[32.653s] [ 92%] [32mBuilding C object CMakeFiles/turtlesim_s__rosidl_typesupport_fastrtps_c.dir/rosidl_generator_py/turtlesim/_turtlesim_s.ep.rosidl_typesupport_fastrtps_c.c.o[0m
[32.896s] [ 93%] [32m[1mLinking C shared module rosidl_generator_py/turtlesim/turtlesim_s__rosidl_typesupport_fastrtps_c.so[0m
[32.936s] [ 94%] [32m[1mLinking CXX executable mimic[0m
[33.091s] [ 94%] Built target turtlesim_s__rosidl_typesupport_fastrtps_c
[33.123s] [ 95%] [32mBuilding C object CMakeFiles/turtlesim_s__rosidl_typesupport_introspection_c.dir/rosidl_generator_py/turtlesim/_turtlesim_s.ep.rosidl_typesupport_introspection_c.c.o[0m
[33.553s] [ 96%] [32m[1mLinking C shared module rosidl_generator_py/turtlesim/turtlesim_s__rosidl_typesupport_introspection_c.so[0m
[33.654s] [ 96%] Built target mimic
[33.687s] [ 97%] [32mBuilding C object CMakeFiles/turtlesim_s__rosidl_typesupport_c.dir/rosidl_generator_py/turtlesim/_turtlesim_s.ep.rosidl_typesupport_c.c.o[0m
[33.708s] [ 98%] [32m[1mLinking CXX executable draw_square[0m
[33.832s] [ 98%] Built target turtlesim_s__rosidl_typesupport_introspection_c
[34.010s] [ 99%] [32m[1mLinking C shared module rosidl_generator_py/turtlesim/turtlesim_s__rosidl_typesupport_c.so[0m
[34.364s] [ 99%] Built target turtlesim_s__rosidl_typesupport_c
[34.704s] [ 99%] Built target draw_square
[38.813s] [100%] [32m[1mLinking CXX executable turtlesim_node[0m
[41.345s] [100%] Built target turtlesim_node
[41.361s] Invoked command in '/home/timl/ros2_ws/build/turtlesim' returned '0': CMAKE_PREFIX_PATH=${CMAKE_PREFIX_PATH}:/opt/ros/jazzy /usr/bin/cmake --build /home/timl/ros2_ws/build/turtlesim -- -j6 -l6
[41.373s] Invoking command in '/home/timl/ros2_ws/build/turtlesim': CMAKE_PREFIX_PATH=${CMAKE_PREFIX_PATH}:/opt/ros/jazzy /usr/bin/cmake --install /home/timl/ros2_ws/build/turtlesim
[41.381s] -- Install configuration: ""
[41.381s] -- Execute custom install script
[41.382s] -- Symlinking: /home/timl/ros2_ws/install/turtlesim/share/ament_index/resource_index/rosidl_interfaces/turtlesim
[41.392s] -- Symlinking: /home/timl/ros2_ws/install/turtlesim/share/turtlesim/action/RotateAbsolute.json
[41.402s] -- Symlinking: /home/timl/ros2_ws/install/turtlesim/share/turtlesim/msg/Color.json
[41.411s] -- Symlinking: /home/timl/ros2_ws/install/turtlesim/share/turtlesim/msg/Pose.json
[41.420s] -- Symlinking: /home/timl/ros2_ws/install/turtlesim/share/turtlesim/srv/Kill.json
[41.429s] -- Symlinking: /home/timl/ros2_ws/install/turtlesim/share/turtlesim/srv/SetPen.json
[41.439s] -- Symlinking: /home/timl/ros2_ws/install/turtlesim/share/turtlesim/srv/Spawn.json
[41.454s] -- Symlinking: /home/timl/ros2_ws/install/turtlesim/share/turtlesim/srv/TeleportAbsolute.json
[41.465s] -- Symlinking: /home/timl/ros2_ws/install/turtlesim/share/turtlesim/srv/TeleportRelative.json
[41.476s] -- Symlinking: /home/timl/ros2_ws/install/turtlesim/include/turtlesim/turtlesim/action/detail/rotate_absolute__functions.h
[41.486s] -- Symlinking: /home/timl/ros2_ws/install/turtlesim/include/turtlesim/turtlesim/action/detail/rotate_absolute__struct.h
[41.495s] -- Symlinking: /home/timl/ros2_ws/install/turtlesim/include/turtlesim/turtlesim/action/detail/rotate_absolute__type_support.h
[41.503s] -- Symlinking: /home/timl/ros2_ws/install/turtlesim/include/turtlesim/turtlesim/action/rotate_absolute.h
[41.512s] -- Symlinking: /home/timl/ros2_ws/install/turtlesim/include/turtlesim/turtlesim/msg/color.h
[41.521s] -- Symlinking: /home/timl/ros2_ws/install/turtlesim/include/turtlesim/turtlesim/msg/detail/color__functions.h
[41.529s] -- Symlinking: /home/timl/ros2_ws/install/turtlesim/include/turtlesim/turtlesim/msg/detail/color__struct.h
[41.538s] -- Symlinking: /home/timl/ros2_ws/install/turtlesim/include/turtlesim/turtlesim/msg/detail/color__type_support.h
[41.547s] -- Symlinking: /home/timl/ros2_ws/install/turtlesim/include/turtlesim/turtlesim/msg/detail/pose__functions.h
[41.556s] -- Symlinking: /home/timl/ros2_ws/install/turtlesim/include/turtlesim/turtlesim/msg/detail/pose__struct.h
[41.566s] -- Symlinking: /home/timl/ros2_ws/install/turtlesim/include/turtlesim/turtlesim/msg/detail/pose__type_support.h
[41.575s] -- Symlinking: /home/timl/ros2_ws/install/turtlesim/include/turtlesim/turtlesim/msg/pose.h
[41.583s] -- Symlinking: /home/timl/ros2_ws/install/turtlesim/include/turtlesim/turtlesim/msg/rosidl_generator_c__visibility_control.h
[41.592s] -- Symlinking: /home/timl/ros2_ws/install/turtlesim/include/turtlesim/turtlesim/srv/detail/kill__functions.h
[41.601s] -- Symlinking: /home/timl/ros2_ws/install/turtlesim/include/turtlesim/turtlesim/srv/detail/kill__struct.h
[41.609s] -- Symlinking: /home/timl/ros2_ws/install/turtlesim/include/turtlesim/turtlesim/srv/detail/kill__type_support.h
[41.617s] -- Symlinking: /home/timl/ros2_ws/install/turtlesim/include/turtlesim/turtlesim/srv/detail/set_pen__functions.h
[41.626s] -- Symlinking: /home/timl/ros2_ws/install/turtlesim/include/turtlesim/turtlesim/srv/detail/set_pen__struct.h
[41.635s] -- Symlinking: /home/timl/ros2_ws/install/turtlesim/include/turtlesim/turtlesim/srv/detail/set_pen__type_support.h
[41.645s] -- Symlinking: /home/timl/ros2_ws/install/turtlesim/include/turtlesim/turtlesim/srv/detail/spawn__functions.h
[41.654s] -- Symlinking: /home/timl/ros2_ws/install/turtlesim/include/turtlesim/turtlesim/srv/detail/spawn__struct.h
[41.664s] -- Symlinking: /home/timl/ros2_ws/install/turtlesim/include/turtlesim/turtlesim/srv/detail/spawn__type_support.h
[41.674s] -- Symlinking: /home/timl/ros2_ws/install/turtlesim/include/turtlesim/turtlesim/srv/detail/teleport_absolute__functions.h
[41.684s] -- Symlinking: /home/timl/ros2_ws/install/turtlesim/include/turtlesim/turtlesim/srv/detail/teleport_absolute__struct.h
[41.693s] -- Symlinking: /home/timl/ros2_ws/install/turtlesim/include/turtlesim/turtlesim/srv/detail/teleport_absolute__type_support.h
[41.703s] -- Symlinking: /home/timl/ros2_ws/install/turtlesim/include/turtlesim/turtlesim/srv/detail/teleport_relative__functions.h
[41.712s] -- Symlinking: /home/timl/ros2_ws/install/turtlesim/include/turtlesim/turtlesim/srv/detail/teleport_relative__struct.h
[41.720s] -- Symlinking: /home/timl/ros2_ws/install/turtlesim/include/turtlesim/turtlesim/srv/detail/teleport_relative__type_support.h
[41.730s] -- Symlinking: /home/timl/ros2_ws/install/turtlesim/include/turtlesim/turtlesim/srv/kill.h
[41.738s] -- Symlinking: /home/timl/ros2_ws/install/turtlesim/include/turtlesim/turtlesim/srv/set_pen.h
[41.748s] -- Symlinking: /home/timl/ros2_ws/install/turtlesim/include/turtlesim/turtlesim/srv/spawn.h
[41.758s] -- Symlinking: /home/timl/ros2_ws/install/turtlesim/include/turtlesim/turtlesim/srv/teleport_absolute.h
[41.767s] -- Symlinking: /home/timl/ros2_ws/install/turtlesim/include/turtlesim/turtlesim/srv/teleport_relative.h
[41.776s] -- Symlinking: /home/timl/ros2_ws/install/turtlesim/share/turtlesim/environment/library_path.sh
[41.785s] -- Symlinking: /home/timl/ros2_ws/install/turtlesim/share/turtlesim/environment/library_path.dsv
[41.795s] -- Symlinking: /home/timl/ros2_ws/install/turtlesim/include/turtlesim/turtlesim/action/detail/rotate_absolute__rosidl_typesupport_fastrtps_c.h
[41.804s] -- Symlinking: /home/timl/ros2_ws/install/turtlesim/include/turtlesim/turtlesim/msg/detail/color__rosidl_typesupport_fastrtps_c.h
[41.814s] -- Symlinking: /home/timl/ros2_ws/install/turtlesim/include/turtlesim/turtlesim/msg/detail/pose__rosidl_typesupport_fastrtps_c.h
[41.823s] -- Symlinking: /home/timl/ros2_ws/install/turtlesim/include/turtlesim/turtlesim/msg/rosidl_typesupport_fastrtps_c__visibility_control.h
[41.832s] -- Symlinking: /home/timl/ros2_ws/install/turtlesim/include/turtlesim/turtlesim/srv/detail/kill__rosidl_typesupport_fastrtps_c.h
[41.843s] -- Symlinking: /home/timl/ros2_ws/install/turtlesim/include/turtlesim/turtlesim/srv/detail/set_pen__rosidl_typesupport_fastrtps_c.h
[41.852s] -- Symlinking: /home/timl/ros2_ws/install/turtlesim/include/turtlesim/turtlesim/srv/detail/spawn__rosidl_typesupport_fastrtps_c.h
[41.862s] -- Symlinking: /home/timl/ros2_ws/install/turtlesim/include/turtlesim/turtlesim/srv/detail/teleport_absolute__rosidl_typesupport_fastrtps_c.h
[41.871s] -- Symlinking: /home/timl/ros2_ws/install/turtlesim/include/turtlesim/turtlesim/srv/detail/teleport_relative__rosidl_typesupport_fastrtps_c.h
[41.881s] -- Symlinking: /home/timl/ros2_ws/install/turtlesim/include/turtlesim/turtlesim/action/detail/rotate_absolute__builder.hpp
[41.890s] -- Symlinking: /home/timl/ros2_ws/install/turtlesim/include/turtlesim/turtlesim/action/detail/rotate_absolute__struct.hpp
[41.899s] -- Symlinking: /home/timl/ros2_ws/install/turtlesim/include/turtlesim/turtlesim/action/detail/rotate_absolute__traits.hpp
[41.909s] -- Symlinking: /home/timl/ros2_ws/install/turtlesim/include/turtlesim/turtlesim/action/detail/rotate_absolute__type_support.hpp
[41.919s] -- Symlinking: /home/timl/ros2_ws/install/turtlesim/include/turtlesim/turtlesim/action/rotate_absolute.hpp
[41.928s] -- Symlinking: /home/timl/ros2_ws/install/turtlesim/include/turtlesim/turtlesim/msg/color.hpp
[41.937s] -- Symlinking: /home/timl/ros2_ws/install/turtlesim/include/turtlesim/turtlesim/msg/detail/color__builder.hpp
[41.948s] -- Symlinking: /home/timl/ros2_ws/install/turtlesim/include/turtlesim/turtlesim/msg/detail/color__struct.hpp
[41.956s] -- Symlinking: /home/timl/ros2_ws/install/turtlesim/include/turtlesim/turtlesim/msg/detail/color__traits.hpp
[41.965s] -- Symlinking: /home/timl/ros2_ws/install/turtlesim/include/turtlesim/turtlesim/msg/detail/color__type_support.hpp
[41.974s] -- Symlinking: /home/timl/ros2_ws/install/turtlesim/include/turtlesim/turtlesim/msg/detail/pose__builder.hpp
[41.982s] -- Symlinking: /home/timl/ros2_ws/install/turtlesim/include/turtlesim/turtlesim/msg/detail/pose__struct.hpp
[41.991s] -- Symlinking: /home/timl/ros2_ws/install/turtlesim/include/turtlesim/turtlesim/msg/detail/pose__traits.hpp
[41.999s] -- Symlinking: /home/timl/ros2_ws/install/turtlesim/include/turtlesim/turtlesim/msg/detail/pose__type_support.hpp
[42.008s] -- Symlinking: /home/timl/ros2_ws/install/turtlesim/include/turtlesim/turtlesim/msg/pose.hpp
[42.017s] -- Symlinking: /home/timl/ros2_ws/install/turtlesim/include/turtlesim/turtlesim/msg/rosidl_generator_cpp__visibility_control.hpp
[42.025s] -- Symlinking: /home/timl/ros2_ws/install/turtlesim/include/turtlesim/turtlesim/srv/detail/kill__builder.hpp
[42.034s] -- Symlinking: /home/timl/ros2_ws/install/turtlesim/include/turtlesim/turtlesim/srv/detail/kill__struct.hpp
[42.043s] -- Symlinking: /home/timl/ros2_ws/install/turtlesim/include/turtlesim/turtlesim/srv/detail/kill__traits.hpp
[42.051s] -- Symlinking: /home/timl/ros2_ws/install/turtlesim/include/turtlesim/turtlesim/srv/detail/kill__type_support.hpp
[42.061s] -- Symlinking: /home/timl/ros2_ws/install/turtlesim/include/turtlesim/turtlesim/srv/detail/set_pen__builder.hpp
[42.069s] -- Symlinking: /home/timl/ros2_ws/install/turtlesim/include/turtlesim/turtlesim/srv/detail/set_pen__struct.hpp
[42.078s] -- Symlinking: /home/timl/ros2_ws/install/turtlesim/include/turtlesim/turtlesim/srv/detail/set_pen__traits.hpp
[42.087s] -- Symlinking: /home/timl/ros2_ws/install/turtlesim/include/turtlesim/turtlesim/srv/detail/set_pen__type_support.hpp
[42.095s] -- Symlinking: /home/timl/ros2_ws/install/turtlesim/include/turtlesim/turtlesim/srv/detail/spawn__builder.hpp
[42.104s] -- Symlinking: /home/timl/ros2_ws/install/turtlesim/include/turtlesim/turtlesim/srv/detail/spawn__struct.hpp
[42.112s] -- Symlinking: /home/timl/ros2_ws/install/turtlesim/include/turtlesim/turtlesim/srv/detail/spawn__traits.hpp
[42.121s] -- Symlinking: /home/timl/ros2_ws/install/turtlesim/include/turtlesim/turtlesim/srv/detail/spawn__type_support.hpp
[42.130s] -- Symlinking: /home/timl/ros2_ws/install/turtlesim/include/turtlesim/turtlesim/srv/detail/teleport_absolute__builder.hpp
[42.139s] -- Symlinking: /home/timl/ros2_ws/install/turtlesim/include/turtlesim/turtlesim/srv/detail/teleport_absolute__struct.hpp
[42.148s] -- Symlinking: /home/timl/ros2_ws/install/turtlesim/include/turtlesim/turtlesim/srv/detail/teleport_absolute__traits.hpp
[42.157s] -- Symlinking: /home/timl/ros2_ws/install/turtlesim/include/turtlesim/turtlesim/srv/detail/teleport_absolute__type_support.hpp
[42.166s] -- Symlinking: /home/timl/ros2_ws/install/turtlesim/include/turtlesim/turtlesim/srv/detail/teleport_relative__builder.hpp
[42.174s] -- Symlinking: /home/timl/ros2_ws/install/turtlesim/include/turtlesim/turtlesim/srv/detail/teleport_relative__struct.hpp
[42.183s] -- Symlinking: /home/timl/ros2_ws/install/turtlesim/include/turtlesim/turtlesim/srv/detail/teleport_relative__traits.hpp
[42.192s] -- Symlinking: /home/timl/ros2_ws/install/turtlesim/include/turtlesim/turtlesim/srv/detail/teleport_relative__type_support.hpp
[42.201s] -- Symlinking: /home/timl/ros2_ws/install/turtlesim/include/turtlesim/turtlesim/srv/kill.hpp
[42.210s] -- Symlinking: /home/timl/ros2_ws/install/turtlesim/include/turtlesim/turtlesim/srv/set_pen.hpp
[42.219s] -- Symlinking: /home/timl/ros2_ws/install/turtlesim/include/turtlesim/turtlesim/srv/spawn.hpp
[42.227s] -- Symlinking: /home/timl/ros2_ws/install/turtlesim/include/turtlesim/turtlesim/srv/teleport_absolute.hpp
[42.236s] -- Symlinking: /home/timl/ros2_ws/install/turtlesim/include/turtlesim/turtlesim/srv/teleport_relative.hpp
[42.246s] -- Symlinking: /home/timl/ros2_ws/install/turtlesim/include/turtlesim/turtlesim/action/detail/rotate_absolute__rosidl_typesupport_fastrtps_cpp.hpp
[42.255s] -- Symlinking: /home/timl/ros2_ws/install/turtlesim/include/turtlesim/turtlesim/msg/detail/color__rosidl_typesupport_fastrtps_cpp.hpp
[42.264s] -- Symlinking: /home/timl/ros2_ws/install/turtlesim/include/turtlesim/turtlesim/msg/detail/pose__rosidl_typesupport_fastrtps_cpp.hpp
[42.274s] -- Symlinking: /home/timl/ros2_ws/install/turtlesim/include/turtlesim/turtlesim/msg/rosidl_typesupport_fastrtps_cpp__visibility_control.h
[42.282s] -- Symlinking: /home/timl/ros2_ws/install/turtlesim/include/turtlesim/turtlesim/srv/detail/kill__rosidl_typesupport_fastrtps_cpp.hpp
[42.291s] -- Symlinking: /home/timl/ros2_ws/install/turtlesim/include/turtlesim/turtlesim/srv/detail/set_pen__rosidl_typesupport_fastrtps_cpp.hpp
[42.301s] -- Symlinking: /home/timl/ros2_ws/install/turtlesim/include/turtlesim/turtlesim/srv/detail/spawn__rosidl_typesupport_fastrtps_cpp.hpp
[42.310s] -- Symlinking: /home/timl/ros2_ws/install/turtlesim/include/turtlesim/turtlesim/srv/detail/teleport_absolute__rosidl_typesupport_fastrtps_cpp.hpp
[42.319s] -- Symlinking: /home/timl/ros2_ws/install/turtlesim/include/turtlesim/turtlesim/srv/detail/teleport_relative__rosidl_typesupport_fastrtps_cpp.hpp
[42.328s] -- Symlinking: /home/timl/ros2_ws/install/turtlesim/include/turtlesim/turtlesim/action/detail/rotate_absolute__rosidl_typesupport_introspection_c.h
[42.337s] -- Symlinking: /home/timl/ros2_ws/install/turtlesim/include/turtlesim/turtlesim/msg/detail/color__rosidl_typesupport_introspection_c.h
[42.347s] -- Symlinking: /home/timl/ros2_ws/install/turtlesim/include/turtlesim/turtlesim/msg/detail/pose__rosidl_typesupport_introspection_c.h
[42.356s] -- Symlinking: /home/timl/ros2_ws/install/turtlesim/include/turtlesim/turtlesim/msg/rosidl_typesupport_introspection_c__visibility_control.h
[42.365s] -- Symlinking: /home/timl/ros2_ws/install/turtlesim/include/turtlesim/turtlesim/srv/detail/kill__rosidl_typesupport_introspection_c.h
[42.374s] -- Symlinking: /home/timl/ros2_ws/install/turtlesim/include/turtlesim/turtlesim/srv/detail/set_pen__rosidl_typesupport_introspection_c.h
[42.383s] -- Symlinking: /home/timl/ros2_ws/install/turtlesim/include/turtlesim/turtlesim/srv/detail/spawn__rosidl_typesupport_introspection_c.h
[42.391s] -- Symlinking: /home/timl/ros2_ws/install/turtlesim/include/turtlesim/turtlesim/srv/detail/teleport_absolute__rosidl_typesupport_introspection_c.h
[42.401s] -- Symlinking: /home/timl/ros2_ws/install/turtlesim/include/turtlesim/turtlesim/srv/detail/teleport_relative__rosidl_typesupport_introspection_c.h
[42.410s] -- Symlinking: /home/timl/ros2_ws/install/turtlesim/include/turtlesim/turtlesim/action/detail/rotate_absolute__rosidl_typesupport_introspection_cpp.hpp
[42.419s] -- Symlinking: /home/timl/ros2_ws/install/turtlesim/include/turtlesim/turtlesim/msg/detail/color__rosidl_typesupport_introspection_cpp.hpp
[42.428s] -- Symlinking: /home/timl/ros2_ws/install/turtlesim/include/turtlesim/turtlesim/msg/detail/pose__rosidl_typesupport_introspection_cpp.hpp
[42.436s] -- Symlinking: /home/timl/ros2_ws/install/turtlesim/include/turtlesim/turtlesim/srv/detail/kill__rosidl_typesupport_introspection_cpp.hpp
[42.446s] -- Symlinking: /home/timl/ros2_ws/install/turtlesim/include/turtlesim/turtlesim/srv/detail/set_pen__rosidl_typesupport_introspection_cpp.hpp
[42.455s] -- Symlinking: /home/timl/ros2_ws/install/turtlesim/include/turtlesim/turtlesim/srv/detail/spawn__rosidl_typesupport_introspection_cpp.hpp
[42.464s] -- Symlinking: /home/timl/ros2_ws/install/turtlesim/include/turtlesim/turtlesim/srv/detail/teleport_absolute__rosidl_typesupport_introspection_cpp.hpp
[42.472s] -- Symlinking: /home/timl/ros2_ws/install/turtlesim/include/turtlesim/turtlesim/srv/detail/teleport_relative__rosidl_typesupport_introspection_cpp.hpp
[42.481s] -- Symlinking: /home/timl/ros2_ws/install/turtlesim/share/turtlesim/environment/pythonpath.sh
[42.490s] -- Symlinking: /home/timl/ros2_ws/install/turtlesim/share/turtlesim/environment/pythonpath.dsv
[42.500s] -- Symlinking: /home/timl/ros2_ws/install/turtlesim/lib/python3.12/site-packages/turtlesim-1.8.3-py3.12.egg-info/PKG-INFO
[42.508s] -- Symlinking: /home/timl/ros2_ws/install/turtlesim/lib/python3.12/site-packages/turtlesim-1.8.3-py3.12.egg-info/SOURCES.txt
[42.519s] -- Symlinking: /home/timl/ros2_ws/install/turtlesim/lib/python3.12/site-packages/turtlesim-1.8.3-py3.12.egg-info/dependency_links.txt
[42.529s] -- Symlinking: /home/timl/ros2_ws/install/turtlesim/lib/python3.12/site-packages/turtlesim-1.8.3-py3.12.egg-info/top_level.txt
[42.540s] -- Symlinking: /home/timl/ros2_ws/install/turtlesim/lib/python3.12/site-packages/turtlesim/__init__.py
[42.550s] -- Symlinking: /home/timl/ros2_ws/install/turtlesim/lib/python3.12/site-packages/turtlesim/_turtlesim_s.ep.rosidl_typesupport_c.c
[42.559s] -- Symlinking: /home/timl/ros2_ws/install/turtlesim/lib/python3.12/site-packages/turtlesim/_turtlesim_s.ep.rosidl_typesupport_fastrtps_c.c
[42.567s] -- Symlinking: /home/timl/ros2_ws/install/turtlesim/lib/python3.12/site-packages/turtlesim/_turtlesim_s.ep.rosidl_typesupport_introspection_c.c
[42.576s] -- Symlinking: /home/timl/ros2_ws/install/turtlesim/lib/python3.12/site-packages/turtlesim/action/__init__.py
[42.585s] -- Symlinking: /home/timl/ros2_ws/install/turtlesim/lib/python3.12/site-packages/turtlesim/action/_rotate_absolute.py
[42.594s] -- Symlinking: /home/timl/ros2_ws/install/turtlesim/lib/python3.12/site-packages/turtlesim/action/_rotate_absolute_s.c
[42.604s] -- Symlinking: /home/timl/ros2_ws/install/turtlesim/lib/python3.12/site-packages/turtlesim/msg/__init__.py
[42.613s] -- Symlinking: /home/timl/ros2_ws/install/turtlesim/lib/python3.12/site-packages/turtlesim/msg/_color.py
[42.621s] -- Symlinking: /home/timl/ros2_ws/install/turtlesim/lib/python3.12/site-packages/turtlesim/msg/_color_s.c
[42.630s] -- Symlinking: /home/timl/ros2_ws/install/turtlesim/lib/python3.12/site-packages/turtlesim/msg/_pose.py
[42.639s] -- Symlinking: /home/timl/ros2_ws/install/turtlesim/lib/python3.12/site-packages/turtlesim/msg/_pose_s.c
[42.649s] -- Symlinking: /home/timl/ros2_ws/install/turtlesim/lib/python3.12/site-packages/turtlesim/srv/__init__.py
[42.662s] -- Symlinking: /home/timl/ros2_ws/install/turtlesim/lib/python3.12/site-packages/turtlesim/srv/_kill.py
[42.680s] -- Symlinking: /home/timl/ros2_ws/install/turtlesim/lib/python3.12/site-packages/turtlesim/srv/_kill_s.c
[42.705s] -- Symlinking: /home/timl/ros2_ws/install/turtlesim/lib/python3.12/site-packages/turtlesim/srv/_set_pen.py
[42.721s] -- Symlinking: /home/timl/ros2_ws/install/turtlesim/lib/python3.12/site-packages/turtlesim/srv/_set_pen_s.c
[42.731s] -- Symlinking: /home/timl/ros2_ws/install/turtlesim/lib/python3.12/site-packages/turtlesim/srv/_spawn.py
[42.740s] -- Symlinking: /home/timl/ros2_ws/install/turtlesim/lib/python3.12/site-packages/turtlesim/srv/_spawn_s.c
[42.750s] -- Symlinking: /home/timl/ros2_ws/install/turtlesim/lib/python3.12/site-packages/turtlesim/srv/_teleport_absolute.py
[42.759s] -- Symlinking: /home/timl/ros2_ws/install/turtlesim/lib/python3.12/site-packages/turtlesim/srv/_teleport_absolute_s.c
[42.771s] -- Symlinking: /home/timl/ros2_ws/install/turtlesim/lib/python3.12/site-packages/turtlesim/srv/_teleport_relative.py
[42.780s] -- Symlinking: /home/timl/ros2_ws/install/turtlesim/lib/python3.12/site-packages/turtlesim/srv/_teleport_relative_s.c
[42.790s] -- Symlinking: /home/timl/ros2_ws/install/turtlesim/lib/python3.12/site-packages/turtlesim/turtlesim_s__rosidl_typesupport_c.so
[42.800s] -- Symlinking: /home/timl/ros2_ws/install/turtlesim/lib/python3.12/site-packages/turtlesim/turtlesim_s__rosidl_typesupport_fastrtps_c.so
[42.810s] -- Symlinking: /home/timl/ros2_ws/install/turtlesim/lib/python3.12/site-packages/turtlesim/turtlesim_s__rosidl_typesupport_introspection_c.so
[42.820s] -- Up-to-date symlink: /home/timl/ros2_ws/install/turtlesim/lib/python3.12/site-packages/turtlesim/turtlesim_s__rosidl_typesupport_fastrtps_c.so
[42.820s] -- Up-to-date symlink: /home/timl/ros2_ws/install/turtlesim/lib/python3.12/site-packages/turtlesim/turtlesim_s__rosidl_typesupport_introspection_c.so
[42.820s] -- Up-to-date symlink: /home/timl/ros2_ws/install/turtlesim/lib/python3.12/site-packages/turtlesim/turtlesim_s__rosidl_typesupport_c.so
[42.820s] -- Symlinking: /home/timl/ros2_ws/install/turtlesim/share/turtlesim/action/RotateAbsolute.idl
[42.829s] -- Symlinking: /home/timl/ros2_ws/install/turtlesim/share/turtlesim/msg/Color.idl
[42.839s] -- Symlinking: /home/timl/ros2_ws/install/turtlesim/share/turtlesim/msg/Pose.idl
[42.848s] -- Symlinking: /home/timl/ros2_ws/install/turtlesim/share/turtlesim/srv/Kill.idl
[42.858s] -- Symlinking: /home/timl/ros2_ws/install/turtlesim/share/turtlesim/srv/SetPen.idl
[42.866s] -- Symlinking: /home/timl/ros2_ws/install/turtlesim/share/turtlesim/srv/Spawn.idl
[42.875s] -- Symlinking: /home/timl/ros2_ws/install/turtlesim/share/turtlesim/srv/TeleportAbsolute.idl
[42.884s] -- Symlinking: /home/timl/ros2_ws/install/turtlesim/share/turtlesim/srv/TeleportRelative.idl
[42.894s] -- Symlinking: /home/timl/ros2_ws/install/turtlesim/share/turtlesim/action/RotateAbsolute.action
[42.902s] -- Symlinking: /home/timl/ros2_ws/install/turtlesim/share/turtlesim/msg/Color.msg
[42.912s] -- Symlinking: /home/timl/ros2_ws/install/turtlesim/share/turtlesim/msg/Pose.msg
[42.920s] -- Symlinking: /home/timl/ros2_ws/install/turtlesim/share/turtlesim/srv/Kill.srv
[42.929s] -- Symlinking: /home/timl/ros2_ws/install/turtlesim/share/turtlesim/srv/SetPen.srv
[42.938s] -- Symlinking: /home/timl/ros2_ws/install/turtlesim/share/turtlesim/srv/Spawn.srv
[42.947s] -- Symlinking: /home/timl/ros2_ws/install/turtlesim/share/turtlesim/srv/TeleportAbsolute.srv
[42.956s] -- Symlinking: /home/timl/ros2_ws/install/turtlesim/share/turtlesim/srv/TeleportRelative.srv
[42.967s] -- Symlinking: /home/timl/ros2_ws/install/turtlesim/lib/turtlesim/turtlesim_node
[42.976s] -- Symlinking: /home/timl/ros2_ws/install/turtlesim/lib/turtlesim/turtle_teleop_key
[42.986s] -- Symlinking: /home/timl/ros2_ws/install/turtlesim/lib/turtlesim/draw_square
[42.998s] -- Symlinking: /home/timl/ros2_ws/install/turtlesim/lib/turtlesim/mimic
[43.007s] -- Symlinking: /home/timl/ros2_ws/install/turtlesim/share/turtlesim/launch/multisim.launch.py
[43.018s] -- Symlinking: /home/timl/ros2_ws/install/turtlesim/share/ament_index/resource_index/package_run_dependencies/turtlesim
[43.029s] -- Symlinking: /home/timl/ros2_ws/install/turtlesim/share/ament_index/resource_index/parent_prefix_path/turtlesim
[43.045s] -- Symlinking: /home/timl/ros2_ws/install/turtlesim/share/turtlesim/environment/ament_prefix_path.sh
[43.061s] -- Symlinking: /home/timl/ros2_ws/install/turtlesim/share/turtlesim/environment/ament_prefix_path.dsv
[43.076s] -- Symlinking: /home/timl/ros2_ws/install/turtlesim/share/turtlesim/environment/path.sh
[43.085s] -- Symlinking: /home/timl/ros2_ws/install/turtlesim/share/turtlesim/environment/path.dsv
[43.099s] -- Symlinking: /home/timl/ros2_ws/install/turtlesim/share/turtlesim/local_setup.bash
[43.113s] -- Symlinking: /home/timl/ros2_ws/install/turtlesim/share/turtlesim/local_setup.sh
[43.126s] -- Symlinking: /home/timl/ros2_ws/install/turtlesim/share/turtlesim/local_setup.zsh
[43.137s] -- Symlinking: /home/timl/ros2_ws/install/turtlesim/share/turtlesim/local_setup.dsv
[43.148s] -- Symlinking: /home/timl/ros2_ws/install/turtlesim/share/turtlesim/package.dsv
[43.158s] -- Symlinking: /home/timl/ros2_ws/install/turtlesim/share/ament_index/resource_index/packages/turtlesim
[43.168s] -- Symlinking: /home/timl/ros2_ws/install/turtlesim/share/turtlesim/cmake/rosidl_cmake-extras.cmake
[43.177s] -- Symlinking: /home/timl/ros2_ws/install/turtlesim/share/turtlesim/cmake/ament_cmake_export_dependencies-extras.cmake
[43.187s] -- Symlinking: /home/timl/ros2_ws/install/turtlesim/share/turtlesim/cmake/ament_cmake_export_include_directories-extras.cmake
[43.196s] -- Symlinking: /home/timl/ros2_ws/install/turtlesim/share/turtlesim/cmake/ament_cmake_export_libraries-extras.cmake
[43.205s] -- Symlinking: /home/timl/ros2_ws/install/turtlesim/share/turtlesim/cmake/ament_cmake_export_targets-extras.cmake
[43.215s] -- Symlinking: /home/timl/ros2_ws/install/turtlesim/share/turtlesim/cmake/rosidl_cmake_export_typesupport_targets-extras.cmake
[43.224s] -- Symlinking: /home/timl/ros2_ws/install/turtlesim/share/turtlesim/cmake/rosidl_cmake_export_typesupport_libraries-extras.cmake
[43.234s] -- Symlinking: /home/timl/ros2_ws/install/turtlesim/share/turtlesim/cmake/turtlesimConfig.cmake
[43.244s] -- Symlinking: /home/timl/ros2_ws/install/turtlesim/share/turtlesim/cmake/turtlesimConfig-version.cmake
[43.257s] -- Symlinking: /home/timl/ros2_ws/install/turtlesim/share/turtlesim/package.xml
[43.266s] -- Installing: /home/timl/ros2_ws/install/turtlesim/lib/libturtlesim__rosidl_generator_c.so
[43.268s] -- Set non-toolchain portion of runtime path of "/home/timl/ros2_ws/install/turtlesim/lib/libturtlesim__rosidl_generator_c.so" to ""
[43.268s] -- Installing: /home/timl/ros2_ws/install/turtlesim/lib/libturtlesim__rosidl_typesupport_fastrtps_c.so
[43.269s] -- Set non-toolchain portion of runtime path of "/home/timl/ros2_ws/install/turtlesim/lib/libturtlesim__rosidl_typesupport_fastrtps_c.so" to ""
[43.269s] -- Installing: /home/timl/ros2_ws/install/turtlesim/lib/libturtlesim__rosidl_typesupport_fastrtps_cpp.so
[43.270s] -- Set non-toolchain portion of runtime path of "/home/timl/ros2_ws/install/turtlesim/lib/libturtlesim__rosidl_typesupport_fastrtps_cpp.so" to ""
[43.270s] -- Installing: /home/timl/ros2_ws/install/turtlesim/lib/libturtlesim__rosidl_typesupport_introspection_c.so
[43.271s] -- Set non-toolchain portion of runtime path of "/home/timl/ros2_ws/install/turtlesim/lib/libturtlesim__rosidl_typesupport_introspection_c.so" to ""
[43.271s] -- Installing: /home/timl/ros2_ws/install/turtlesim/lib/libturtlesim__rosidl_typesupport_c.so
[43.271s] -- Set non-toolchain portion of runtime path of "/home/timl/ros2_ws/install/turtlesim/lib/libturtlesim__rosidl_typesupport_c.so" to ""
[43.271s] -- Installing: /home/timl/ros2_ws/install/turtlesim/lib/libturtlesim__rosidl_typesupport_introspection_cpp.so
[43.273s] -- Set non-toolchain portion of runtime path of "/home/timl/ros2_ws/install/turtlesim/lib/libturtlesim__rosidl_typesupport_introspection_cpp.so" to ""
[43.273s] -- Installing: /home/timl/ros2_ws/install/turtlesim/lib/libturtlesim__rosidl_typesupport_cpp.so
[43.274s] -- Set non-toolchain portion of runtime path of "/home/timl/ros2_ws/install/turtlesim/lib/libturtlesim__rosidl_typesupport_cpp.so" to ""
[43.364s] Listing '/home/timl/ros2_ws/install/turtlesim/lib/python3.12/site-packages/turtlesim'...
[43.364s] Compiling '/home/timl/ros2_ws/install/turtlesim/lib/python3.12/site-packages/turtlesim/__init__.py'...
[43.364s] Listing '/home/timl/ros2_ws/install/turtlesim/lib/python3.12/site-packages/turtlesim/action'...
[43.364s] Compiling '/home/timl/ros2_ws/install/turtlesim/lib/python3.12/site-packages/turtlesim/action/__init__.py'...
[43.364s] Compiling '/home/timl/ros2_ws/install/turtlesim/lib/python3.12/site-packages/turtlesim/action/_rotate_absolute.py'...
[43.364s] Listing '/home/timl/ros2_ws/install/turtlesim/lib/python3.12/site-packages/turtlesim/msg'...
[43.364s] Compiling '/home/timl/ros2_ws/install/turtlesim/lib/python3.12/site-packages/turtlesim/msg/__init__.py'...
[43.364s] Compiling '/home/timl/ros2_ws/install/turtlesim/lib/python3.12/site-packages/turtlesim/msg/_color.py'...
[43.364s] Compiling '/home/timl/ros2_ws/install/turtlesim/lib/python3.12/site-packages/turtlesim/msg/_pose.py'...
[43.365s] Listing '/home/timl/ros2_ws/install/turtlesim/lib/python3.12/site-packages/turtlesim/srv'...
[43.365s] Compiling '/home/timl/ros2_ws/install/turtlesim/lib/python3.12/site-packages/turtlesim/srv/__init__.py'...
[43.365s] Compiling '/home/timl/ros2_ws/install/turtlesim/lib/python3.12/site-packages/turtlesim/srv/_kill.py'...
[43.365s] Compiling '/home/timl/ros2_ws/install/turtlesim/lib/python3.12/site-packages/turtlesim/srv/_set_pen.py'...
[43.365s] Compiling '/home/timl/ros2_ws/install/turtlesim/lib/python3.12/site-packages/turtlesim/srv/_spawn.py'...
[43.365s] Compiling '/home/timl/ros2_ws/install/turtlesim/lib/python3.12/site-packages/turtlesim/srv/_teleport_absolute.py'...
[43.365s] Compiling '/home/timl/ros2_ws/install/turtlesim/lib/python3.12/site-packages/turtlesim/srv/_teleport_relative.py'...
[43.370s] -- Installing: /home/timl/ros2_ws/install/turtlesim/lib/libturtlesim__rosidl_generator_py.so
[43.371s] -- Set non-toolchain portion of runtime path of "/home/timl/ros2_ws/install/turtlesim/lib/libturtlesim__rosidl_generator_py.so" to ""
[43.371s] -- Installing: /home/timl/ros2_ws/install/turtlesim/share/turtlesim/images
[43.371s] -- Installing: /home/timl/ros2_ws/install/turtlesim/share/turtlesim/images/rolling.png
[43.371s] -- Installing: /home/timl/ros2_ws/install/turtlesim/share/turtlesim/images/crystal.png
[43.372s] -- Installing: /home/timl/ros2_ws/install/turtlesim/share/turtlesim/images/humble.png
[43.372s] -- Installing: /home/timl/ros2_ws/install/turtlesim/share/turtlesim/images/bouncy.png
[43.372s] -- Installing: /home/timl/ros2_ws/install/turtlesim/share/turtlesim/images/dashing.png
[43.372s] -- Installing: /home/timl/ros2_ws/install/turtlesim/share/turtlesim/images/ardent.png
[43.373s] -- Installing: /home/timl/ros2_ws/install/turtlesim/share/turtlesim/images/eloquent.png
[43.373s] -- Installing: /home/timl/ros2_ws/install/turtlesim/share/turtlesim/images/jazzy.png
[43.373s] -- Installing: /home/timl/ros2_ws/install/turtlesim/share/turtlesim/images/galactic.png
[43.373s] -- Installing: /home/timl/ros2_ws/install/turtlesim/share/turtlesim/images/iron.png
[43.373s] -- Installing: /home/timl/ros2_ws/install/turtlesim/share/turtlesim/images/foxy.png
[43.373s] -- Installing: /home/timl/ros2_ws/install/turtlesim/share/turtlesim/cmake/export_turtlesim__rosidl_generator_cExport.cmake
[43.374s] -- Installing: /home/timl/ros2_ws/install/turtlesim/share/turtlesim/cmake/export_turtlesim__rosidl_generator_cExport-noconfig.cmake
[43.374s] -- Installing: /home/timl/ros2_ws/install/turtlesim/share/turtlesim/cmake/export_turtlesim__rosidl_typesupport_fastrtps_cExport.cmake
[43.374s] -- Installing: /home/timl/ros2_ws/install/turtlesim/share/turtlesim/cmake/export_turtlesim__rosidl_typesupport_fastrtps_cExport-noconfig.cmake
[43.374s] -- Installing: /home/timl/ros2_ws/install/turtlesim/share/turtlesim/cmake/export_turtlesim__rosidl_generator_cppExport.cmake
[43.374s] -- Installing: /home/timl/ros2_ws/install/turtlesim/share/turtlesim/cmake/export_turtlesim__rosidl_typesupport_fastrtps_cppExport.cmake
[43.375s] -- Installing: /home/timl/ros2_ws/install/turtlesim/share/turtlesim/cmake/export_turtlesim__rosidl_typesupport_fastrtps_cppExport-noconfig.cmake
[43.375s] -- Installing: /home/timl/ros2_ws/install/turtlesim/share/turtlesim/cmake/turtlesim__rosidl_typesupport_introspection_cExport.cmake
[43.375s] -- Installing: /home/timl/ros2_ws/install/turtlesim/share/turtlesim/cmake/turtlesim__rosidl_typesupport_introspection_cExport-noconfig.cmake
[43.375s] -- Installing: /home/timl/ros2_ws/install/turtlesim/share/turtlesim/cmake/turtlesim__rosidl_typesupport_cExport.cmake
[43.375s] -- Installing: /home/timl/ros2_ws/install/turtlesim/share/turtlesim/cmake/turtlesim__rosidl_typesupport_cExport-noconfig.cmake
[43.376s] -- Installing: /home/timl/ros2_ws/install/turtlesim/share/turtlesim/cmake/turtlesim__rosidl_typesupport_introspection_cppExport.cmake
[43.376s] -- Installing: /home/timl/ros2_ws/install/turtlesim/share/turtlesim/cmake/turtlesim__rosidl_typesupport_introspection_cppExport-noconfig.cmake
[43.376s] -- Installing: /home/timl/ros2_ws/install/turtlesim/share/turtlesim/cmake/turtlesim__rosidl_typesupport_cppExport.cmake
[43.376s] -- Installing: /home/timl/ros2_ws/install/turtlesim/share/turtlesim/cmake/turtlesim__rosidl_typesupport_cppExport-noconfig.cmake
[43.377s] -- Installing: /home/timl/ros2_ws/install/turtlesim/share/turtlesim/cmake/export_turtlesim__rosidl_generator_pyExport.cmake
[43.377s] -- Installing: /home/timl/ros2_ws/install/turtlesim/share/turtlesim/cmake/export_turtlesim__rosidl_generator_pyExport-noconfig.cmake
[43.380s] Invoked command in '/home/timl/ros2_ws/build/turtlesim' returned '0': CMAKE_PREFIX_PATH=${CMAKE_PREFIX_PATH}:/opt/ros/jazzy /usr/bin/cmake --install /home/timl/ros2_ws/build/turtlesim
