[0.046s] Invoking command in '/home/timl/ros2_ws/build/cpp_parameters': CMAKE_PREFIX_PATH=${CMAKE_PREFIX_PATH}:/home/timl/ros2_ws/install/py_pubsub:/opt/ros/jazzy /usr/bin/cmake --build /home/timl/ros2_ws/build/cpp_parameters -- -j6 -l6
[0.311s] [100%] Built target minimal_param_node
[0.454s] Invoked command in '/home/timl/ros2_ws/build/cpp_parameters' returned '0': CMAKE_PREFIX_PATH=${CMAKE_PREFIX_PATH}:/home/timl/ros2_ws/install/py_pubsub:/opt/ros/jazzy /usr/bin/cmake --build /home/timl/ros2_ws/build/cpp_parameters -- -j6 -l6
[0.463s] Invoking command in '/home/timl/ros2_ws/build/cpp_parameters': CMAKE_PREFIX_PATH=${CMAKE_PREFIX_PATH}:/home/timl/ros2_ws/install/py_pubsub:/opt/ros/jazzy /usr/bin/cmake --install /home/timl/ros2_ws/build/cpp_parameters
[0.514s] -- Install configuration: ""
[0.519s] -- Up-to-date: /home/timl/ros2_ws/install/cpp_parameters/lib/cpp_parameters/minimal_param_node
[0.519s] -- Up-to-date: /home/timl/ros2_ws/install/cpp_parameters/share/cpp_parameters/launch
[0.520s] -- Up-to-date: /home/timl/ros2_ws/install/cpp_parameters/share/cpp_parameters/launch/cpp_parameters_launch.py
[0.520s] -- Up-to-date: /home/timl/ros2_ws/install/cpp_parameters/share/ament_index/resource_index/package_run_dependencies/cpp_parameters
[0.520s] -- Up-to-date: /home/timl/ros2_ws/install/cpp_parameters/share/ament_index/resource_index/parent_prefix_path/cpp_parameters
[0.520s] -- Up-to-date: /home/timl/ros2_ws/install/cpp_parameters/share/cpp_parameters/environment/ament_prefix_path.sh
[0.520s] -- Up-to-date: /home/timl/ros2_ws/install/cpp_parameters/share/cpp_parameters/environment/ament_prefix_path.dsv
[0.521s] -- Up-to-date: /home/timl/ros2_ws/install/cpp_parameters/share/cpp_parameters/environment/path.sh
[0.521s] -- Up-to-date: /home/timl/ros2_ws/install/cpp_parameters/share/cpp_parameters/environment/path.dsv
[0.522s] -- Up-to-date: /home/timl/ros2_ws/install/cpp_parameters/share/cpp_parameters/local_setup.bash
[0.522s] -- Up-to-date: /home/timl/ros2_ws/install/cpp_parameters/share/cpp_parameters/local_setup.sh
[0.522s] -- Up-to-date: /home/timl/ros2_ws/install/cpp_parameters/share/cpp_parameters/local_setup.zsh
[0.522s] -- Up-to-date: /home/timl/ros2_ws/install/cpp_parameters/share/cpp_parameters/local_setup.dsv
[0.523s] -- Installing: /home/timl/ros2_ws/install/cpp_parameters/share/cpp_parameters/package.dsv
[0.526s] -- Up-to-date: /home/timl/ros2_ws/install/cpp_parameters/share/ament_index/resource_index/packages/cpp_parameters
[0.526s] -- Up-to-date: /home/timl/ros2_ws/install/cpp_parameters/share/cpp_parameters/cmake/cpp_parametersConfig.cmake
[0.526s] -- Up-to-date: /home/timl/ros2_ws/install/cpp_parameters/share/cpp_parameters/cmake/cpp_parametersConfig-version.cmake
[0.526s] -- Up-to-date: /home/timl/ros2_ws/install/cpp_parameters/share/cpp_parameters/package.xml
[0.529s] Invoked command in '/home/timl/ros2_ws/build/cpp_parameters' returned '0': CMAKE_PREFIX_PATH=${CMAKE_PREFIX_PATH}:/home/timl/ros2_ws/install/py_pubsub:/opt/ros/jazzy /usr/bin/cmake --install /home/timl/ros2_ws/build/cpp_parameters
