[0.041s] Invoking command in '/home/timl/ros2_ws/src/build/custom_action_interfaces': CMAKE_PREFIX_PATH=${CMAKE_PREFIX_PATH}:/home/timl/ros2_ws/install/py_pubsub:/opt/ros/jazzy /usr/bin/cmake --build /home/timl/ros2_ws/src/build/custom_action_interfaces -- -j6 -l6
[0.111s] [  2%] Built target custom_action_interfaces__rosidl_generator_type_description
[0.122s] [  2%] Built target ament_cmake_python_copy_custom_action_interfaces
[0.138s] [ 17%] Built target custom_action_interfaces__rosidl_generator_c
[0.174s] [ 20%] Built target custom_action_interfaces__cpp
[0.200s] [ 29%] Built target custom_action_interfaces__rosidl_typesupport_fastrtps_c
[0.216s] [ 38%] Built target custom_action_interfaces__rosidl_typesupport_introspection_c
[0.243s] [ 47%] Built target custom_action_interfaces__rosidl_typesupport_fastrtps_cpp
[0.246s] [ 55%] Built target custom_action_interfaces__rosidl_typesupport_c
[0.253s] [ 64%] Built target custom_action_interfaces__rosidl_typesupport_introspection_cpp
[0.310s] [ 73%] Built target custom_action_interfaces__rosidl_typesupport_cpp
[0.353s] [ 73%] Built target custom_action_interfaces
[0.425s] [ 76%] Built target custom_action_interfaces__py
[0.462s] [ 82%] Built target custom_action_interfaces__rosidl_generator_py
[0.546s] running egg_info
[0.554s] [ 88%] Built target custom_action_interfaces_s__rosidl_typesupport_c
[0.555s] [ 94%] Built target custom_action_interfaces_s__rosidl_typesupport_fastrtps_c
[0.573s] [100%] Built target custom_action_interfaces_s__rosidl_typesupport_introspection_c
[0.579s] writing custom_action_interfaces.egg-info/PKG-INFO
[0.581s] writing dependency_links to custom_action_interfaces.egg-info/dependency_links.txt
[0.582s] writing top-level names to custom_action_interfaces.egg-info/top_level.txt
[0.723s] reading manifest file 'custom_action_interfaces.egg-info/SOURCES.txt'
[0.723s] writing manifest file 'custom_action_interfaces.egg-info/SOURCES.txt'
[0.785s] [100%] Built target ament_cmake_python_build_custom_action_interfaces_egg
[0.797s] Invoked command in '/home/timl/ros2_ws/src/build/custom_action_interfaces' returned '0': CMAKE_PREFIX_PATH=${CMAKE_PREFIX_PATH}:/home/timl/ros2_ws/install/py_pubsub:/opt/ros/jazzy /usr/bin/cmake --build /home/timl/ros2_ws/src/build/custom_action_interfaces -- -j6 -l6
[0.797s] Invoking command in '/home/timl/ros2_ws/src/build/custom_action_interfaces': CMAKE_PREFIX_PATH=${CMAKE_PREFIX_PATH}:/home/timl/ros2_ws/install/py_pubsub:/opt/ros/jazzy /usr/bin/cmake --install /home/timl/ros2_ws/src/build/custom_action_interfaces
[0.807s] -- Install configuration: ""
[0.807s] -- Up-to-date: /home/timl/ros2_ws/src/install/custom_action_interfaces/share/ament_index/resource_index/rosidl_interfaces/custom_action_interfaces
[0.807s] -- Up-to-date: /home/timl/ros2_ws/src/install/custom_action_interfaces/share/custom_action_interfaces/action/Fibonacci.json
[0.808s] -- Up-to-date: /home/timl/ros2_ws/src/install/custom_action_interfaces/include/custom_action_interfaces/custom_action_interfaces
[0.808s] -- Up-to-date: /home/timl/ros2_ws/src/install/custom_action_interfaces/include/custom_action_interfaces/custom_action_interfaces/action
[0.808s] -- Up-to-date: /home/timl/ros2_ws/src/install/custom_action_interfaces/include/custom_action_interfaces/custom_action_interfaces/action/detail
[0.808s] -- Installing: /home/timl/ros2_ws/src/install/custom_action_interfaces/include/custom_action_interfaces/custom_action_interfaces/action/detail/fibonacci__type_support.c
[0.808s] -- Up-to-date: /home/timl/ros2_ws/src/install/custom_action_interfaces/include/custom_action_interfaces/custom_action_interfaces/action/detail/fibonacci__struct.h
[0.809s] -- Up-to-date: /home/timl/ros2_ws/src/install/custom_action_interfaces/include/custom_action_interfaces/custom_action_interfaces/action/detail/fibonacci__description.c
[0.809s] -- Up-to-date: /home/timl/ros2_ws/src/install/custom_action_interfaces/include/custom_action_interfaces/custom_action_interfaces/action/detail/fibonacci__functions.c
[0.809s] -- Up-to-date: /home/timl/ros2_ws/src/install/custom_action_interfaces/include/custom_action_interfaces/custom_action_interfaces/action/detail/fibonacci__functions.h
[0.809s] -- Up-to-date: /home/timl/ros2_ws/src/install/custom_action_interfaces/include/custom_action_interfaces/custom_action_interfaces/action/detail/fibonacci__type_support.h
[0.809s] -- Up-to-date: /home/timl/ros2_ws/src/install/custom_action_interfaces/include/custom_action_interfaces/custom_action_interfaces/action/fibonacci.h
[0.809s] -- Up-to-date: /home/timl/ros2_ws/src/install/custom_action_interfaces/include/custom_action_interfaces/custom_action_interfaces/msg
[0.809s] -- Up-to-date: /home/timl/ros2_ws/src/install/custom_action_interfaces/include/custom_action_interfaces/custom_action_interfaces/msg/rosidl_generator_c__visibility_control.h
[0.809s] -- Up-to-date: /home/timl/ros2_ws/src/install/custom_action_interfaces/share/custom_action_interfaces/environment/library_path.sh
[0.809s] -- Up-to-date: /home/timl/ros2_ws/src/install/custom_action_interfaces/share/custom_action_interfaces/environment/library_path.dsv
[0.809s] -- Up-to-date: /home/timl/ros2_ws/src/install/custom_action_interfaces/lib/libcustom_action_interfaces__rosidl_generator_c.so
[0.809s] -- Up-to-date: /home/timl/ros2_ws/src/install/custom_action_interfaces/include/custom_action_interfaces/custom_action_interfaces
[0.809s] -- Up-to-date: /home/timl/ros2_ws/src/install/custom_action_interfaces/include/custom_action_interfaces/custom_action_interfaces/action
[0.809s] -- Up-to-date: /home/timl/ros2_ws/src/install/custom_action_interfaces/include/custom_action_interfaces/custom_action_interfaces/action/detail
[0.810s] -- Up-to-date: /home/timl/ros2_ws/src/install/custom_action_interfaces/include/custom_action_interfaces/custom_action_interfaces/action/detail/fibonacci__rosidl_typesupport_fastrtps_c.h
[0.810s] -- Up-to-date: /home/timl/ros2_ws/src/install/custom_action_interfaces/include/custom_action_interfaces/custom_action_interfaces/msg
[0.810s] -- Up-to-date: /home/timl/ros2_ws/src/install/custom_action_interfaces/include/custom_action_interfaces/custom_action_interfaces/msg/rosidl_typesupport_fastrtps_c__visibility_control.h
[0.810s] -- Up-to-date: /home/timl/ros2_ws/src/install/custom_action_interfaces/lib/libcustom_action_interfaces__rosidl_typesupport_fastrtps_c.so
[0.810s] -- Up-to-date: /home/timl/ros2_ws/src/install/custom_action_interfaces/include/custom_action_interfaces/custom_action_interfaces
[0.810s] -- Up-to-date: /home/timl/ros2_ws/src/install/custom_action_interfaces/include/custom_action_interfaces/custom_action_interfaces/action
[0.810s] -- Up-to-date: /home/timl/ros2_ws/src/install/custom_action_interfaces/include/custom_action_interfaces/custom_action_interfaces/action/detail
[0.810s] -- Installing: /home/timl/ros2_ws/src/install/custom_action_interfaces/include/custom_action_interfaces/custom_action_interfaces/action/detail/fibonacci__type_support.c
[0.810s] -- Up-to-date: /home/timl/ros2_ws/src/install/custom_action_interfaces/include/custom_action_interfaces/custom_action_interfaces/action/detail/fibonacci__rosidl_typesupport_introspection_c.h
[0.811s] -- Up-to-date: /home/timl/ros2_ws/src/install/custom_action_interfaces/include/custom_action_interfaces/custom_action_interfaces/msg
[0.811s] -- Up-to-date: /home/timl/ros2_ws/src/install/custom_action_interfaces/include/custom_action_interfaces/custom_action_interfaces/msg/rosidl_typesupport_introspection_c__visibility_control.h
[0.811s] -- Up-to-date: /home/timl/ros2_ws/src/install/custom_action_interfaces/lib/libcustom_action_interfaces__rosidl_typesupport_introspection_c.so
[0.811s] -- Up-to-date: /home/timl/ros2_ws/src/install/custom_action_interfaces/lib/libcustom_action_interfaces__rosidl_typesupport_c.so
[0.811s] -- Up-to-date: /home/timl/ros2_ws/src/install/custom_action_interfaces/include/custom_action_interfaces/custom_action_interfaces
[0.811s] -- Up-to-date: /home/timl/ros2_ws/src/install/custom_action_interfaces/include/custom_action_interfaces/custom_action_interfaces/action
[0.811s] -- Up-to-date: /home/timl/ros2_ws/src/install/custom_action_interfaces/include/custom_action_interfaces/custom_action_interfaces/action/detail
[0.811s] -- Up-to-date: /home/timl/ros2_ws/src/install/custom_action_interfaces/include/custom_action_interfaces/custom_action_interfaces/action/detail/fibonacci__struct.hpp
[0.811s] -- Up-to-date: /home/timl/ros2_ws/src/install/custom_action_interfaces/include/custom_action_interfaces/custom_action_interfaces/action/detail/fibonacci__traits.hpp
[0.811s] -- Up-to-date: /home/timl/ros2_ws/src/install/custom_action_interfaces/include/custom_action_interfaces/custom_action_interfaces/action/detail/fibonacci__builder.hpp
[0.812s] -- Up-to-date: /home/timl/ros2_ws/src/install/custom_action_interfaces/include/custom_action_interfaces/custom_action_interfaces/action/detail/fibonacci__type_support.hpp
[0.812s] -- Up-to-date: /home/timl/ros2_ws/src/install/custom_action_interfaces/include/custom_action_interfaces/custom_action_interfaces/action/fibonacci.hpp
[0.812s] -- Up-to-date: /home/timl/ros2_ws/src/install/custom_action_interfaces/include/custom_action_interfaces/custom_action_interfaces/msg
[0.812s] -- Up-to-date: /home/timl/ros2_ws/src/install/custom_action_interfaces/include/custom_action_interfaces/custom_action_interfaces/msg/rosidl_generator_cpp__visibility_control.hpp
[0.812s] -- Up-to-date: /home/timl/ros2_ws/src/install/custom_action_interfaces/include/custom_action_interfaces/custom_action_interfaces
[0.812s] -- Up-to-date: /home/timl/ros2_ws/src/install/custom_action_interfaces/include/custom_action_interfaces/custom_action_interfaces/action
[0.812s] -- Up-to-date: /home/timl/ros2_ws/src/install/custom_action_interfaces/include/custom_action_interfaces/custom_action_interfaces/action/detail
[0.812s] -- Up-to-date: /home/timl/ros2_ws/src/install/custom_action_interfaces/include/custom_action_interfaces/custom_action_interfaces/action/detail/fibonacci__rosidl_typesupport_fastrtps_cpp.hpp
[0.813s] -- Up-to-date: /home/timl/ros2_ws/src/install/custom_action_interfaces/include/custom_action_interfaces/custom_action_interfaces/action/detail/dds_fastrtps
[0.813s] -- Up-to-date: /home/timl/ros2_ws/src/install/custom_action_interfaces/include/custom_action_interfaces/custom_action_interfaces/msg
[0.813s] -- Up-to-date: /home/timl/ros2_ws/src/install/custom_action_interfaces/include/custom_action_interfaces/custom_action_interfaces/msg/rosidl_typesupport_fastrtps_cpp__visibility_control.h
[0.813s] -- Up-to-date: /home/timl/ros2_ws/src/install/custom_action_interfaces/lib/libcustom_action_interfaces__rosidl_typesupport_fastrtps_cpp.so
[0.813s] -- Up-to-date: /home/timl/ros2_ws/src/install/custom_action_interfaces/include/custom_action_interfaces/custom_action_interfaces
[0.813s] -- Up-to-date: /home/timl/ros2_ws/src/install/custom_action_interfaces/include/custom_action_interfaces/custom_action_interfaces/action
[0.813s] -- Up-to-date: /home/timl/ros2_ws/src/install/custom_action_interfaces/include/custom_action_interfaces/custom_action_interfaces/action/detail
[0.813s] -- Up-to-date: /home/timl/ros2_ws/src/install/custom_action_interfaces/include/custom_action_interfaces/custom_action_interfaces/action/detail/fibonacci__rosidl_typesupport_introspection_cpp.hpp
[0.813s] -- Up-to-date: /home/timl/ros2_ws/src/install/custom_action_interfaces/include/custom_action_interfaces/custom_action_interfaces/action/detail/fibonacci__type_support.cpp
[0.813s] -- Up-to-date: /home/timl/ros2_ws/src/install/custom_action_interfaces/lib/libcustom_action_interfaces__rosidl_typesupport_introspection_cpp.so
[0.813s] -- Up-to-date: /home/timl/ros2_ws/src/install/custom_action_interfaces/lib/libcustom_action_interfaces__rosidl_typesupport_cpp.so
[0.813s] -- Up-to-date: /home/timl/ros2_ws/src/install/custom_action_interfaces/share/custom_action_interfaces/environment/pythonpath.sh
[0.813s] -- Up-to-date: /home/timl/ros2_ws/src/install/custom_action_interfaces/share/custom_action_interfaces/environment/pythonpath.dsv
[0.813s] -- Up-to-date: /home/timl/ros2_ws/src/install/custom_action_interfaces/lib/python3.12/site-packages/custom_action_interfaces-0.0.0-py3.12.egg-info
[0.814s] -- Installing: /home/timl/ros2_ws/src/install/custom_action_interfaces/lib/python3.12/site-packages/custom_action_interfaces-0.0.0-py3.12.egg-info/top_level.txt
[0.814s] -- Installing: /home/timl/ros2_ws/src/install/custom_action_interfaces/lib/python3.12/site-packages/custom_action_interfaces-0.0.0-py3.12.egg-info/PKG-INFO
[0.814s] -- Installing: /home/timl/ros2_ws/src/install/custom_action_interfaces/lib/python3.12/site-packages/custom_action_interfaces-0.0.0-py3.12.egg-info/SOURCES.txt
[0.814s] -- Installing: /home/timl/ros2_ws/src/install/custom_action_interfaces/lib/python3.12/site-packages/custom_action_interfaces-0.0.0-py3.12.egg-info/dependency_links.txt
[0.814s] -- Up-to-date: /home/timl/ros2_ws/src/install/custom_action_interfaces/lib/python3.12/site-packages/custom_action_interfaces
[0.814s] -- Up-to-date: /home/timl/ros2_ws/src/install/custom_action_interfaces/lib/python3.12/site-packages/custom_action_interfaces/custom_action_interfaces_s__rosidl_typesupport_c.so
[0.814s] -- Up-to-date: /home/timl/ros2_ws/src/install/custom_action_interfaces/lib/python3.12/site-packages/custom_action_interfaces/action
[0.814s] -- Up-to-date: /home/timl/ros2_ws/src/install/custom_action_interfaces/lib/python3.12/site-packages/custom_action_interfaces/action/_fibonacci_s.c
[0.814s] -- Up-to-date: /home/timl/ros2_ws/src/install/custom_action_interfaces/lib/python3.12/site-packages/custom_action_interfaces/action/_fibonacci.py
[0.814s] -- Up-to-date: /home/timl/ros2_ws/src/install/custom_action_interfaces/lib/python3.12/site-packages/custom_action_interfaces/action/__init__.py
[0.814s] -- Up-to-date: /home/timl/ros2_ws/src/install/custom_action_interfaces/lib/python3.12/site-packages/custom_action_interfaces/_custom_action_interfaces_s.ep.rosidl_typesupport_introspection_c.c
[0.814s] -- Up-to-date: /home/timl/ros2_ws/src/install/custom_action_interfaces/lib/python3.12/site-packages/custom_action_interfaces/custom_action_interfaces_s__rosidl_typesupport_fastrtps_c.so
[0.814s] -- Up-to-date: /home/timl/ros2_ws/src/install/custom_action_interfaces/lib/python3.12/site-packages/custom_action_interfaces/_custom_action_interfaces_s.ep.rosidl_typesupport_fastrtps_c.c
[0.815s] -- Up-to-date: /home/timl/ros2_ws/src/install/custom_action_interfaces/lib/python3.12/site-packages/custom_action_interfaces/_custom_action_interfaces_s.ep.rosidl_typesupport_c.c
[0.815s] -- Up-to-date: /home/timl/ros2_ws/src/install/custom_action_interfaces/lib/python3.12/site-packages/custom_action_interfaces/__init__.py
[0.815s] -- Up-to-date: /home/timl/ros2_ws/src/install/custom_action_interfaces/lib/python3.12/site-packages/custom_action_interfaces/custom_action_interfaces_s__rosidl_typesupport_introspection_c.so
[0.873s] Listing '/home/timl/ros2_ws/src/install/custom_action_interfaces/lib/python3.12/site-packages/custom_action_interfaces'...
[0.873s] Listing '/home/timl/ros2_ws/src/install/custom_action_interfaces/lib/python3.12/site-packages/custom_action_interfaces/action'...
[0.888s] -- Up-to-date: /home/timl/ros2_ws/src/install/custom_action_interfaces/lib/python3.12/site-packages/custom_action_interfaces/custom_action_interfaces_s__rosidl_typesupport_fastrtps_c.so
[0.888s] -- Up-to-date: /home/timl/ros2_ws/src/install/custom_action_interfaces/lib/python3.12/site-packages/custom_action_interfaces/custom_action_interfaces_s__rosidl_typesupport_introspection_c.so
[0.888s] -- Up-to-date: /home/timl/ros2_ws/src/install/custom_action_interfaces/lib/python3.12/site-packages/custom_action_interfaces/custom_action_interfaces_s__rosidl_typesupport_c.so
[0.888s] -- Up-to-date: /home/timl/ros2_ws/src/install/custom_action_interfaces/lib/libcustom_action_interfaces__rosidl_generator_py.so
[0.888s] -- Up-to-date: /home/timl/ros2_ws/src/install/custom_action_interfaces/share/custom_action_interfaces/action/Fibonacci.idl
[0.889s] -- Up-to-date: /home/timl/ros2_ws/src/install/custom_action_interfaces/share/custom_action_interfaces/action/Fibonacci.action
[0.889s] -- Up-to-date: /home/timl/ros2_ws/src/install/custom_action_interfaces/share/ament_index/resource_index/package_run_dependencies/custom_action_interfaces
[0.889s] -- Up-to-date: /home/timl/ros2_ws/src/install/custom_action_interfaces/share/ament_index/resource_index/parent_prefix_path/custom_action_interfaces
[0.889s] -- Up-to-date: /home/timl/ros2_ws/src/install/custom_action_interfaces/share/custom_action_interfaces/environment/ament_prefix_path.sh
[0.889s] -- Up-to-date: /home/timl/ros2_ws/src/install/custom_action_interfaces/share/custom_action_interfaces/environment/ament_prefix_path.dsv
[0.889s] -- Up-to-date: /home/timl/ros2_ws/src/install/custom_action_interfaces/share/custom_action_interfaces/environment/path.sh
[0.889s] -- Up-to-date: /home/timl/ros2_ws/src/install/custom_action_interfaces/share/custom_action_interfaces/environment/path.dsv
[0.889s] -- Up-to-date: /home/timl/ros2_ws/src/install/custom_action_interfaces/share/custom_action_interfaces/local_setup.bash
[0.889s] -- Up-to-date: /home/timl/ros2_ws/src/install/custom_action_interfaces/share/custom_action_interfaces/local_setup.sh
[0.889s] -- Up-to-date: /home/timl/ros2_ws/src/install/custom_action_interfaces/share/custom_action_interfaces/local_setup.zsh
[0.889s] -- Up-to-date: /home/timl/ros2_ws/src/install/custom_action_interfaces/share/custom_action_interfaces/local_setup.dsv
[0.889s] -- Installing: /home/timl/ros2_ws/src/install/custom_action_interfaces/share/custom_action_interfaces/package.dsv
[0.889s] -- Up-to-date: /home/timl/ros2_ws/src/install/custom_action_interfaces/share/ament_index/resource_index/packages/custom_action_interfaces
[0.890s] -- Up-to-date: /home/timl/ros2_ws/src/install/custom_action_interfaces/share/custom_action_interfaces/cmake/export_custom_action_interfaces__rosidl_generator_cExport.cmake
[0.890s] -- Up-to-date: /home/timl/ros2_ws/src/install/custom_action_interfaces/share/custom_action_interfaces/cmake/export_custom_action_interfaces__rosidl_generator_cExport-noconfig.cmake
[0.890s] -- Up-to-date: /home/timl/ros2_ws/src/install/custom_action_interfaces/share/custom_action_interfaces/cmake/export_custom_action_interfaces__rosidl_typesupport_fastrtps_cExport.cmake
[0.890s] -- Up-to-date: /home/timl/ros2_ws/src/install/custom_action_interfaces/share/custom_action_interfaces/cmake/export_custom_action_interfaces__rosidl_typesupport_fastrtps_cExport-noconfig.cmake
[0.890s] -- Up-to-date: /home/timl/ros2_ws/src/install/custom_action_interfaces/share/custom_action_interfaces/cmake/custom_action_interfaces__rosidl_typesupport_introspection_cExport.cmake
[0.890s] -- Up-to-date: /home/timl/ros2_ws/src/install/custom_action_interfaces/share/custom_action_interfaces/cmake/custom_action_interfaces__rosidl_typesupport_introspection_cExport-noconfig.cmake
[0.890s] -- Up-to-date: /home/timl/ros2_ws/src/install/custom_action_interfaces/share/custom_action_interfaces/cmake/custom_action_interfaces__rosidl_typesupport_cExport.cmake
[0.890s] -- Up-to-date: /home/timl/ros2_ws/src/install/custom_action_interfaces/share/custom_action_interfaces/cmake/custom_action_interfaces__rosidl_typesupport_cExport-noconfig.cmake
[0.891s] -- Up-to-date: /home/timl/ros2_ws/src/install/custom_action_interfaces/share/custom_action_interfaces/cmake/export_custom_action_interfaces__rosidl_generator_cppExport.cmake
[0.891s] -- Up-to-date: /home/timl/ros2_ws/src/install/custom_action_interfaces/share/custom_action_interfaces/cmake/export_custom_action_interfaces__rosidl_typesupport_fastrtps_cppExport.cmake
[0.891s] -- Up-to-date: /home/timl/ros2_ws/src/install/custom_action_interfaces/share/custom_action_interfaces/cmake/export_custom_action_interfaces__rosidl_typesupport_fastrtps_cppExport-noconfig.cmake
[0.891s] -- Up-to-date: /home/timl/ros2_ws/src/install/custom_action_interfaces/share/custom_action_interfaces/cmake/custom_action_interfaces__rosidl_typesupport_introspection_cppExport.cmake
[0.892s] -- Up-to-date: /home/timl/ros2_ws/src/install/custom_action_interfaces/share/custom_action_interfaces/cmake/custom_action_interfaces__rosidl_typesupport_introspection_cppExport-noconfig.cmake
[0.892s] -- Up-to-date: /home/timl/ros2_ws/src/install/custom_action_interfaces/share/custom_action_interfaces/cmake/custom_action_interfaces__rosidl_typesupport_cppExport.cmake
[0.892s] -- Up-to-date: /home/timl/ros2_ws/src/install/custom_action_interfaces/share/custom_action_interfaces/cmake/custom_action_interfaces__rosidl_typesupport_cppExport-noconfig.cmake
[0.892s] -- Up-to-date: /home/timl/ros2_ws/src/install/custom_action_interfaces/share/custom_action_interfaces/cmake/export_custom_action_interfaces__rosidl_generator_pyExport.cmake
[0.893s] -- Up-to-date: /home/timl/ros2_ws/src/install/custom_action_interfaces/share/custom_action_interfaces/cmake/export_custom_action_interfaces__rosidl_generator_pyExport-noconfig.cmake
[0.893s] -- Up-to-date: /home/timl/ros2_ws/src/install/custom_action_interfaces/share/custom_action_interfaces/cmake/rosidl_cmake-extras.cmake
[0.893s] -- Up-to-date: /home/timl/ros2_ws/src/install/custom_action_interfaces/share/custom_action_interfaces/cmake/ament_cmake_export_dependencies-extras.cmake
[0.893s] -- Up-to-date: /home/timl/ros2_ws/src/install/custom_action_interfaces/share/custom_action_interfaces/cmake/ament_cmake_export_include_directories-extras.cmake
[0.893s] -- Up-to-date: /home/timl/ros2_ws/src/install/custom_action_interfaces/share/custom_action_interfaces/cmake/ament_cmake_export_libraries-extras.cmake
[0.893s] -- Up-to-date: /home/timl/ros2_ws/src/install/custom_action_interfaces/share/custom_action_interfaces/cmake/ament_cmake_export_targets-extras.cmake
[0.894s] -- Up-to-date: /home/timl/ros2_ws/src/install/custom_action_interfaces/share/custom_action_interfaces/cmake/rosidl_cmake_export_typesupport_targets-extras.cmake
[0.894s] -- Up-to-date: /home/timl/ros2_ws/src/install/custom_action_interfaces/share/custom_action_interfaces/cmake/rosidl_cmake_export_typesupport_libraries-extras.cmake
[0.894s] -- Up-to-date: /home/timl/ros2_ws/src/install/custom_action_interfaces/share/custom_action_interfaces/cmake/custom_action_interfacesConfig.cmake
[0.894s] -- Up-to-date: /home/timl/ros2_ws/src/install/custom_action_interfaces/share/custom_action_interfaces/cmake/custom_action_interfacesConfig-version.cmake
[0.894s] -- Up-to-date: /home/timl/ros2_ws/src/install/custom_action_interfaces/share/custom_action_interfaces/package.xml
[0.921s] Invoked command in '/home/timl/ros2_ws/src/build/custom_action_interfaces' returned '0': CMAKE_PREFIX_PATH=${CMAKE_PREFIX_PATH}:/home/timl/ros2_ws/install/py_pubsub:/opt/ros/jazzy /usr/bin/cmake --install /home/timl/ros2_ws/src/build/custom_action_interfaces
