[0.487s] Invoking command in '/home/timl/ros2_ws/src/build/polygon_plugins': AMENT_PREFIX_PATH=/home/timl/ros2_ws/src/install/polygon_base:${AMENT_PREFIX_PATH} CMAKE_PREFIX_PATH=/home/timl/ros2_ws/src/install/polygon_base:/home/timl/ros2_ws/install/polygon_plugins:/home/timl/ros2_ws/install/polygon_base:/home/timl/ros2_ws/install/custom_action_interfaces:/home/timl/ros2_ws/src/install/cpp_parameters:/home/timl/ros2_ws/install/cpp_parameters:/home/timl/ros2_ws/install/more_interfaces:/home/timl/ros2_ws/install/tutorial_interfaces:/home/timl/ros2_ws/install/cpp_srvcli:/home/timl/ros2_ws/install/turtlesim:/home/timl/ros2_ws/install/my_package:/home/timl/ros2_ws/install/cpp_pubsub:/opt/ros/jazzy/opt/sdformat_vendor:/opt/ros/jazzy/opt/gz_math_vendor:/opt/ros/jazzy/opt/gz_utils_vendor:/opt/ros/jazzy/opt/gz_tools_vendor:/opt/ros/jazzy/opt/gz_cmake_vendor:/home/timl/ros2_ws/install/py_pubsub:/opt/ros/jazzy /usr/bin/cmake --build /home/timl/ros2_ws/src/build/polygon_plugins -- -j6 -l6
[0.678s] [100%] Built target polygon_plugins
[0.696s] Invoked command in '/home/timl/ros2_ws/src/build/polygon_plugins' returned '0': AMENT_PREFIX_PATH=/home/timl/ros2_ws/src/install/polygon_base:${AMENT_PREFIX_PATH} CMAKE_PREFIX_PATH=/home/timl/ros2_ws/src/install/polygon_base:/home/timl/ros2_ws/install/polygon_plugins:/home/timl/ros2_ws/install/polygon_base:/home/timl/ros2_ws/install/custom_action_interfaces:/home/timl/ros2_ws/src/install/cpp_parameters:/home/timl/ros2_ws/install/cpp_parameters:/home/timl/ros2_ws/install/more_interfaces:/home/timl/ros2_ws/install/tutorial_interfaces:/home/timl/ros2_ws/install/cpp_srvcli:/home/timl/ros2_ws/install/turtlesim:/home/timl/ros2_ws/install/my_package:/home/timl/ros2_ws/install/cpp_pubsub:/opt/ros/jazzy/opt/sdformat_vendor:/opt/ros/jazzy/opt/gz_math_vendor:/opt/ros/jazzy/opt/gz_utils_vendor:/opt/ros/jazzy/opt/gz_tools_vendor:/opt/ros/jazzy/opt/gz_cmake_vendor:/home/timl/ros2_ws/install/py_pubsub:/opt/ros/jazzy /usr/bin/cmake --build /home/timl/ros2_ws/src/build/polygon_plugins -- -j6 -l6
[0.696s] Invoking command in '/home/timl/ros2_ws/src/build/polygon_plugins': AMENT_PREFIX_PATH=/home/timl/ros2_ws/src/install/polygon_base:${AMENT_PREFIX_PATH} CMAKE_PREFIX_PATH=/home/timl/ros2_ws/src/install/polygon_base:/home/timl/ros2_ws/install/polygon_plugins:/home/timl/ros2_ws/install/polygon_base:/home/timl/ros2_ws/install/custom_action_interfaces:/home/timl/ros2_ws/src/install/cpp_parameters:/home/timl/ros2_ws/install/cpp_parameters:/home/timl/ros2_ws/install/more_interfaces:/home/timl/ros2_ws/install/tutorial_interfaces:/home/timl/ros2_ws/install/cpp_srvcli:/home/timl/ros2_ws/install/turtlesim:/home/timl/ros2_ws/install/my_package:/home/timl/ros2_ws/install/cpp_pubsub:/opt/ros/jazzy/opt/sdformat_vendor:/opt/ros/jazzy/opt/gz_math_vendor:/opt/ros/jazzy/opt/gz_utils_vendor:/opt/ros/jazzy/opt/gz_tools_vendor:/opt/ros/jazzy/opt/gz_cmake_vendor:/home/timl/ros2_ws/install/py_pubsub:/opt/ros/jazzy /usr/bin/cmake --install /home/timl/ros2_ws/src/build/polygon_plugins
[0.770s] -- Install configuration: ""
[0.770s] -- Up-to-date: /home/timl/ros2_ws/src/install/polygon_plugins/include/polygon_plugins
[0.771s] -- Up-to-date: /home/timl/ros2_ws/src/install/polygon_plugins/include/polygon_plugins/polygon_plugins
[0.771s] -- Up-to-date: /home/timl/ros2_ws/src/install/polygon_plugins/include/polygon_plugins/polygon_plugins/polygon_plugins.hpp
[0.771s] -- Up-to-date: /home/timl/ros2_ws/src/install/polygon_plugins/include/polygon_plugins/polygon_plugins/visibility_control.h
[0.771s] -- Up-to-date: /home/timl/ros2_ws/src/install/polygon_plugins/lib/libpolygon_plugins.so
[0.771s] -- Up-to-date: /home/timl/ros2_ws/src/install/polygon_plugins/share/polygon_plugins/environment/library_path.sh
[0.771s] -- Up-to-date: /home/timl/ros2_ws/src/install/polygon_plugins/share/polygon_plugins/environment/library_path.dsv
[0.771s] -- Up-to-date: /home/timl/ros2_ws/src/install/polygon_plugins/share/polygon_plugins/plugins.xml
[0.771s] -- Up-to-date: /home/timl/ros2_ws/src/install/polygon_plugins/share/ament_index/resource_index/package_run_dependencies/polygon_plugins
[0.772s] -- Up-to-date: /home/timl/ros2_ws/src/install/polygon_plugins/share/ament_index/resource_index/parent_prefix_path/polygon_plugins
[0.772s] -- Up-to-date: /home/timl/ros2_ws/src/install/polygon_plugins/share/polygon_plugins/environment/ament_prefix_path.sh
[0.772s] -- Up-to-date: /home/timl/ros2_ws/src/install/polygon_plugins/share/polygon_plugins/environment/ament_prefix_path.dsv
[0.772s] -- Up-to-date: /home/timl/ros2_ws/src/install/polygon_plugins/share/polygon_plugins/environment/path.sh
[0.772s] -- Up-to-date: /home/timl/ros2_ws/src/install/polygon_plugins/share/polygon_plugins/environment/path.dsv
[0.772s] -- Up-to-date: /home/timl/ros2_ws/src/install/polygon_plugins/share/polygon_plugins/local_setup.bash
[0.772s] -- Up-to-date: /home/timl/ros2_ws/src/install/polygon_plugins/share/polygon_plugins/local_setup.sh
[0.772s] -- Up-to-date: /home/timl/ros2_ws/src/install/polygon_plugins/share/polygon_plugins/local_setup.zsh
[0.772s] -- Up-to-date: /home/timl/ros2_ws/src/install/polygon_plugins/share/polygon_plugins/local_setup.dsv
[0.772s] -- Installing: /home/timl/ros2_ws/src/install/polygon_plugins/share/polygon_plugins/package.dsv
[0.772s] -- Up-to-date: /home/timl/ros2_ws/src/install/polygon_plugins/share/ament_index/resource_index/packages/polygon_plugins
[0.772s] -- Up-to-date: /home/timl/ros2_ws/src/install/polygon_plugins/share/ament_index/resource_index/polygon_base__pluginlib__plugin/polygon_plugins
[0.773s] -- Up-to-date: /home/timl/ros2_ws/src/install/polygon_plugins/share/polygon_plugins/cmake/export_polygon_pluginsExport.cmake
[0.773s] -- Up-to-date: /home/timl/ros2_ws/src/install/polygon_plugins/share/polygon_plugins/cmake/export_polygon_pluginsExport-noconfig.cmake
[0.773s] -- Up-to-date: /home/timl/ros2_ws/src/install/polygon_plugins/share/polygon_plugins/cmake/ament_cmake_export_include_directories-extras.cmake
[0.773s] -- Up-to-date: /home/timl/ros2_ws/src/install/polygon_plugins/share/polygon_plugins/cmake/ament_cmake_export_libraries-extras.cmake
[0.773s] -- Up-to-date: /home/timl/ros2_ws/src/install/polygon_plugins/share/polygon_plugins/cmake/ament_cmake_export_targets-extras.cmake
[0.773s] -- Up-to-date: /home/timl/ros2_ws/src/install/polygon_plugins/share/polygon_plugins/cmake/polygon_pluginsConfig.cmake
[0.773s] -- Up-to-date: /home/timl/ros2_ws/src/install/polygon_plugins/share/polygon_plugins/cmake/polygon_pluginsConfig-version.cmake
[0.773s] -- Up-to-date: /home/timl/ros2_ws/src/install/polygon_plugins/share/polygon_plugins/package.xml
[0.782s] Invoked command in '/home/timl/ros2_ws/src/build/polygon_plugins' returned '0': AMENT_PREFIX_PATH=/home/timl/ros2_ws/src/install/polygon_base:${AMENT_PREFIX_PATH} CMAKE_PREFIX_PATH=/home/timl/ros2_ws/src/install/polygon_base:/home/timl/ros2_ws/install/polygon_plugins:/home/timl/ros2_ws/install/polygon_base:/home/timl/ros2_ws/install/custom_action_interfaces:/home/timl/ros2_ws/src/install/cpp_parameters:/home/timl/ros2_ws/install/cpp_parameters:/home/timl/ros2_ws/install/more_interfaces:/home/timl/ros2_ws/install/tutorial_interfaces:/home/timl/ros2_ws/install/cpp_srvcli:/home/timl/ros2_ws/install/turtlesim:/home/timl/ros2_ws/install/my_package:/home/timl/ros2_ws/install/cpp_pubsub:/opt/ros/jazzy/opt/sdformat_vendor:/opt/ros/jazzy/opt/gz_math_vendor:/opt/ros/jazzy/opt/gz_utils_vendor:/opt/ros/jazzy/opt/gz_tools_vendor:/opt/ros/jazzy/opt/gz_cmake_vendor:/home/timl/ros2_ws/install/py_pubsub:/opt/ros/jazzy /usr/bin/cmake --install /home/timl/ros2_ws/src/build/polygon_plugins
