[0.043s] Invoking command in '/home/timl/ros2_ws/src/build/tutorial_interfaces': CMAKE_PREFIX_PATH=${CMAKE_PREFIX_PATH}:/home/timl/ros2_ws/install/py_pubsub:/opt/ros/jazzy /usr/bin/cmake --build /home/timl/ros2_ws/src/build/tutorial_interfaces -- -j6 -l6
[0.137s] [  0%] Built target ament_cmake_python_copy_tutorial_interfaces
[0.150s] [  1%] Built target tutorial_interfaces__rosidl_generator_type_description
[0.213s] [ 22%] Built target tutorial_interfaces__rosidl_generator_c
[0.227s] [ 24%] Built target tutorial_interfaces__cpp
[0.299s] [ 33%] Built target tutorial_interfaces__rosidl_typesupport_fastrtps_c
[0.302s] [ 42%] Built target tutorial_interfaces__rosidl_typesupport_introspection_cpp
[0.315s] [ 51%] Built target tutorial_interfaces__rosidl_typesupport_c
[0.325s] [ 61%] Built target tutorial_interfaces__rosidl_typesupport_fastrtps_cpp
[0.334s] [ 70%] Built target tutorial_interfaces__rosidl_typesupport_introspection_c
[0.372s] [ 79%] Built target tutorial_interfaces__rosidl_typesupport_cpp
[0.423s] [ 79%] Built target tutorial_interfaces
[0.466s] [ 81%] Built target tutorial_interfaces__py
[0.499s] [ 88%] Built target tutorial_interfaces__rosidl_generator_py
[0.532s] running egg_info
[0.556s] writing tutorial_interfaces.egg-info/PKG-INFO
[0.558s] writing dependency_links to tutorial_interfaces.egg-info/dependency_links.txt
[0.559s] writing top-level names to tutorial_interfaces.egg-info/top_level.txt
[0.604s] [ 92%] Built target tutorial_interfaces_s__rosidl_typesupport_c
[0.606s] [ 96%] Built target tutorial_interfaces_s__rosidl_typesupport_fastrtps_c
[0.609s] [100%] Built target tutorial_interfaces_s__rosidl_typesupport_introspection_c
[0.658s] reading manifest file 'tutorial_interfaces.egg-info/SOURCES.txt'
[0.660s] writing manifest file 'tutorial_interfaces.egg-info/SOURCES.txt'
[0.711s] [100%] Built target ament_cmake_python_build_tutorial_interfaces_egg
[0.743s] Invoked command in '/home/timl/ros2_ws/src/build/tutorial_interfaces' returned '0': CMAKE_PREFIX_PATH=${CMAKE_PREFIX_PATH}:/home/timl/ros2_ws/install/py_pubsub:/opt/ros/jazzy /usr/bin/cmake --build /home/timl/ros2_ws/src/build/tutorial_interfaces -- -j6 -l6
[0.744s] Invoking command in '/home/timl/ros2_ws/src/build/tutorial_interfaces': CMAKE_PREFIX_PATH=${CMAKE_PREFIX_PATH}:/home/timl/ros2_ws/install/py_pubsub:/opt/ros/jazzy /usr/bin/cmake --install /home/timl/ros2_ws/src/build/tutorial_interfaces
[0.766s] -- Install configuration: ""
[0.766s] -- Up-to-date: /home/timl/ros2_ws/src/install/tutorial_interfaces/share/ament_index/resource_index/rosidl_interfaces/tutorial_interfaces
[0.767s] -- Up-to-date: /home/timl/ros2_ws/src/install/tutorial_interfaces/share/tutorial_interfaces/msg/Num.json
[0.767s] -- Up-to-date: /home/timl/ros2_ws/src/install/tutorial_interfaces/share/tutorial_interfaces/msg/Sphere.json
[0.767s] -- Up-to-date: /home/timl/ros2_ws/src/install/tutorial_interfaces/share/tutorial_interfaces/srv/AddThreeInts.json
[0.767s] -- Up-to-date: /home/timl/ros2_ws/src/install/tutorial_interfaces/include/tutorial_interfaces/tutorial_interfaces
[0.767s] -- Up-to-date: /home/timl/ros2_ws/src/install/tutorial_interfaces/include/tutorial_interfaces/tutorial_interfaces/srv
[0.767s] -- Up-to-date: /home/timl/ros2_ws/src/install/tutorial_interfaces/include/tutorial_interfaces/tutorial_interfaces/srv/detail
[0.767s] -- Up-to-date: /home/timl/ros2_ws/src/install/tutorial_interfaces/include/tutorial_interfaces/tutorial_interfaces/srv/detail/add_three_ints__functions.c
[0.767s] -- Up-to-date: /home/timl/ros2_ws/src/install/tutorial_interfaces/include/tutorial_interfaces/tutorial_interfaces/srv/detail/add_three_ints__struct.h
[0.767s] -- Installing: /home/timl/ros2_ws/src/install/tutorial_interfaces/include/tutorial_interfaces/tutorial_interfaces/srv/detail/add_three_ints__type_support.c
[0.770s] -- Up-to-date: /home/timl/ros2_ws/src/install/tutorial_interfaces/include/tutorial_interfaces/tutorial_interfaces/srv/detail/add_three_ints__type_support.h
[0.770s] -- Up-to-date: /home/timl/ros2_ws/src/install/tutorial_interfaces/include/tutorial_interfaces/tutorial_interfaces/srv/detail/add_three_ints__description.c
[0.770s] -- Up-to-date: /home/timl/ros2_ws/src/install/tutorial_interfaces/include/tutorial_interfaces/tutorial_interfaces/srv/detail/add_three_ints__functions.h
[0.771s] -- Up-to-date: /home/timl/ros2_ws/src/install/tutorial_interfaces/include/tutorial_interfaces/tutorial_interfaces/srv/add_three_ints.h
[0.771s] -- Up-to-date: /home/timl/ros2_ws/src/install/tutorial_interfaces/include/tutorial_interfaces/tutorial_interfaces/msg
[0.771s] -- Up-to-date: /home/timl/ros2_ws/src/install/tutorial_interfaces/include/tutorial_interfaces/tutorial_interfaces/msg/detail
[0.771s] -- Up-to-date: /home/timl/ros2_ws/src/install/tutorial_interfaces/include/tutorial_interfaces/tutorial_interfaces/msg/detail/num__type_support.h
[0.771s] -- Up-to-date: /home/timl/ros2_ws/src/install/tutorial_interfaces/include/tutorial_interfaces/tutorial_interfaces/msg/detail/num__functions.c
[0.771s] -- Up-to-date: /home/timl/ros2_ws/src/install/tutorial_interfaces/include/tutorial_interfaces/tutorial_interfaces/msg/detail/sphere__functions.h
[0.771s] -- Up-to-date: /home/timl/ros2_ws/src/install/tutorial_interfaces/include/tutorial_interfaces/tutorial_interfaces/msg/detail/sphere__struct.h
[0.771s] -- Up-to-date: /home/timl/ros2_ws/src/install/tutorial_interfaces/include/tutorial_interfaces/tutorial_interfaces/msg/detail/num__functions.h
[0.771s] -- Up-to-date: /home/timl/ros2_ws/src/install/tutorial_interfaces/include/tutorial_interfaces/tutorial_interfaces/msg/detail/num__struct.h
[0.771s] -- Up-to-date: /home/timl/ros2_ws/src/install/tutorial_interfaces/include/tutorial_interfaces/tutorial_interfaces/msg/detail/sphere__description.c
[0.771s] -- Up-to-date: /home/timl/ros2_ws/src/install/tutorial_interfaces/include/tutorial_interfaces/tutorial_interfaces/msg/detail/sphere__functions.c
[0.771s] -- Up-to-date: /home/timl/ros2_ws/src/install/tutorial_interfaces/include/tutorial_interfaces/tutorial_interfaces/msg/detail/num__description.c
[0.771s] -- Installing: /home/timl/ros2_ws/src/install/tutorial_interfaces/include/tutorial_interfaces/tutorial_interfaces/msg/detail/sphere__type_support.c
[0.772s] -- Up-to-date: /home/timl/ros2_ws/src/install/tutorial_interfaces/include/tutorial_interfaces/tutorial_interfaces/msg/detail/sphere__type_support.h
[0.772s] -- Installing: /home/timl/ros2_ws/src/install/tutorial_interfaces/include/tutorial_interfaces/tutorial_interfaces/msg/detail/num__type_support.c
[0.772s] -- Up-to-date: /home/timl/ros2_ws/src/install/tutorial_interfaces/include/tutorial_interfaces/tutorial_interfaces/msg/num.h
[0.772s] -- Up-to-date: /home/timl/ros2_ws/src/install/tutorial_interfaces/include/tutorial_interfaces/tutorial_interfaces/msg/sphere.h
[0.772s] -- Up-to-date: /home/timl/ros2_ws/src/install/tutorial_interfaces/include/tutorial_interfaces/tutorial_interfaces/msg/rosidl_generator_c__visibility_control.h
[0.772s] -- Up-to-date: /home/timl/ros2_ws/src/install/tutorial_interfaces/share/tutorial_interfaces/environment/library_path.sh
[0.772s] -- Up-to-date: /home/timl/ros2_ws/src/install/tutorial_interfaces/share/tutorial_interfaces/environment/library_path.dsv
[0.772s] -- Up-to-date: /home/timl/ros2_ws/src/install/tutorial_interfaces/lib/libtutorial_interfaces__rosidl_generator_c.so
[0.772s] -- Up-to-date: /home/timl/ros2_ws/src/install/tutorial_interfaces/include/tutorial_interfaces/tutorial_interfaces
[0.772s] -- Up-to-date: /home/timl/ros2_ws/src/install/tutorial_interfaces/include/tutorial_interfaces/tutorial_interfaces/srv
[0.772s] -- Up-to-date: /home/timl/ros2_ws/src/install/tutorial_interfaces/include/tutorial_interfaces/tutorial_interfaces/srv/detail
[0.772s] -- Up-to-date: /home/timl/ros2_ws/src/install/tutorial_interfaces/include/tutorial_interfaces/tutorial_interfaces/srv/detail/add_three_ints__rosidl_typesupport_fastrtps_c.h
[0.772s] -- Up-to-date: /home/timl/ros2_ws/src/install/tutorial_interfaces/include/tutorial_interfaces/tutorial_interfaces/msg
[0.772s] -- Up-to-date: /home/timl/ros2_ws/src/install/tutorial_interfaces/include/tutorial_interfaces/tutorial_interfaces/msg/detail
[0.772s] -- Up-to-date: /home/timl/ros2_ws/src/install/tutorial_interfaces/include/tutorial_interfaces/tutorial_interfaces/msg/detail/num__rosidl_typesupport_fastrtps_c.h
[0.773s] -- Up-to-date: /home/timl/ros2_ws/src/install/tutorial_interfaces/include/tutorial_interfaces/tutorial_interfaces/msg/detail/sphere__rosidl_typesupport_fastrtps_c.h
[0.773s] -- Up-to-date: /home/timl/ros2_ws/src/install/tutorial_interfaces/include/tutorial_interfaces/tutorial_interfaces/msg/rosidl_typesupport_fastrtps_c__visibility_control.h
[0.773s] -- Up-to-date: /home/timl/ros2_ws/src/install/tutorial_interfaces/lib/libtutorial_interfaces__rosidl_typesupport_fastrtps_c.so
[0.773s] -- Up-to-date: /home/timl/ros2_ws/src/install/tutorial_interfaces/include/tutorial_interfaces/tutorial_interfaces
[0.773s] -- Up-to-date: /home/timl/ros2_ws/src/install/tutorial_interfaces/include/tutorial_interfaces/tutorial_interfaces/srv
[0.773s] -- Up-to-date: /home/timl/ros2_ws/src/install/tutorial_interfaces/include/tutorial_interfaces/tutorial_interfaces/srv/detail
[0.773s] -- Up-to-date: /home/timl/ros2_ws/src/install/tutorial_interfaces/include/tutorial_interfaces/tutorial_interfaces/srv/detail/add_three_ints__struct.hpp
[0.773s] -- Up-to-date: /home/timl/ros2_ws/src/install/tutorial_interfaces/include/tutorial_interfaces/tutorial_interfaces/srv/detail/add_three_ints__traits.hpp
[0.773s] -- Up-to-date: /home/timl/ros2_ws/src/install/tutorial_interfaces/include/tutorial_interfaces/tutorial_interfaces/srv/detail/add_three_ints__builder.hpp
[0.774s] -- Up-to-date: /home/timl/ros2_ws/src/install/tutorial_interfaces/include/tutorial_interfaces/tutorial_interfaces/srv/detail/add_three_ints__type_support.hpp
[0.774s] -- Up-to-date: /home/timl/ros2_ws/src/install/tutorial_interfaces/include/tutorial_interfaces/tutorial_interfaces/srv/add_three_ints.hpp
[0.774s] -- Up-to-date: /home/timl/ros2_ws/src/install/tutorial_interfaces/include/tutorial_interfaces/tutorial_interfaces/msg
[0.774s] -- Up-to-date: /home/timl/ros2_ws/src/install/tutorial_interfaces/include/tutorial_interfaces/tutorial_interfaces/msg/detail
[0.774s] -- Up-to-date: /home/timl/ros2_ws/src/install/tutorial_interfaces/include/tutorial_interfaces/tutorial_interfaces/msg/detail/num__type_support.hpp
[0.774s] -- Up-to-date: /home/timl/ros2_ws/src/install/tutorial_interfaces/include/tutorial_interfaces/tutorial_interfaces/msg/detail/num__traits.hpp
[0.774s] -- Up-to-date: /home/timl/ros2_ws/src/install/tutorial_interfaces/include/tutorial_interfaces/tutorial_interfaces/msg/detail/sphere__type_support.hpp
[0.774s] -- Up-to-date: /home/timl/ros2_ws/src/install/tutorial_interfaces/include/tutorial_interfaces/tutorial_interfaces/msg/detail/num__builder.hpp
[0.774s] -- Up-to-date: /home/timl/ros2_ws/src/install/tutorial_interfaces/include/tutorial_interfaces/tutorial_interfaces/msg/detail/sphere__traits.hpp
[0.774s] -- Up-to-date: /home/timl/ros2_ws/src/install/tutorial_interfaces/include/tutorial_interfaces/tutorial_interfaces/msg/detail/num__struct.hpp
[0.775s] -- Up-to-date: /home/timl/ros2_ws/src/install/tutorial_interfaces/include/tutorial_interfaces/tutorial_interfaces/msg/detail/sphere__struct.hpp
[0.775s] -- Up-to-date: /home/timl/ros2_ws/src/install/tutorial_interfaces/include/tutorial_interfaces/tutorial_interfaces/msg/detail/sphere__builder.hpp
[0.775s] -- Up-to-date: /home/timl/ros2_ws/src/install/tutorial_interfaces/include/tutorial_interfaces/tutorial_interfaces/msg/num.hpp
[0.775s] -- Up-to-date: /home/timl/ros2_ws/src/install/tutorial_interfaces/include/tutorial_interfaces/tutorial_interfaces/msg/rosidl_generator_cpp__visibility_control.hpp
[0.775s] -- Up-to-date: /home/timl/ros2_ws/src/install/tutorial_interfaces/include/tutorial_interfaces/tutorial_interfaces/msg/sphere.hpp
[0.775s] -- Up-to-date: /home/timl/ros2_ws/src/install/tutorial_interfaces/include/tutorial_interfaces/tutorial_interfaces
[0.775s] -- Up-to-date: /home/timl/ros2_ws/src/install/tutorial_interfaces/include/tutorial_interfaces/tutorial_interfaces/srv
[0.775s] -- Up-to-date: /home/timl/ros2_ws/src/install/tutorial_interfaces/include/tutorial_interfaces/tutorial_interfaces/srv/detail
[0.775s] -- Up-to-date: /home/timl/ros2_ws/src/install/tutorial_interfaces/include/tutorial_interfaces/tutorial_interfaces/srv/detail/add_three_ints__rosidl_typesupport_fastrtps_cpp.hpp
[0.776s] -- Up-to-date: /home/timl/ros2_ws/src/install/tutorial_interfaces/include/tutorial_interfaces/tutorial_interfaces/srv/detail/dds_fastrtps
[0.776s] -- Up-to-date: /home/timl/ros2_ws/src/install/tutorial_interfaces/include/tutorial_interfaces/tutorial_interfaces/msg
[0.776s] -- Up-to-date: /home/timl/ros2_ws/src/install/tutorial_interfaces/include/tutorial_interfaces/tutorial_interfaces/msg/detail
[0.776s] -- Up-to-date: /home/timl/ros2_ws/src/install/tutorial_interfaces/include/tutorial_interfaces/tutorial_interfaces/msg/detail/num__rosidl_typesupport_fastrtps_cpp.hpp
[0.776s] -- Up-to-date: /home/timl/ros2_ws/src/install/tutorial_interfaces/include/tutorial_interfaces/tutorial_interfaces/msg/detail/sphere__rosidl_typesupport_fastrtps_cpp.hpp
[0.776s] -- Up-to-date: /home/timl/ros2_ws/src/install/tutorial_interfaces/include/tutorial_interfaces/tutorial_interfaces/msg/detail/dds_fastrtps
[0.776s] -- Up-to-date: /home/timl/ros2_ws/src/install/tutorial_interfaces/include/tutorial_interfaces/tutorial_interfaces/msg/rosidl_typesupport_fastrtps_cpp__visibility_control.h
[0.776s] -- Up-to-date: /home/timl/ros2_ws/src/install/tutorial_interfaces/lib/libtutorial_interfaces__rosidl_typesupport_fastrtps_cpp.so
[0.776s] -- Up-to-date: /home/timl/ros2_ws/src/install/tutorial_interfaces/include/tutorial_interfaces/tutorial_interfaces
[0.776s] -- Up-to-date: /home/timl/ros2_ws/src/install/tutorial_interfaces/include/tutorial_interfaces/tutorial_interfaces/srv
[0.776s] -- Up-to-date: /home/timl/ros2_ws/src/install/tutorial_interfaces/include/tutorial_interfaces/tutorial_interfaces/srv/detail
[0.776s] -- Installing: /home/timl/ros2_ws/src/install/tutorial_interfaces/include/tutorial_interfaces/tutorial_interfaces/srv/detail/add_three_ints__type_support.c
[0.776s] -- Up-to-date: /home/timl/ros2_ws/src/install/tutorial_interfaces/include/tutorial_interfaces/tutorial_interfaces/srv/detail/add_three_ints__rosidl_typesupport_introspection_c.h
[0.777s] -- Up-to-date: /home/timl/ros2_ws/src/install/tutorial_interfaces/include/tutorial_interfaces/tutorial_interfaces/msg
[0.777s] -- Up-to-date: /home/timl/ros2_ws/src/install/tutorial_interfaces/include/tutorial_interfaces/tutorial_interfaces/msg/detail
[0.777s] -- Up-to-date: /home/timl/ros2_ws/src/install/tutorial_interfaces/include/tutorial_interfaces/tutorial_interfaces/msg/detail/num__rosidl_typesupport_introspection_c.h
[0.777s] -- Up-to-date: /home/timl/ros2_ws/src/install/tutorial_interfaces/include/tutorial_interfaces/tutorial_interfaces/msg/detail/sphere__rosidl_typesupport_introspection_c.h
[0.777s] -- Installing: /home/timl/ros2_ws/src/install/tutorial_interfaces/include/tutorial_interfaces/tutorial_interfaces/msg/detail/sphere__type_support.c
[0.777s] -- Installing: /home/timl/ros2_ws/src/install/tutorial_interfaces/include/tutorial_interfaces/tutorial_interfaces/msg/detail/num__type_support.c
[0.777s] -- Up-to-date: /home/timl/ros2_ws/src/install/tutorial_interfaces/include/tutorial_interfaces/tutorial_interfaces/msg/rosidl_typesupport_introspection_c__visibility_control.h
[0.777s] -- Up-to-date: /home/timl/ros2_ws/src/install/tutorial_interfaces/lib/libtutorial_interfaces__rosidl_typesupport_introspection_c.so
[0.777s] -- Up-to-date: /home/timl/ros2_ws/src/install/tutorial_interfaces/lib/libtutorial_interfaces__rosidl_typesupport_c.so
[0.777s] -- Up-to-date: /home/timl/ros2_ws/src/install/tutorial_interfaces/include/tutorial_interfaces/tutorial_interfaces
[0.777s] -- Up-to-date: /home/timl/ros2_ws/src/install/tutorial_interfaces/include/tutorial_interfaces/tutorial_interfaces/srv
[0.777s] -- Up-to-date: /home/timl/ros2_ws/src/install/tutorial_interfaces/include/tutorial_interfaces/tutorial_interfaces/srv/detail
[0.777s] -- Up-to-date: /home/timl/ros2_ws/src/install/tutorial_interfaces/include/tutorial_interfaces/tutorial_interfaces/srv/detail/add_three_ints__rosidl_typesupport_introspection_cpp.hpp
[0.778s] -- Up-to-date: /home/timl/ros2_ws/src/install/tutorial_interfaces/include/tutorial_interfaces/tutorial_interfaces/srv/detail/add_three_ints__type_support.cpp
[0.778s] -- Up-to-date: /home/timl/ros2_ws/src/install/tutorial_interfaces/include/tutorial_interfaces/tutorial_interfaces/msg
[0.778s] -- Up-to-date: /home/timl/ros2_ws/src/install/tutorial_interfaces/include/tutorial_interfaces/tutorial_interfaces/msg/detail
[0.778s] -- Up-to-date: /home/timl/ros2_ws/src/install/tutorial_interfaces/include/tutorial_interfaces/tutorial_interfaces/msg/detail/num__rosidl_typesupport_introspection_cpp.hpp
[0.778s] -- Up-to-date: /home/timl/ros2_ws/src/install/tutorial_interfaces/include/tutorial_interfaces/tutorial_interfaces/msg/detail/sphere__type_support.cpp
[0.778s] -- Up-to-date: /home/timl/ros2_ws/src/install/tutorial_interfaces/include/tutorial_interfaces/tutorial_interfaces/msg/detail/num__type_support.cpp
[0.778s] -- Up-to-date: /home/timl/ros2_ws/src/install/tutorial_interfaces/include/tutorial_interfaces/tutorial_interfaces/msg/detail/sphere__rosidl_typesupport_introspection_cpp.hpp
[0.778s] -- Up-to-date: /home/timl/ros2_ws/src/install/tutorial_interfaces/lib/libtutorial_interfaces__rosidl_typesupport_introspection_cpp.so
[0.778s] -- Up-to-date: /home/timl/ros2_ws/src/install/tutorial_interfaces/lib/libtutorial_interfaces__rosidl_typesupport_cpp.so
[0.778s] -- Up-to-date: /home/timl/ros2_ws/src/install/tutorial_interfaces/share/tutorial_interfaces/environment/pythonpath.sh
[0.778s] -- Up-to-date: /home/timl/ros2_ws/src/install/tutorial_interfaces/share/tutorial_interfaces/environment/pythonpath.dsv
[0.778s] -- Up-to-date: /home/timl/ros2_ws/src/install/tutorial_interfaces/lib/python3.12/site-packages/tutorial_interfaces-0.0.0-py3.12.egg-info
[0.778s] -- Installing: /home/timl/ros2_ws/src/install/tutorial_interfaces/lib/python3.12/site-packages/tutorial_interfaces-0.0.0-py3.12.egg-info/top_level.txt
[0.778s] -- Installing: /home/timl/ros2_ws/src/install/tutorial_interfaces/lib/python3.12/site-packages/tutorial_interfaces-0.0.0-py3.12.egg-info/PKG-INFO
[0.779s] -- Installing: /home/timl/ros2_ws/src/install/tutorial_interfaces/lib/python3.12/site-packages/tutorial_interfaces-0.0.0-py3.12.egg-info/SOURCES.txt
[0.779s] -- Installing: /home/timl/ros2_ws/src/install/tutorial_interfaces/lib/python3.12/site-packages/tutorial_interfaces-0.0.0-py3.12.egg-info/dependency_links.txt
[0.779s] -- Up-to-date: /home/timl/ros2_ws/src/install/tutorial_interfaces/lib/python3.12/site-packages/tutorial_interfaces
[0.779s] -- Up-to-date: /home/timl/ros2_ws/src/install/tutorial_interfaces/lib/python3.12/site-packages/tutorial_interfaces/tutorial_interfaces_s__rosidl_typesupport_introspection_c.so
[0.779s] -- Up-to-date: /home/timl/ros2_ws/src/install/tutorial_interfaces/lib/python3.12/site-packages/tutorial_interfaces/_tutorial_interfaces_s.ep.rosidl_typesupport_c.c
[0.779s] -- Up-to-date: /home/timl/ros2_ws/src/install/tutorial_interfaces/lib/python3.12/site-packages/tutorial_interfaces/tutorial_interfaces_s__rosidl_typesupport_fastrtps_c.so
[0.779s] -- Up-to-date: /home/timl/ros2_ws/src/install/tutorial_interfaces/lib/python3.12/site-packages/tutorial_interfaces/srv
[0.779s] -- Up-to-date: /home/timl/ros2_ws/src/install/tutorial_interfaces/lib/python3.12/site-packages/tutorial_interfaces/srv/_add_three_ints_s.c
[0.779s] -- Up-to-date: /home/timl/ros2_ws/src/install/tutorial_interfaces/lib/python3.12/site-packages/tutorial_interfaces/srv/_add_three_ints.py
[0.779s] -- Up-to-date: /home/timl/ros2_ws/src/install/tutorial_interfaces/lib/python3.12/site-packages/tutorial_interfaces/srv/__init__.py
[0.779s] -- Up-to-date: /home/timl/ros2_ws/src/install/tutorial_interfaces/lib/python3.12/site-packages/tutorial_interfaces/_tutorial_interfaces_s.ep.rosidl_typesupport_fastrtps_c.c
[0.780s] -- Up-to-date: /home/timl/ros2_ws/src/install/tutorial_interfaces/lib/python3.12/site-packages/tutorial_interfaces/tutorial_interfaces_s__rosidl_typesupport_c.so
[0.780s] -- Up-to-date: /home/timl/ros2_ws/src/install/tutorial_interfaces/lib/python3.12/site-packages/tutorial_interfaces/__init__.py
[0.780s] -- Up-to-date: /home/timl/ros2_ws/src/install/tutorial_interfaces/lib/python3.12/site-packages/tutorial_interfaces/_tutorial_interfaces_s.ep.rosidl_typesupport_introspection_c.c
[0.780s] -- Up-to-date: /home/timl/ros2_ws/src/install/tutorial_interfaces/lib/python3.12/site-packages/tutorial_interfaces/msg
[0.780s] -- Up-to-date: /home/timl/ros2_ws/src/install/tutorial_interfaces/lib/python3.12/site-packages/tutorial_interfaces/msg/_num_s.c
[0.780s] -- Up-to-date: /home/timl/ros2_ws/src/install/tutorial_interfaces/lib/python3.12/site-packages/tutorial_interfaces/msg/_sphere_s.c
[0.780s] -- Up-to-date: /home/timl/ros2_ws/src/install/tutorial_interfaces/lib/python3.12/site-packages/tutorial_interfaces/msg/_num.py
[0.780s] -- Up-to-date: /home/timl/ros2_ws/src/install/tutorial_interfaces/lib/python3.12/site-packages/tutorial_interfaces/msg/_sphere.py
[0.780s] -- Up-to-date: /home/timl/ros2_ws/src/install/tutorial_interfaces/lib/python3.12/site-packages/tutorial_interfaces/msg/__init__.py
[0.828s] Listing '/home/timl/ros2_ws/src/install/tutorial_interfaces/lib/python3.12/site-packages/tutorial_interfaces'...
[0.829s] Listing '/home/timl/ros2_ws/src/install/tutorial_interfaces/lib/python3.12/site-packages/tutorial_interfaces/msg'...
[0.829s] Listing '/home/timl/ros2_ws/src/install/tutorial_interfaces/lib/python3.12/site-packages/tutorial_interfaces/srv'...
[0.839s] -- Up-to-date: /home/timl/ros2_ws/src/install/tutorial_interfaces/lib/python3.12/site-packages/tutorial_interfaces/tutorial_interfaces_s__rosidl_typesupport_fastrtps_c.so
[0.840s] -- Up-to-date: /home/timl/ros2_ws/src/install/tutorial_interfaces/lib/python3.12/site-packages/tutorial_interfaces/tutorial_interfaces_s__rosidl_typesupport_introspection_c.so
[0.840s] -- Up-to-date: /home/timl/ros2_ws/src/install/tutorial_interfaces/lib/python3.12/site-packages/tutorial_interfaces/tutorial_interfaces_s__rosidl_typesupport_c.so
[0.840s] -- Up-to-date: /home/timl/ros2_ws/src/install/tutorial_interfaces/lib/libtutorial_interfaces__rosidl_generator_py.so
[0.841s] -- Up-to-date: /home/timl/ros2_ws/src/install/tutorial_interfaces/share/tutorial_interfaces/msg/Num.idl
[0.841s] -- Up-to-date: /home/timl/ros2_ws/src/install/tutorial_interfaces/share/tutorial_interfaces/msg/Sphere.idl
[0.841s] -- Up-to-date: /home/timl/ros2_ws/src/install/tutorial_interfaces/share/tutorial_interfaces/srv/AddThreeInts.idl
[0.841s] -- Up-to-date: /home/timl/ros2_ws/src/install/tutorial_interfaces/share/tutorial_interfaces/msg/Num.msg
[0.841s] -- Up-to-date: /home/timl/ros2_ws/src/install/tutorial_interfaces/share/tutorial_interfaces/msg/Sphere.msg
[0.842s] -- Up-to-date: /home/timl/ros2_ws/src/install/tutorial_interfaces/share/tutorial_interfaces/srv/AddThreeInts.srv
[0.842s] -- Up-to-date: /home/timl/ros2_ws/src/install/tutorial_interfaces/share/ament_index/resource_index/package_run_dependencies/tutorial_interfaces
[0.842s] -- Up-to-date: /home/timl/ros2_ws/src/install/tutorial_interfaces/share/ament_index/resource_index/parent_prefix_path/tutorial_interfaces
[0.842s] -- Up-to-date: /home/timl/ros2_ws/src/install/tutorial_interfaces/share/tutorial_interfaces/environment/ament_prefix_path.sh
[0.854s] -- Up-to-date: /home/timl/ros2_ws/src/install/tutorial_interfaces/share/tutorial_interfaces/environment/ament_prefix_path.dsv
[0.854s] -- Up-to-date: /home/timl/ros2_ws/src/install/tutorial_interfaces/share/tutorial_interfaces/environment/path.sh
[0.854s] -- Up-to-date: /home/timl/ros2_ws/src/install/tutorial_interfaces/share/tutorial_interfaces/environment/path.dsv
[0.854s] -- Up-to-date: /home/timl/ros2_ws/src/install/tutorial_interfaces/share/tutorial_interfaces/local_setup.bash
[0.854s] -- Up-to-date: /home/timl/ros2_ws/src/install/tutorial_interfaces/share/tutorial_interfaces/local_setup.sh
[0.854s] -- Up-to-date: /home/timl/ros2_ws/src/install/tutorial_interfaces/share/tutorial_interfaces/local_setup.zsh
[0.854s] -- Up-to-date: /home/timl/ros2_ws/src/install/tutorial_interfaces/share/tutorial_interfaces/local_setup.dsv
[0.854s] -- Installing: /home/timl/ros2_ws/src/install/tutorial_interfaces/share/tutorial_interfaces/package.dsv
[0.854s] -- Up-to-date: /home/timl/ros2_ws/src/install/tutorial_interfaces/share/ament_index/resource_index/packages/tutorial_interfaces
[0.854s] -- Up-to-date: /home/timl/ros2_ws/src/install/tutorial_interfaces/share/tutorial_interfaces/cmake/export_tutorial_interfaces__rosidl_generator_cExport.cmake
[0.854s] -- Up-to-date: /home/timl/ros2_ws/src/install/tutorial_interfaces/share/tutorial_interfaces/cmake/export_tutorial_interfaces__rosidl_generator_cExport-noconfig.cmake
[0.855s] -- Up-to-date: /home/timl/ros2_ws/src/install/tutorial_interfaces/share/tutorial_interfaces/cmake/export_tutorial_interfaces__rosidl_typesupport_fastrtps_cExport.cmake
[0.855s] -- Up-to-date: /home/timl/ros2_ws/src/install/tutorial_interfaces/share/tutorial_interfaces/cmake/export_tutorial_interfaces__rosidl_typesupport_fastrtps_cExport-noconfig.cmake
[0.855s] -- Up-to-date: /home/timl/ros2_ws/src/install/tutorial_interfaces/share/tutorial_interfaces/cmake/export_tutorial_interfaces__rosidl_generator_cppExport.cmake
[0.855s] -- Up-to-date: /home/timl/ros2_ws/src/install/tutorial_interfaces/share/tutorial_interfaces/cmake/export_tutorial_interfaces__rosidl_typesupport_fastrtps_cppExport.cmake
[0.855s] -- Up-to-date: /home/timl/ros2_ws/src/install/tutorial_interfaces/share/tutorial_interfaces/cmake/export_tutorial_interfaces__rosidl_typesupport_fastrtps_cppExport-noconfig.cmake
[0.855s] -- Up-to-date: /home/timl/ros2_ws/src/install/tutorial_interfaces/share/tutorial_interfaces/cmake/tutorial_interfaces__rosidl_typesupport_introspection_cExport.cmake
[0.856s] -- Up-to-date: /home/timl/ros2_ws/src/install/tutorial_interfaces/share/tutorial_interfaces/cmake/tutorial_interfaces__rosidl_typesupport_introspection_cExport-noconfig.cmake
[0.856s] -- Up-to-date: /home/timl/ros2_ws/src/install/tutorial_interfaces/share/tutorial_interfaces/cmake/tutorial_interfaces__rosidl_typesupport_cExport.cmake
[0.856s] -- Up-to-date: /home/timl/ros2_ws/src/install/tutorial_interfaces/share/tutorial_interfaces/cmake/tutorial_interfaces__rosidl_typesupport_cExport-noconfig.cmake
[0.856s] -- Up-to-date: /home/timl/ros2_ws/src/install/tutorial_interfaces/share/tutorial_interfaces/cmake/tutorial_interfaces__rosidl_typesupport_introspection_cppExport.cmake
[0.856s] -- Up-to-date: /home/timl/ros2_ws/src/install/tutorial_interfaces/share/tutorial_interfaces/cmake/tutorial_interfaces__rosidl_typesupport_introspection_cppExport-noconfig.cmake
[0.856s] -- Up-to-date: /home/timl/ros2_ws/src/install/tutorial_interfaces/share/tutorial_interfaces/cmake/tutorial_interfaces__rosidl_typesupport_cppExport.cmake
[0.856s] -- Up-to-date: /home/timl/ros2_ws/src/install/tutorial_interfaces/share/tutorial_interfaces/cmake/tutorial_interfaces__rosidl_typesupport_cppExport-noconfig.cmake
[0.856s] -- Up-to-date: /home/timl/ros2_ws/src/install/tutorial_interfaces/share/tutorial_interfaces/cmake/export_tutorial_interfaces__rosidl_generator_pyExport.cmake
[0.856s] -- Up-to-date: /home/timl/ros2_ws/src/install/tutorial_interfaces/share/tutorial_interfaces/cmake/export_tutorial_interfaces__rosidl_generator_pyExport-noconfig.cmake
[0.856s] -- Up-to-date: /home/timl/ros2_ws/src/install/tutorial_interfaces/share/tutorial_interfaces/cmake/rosidl_cmake-extras.cmake
[0.856s] -- Up-to-date: /home/timl/ros2_ws/src/install/tutorial_interfaces/share/tutorial_interfaces/cmake/ament_cmake_export_dependencies-extras.cmake
[0.856s] -- Up-to-date: /home/timl/ros2_ws/src/install/tutorial_interfaces/share/tutorial_interfaces/cmake/ament_cmake_export_include_directories-extras.cmake
[0.857s] -- Up-to-date: /home/timl/ros2_ws/src/install/tutorial_interfaces/share/tutorial_interfaces/cmake/ament_cmake_export_libraries-extras.cmake
[0.857s] -- Up-to-date: /home/timl/ros2_ws/src/install/tutorial_interfaces/share/tutorial_interfaces/cmake/ament_cmake_export_targets-extras.cmake
[0.857s] -- Up-to-date: /home/timl/ros2_ws/src/install/tutorial_interfaces/share/tutorial_interfaces/cmake/rosidl_cmake_export_typesupport_targets-extras.cmake
[0.857s] -- Up-to-date: /home/timl/ros2_ws/src/install/tutorial_interfaces/share/tutorial_interfaces/cmake/rosidl_cmake_export_typesupport_libraries-extras.cmake
[0.857s] -- Up-to-date: /home/timl/ros2_ws/src/install/tutorial_interfaces/share/tutorial_interfaces/cmake/tutorial_interfacesConfig.cmake
[0.857s] -- Up-to-date: /home/timl/ros2_ws/src/install/tutorial_interfaces/share/tutorial_interfaces/cmake/tutorial_interfacesConfig-version.cmake
[0.857s] -- Up-to-date: /home/timl/ros2_ws/src/install/tutorial_interfaces/share/tutorial_interfaces/package.xml
[0.857s] Invoked command in '/home/timl/ros2_ws/src/build/tutorial_interfaces' returned '0': CMAKE_PREFIX_PATH=${CMAKE_PREFIX_PATH}:/home/timl/ros2_ws/install/py_pubsub:/opt/ros/jazzy /usr/bin/cmake --install /home/timl/ros2_ws/src/build/tutorial_interfaces
