[0.014s] Invoking command in '/home/timl/ros2_ws/build/my_cpp_pkg': CMAKE_PREFIX_PATH=${CMAKE_PREFIX_PATH}:/home/timl/ros2_ws/install/A2:/home/timl/ros2_ws/install/py_pubsub:/home/timl/ros2_ws/install/my_py_pkg:/opt/ros/jazzy /usr/bin/cmake --build /home/timl/ros2_ws/build/my_cpp_pkg -- -j6 -l6
[0.071s] [ 40%] Built target cpp_node
[0.071s] [ 40%] Built target add_two_ints_server
[0.074s] [ 80%] Built target smartphone
[0.075s] [ 80%] Built target robot_news_station
[0.091s] [ 90%] [32mBuilding CXX object CMakeFiles/add_two_ints_client.dir/src/add_two_ints_client.cpp.o[0m
[4.118s] [100%] [32m[1mLinking CXX executable add_two_ints_client[0m
[4.421s] [100%] Built target add_two_ints_client
[4.434s] Invoked command in '/home/timl/ros2_ws/build/my_cpp_pkg' returned '0': CMAKE_PREFIX_PATH=${CMAKE_PREFIX_PATH}:/home/timl/ros2_ws/install/A2:/home/timl/ros2_ws/install/py_pubsub:/home/timl/ros2_ws/install/my_py_pkg:/opt/ros/jazzy /usr/bin/cmake --build /home/timl/ros2_ws/build/my_cpp_pkg -- -j6 -l6
[4.444s] Invoking command in '/home/timl/ros2_ws/build/my_cpp_pkg': CMAKE_PREFIX_PATH=${CMAKE_PREFIX_PATH}:/home/timl/ros2_ws/install/A2:/home/timl/ros2_ws/install/py_pubsub:/home/timl/ros2_ws/install/my_py_pkg:/opt/ros/jazzy /usr/bin/cmake --install /home/timl/ros2_ws/build/my_cpp_pkg
[4.453s] -- Install configuration: ""
[4.453s] -- Up-to-date: /home/timl/ros2_ws/install/my_cpp_pkg/lib/my_cpp_pkg/cpp_node
[4.453s] -- Up-to-date: /home/timl/ros2_ws/install/my_cpp_pkg/lib/my_cpp_pkg/robot_news_station
[4.454s] -- Up-to-date: /home/timl/ros2_ws/install/my_cpp_pkg/lib/my_cpp_pkg/smartphone
[4.454s] -- Up-to-date: /home/timl/ros2_ws/install/my_cpp_pkg/lib/my_cpp_pkg/add_two_ints_server
[4.454s] -- Installing: /home/timl/ros2_ws/install/my_cpp_pkg/lib/my_cpp_pkg/add_two_ints_client
[4.456s] -- Set non-toolchain portion of runtime path of "/home/timl/ros2_ws/install/my_cpp_pkg/lib/my_cpp_pkg/add_two_ints_client" to ""
[4.456s] -- Up-to-date: /home/timl/ros2_ws/install/my_cpp_pkg/share/ament_index/resource_index/package_run_dependencies/my_cpp_pkg
[4.456s] -- Installing: /home/timl/ros2_ws/install/my_cpp_pkg/share/ament_index/resource_index/parent_prefix_path/my_cpp_pkg
[4.457s] -- Up-to-date: /home/timl/ros2_ws/install/my_cpp_pkg/share/my_cpp_pkg/environment/ament_prefix_path.sh
[4.458s] -- Up-to-date: /home/timl/ros2_ws/install/my_cpp_pkg/share/my_cpp_pkg/environment/ament_prefix_path.dsv
[4.458s] -- Up-to-date: /home/timl/ros2_ws/install/my_cpp_pkg/share/my_cpp_pkg/environment/path.sh
[4.458s] -- Up-to-date: /home/timl/ros2_ws/install/my_cpp_pkg/share/my_cpp_pkg/environment/path.dsv
[4.458s] -- Up-to-date: /home/timl/ros2_ws/install/my_cpp_pkg/share/my_cpp_pkg/local_setup.bash
[4.459s] -- Up-to-date: /home/timl/ros2_ws/install/my_cpp_pkg/share/my_cpp_pkg/local_setup.sh
[4.459s] -- Up-to-date: /home/timl/ros2_ws/install/my_cpp_pkg/share/my_cpp_pkg/local_setup.zsh
[4.459s] -- Up-to-date: /home/timl/ros2_ws/install/my_cpp_pkg/share/my_cpp_pkg/local_setup.dsv
[4.459s] -- Installing: /home/timl/ros2_ws/install/my_cpp_pkg/share/my_cpp_pkg/package.dsv
[4.459s] -- Up-to-date: /home/timl/ros2_ws/install/my_cpp_pkg/share/ament_index/resource_index/packages/my_cpp_pkg
[4.459s] -- Up-to-date: /home/timl/ros2_ws/install/my_cpp_pkg/share/my_cpp_pkg/cmake/my_cpp_pkgConfig.cmake
[4.459s] -- Up-to-date: /home/timl/ros2_ws/install/my_cpp_pkg/share/my_cpp_pkg/cmake/my_cpp_pkgConfig-version.cmake
[4.460s] -- Up-to-date: /home/timl/ros2_ws/install/my_cpp_pkg/share/my_cpp_pkg/package.xml
[4.461s] Invoked command in '/home/timl/ros2_ws/build/my_cpp_pkg' returned '0': CMAKE_PREFIX_PATH=${CMAKE_PREFIX_PATH}:/home/timl/ros2_ws/install/A2:/home/timl/ros2_ws/install/py_pubsub:/home/timl/ros2_ws/install/my_py_pkg:/opt/ros/jazzy /usr/bin/cmake --install /home/timl/ros2_ws/build/my_cpp_pkg
