[0.279s] Invoking command in '/home/timl/ros2_ws/src/build/custom_action_cpp': AMENT_PREFIX_PATH=/home/timl/ros2_ws/src/install/custom_action_interfaces:${AMENT_PREFIX_PATH} CMAKE_PREFIX_PATH=/home/timl/ros2_ws/src/install/custom_action_interfaces:/home/timl/ros2_ws/install/polygon_plugins:/home/timl/ros2_ws/install/polygon_base:/home/timl/ros2_ws/install/custom_action_interfaces:/home/timl/ros2_ws/src/install/cpp_parameters:/home/timl/ros2_ws/install/cpp_parameters:/home/timl/ros2_ws/install/more_interfaces:/home/timl/ros2_ws/install/tutorial_interfaces:/home/timl/ros2_ws/install/cpp_srvcli:/home/timl/ros2_ws/install/turtlesim:/home/timl/ros2_ws/install/my_package:/home/timl/ros2_ws/install/cpp_pubsub:/opt/ros/jazzy/opt/sdformat_vendor:/opt/ros/jazzy/opt/gz_math_vendor:/opt/ros/jazzy/opt/gz_utils_vendor:/opt/ros/jazzy/opt/gz_tools_vendor:/opt/ros/jazzy/opt/gz_cmake_vendor:/home/timl/ros2_ws/install/py_pubsub:/opt/ros/jazzy LD_LIBRARY_PATH=/home/timl/ros2_ws/src/install/custom_action_interfaces/lib:${LD_LIBRARY_PATH} PYTHONPATH=/home/timl/ros2_ws/src/install/custom_action_interfaces/lib/python3.12/site-packages:${PYTHONPATH} /usr/bin/cmake /home/timl/ros2_ws/src/custom_action_cpp -DCMAKE_INSTALL_PREFIX=/home/timl/ros2_ws/src/install/custom_action_cpp
[0.504s] -- The C compiler identification is GNU 13.3.0
[1.765s] -- The CXX compiler identification is GNU 13.3.0
[2.661s] -- Detecting C compiler ABI info
[3.313s] -- Detecting C compiler ABI info - done
[3.324s] -- Check for working C compiler: /usr/bin/cc - skipped
[3.324s] -- Detecting C compile features
[3.324s] -- Detecting C compile features - done
[3.578s] -- Detecting CXX compiler ABI info
[4.322s] -- Detecting CXX compiler ABI info - done
[4.323s] -- Check for working CXX compiler: /usr/bin/c++ - skipped
[4.323s] -- Detecting CXX compile features
[4.323s] -- Detecting CXX compile features - done
[4.334s] -- Found ament_cmake: 2.5.3 (/opt/ros/jazzy/share/ament_cmake/cmake)
[4.753s] -- Found Python3: /usr/bin/python3 (found version "3.12.3") found components: Interpreter 
[4.939s] -- Found custom_action_interfaces: 0.0.0 (/home/timl/ros2_ws/src/install/custom_action_interfaces/share/custom_action_interfaces/cmake)
[5.266s] -- Found rosidl_generator_c: 4.6.5 (/opt/ros/jazzy/share/rosidl_generator_c/cmake)
[5.292s] -- Found rosidl_generator_cpp: 4.6.5 (/opt/ros/jazzy/share/rosidl_generator_cpp/cmake)
[5.315s] -- Using all available rosidl_typesupport_c: rosidl_typesupport_fastrtps_c;rosidl_typesupport_introspection_c
[5.346s] -- Using all available rosidl_typesupport_cpp: rosidl_typesupport_fastrtps_cpp;rosidl_typesupport_introspection_cpp
[5.477s] -- Found rclcpp: 28.1.6 (/opt/ros/jazzy/share/rclcpp/cmake)
[5.558s] -- Found rmw_implementation_cmake: 7.3.1 (/opt/ros/jazzy/share/rmw_implementation_cmake/cmake)
[5.564s] -- Found rmw_fastrtps_cpp: 8.4.1 (/opt/ros/jazzy/share/rmw_fastrtps_cpp/cmake)
[5.732s] -- Found OpenSSL: /usr/lib/x86_64-linux-gnu/libcrypto.so (found version "3.0.13")  
[5.999s] -- Found FastRTPS: /opt/ros/jazzy/include (Required is at least version "2.13") 
[6.161s] -- Using RMW implementation 'rmw_fastrtps_cpp' as default
[6.560s] -- Found rclcpp_action: 28.1.6 (/opt/ros/jazzy/share/rclcpp_action/cmake)
[6.607s] -- Found rclcpp_components: 28.1.6 (/opt/ros/jazzy/share/rclcpp_components/cmake)
[6.933s] -- Configuring done (6.6s)
[6.961s] -- Generating done (0.0s)
[6.966s] -- Build files have been written to: /home/timl/ros2_ws/src/build/custom_action_cpp
[6.981s] Invoked command in '/home/timl/ros2_ws/src/build/custom_action_cpp' returned '0': AMENT_PREFIX_PATH=/home/timl/ros2_ws/src/install/custom_action_interfaces:${AMENT_PREFIX_PATH} CMAKE_PREFIX_PATH=/home/timl/ros2_ws/src/install/custom_action_interfaces:/home/timl/ros2_ws/install/polygon_plugins:/home/timl/ros2_ws/install/polygon_base:/home/timl/ros2_ws/install/custom_action_interfaces:/home/timl/ros2_ws/src/install/cpp_parameters:/home/timl/ros2_ws/install/cpp_parameters:/home/timl/ros2_ws/install/more_interfaces:/home/timl/ros2_ws/install/tutorial_interfaces:/home/timl/ros2_ws/install/cpp_srvcli:/home/timl/ros2_ws/install/turtlesim:/home/timl/ros2_ws/install/my_package:/home/timl/ros2_ws/install/cpp_pubsub:/opt/ros/jazzy/opt/sdformat_vendor:/opt/ros/jazzy/opt/gz_math_vendor:/opt/ros/jazzy/opt/gz_utils_vendor:/opt/ros/jazzy/opt/gz_tools_vendor:/opt/ros/jazzy/opt/gz_cmake_vendor:/home/timl/ros2_ws/install/py_pubsub:/opt/ros/jazzy LD_LIBRARY_PATH=/home/timl/ros2_ws/src/install/custom_action_interfaces/lib:${LD_LIBRARY_PATH} PYTHONPATH=/home/timl/ros2_ws/src/install/custom_action_interfaces/lib/python3.12/site-packages:${PYTHONPATH} /usr/bin/cmake /home/timl/ros2_ws/src/custom_action_cpp -DCMAKE_INSTALL_PREFIX=/home/timl/ros2_ws/src/install/custom_action_cpp
[6.981s] Invoking command in '/home/timl/ros2_ws/src/build/custom_action_cpp': AMENT_PREFIX_PATH=/home/timl/ros2_ws/src/install/custom_action_interfaces:${AMENT_PREFIX_PATH} CMAKE_PREFIX_PATH=/home/timl/ros2_ws/src/install/custom_action_interfaces:/home/timl/ros2_ws/install/polygon_plugins:/home/timl/ros2_ws/install/polygon_base:/home/timl/ros2_ws/install/custom_action_interfaces:/home/timl/ros2_ws/src/install/cpp_parameters:/home/timl/ros2_ws/install/cpp_parameters:/home/timl/ros2_ws/install/more_interfaces:/home/timl/ros2_ws/install/tutorial_interfaces:/home/timl/ros2_ws/install/cpp_srvcli:/home/timl/ros2_ws/install/turtlesim:/home/timl/ros2_ws/install/my_package:/home/timl/ros2_ws/install/cpp_pubsub:/opt/ros/jazzy/opt/sdformat_vendor:/opt/ros/jazzy/opt/gz_math_vendor:/opt/ros/jazzy/opt/gz_utils_vendor:/opt/ros/jazzy/opt/gz_tools_vendor:/opt/ros/jazzy/opt/gz_cmake_vendor:/home/timl/ros2_ws/install/py_pubsub:/opt/ros/jazzy LD_LIBRARY_PATH=/home/timl/ros2_ws/src/install/custom_action_interfaces/lib:${LD_LIBRARY_PATH} PYTHONPATH=/home/timl/ros2_ws/src/install/custom_action_interfaces/lib/python3.12/site-packages:${PYTHONPATH} /usr/bin/cmake --build /home/timl/ros2_ws/src/build/custom_action_cpp -- -j6 -l6
[7.059s] [ 25%] [32mBuilding CXX object CMakeFiles/fibonacci_action_server.dir/rclcpp_components/node_main_fibonacci_action_server.cpp.o[0m
[7.070s] [ 50%] [32mBuilding CXX object CMakeFiles/action_server.dir/src/fibonacci_action_server.cpp.o[0m
[11.848s] [ 75%] [32m[1mLinking CXX executable fibonacci_action_server[0m
[12.144s] [ 75%] Built target fibonacci_action_server
[13.209s] [100%] [32m[1mLinking CXX shared library libaction_server.so[0m
[13.657s] [100%] Built target action_server
[13.672s] Invoked command in '/home/timl/ros2_ws/src/build/custom_action_cpp' returned '0': AMENT_PREFIX_PATH=/home/timl/ros2_ws/src/install/custom_action_interfaces:${AMENT_PREFIX_PATH} CMAKE_PREFIX_PATH=/home/timl/ros2_ws/src/install/custom_action_interfaces:/home/timl/ros2_ws/install/polygon_plugins:/home/timl/ros2_ws/install/polygon_base:/home/timl/ros2_ws/install/custom_action_interfaces:/home/timl/ros2_ws/src/install/cpp_parameters:/home/timl/ros2_ws/install/cpp_parameters:/home/timl/ros2_ws/install/more_interfaces:/home/timl/ros2_ws/install/tutorial_interfaces:/home/timl/ros2_ws/install/cpp_srvcli:/home/timl/ros2_ws/install/turtlesim:/home/timl/ros2_ws/install/my_package:/home/timl/ros2_ws/install/cpp_pubsub:/opt/ros/jazzy/opt/sdformat_vendor:/opt/ros/jazzy/opt/gz_math_vendor:/opt/ros/jazzy/opt/gz_utils_vendor:/opt/ros/jazzy/opt/gz_tools_vendor:/opt/ros/jazzy/opt/gz_cmake_vendor:/home/timl/ros2_ws/install/py_pubsub:/opt/ros/jazzy LD_LIBRARY_PATH=/home/timl/ros2_ws/src/install/custom_action_interfaces/lib:${LD_LIBRARY_PATH} PYTHONPATH=/home/timl/ros2_ws/src/install/custom_action_interfaces/lib/python3.12/site-packages:${PYTHONPATH} /usr/bin/cmake --build /home/timl/ros2_ws/src/build/custom_action_cpp -- -j6 -l6
[13.673s] Invoking command in '/home/timl/ros2_ws/src/build/custom_action_cpp': AMENT_PREFIX_PATH=/home/timl/ros2_ws/src/install/custom_action_interfaces:${AMENT_PREFIX_PATH} CMAKE_PREFIX_PATH=/home/timl/ros2_ws/src/install/custom_action_interfaces:/home/timl/ros2_ws/install/polygon_plugins:/home/timl/ros2_ws/install/polygon_base:/home/timl/ros2_ws/install/custom_action_interfaces:/home/timl/ros2_ws/src/install/cpp_parameters:/home/timl/ros2_ws/install/cpp_parameters:/home/timl/ros2_ws/install/more_interfaces:/home/timl/ros2_ws/install/tutorial_interfaces:/home/timl/ros2_ws/install/cpp_srvcli:/home/timl/ros2_ws/install/turtlesim:/home/timl/ros2_ws/install/my_package:/home/timl/ros2_ws/install/cpp_pubsub:/opt/ros/jazzy/opt/sdformat_vendor:/opt/ros/jazzy/opt/gz_math_vendor:/opt/ros/jazzy/opt/gz_utils_vendor:/opt/ros/jazzy/opt/gz_tools_vendor:/opt/ros/jazzy/opt/gz_cmake_vendor:/home/timl/ros2_ws/install/py_pubsub:/opt/ros/jazzy LD_LIBRARY_PATH=/home/timl/ros2_ws/src/install/custom_action_interfaces/lib:${LD_LIBRARY_PATH} PYTHONPATH=/home/timl/ros2_ws/src/install/custom_action_interfaces/lib/python3.12/site-packages:${PYTHONPATH} /usr/bin/cmake --install /home/timl/ros2_ws/src/build/custom_action_cpp
[13.680s] -- Install configuration: ""
[13.684s] -- Installing: /home/timl/ros2_ws/src/install/custom_action_cpp/lib/custom_action_cpp/fibonacci_action_server
[13.689s] -- Set non-toolchain portion of runtime path of "/home/timl/ros2_ws/src/install/custom_action_cpp/lib/custom_action_cpp/fibonacci_action_server" to ""
[13.689s] -- Installing: /home/timl/ros2_ws/src/install/custom_action_cpp/lib/libaction_server.so
[13.691s] -- Set non-toolchain portion of runtime path of "/home/timl/ros2_ws/src/install/custom_action_cpp/lib/libaction_server.so" to ""
[13.692s] -- Installing: /home/timl/ros2_ws/src/install/custom_action_cpp/share/ament_index/resource_index/package_run_dependencies/custom_action_cpp
[13.692s] -- Installing: /home/timl/ros2_ws/src/install/custom_action_cpp/share/ament_index/resource_index/parent_prefix_path/custom_action_cpp
[13.693s] -- Installing: /home/timl/ros2_ws/src/install/custom_action_cpp/share/custom_action_cpp/environment/ament_prefix_path.sh
[13.693s] -- Installing: /home/timl/ros2_ws/src/install/custom_action_cpp/share/custom_action_cpp/environment/ament_prefix_path.dsv
[13.693s] -- Installing: /home/timl/ros2_ws/src/install/custom_action_cpp/share/custom_action_cpp/environment/path.sh
[13.694s] -- Installing: /home/timl/ros2_ws/src/install/custom_action_cpp/share/custom_action_cpp/environment/path.dsv
[13.695s] -- Installing: /home/timl/ros2_ws/src/install/custom_action_cpp/share/custom_action_cpp/local_setup.bash
[13.695s] -- Installing: /home/timl/ros2_ws/src/install/custom_action_cpp/share/custom_action_cpp/local_setup.sh
[13.696s] -- Installing: /home/timl/ros2_ws/src/install/custom_action_cpp/share/custom_action_cpp/local_setup.zsh
[13.696s] -- Installing: /home/timl/ros2_ws/src/install/custom_action_cpp/share/custom_action_cpp/local_setup.dsv
[13.696s] -- Installing: /home/timl/ros2_ws/src/install/custom_action_cpp/share/custom_action_cpp/package.dsv
[13.696s] -- Installing: /home/timl/ros2_ws/src/install/custom_action_cpp/share/ament_index/resource_index/packages/custom_action_cpp
[13.696s] -- Installing: /home/timl/ros2_ws/src/install/custom_action_cpp/share/ament_index/resource_index/rclcpp_components/custom_action_cpp
[13.696s] -- Installing: /home/timl/ros2_ws/src/install/custom_action_cpp/share/custom_action_cpp/cmake/custom_action_cppConfig.cmake
[13.696s] -- Installing: /home/timl/ros2_ws/src/install/custom_action_cpp/share/custom_action_cpp/cmake/custom_action_cppConfig-version.cmake
[13.696s] -- Installing: /home/timl/ros2_ws/src/install/custom_action_cpp/share/custom_action_cpp/package.xml
[13.700s] Invoked command in '/home/timl/ros2_ws/src/build/custom_action_cpp' returned '0': AMENT_PREFIX_PATH=/home/timl/ros2_ws/src/install/custom_action_interfaces:${AMENT_PREFIX_PATH} CMAKE_PREFIX_PATH=/home/timl/ros2_ws/src/install/custom_action_interfaces:/home/timl/ros2_ws/install/polygon_plugins:/home/timl/ros2_ws/install/polygon_base:/home/timl/ros2_ws/install/custom_action_interfaces:/home/timl/ros2_ws/src/install/cpp_parameters:/home/timl/ros2_ws/install/cpp_parameters:/home/timl/ros2_ws/install/more_interfaces:/home/timl/ros2_ws/install/tutorial_interfaces:/home/timl/ros2_ws/install/cpp_srvcli:/home/timl/ros2_ws/install/turtlesim:/home/timl/ros2_ws/install/my_package:/home/timl/ros2_ws/install/cpp_pubsub:/opt/ros/jazzy/opt/sdformat_vendor:/opt/ros/jazzy/opt/gz_math_vendor:/opt/ros/jazzy/opt/gz_utils_vendor:/opt/ros/jazzy/opt/gz_tools_vendor:/opt/ros/jazzy/opt/gz_cmake_vendor:/home/timl/ros2_ws/install/py_pubsub:/opt/ros/jazzy LD_LIBRARY_PATH=/home/timl/ros2_ws/src/install/custom_action_interfaces/lib:${LD_LIBRARY_PATH} PYTHONPATH=/home/timl/ros2_ws/src/install/custom_action_interfaces/lib/python3.12/site-packages:${PYTHONPATH} /usr/bin/cmake --install /home/timl/ros2_ws/src/build/custom_action_cpp
