[0.016s] Invoking command in '/home/timl/ros2_ws/build/my_cpp_pkg': CMAKE_PREFIX_PATH=${CMAKE_PREFIX_PATH}:/home/timl/ros2_ws/install/py_pubsub:/home/timl/ros2_ws/install/my_py_pkg:/opt/ros/jazzy /usr/bin/cmake --build /home/timl/ros2_ws/build/my_cpp_pkg -- -j6 -l6
[0.081s] -- Found ament_cmake: 2.5.3 (/opt/ros/jazzy/share/ament_cmake/cmake)
[0.304s] -- Found rclcpp: 28.1.6 (/opt/ros/jazzy/share/rclcpp/cmake)
[0.616s] -- Found rosidl_generator_c: 4.6.5 (/opt/ros/jazzy/share/rosidl_generator_c/cmake)
[0.635s] -- Found rosidl_generator_cpp: 4.6.5 (/opt/ros/jazzy/share/rosidl_generator_cpp/cmake)
[0.665s] -- Using all available rosidl_typesupport_c: rosidl_typesupport_fastrtps_c;rosidl_typesupport_introspection_c
[0.693s] -- Using all available rosidl_typesupport_cpp: rosidl_typesupport_fastrtps_cpp;rosidl_typesupport_introspection_cpp
[0.821s] -- Found rmw_implementation_cmake: 7.3.1 (/opt/ros/jazzy/share/rmw_implementation_cmake/cmake)
[0.827s] -- Found rmw_fastrtps_cpp: 8.4.1 (/opt/ros/jazzy/share/rmw_fastrtps_cpp/cmake)
[1.177s] -- Using RMW implementation 'rmw_fastrtps_cpp' as default
[1.598s] -- Configuring done (1.5s)
[1.623s] -- Generating done (0.0s)
[1.629s] -- Build files have been written to: /home/timl/ros2_ws/build/my_cpp_pkg
[1.664s] [ 50%] [32mBuilding CXX object CMakeFiles/cpp_node.dir/src/my_first_node.cpp.o[0m
[4.150s] [01m[K/home/timl/ros2_ws/src/my_cpp_pkg/src/my_first_node.cpp:[m[K In function ‘[01m[Kint[01;32m[K main[m[K(int, char**)[m[K’:
[4.150s] [01m[K/home/timl/ros2_ws/src/my_cpp_pkg/src/my_first_node.cpp:8:5:[m[K [01;31m[Kerror: [m[Kexpected ‘[01m[K;[m[K’ before ‘[01m[Krclcpp[m[K’
[4.151s]     8 |     [01;31m[Krclcpp[m[K::shutdown();
[4.151s]       |     [01;31m[K^~~~~~[m[K
[4.759s] In file included from [01m[K/usr/include/c++/13/bits/stl_tempbuf.h:61[m[K,
[4.759s]                  from [01m[K/usr/include/c++/13/memory:66[m[K,
[4.759s]                  from [01m[K/opt/ros/jazzy/include/rclcpp/rclcpp/rclcpp.hpp:169[m[K,
[4.759s]                  from [01m[K/home/timl/ros2_ws/src/my_cpp_pkg/src/my_first_node.cpp:1[m[K:
[4.759s] /usr/include/c++/13/bits/stl_construct.h: In instantiation of ‘[01m[Kvoid std::[01;32m[K_Construct[m[K(_Tp*, _Args&& ...) [35m[K[with _Tp = rclcpp::Node; _Args = {}][m[K[m[K’:
[4.759s] [01m[K/usr/include/c++/13/bits/alloc_traits.h:661:19:[m[K   required from ‘[01m[Kstatic void std::allocator_traits<std::allocator<void> >::[01;32m[Kconstruct[m[K(allocator_type&, _Up*, _Args&& ...) [35m[K[with _Up = rclcpp::Node; _Args = {}; allocator_type = std::allocator<void>][m[K[m[K’
[4.759s] [01m[K/usr/include/c++/13/bits/shared_ptr_base.h:604:39:[m[K   required from ‘[01m[Kstd::_Sp_counted_ptr_inplace<_Tp, _Alloc, _Lp>::[01;32m[K_Sp_counted_ptr_inplace[m[K(_Alloc, _Args&& ...) [35m[K[with _Args = {}; _Tp = rclcpp::Node; _Alloc = std::allocator<void>; __gnu_cxx::_Lock_policy _Lp = __gnu_cxx::_S_atomic][m[K[m[K’
[4.759s] [01m[K/usr/include/c++/13/bits/shared_ptr_base.h:971:16:[m[K   required from ‘[01m[Kstd::__shared_count<_Lp>::[01;32m[K__shared_count[m[K(_Tp*&, std::_Sp_alloc_shared_tag<_Alloc>, _Args&& ...) [35m[K[with _Tp = rclcpp::Node; _Alloc = std::allocator<void>; _Args = {}; __gnu_cxx::_Lock_policy _Lp = __gnu_cxx::_S_atomic][m[K[m[K’
[4.759s] [01m[K/usr/include/c++/13/bits/shared_ptr_base.h:1712:14:[m[K   required from ‘[01m[Kstd::__shared_ptr<_Tp, _Lp>::[01;32m[K__shared_ptr[m[K(std::_Sp_alloc_shared_tag<_Tp>, _Args&& ...) [35m[K[with _Alloc = std::allocator<void>; _Args = {}; _Tp = rclcpp::Node; __gnu_cxx::_Lock_policy _Lp = __gnu_cxx::_S_atomic][m[K[m[K’
[4.759s] [01m[K/usr/include/c++/13/bits/shared_ptr.h:464:59:[m[K   required from ‘[01m[Kstd::shared_ptr<_Tp>::[01;32m[Kshared_ptr[m[K(std::_Sp_alloc_shared_tag<_Tp>, _Args&& ...) [35m[K[with _Alloc = std::allocator<void>; _Args = {}; _Tp = rclcpp::Node][m[K[m[K’
[4.759s] [01m[K/usr/include/c++/13/bits/shared_ptr.h:1009:14:[m[K   required from ‘[01m[Kstd::shared_ptr<typename std::enable_if<(! std::is_array< <template-parameter-1-1> >::value), _Tp>::type> std::[01;32m[Kmake_shared[m[K(_Args&& ...) [35m[K[with _Tp = rclcpp::Node; _Args = {}; typename enable_if<(! is_array< <template-parameter-1-1> >::value), _Tp>::type = rclcpp::Node][m[K[m[K’
[4.759s] [01m[K/home/timl/ros2_ws/src/my_cpp_pkg/src/my_first_node.cpp:6:47:[m[K   required from here
[4.759s] [01m[K/usr/include/c++/13/bits/stl_construct.h:119:7:[m[K [01;31m[Kerror: [m[Kno matching function for call to ‘[01m[Krclcpp::Node::Node()[m[K’
[4.760s]   119 |       [01;31m[K::new((void*)__p) _Tp(std::forward<_Args>(__args)...)[m[K;
[4.760s]       |       [01;31m[K^~~~~~~~~~~~~~~~~~~~~~~~~~~~~~~~~~~~~~~~~~~~~~~~~~~~~[m[K
[4.760s] In file included from [01m[K/opt/ros/jazzy/include/rclcpp/rclcpp/executors/single_threaded_executor.hpp:28[m[K,
[4.760s]                  from [01m[K/opt/ros/jazzy/include/rclcpp/rclcpp/executors.hpp:22[m[K,
[4.760s]                  from [01m[K/opt/ros/jazzy/include/rclcpp/rclcpp/rclcpp.hpp:172[m[K:
[4.760s] [01m[K/opt/ros/jazzy/include/rclcpp/rclcpp/node.hpp:1629:3:[m[K [01;36m[Knote: [m[Kcandidate: ‘[01m[Krclcpp::Node::[01;32m[KNode[m[K(const rclcpp::Node&, const std::string&)[m[K’
[4.760s]  1629 |   [01;36m[KNode[m[K(
[4.760s]       |   [01;36m[K^~~~[m[K
[4.761s] [01m[K/opt/ros/jazzy/include/rclcpp/rclcpp/node.hpp:1629:3:[m[K [01;36m[Knote: [m[K  candidate expects 2 arguments, 0 provided
[4.761s] [01m[K/opt/ros/jazzy/include/rclcpp/rclcpp/node.hpp:103:12:[m[K [01;36m[Knote: [m[Kcandidate: ‘[01m[Krclcpp::Node::[01;32m[KNode[m[K(const std::string&, const std::string&, const rclcpp::NodeOptions&)[m[K’
[4.762s]   103 |   explicit [01;36m[KNode[m[K(
[4.762s]       |            [01;36m[K^~~~[m[K
[4.762s] [01m[K/opt/ros/jazzy/include/rclcpp/rclcpp/node.hpp:103:12:[m[K [01;36m[Knote: [m[K  candidate expects 3 arguments, 0 provided
[4.762s] [01m[K/opt/ros/jazzy/include/rclcpp/rclcpp/node.hpp:91:12:[m[K [01;36m[Knote: [m[Kcandidate: ‘[01m[Krclcpp::Node::[01;32m[KNode[m[K(const std::string&, const rclcpp::NodeOptions&)[m[K’
[4.762s]    91 |   explicit [01;36m[KNode[m[K(
[4.762s]       |            [01;36m[K^~~~[m[K
[4.762s] [01m[K/opt/ros/jazzy/include/rclcpp/rclcpp/node.hpp:91:12:[m[K [01;36m[Knote: [m[K  candidate expects 2 arguments, 0 provided
[4.864s] gmake[2]: *** [CMakeFiles/cpp_node.dir/build.make:76: CMakeFiles/cpp_node.dir/src/my_first_node.cpp.o] Error 1
[4.864s] gmake[1]: *** [CMakeFiles/Makefile2:137: CMakeFiles/cpp_node.dir/all] Error 2
[4.864s] gmake: *** [Makefile:146: all] Error 2
[4.867s] Invoked command in '/home/timl/ros2_ws/build/my_cpp_pkg' returned '2': CMAKE_PREFIX_PATH=${CMAKE_PREFIX_PATH}:/home/timl/ros2_ws/install/py_pubsub:/home/timl/ros2_ws/install/my_py_pkg:/opt/ros/jazzy /usr/bin/cmake --build /home/timl/ros2_ws/build/my_cpp_pkg -- -j6 -l6
