[1.500s] Invoking command in '/home/timl/ros2_ws/src/py_pubsub': PYTHONPATH=/home/timl/ros2_ws/build/py_pubsub/prefix_override:/usr/lib/python3/dist-packages/colcon_core/task/python/colcon_distutils_commands:/home/timl/ros2_ws/install/py_pubsub/lib/python3.12/site-packages:${PYTHONPATH} /usr/bin/python3 -W ignore:setup.py install is deprecated -W ignore:easy_install command is deprecated setup.py egg_info --egg-base ../../build/py_pubsub build --build-base /home/timl/ros2_ws/build/py_pubsub/build install --record /home/timl/ros2_ws/build/py_pubsub/install.log --single-version-externally-managed install_data
[1.829s] running egg_info
[1.829s] creating ../../build/py_pubsub/py_pubsub.egg-info
[1.853s] writing ../../build/py_pubsub/py_pubsub.egg-info/PKG-INFO
[1.853s] writing dependency_links to ../../build/py_pubsub/py_pubsub.egg-info/dependency_links.txt
[1.854s] writing entry points to ../../build/py_pubsub/py_pubsub.egg-info/entry_points.txt
[1.854s] writing requirements to ../../build/py_pubsub/py_pubsub.egg-info/requires.txt
[1.854s] writing top-level names to ../../build/py_pubsub/py_pubsub.egg-info/top_level.txt
[1.854s] writing manifest file '../../build/py_pubsub/py_pubsub.egg-info/SOURCES.txt'
[1.909s] reading manifest file '../../build/py_pubsub/py_pubsub.egg-info/SOURCES.txt'
[1.910s] writing manifest file '../../build/py_pubsub/py_pubsub.egg-info/SOURCES.txt'
[1.910s] running build
[1.910s] running build_py
[1.911s] creating /home/timl/ros2_ws/build/py_pubsub/build
[1.911s] creating /home/timl/ros2_ws/build/py_pubsub/build/lib
[1.911s] creating /home/timl/ros2_ws/build/py_pubsub/build/lib/py_pubsub
[1.911s] copying py_pubsub/publisher_member_function.py -> /home/timl/ros2_ws/build/py_pubsub/build/lib/py_pubsub
[1.911s] copying py_pubsub/subscriber_member_function.py -> /home/timl/ros2_ws/build/py_pubsub/build/lib/py_pubsub
[1.911s] copying py_pubsub/__init__.py -> /home/timl/ros2_ws/build/py_pubsub/build/lib/py_pubsub
[1.912s] running install
[1.918s] running install_lib
[1.944s] creating /home/timl/ros2_ws/install/py_pubsub/lib/python3.12/site-packages/py_pubsub
[1.944s] copying /home/timl/ros2_ws/build/py_pubsub/build/lib/py_pubsub/publisher_member_function.py -> /home/timl/ros2_ws/install/py_pubsub/lib/python3.12/site-packages/py_pubsub
[1.945s] copying /home/timl/ros2_ws/build/py_pubsub/build/lib/py_pubsub/subscriber_member_function.py -> /home/timl/ros2_ws/install/py_pubsub/lib/python3.12/site-packages/py_pubsub
[1.945s] copying /home/timl/ros2_ws/build/py_pubsub/build/lib/py_pubsub/__init__.py -> /home/timl/ros2_ws/install/py_pubsub/lib/python3.12/site-packages/py_pubsub
[1.946s] byte-compiling /home/timl/ros2_ws/install/py_pubsub/lib/python3.12/site-packages/py_pubsub/publisher_member_function.py to publisher_member_function.cpython-312.pyc
[1.946s] byte-compiling /home/timl/ros2_ws/install/py_pubsub/lib/python3.12/site-packages/py_pubsub/subscriber_member_function.py to subscriber_member_function.cpython-312.pyc
[1.947s] byte-compiling /home/timl/ros2_ws/install/py_pubsub/lib/python3.12/site-packages/py_pubsub/__init__.py to __init__.cpython-312.pyc
[1.947s] running install_data
[1.947s] creating /home/timl/ros2_ws/install/py_pubsub/share/ament_index
[1.948s] creating /home/timl/ros2_ws/install/py_pubsub/share/ament_index/resource_index
[1.948s] creating /home/timl/ros2_ws/install/py_pubsub/share/ament_index/resource_index/packages
[1.948s] copying resource/py_pubsub -> /home/timl/ros2_ws/install/py_pubsub/share/ament_index/resource_index/packages
[1.948s] copying package.xml -> /home/timl/ros2_ws/install/py_pubsub/share/py_pubsub
[1.949s] running install_egg_info
[1.977s] Copying ../../build/py_pubsub/py_pubsub.egg-info to /home/timl/ros2_ws/install/py_pubsub/lib/python3.12/site-packages/py_pubsub-0.0.0-py3.12.egg-info
[1.978s] running install_scripts
[2.146s] Installing listener script to /home/timl/ros2_ws/install/py_pubsub/lib/py_pubsub
[2.146s] Installing talker script to /home/timl/ros2_ws/install/py_pubsub/lib/py_pubsub
[2.146s] writing list of installed files to '/home/timl/ros2_ws/build/py_pubsub/install.log'
[2.179s] Invoked command in '/home/timl/ros2_ws/src/py_pubsub' returned '0': PYTHONPATH=/home/timl/ros2_ws/build/py_pubsub/prefix_override:/usr/lib/python3/dist-packages/colcon_core/task/python/colcon_distutils_commands:/home/timl/ros2_ws/install/py_pubsub/lib/python3.12/site-packages:${PYTHONPATH} /usr/bin/python3 -W ignore:setup.py install is deprecated -W ignore:easy_install command is deprecated setup.py egg_info --egg-base ../../build/py_pubsub build --build-base /home/timl/ros2_ws/build/py_pubsub/build install --record /home/timl/ros2_ws/build/py_pubsub/install.log --single-version-externally-managed install_data
