[0.122s] Invoking command in '/home/timl/ros2_ws/build/polygon_plugins': AMENT_PREFIX_PATH=/home/timl/ros2_ws/install/polygon_base:${AMENT_PREFIX_PATH} CMAKE_PREFIX_PATH=/home/timl/ros2_ws/install/polygon_base:/home/timl/ros2_ws/src/install/cpp_parameters:/home/timl/ros2_ws/install/cpp_parameters:/home/timl/ros2_ws/install/more_interfaces:/home/timl/ros2_ws/install/tutorial_interfaces:/home/timl/ros2_ws/install/cpp_srvcli:/home/timl/ros2_ws/install/turtlesim:/home/timl/ros2_ws/install/my_package:/home/timl/ros2_ws/install/cpp_pubsub:/opt/ros/jazzy/opt/sdformat_vendor:/opt/ros/jazzy/opt/gz_math_vendor:/opt/ros/jazzy/opt/gz_utils_vendor:/opt/ros/jazzy/opt/gz_tools_vendor:/opt/ros/jazzy/opt/gz_cmake_vendor:/home/timl/ros2_ws/install/py_pubsub:/opt/ros/jazzy /usr/bin/cmake /home/timl/ros2_ws/src/polygon_plugins -DCMAKE_INSTALL_PREFIX=/home/timl/ros2_ws/install/polygon_plugins
[0.400s] -- The C compiler identification is GNU 13.3.0
[1.560s] -- The CXX compiler identification is GNU 13.3.0
[2.369s] -- Detecting C compiler ABI info
[2.674s] -- Detecting C compiler ABI info - done
[2.683s] -- Check for working C compiler: /usr/bin/cc - skipped
[2.684s] -- Detecting C compile features
[2.684s] -- Detecting C compile features - done
[2.784s] -- Detecting CXX compiler ABI info
[3.145s] -- Detecting CXX compiler ABI info - done
[3.155s] -- Check for working CXX compiler: /usr/bin/c++ - skipped
[3.155s] -- Detecting CXX compile features
[3.155s] -- Detecting CXX compile features - done
[3.159s] -- Found ament_cmake: 2.5.3 (/opt/ros/jazzy/share/ament_cmake/cmake)
[3.319s] -- Found Python3: /usr/bin/python3 (found version "3.12.3") found components: Interpreter 
[3.447s] -- Found ament_cmake_ros: 0.12.0 (/opt/ros/jazzy/share/ament_cmake_ros/cmake)
[3.458s] -- Found polygon_base: 0.0.0 (/home/timl/ros2_ws/install/polygon_base/share/polygon_base/cmake)
[3.461s] -- Found pluginlib: 5.4.2 (/opt/ros/jazzy/share/pluginlib/cmake)
[3.705s] -- Found TinyXML2 via Config file: /usr/lib/x86_64-linux-gnu/cmake/tinyxml2
[3.709s] -- Found ament_lint_auto: 0.17.1 (/opt/ros/jazzy/share/ament_lint_auto/cmake)
[3.841s] -- Added test 'cppcheck' to perform static code analysis on C / C++ code
[3.841s] -- Configured cppcheck include dirs: $<BUILD_INTERFACE:/home/timl/ros2_ws/src/polygon_plugins/include>
[3.841s] -- Configured cppcheck exclude dirs and/or files: 
[3.842s] -- Added test 'lint_cmake' to check CMake code style
[3.844s] -- Added test 'uncrustify' to check C / C++ code style
[3.844s] -- Configured uncrustify additional arguments: 
[3.845s] -- Added test 'xmllint' to check XML markup files
[3.852s] -- Configuring done (3.7s)
[3.862s] -- Generating done (0.0s)
[3.865s] -- Build files have been written to: /home/timl/ros2_ws/build/polygon_plugins
[3.873s] Invoked command in '/home/timl/ros2_ws/build/polygon_plugins' returned '0': AMENT_PREFIX_PATH=/home/timl/ros2_ws/install/polygon_base:${AMENT_PREFIX_PATH} CMAKE_PREFIX_PATH=/home/timl/ros2_ws/install/polygon_base:/home/timl/ros2_ws/src/install/cpp_parameters:/home/timl/ros2_ws/install/cpp_parameters:/home/timl/ros2_ws/install/more_interfaces:/home/timl/ros2_ws/install/tutorial_interfaces:/home/timl/ros2_ws/install/cpp_srvcli:/home/timl/ros2_ws/install/turtlesim:/home/timl/ros2_ws/install/my_package:/home/timl/ros2_ws/install/cpp_pubsub:/opt/ros/jazzy/opt/sdformat_vendor:/opt/ros/jazzy/opt/gz_math_vendor:/opt/ros/jazzy/opt/gz_utils_vendor:/opt/ros/jazzy/opt/gz_tools_vendor:/opt/ros/jazzy/opt/gz_cmake_vendor:/home/timl/ros2_ws/install/py_pubsub:/opt/ros/jazzy /usr/bin/cmake /home/timl/ros2_ws/src/polygon_plugins -DCMAKE_INSTALL_PREFIX=/home/timl/ros2_ws/install/polygon_plugins
[3.875s] Invoking command in '/home/timl/ros2_ws/build/polygon_plugins': AMENT_PREFIX_PATH=/home/timl/ros2_ws/install/polygon_base:${AMENT_PREFIX_PATH} CMAKE_PREFIX_PATH=/home/timl/ros2_ws/install/polygon_base:/home/timl/ros2_ws/src/install/cpp_parameters:/home/timl/ros2_ws/install/cpp_parameters:/home/timl/ros2_ws/install/more_interfaces:/home/timl/ros2_ws/install/tutorial_interfaces:/home/timl/ros2_ws/install/cpp_srvcli:/home/timl/ros2_ws/install/turtlesim:/home/timl/ros2_ws/install/my_package:/home/timl/ros2_ws/install/cpp_pubsub:/opt/ros/jazzy/opt/sdformat_vendor:/opt/ros/jazzy/opt/gz_math_vendor:/opt/ros/jazzy/opt/gz_utils_vendor:/opt/ros/jazzy/opt/gz_tools_vendor:/opt/ros/jazzy/opt/gz_cmake_vendor:/home/timl/ros2_ws/install/py_pubsub:/opt/ros/jazzy /usr/bin/cmake --build /home/timl/ros2_ws/build/polygon_plugins -- -j6 -l6
[3.925s] [ 50%] [32mBuilding CXX object CMakeFiles/polygon_plugins.dir/src/polygon_plugins.cpp.o[0m
[4.645s] [100%] [32m[1mLinking CXX shared library libpolygon_plugins.so[0m
[4.841s] [100%] Built target polygon_plugins
[4.855s] Invoked command in '/home/timl/ros2_ws/build/polygon_plugins' returned '0': AMENT_PREFIX_PATH=/home/timl/ros2_ws/install/polygon_base:${AMENT_PREFIX_PATH} CMAKE_PREFIX_PATH=/home/timl/ros2_ws/install/polygon_base:/home/timl/ros2_ws/src/install/cpp_parameters:/home/timl/ros2_ws/install/cpp_parameters:/home/timl/ros2_ws/install/more_interfaces:/home/timl/ros2_ws/install/tutorial_interfaces:/home/timl/ros2_ws/install/cpp_srvcli:/home/timl/ros2_ws/install/turtlesim:/home/timl/ros2_ws/install/my_package:/home/timl/ros2_ws/install/cpp_pubsub:/opt/ros/jazzy/opt/sdformat_vendor:/opt/ros/jazzy/opt/gz_math_vendor:/opt/ros/jazzy/opt/gz_utils_vendor:/opt/ros/jazzy/opt/gz_tools_vendor:/opt/ros/jazzy/opt/gz_cmake_vendor:/home/timl/ros2_ws/install/py_pubsub:/opt/ros/jazzy /usr/bin/cmake --build /home/timl/ros2_ws/build/polygon_plugins -- -j6 -l6
[4.857s] Invoking command in '/home/timl/ros2_ws/build/polygon_plugins': AMENT_PREFIX_PATH=/home/timl/ros2_ws/install/polygon_base:${AMENT_PREFIX_PATH} CMAKE_PREFIX_PATH=/home/timl/ros2_ws/install/polygon_base:/home/timl/ros2_ws/src/install/cpp_parameters:/home/timl/ros2_ws/install/cpp_parameters:/home/timl/ros2_ws/install/more_interfaces:/home/timl/ros2_ws/install/tutorial_interfaces:/home/timl/ros2_ws/install/cpp_srvcli:/home/timl/ros2_ws/install/turtlesim:/home/timl/ros2_ws/install/my_package:/home/timl/ros2_ws/install/cpp_pubsub:/opt/ros/jazzy/opt/sdformat_vendor:/opt/ros/jazzy/opt/gz_math_vendor:/opt/ros/jazzy/opt/gz_utils_vendor:/opt/ros/jazzy/opt/gz_tools_vendor:/opt/ros/jazzy/opt/gz_cmake_vendor:/home/timl/ros2_ws/install/py_pubsub:/opt/ros/jazzy /usr/bin/cmake --install /home/timl/ros2_ws/build/polygon_plugins
[4.864s] -- Install configuration: ""
[4.864s] -- Installing: /home/timl/ros2_ws/install/polygon_plugins/include/polygon_plugins
[4.865s] -- Installing: /home/timl/ros2_ws/install/polygon_plugins/include/polygon_plugins/polygon_plugins
[4.865s] -- Installing: /home/timl/ros2_ws/install/polygon_plugins/include/polygon_plugins/polygon_plugins/polygon_plugins.hpp
[4.865s] -- Installing: /home/timl/ros2_ws/install/polygon_plugins/include/polygon_plugins/polygon_plugins/visibility_control.h
[4.866s] -- Installing: /home/timl/ros2_ws/install/polygon_plugins/lib/libpolygon_plugins.so
[4.866s] -- Set non-toolchain portion of runtime path of "/home/timl/ros2_ws/install/polygon_plugins/lib/libpolygon_plugins.so" to ""
[4.867s] -- Installing: /home/timl/ros2_ws/install/polygon_plugins/share/polygon_plugins/environment/library_path.sh
[4.867s] -- Installing: /home/timl/ros2_ws/install/polygon_plugins/share/polygon_plugins/environment/library_path.dsv
[4.867s] -- Installing: /home/timl/ros2_ws/install/polygon_plugins/share/polygon_plugins/plugins.xml
[4.868s] -- Installing: /home/timl/ros2_ws/install/polygon_plugins/share/ament_index/resource_index/package_run_dependencies/polygon_plugins
[4.868s] -- Installing: /home/timl/ros2_ws/install/polygon_plugins/share/ament_index/resource_index/parent_prefix_path/polygon_plugins
[4.869s] -- Installing: /home/timl/ros2_ws/install/polygon_plugins/share/polygon_plugins/environment/ament_prefix_path.sh
[4.869s] -- Installing: /home/timl/ros2_ws/install/polygon_plugins/share/polygon_plugins/environment/ament_prefix_path.dsv
[4.869s] -- Installing: /home/timl/ros2_ws/install/polygon_plugins/share/polygon_plugins/environment/path.sh
[4.869s] -- Installing: /home/timl/ros2_ws/install/polygon_plugins/share/polygon_plugins/environment/path.dsv
[4.869s] -- Installing: /home/timl/ros2_ws/install/polygon_plugins/share/polygon_plugins/local_setup.bash
[4.869s] -- Installing: /home/timl/ros2_ws/install/polygon_plugins/share/polygon_plugins/local_setup.sh
[4.870s] -- Installing: /home/timl/ros2_ws/install/polygon_plugins/share/polygon_plugins/local_setup.zsh
[4.870s] -- Installing: /home/timl/ros2_ws/install/polygon_plugins/share/polygon_plugins/local_setup.dsv
[4.870s] -- Installing: /home/timl/ros2_ws/install/polygon_plugins/share/polygon_plugins/package.dsv
[4.870s] -- Installing: /home/timl/ros2_ws/install/polygon_plugins/share/ament_index/resource_index/packages/polygon_plugins
[4.871s] -- Installing: /home/timl/ros2_ws/install/polygon_plugins/share/ament_index/resource_index/polygon_base__pluginlib__plugin/polygon_plugins
[4.871s] -- Installing: /home/timl/ros2_ws/install/polygon_plugins/share/polygon_plugins/cmake/export_polygon_pluginsExport.cmake
[4.871s] -- Installing: /home/timl/ros2_ws/install/polygon_plugins/share/polygon_plugins/cmake/export_polygon_pluginsExport-noconfig.cmake
[4.871s] -- Installing: /home/timl/ros2_ws/install/polygon_plugins/share/polygon_plugins/cmake/ament_cmake_export_include_directories-extras.cmake
[4.872s] -- Installing: /home/timl/ros2_ws/install/polygon_plugins/share/polygon_plugins/cmake/ament_cmake_export_libraries-extras.cmake
[4.872s] -- Installing: /home/timl/ros2_ws/install/polygon_plugins/share/polygon_plugins/cmake/ament_cmake_export_targets-extras.cmake
[4.872s] -- Installing: /home/timl/ros2_ws/install/polygon_plugins/share/polygon_plugins/cmake/polygon_pluginsConfig.cmake
[4.872s] -- Installing: /home/timl/ros2_ws/install/polygon_plugins/share/polygon_plugins/cmake/polygon_pluginsConfig-version.cmake
[4.872s] -- Installing: /home/timl/ros2_ws/install/polygon_plugins/share/polygon_plugins/package.xml
[4.875s] Invoked command in '/home/timl/ros2_ws/build/polygon_plugins' returned '0': AMENT_PREFIX_PATH=/home/timl/ros2_ws/install/polygon_base:${AMENT_PREFIX_PATH} CMAKE_PREFIX_PATH=/home/timl/ros2_ws/install/polygon_base:/home/timl/ros2_ws/src/install/cpp_parameters:/home/timl/ros2_ws/install/cpp_parameters:/home/timl/ros2_ws/install/more_interfaces:/home/timl/ros2_ws/install/tutorial_interfaces:/home/timl/ros2_ws/install/cpp_srvcli:/home/timl/ros2_ws/install/turtlesim:/home/timl/ros2_ws/install/my_package:/home/timl/ros2_ws/install/cpp_pubsub:/opt/ros/jazzy/opt/sdformat_vendor:/opt/ros/jazzy/opt/gz_math_vendor:/opt/ros/jazzy/opt/gz_utils_vendor:/opt/ros/jazzy/opt/gz_tools_vendor:/opt/ros/jazzy/opt/gz_cmake_vendor:/home/timl/ros2_ws/install/py_pubsub:/opt/ros/jazzy /usr/bin/cmake --install /home/timl/ros2_ws/build/polygon_plugins
