[0.264s] Invoking command in '/home/timl/ros2_ws/src/build/custom_action_cpp': AMENT_PREFIX_PATH=/home/timl/ros2_ws/src/install/custom_action_interfaces:${AMENT_PREFIX_PATH} CMAKE_PREFIX_PATH=/home/timl/ros2_ws/src/install/custom_action_interfaces:/home/timl/ros2_ws/install/polygon_plugins:/home/timl/ros2_ws/install/polygon_base:/home/timl/ros2_ws/install/custom_action_interfaces:/home/timl/ros2_ws/src/install/cpp_parameters:/home/timl/ros2_ws/install/cpp_parameters:/home/timl/ros2_ws/install/more_interfaces:/home/timl/ros2_ws/install/tutorial_interfaces:/home/timl/ros2_ws/install/cpp_srvcli:/home/timl/ros2_ws/install/turtlesim:/home/timl/ros2_ws/install/my_package:/home/timl/ros2_ws/install/cpp_pubsub:/opt/ros/jazzy/opt/sdformat_vendor:/opt/ros/jazzy/opt/gz_math_vendor:/opt/ros/jazzy/opt/gz_utils_vendor:/opt/ros/jazzy/opt/gz_tools_vendor:/opt/ros/jazzy/opt/gz_cmake_vendor:/home/timl/ros2_ws/install/py_pubsub:/opt/ros/jazzy LD_LIBRARY_PATH=/home/timl/ros2_ws/src/install/custom_action_interfaces/lib:${LD_LIBRARY_PATH} PYTHONPATH=/home/timl/ros2_ws/src/install/custom_action_interfaces/lib/python3.12/site-packages:${PYTHONPATH} /usr/bin/cmake --build /home/timl/ros2_ws/src/build/custom_action_cpp -- -j6 -l6
[0.342s] [ 50%] Built target fibonacci_action_server
[0.359s] [100%] Built target action_server
[0.373s] Invoked command in '/home/timl/ros2_ws/src/build/custom_action_cpp' returned '0': AMENT_PREFIX_PATH=/home/timl/ros2_ws/src/install/custom_action_interfaces:${AMENT_PREFIX_PATH} CMAKE_PREFIX_PATH=/home/timl/ros2_ws/src/install/custom_action_interfaces:/home/timl/ros2_ws/install/polygon_plugins:/home/timl/ros2_ws/install/polygon_base:/home/timl/ros2_ws/install/custom_action_interfaces:/home/timl/ros2_ws/src/install/cpp_parameters:/home/timl/ros2_ws/install/cpp_parameters:/home/timl/ros2_ws/install/more_interfaces:/home/timl/ros2_ws/install/tutorial_interfaces:/home/timl/ros2_ws/install/cpp_srvcli:/home/timl/ros2_ws/install/turtlesim:/home/timl/ros2_ws/install/my_package:/home/timl/ros2_ws/install/cpp_pubsub:/opt/ros/jazzy/opt/sdformat_vendor:/opt/ros/jazzy/opt/gz_math_vendor:/opt/ros/jazzy/opt/gz_utils_vendor:/opt/ros/jazzy/opt/gz_tools_vendor:/opt/ros/jazzy/opt/gz_cmake_vendor:/home/timl/ros2_ws/install/py_pubsub:/opt/ros/jazzy LD_LIBRARY_PATH=/home/timl/ros2_ws/src/install/custom_action_interfaces/lib:${LD_LIBRARY_PATH} PYTHONPATH=/home/timl/ros2_ws/src/install/custom_action_interfaces/lib/python3.12/site-packages:${PYTHONPATH} /usr/bin/cmake --build /home/timl/ros2_ws/src/build/custom_action_cpp -- -j6 -l6
[0.374s] Invoking command in '/home/timl/ros2_ws/src/build/custom_action_cpp': AMENT_PREFIX_PATH=/home/timl/ros2_ws/src/install/custom_action_interfaces:${AMENT_PREFIX_PATH} CMAKE_PREFIX_PATH=/home/timl/ros2_ws/src/install/custom_action_interfaces:/home/timl/ros2_ws/install/polygon_plugins:/home/timl/ros2_ws/install/polygon_base:/home/timl/ros2_ws/install/custom_action_interfaces:/home/timl/ros2_ws/src/install/cpp_parameters:/home/timl/ros2_ws/install/cpp_parameters:/home/timl/ros2_ws/install/more_interfaces:/home/timl/ros2_ws/install/tutorial_interfaces:/home/timl/ros2_ws/install/cpp_srvcli:/home/timl/ros2_ws/install/turtlesim:/home/timl/ros2_ws/install/my_package:/home/timl/ros2_ws/install/cpp_pubsub:/opt/ros/jazzy/opt/sdformat_vendor:/opt/ros/jazzy/opt/gz_math_vendor:/opt/ros/jazzy/opt/gz_utils_vendor:/opt/ros/jazzy/opt/gz_tools_vendor:/opt/ros/jazzy/opt/gz_cmake_vendor:/home/timl/ros2_ws/install/py_pubsub:/opt/ros/jazzy LD_LIBRARY_PATH=/home/timl/ros2_ws/src/install/custom_action_interfaces/lib:${LD_LIBRARY_PATH} PYTHONPATH=/home/timl/ros2_ws/src/install/custom_action_interfaces/lib/python3.12/site-packages:${PYTHONPATH} /usr/bin/cmake --install /home/timl/ros2_ws/src/build/custom_action_cpp
[0.386s] -- Install configuration: ""
[0.387s] -- Up-to-date: /home/timl/ros2_ws/src/install/custom_action_cpp/lib/custom_action_cpp/fibonacci_action_server
[0.387s] -- Up-to-date: /home/timl/ros2_ws/src/install/custom_action_cpp/lib/libaction_server.so
[0.387s] -- Up-to-date: /home/timl/ros2_ws/src/install/custom_action_cpp/share/ament_index/resource_index/package_run_dependencies/custom_action_cpp
[0.388s] -- Up-to-date: /home/timl/ros2_ws/src/install/custom_action_cpp/share/ament_index/resource_index/parent_prefix_path/custom_action_cpp
[0.388s] -- Up-to-date: /home/timl/ros2_ws/src/install/custom_action_cpp/share/custom_action_cpp/environment/ament_prefix_path.sh
[0.388s] -- Up-to-date: /home/timl/ros2_ws/src/install/custom_action_cpp/share/custom_action_cpp/environment/ament_prefix_path.dsv
[0.388s] -- Up-to-date: /home/timl/ros2_ws/src/install/custom_action_cpp/share/custom_action_cpp/environment/path.sh
[0.388s] -- Up-to-date: /home/timl/ros2_ws/src/install/custom_action_cpp/share/custom_action_cpp/environment/path.dsv
[0.388s] -- Up-to-date: /home/timl/ros2_ws/src/install/custom_action_cpp/share/custom_action_cpp/local_setup.bash
[0.388s] -- Up-to-date: /home/timl/ros2_ws/src/install/custom_action_cpp/share/custom_action_cpp/local_setup.sh
[0.388s] -- Up-to-date: /home/timl/ros2_ws/src/install/custom_action_cpp/share/custom_action_cpp/local_setup.zsh
[0.388s] -- Up-to-date: /home/timl/ros2_ws/src/install/custom_action_cpp/share/custom_action_cpp/local_setup.dsv
[0.388s] -- Installing: /home/timl/ros2_ws/src/install/custom_action_cpp/share/custom_action_cpp/package.dsv
[0.388s] -- Up-to-date: /home/timl/ros2_ws/src/install/custom_action_cpp/share/ament_index/resource_index/packages/custom_action_cpp
[0.389s] -- Up-to-date: /home/timl/ros2_ws/src/install/custom_action_cpp/share/ament_index/resource_index/rclcpp_components/custom_action_cpp
[0.389s] -- Up-to-date: /home/timl/ros2_ws/src/install/custom_action_cpp/share/custom_action_cpp/cmake/custom_action_cppConfig.cmake
[0.389s] -- Up-to-date: /home/timl/ros2_ws/src/install/custom_action_cpp/share/custom_action_cpp/cmake/custom_action_cppConfig-version.cmake
[0.389s] -- Up-to-date: /home/timl/ros2_ws/src/install/custom_action_cpp/share/custom_action_cpp/package.xml
[0.398s] Invoked command in '/home/timl/ros2_ws/src/build/custom_action_cpp' returned '0': AMENT_PREFIX_PATH=/home/timl/ros2_ws/src/install/custom_action_interfaces:${AMENT_PREFIX_PATH} CMAKE_PREFIX_PATH=/home/timl/ros2_ws/src/install/custom_action_interfaces:/home/timl/ros2_ws/install/polygon_plugins:/home/timl/ros2_ws/install/polygon_base:/home/timl/ros2_ws/install/custom_action_interfaces:/home/timl/ros2_ws/src/install/cpp_parameters:/home/timl/ros2_ws/install/cpp_parameters:/home/timl/ros2_ws/install/more_interfaces:/home/timl/ros2_ws/install/tutorial_interfaces:/home/timl/ros2_ws/install/cpp_srvcli:/home/timl/ros2_ws/install/turtlesim:/home/timl/ros2_ws/install/my_package:/home/timl/ros2_ws/install/cpp_pubsub:/opt/ros/jazzy/opt/sdformat_vendor:/opt/ros/jazzy/opt/gz_math_vendor:/opt/ros/jazzy/opt/gz_utils_vendor:/opt/ros/jazzy/opt/gz_tools_vendor:/opt/ros/jazzy/opt/gz_cmake_vendor:/home/timl/ros2_ws/install/py_pubsub:/opt/ros/jazzy LD_LIBRARY_PATH=/home/timl/ros2_ws/src/install/custom_action_interfaces/lib:${LD_LIBRARY_PATH} PYTHONPATH=/home/timl/ros2_ws/src/install/custom_action_interfaces/lib/python3.12/site-packages:${PYTHONPATH} /usr/bin/cmake --install /home/timl/ros2_ws/src/build/custom_action_cpp
