[0.036s] Invoking command in '/home/timl/ros2_ws/build/custom_action_interfaces': CMAKE_PREFIX_PATH=${CMAKE_PREFIX_PATH}:/home/timl/ros2_ws/install/py_pubsub:/opt/ros/jazzy /usr/bin/cmake /home/timl/ros2_ws/src/custom_action_interfaces -DCMAKE_INSTALL_PREFIX=/home/timl/ros2_ws/install/custom_action_interfaces
[0.336s] -- The C compiler identification is GNU 13.3.0
[1.356s] -- The CXX compiler identification is GNU 13.3.0
[2.254s] -- Detecting C compiler ABI info
[2.617s] -- Detecting C compiler ABI info - done
[2.633s] -- Check for working C compiler: /usr/bin/cc - skipped
[2.633s] -- Detecting C compile features
[2.634s] -- Detecting C compile features - done
[2.865s] -- Detecting CXX compiler ABI info
[3.298s] -- Detecting CXX compiler ABI info - done
[3.311s] -- Check for working CXX compiler: /usr/bin/c++ - skipped
[3.311s] -- Detecting CXX compile features
[3.312s] -- Detecting CXX compile features - done
[3.318s] -- Found ament_cmake: 2.5.3 (/opt/ros/jazzy/share/ament_cmake/cmake)
[3.488s] -- Found Python3: /usr/bin/python3 (found version "3.12.3") found components: Interpreter 
[3.619s] -- Found ament_lint_auto: 0.17.1 (/opt/ros/jazzy/share/ament_lint_auto/cmake)
[3.767s] -- Found rosidl_default_generators: 1.6.0 (/opt/ros/jazzy/share/rosidl_default_generators/cmake)
[3.779s] -- Using all available rosidl_typesupport_c: rosidl_typesupport_fastrtps_c;rosidl_typesupport_introspection_c
[4.146s] -- Using all available rosidl_typesupport_cpp: rosidl_typesupport_fastrtps_cpp;rosidl_typesupport_introspection_cpp
[4.255s] -- Found rosidl_adapter: 4.6.5 (/opt/ros/jazzy/share/rosidl_adapter/cmake)
[5.385s] -- Found ament_cmake_ros: 0.12.0 (/opt/ros/jazzy/share/ament_cmake_ros/cmake)
[6.075s] -- Using all available rosidl_typesupport_c: rosidl_typesupport_fastrtps_c;rosidl_typesupport_introspection_c
[6.770s] -- Using all available rosidl_typesupport_cpp: rosidl_typesupport_fastrtps_cpp;rosidl_typesupport_introspection_cpp
[6.775s] -- Found python_cmake_module: 0.11.1 (/opt/ros/jazzy/share/python_cmake_module/cmake)
[6.940s] -- Found PythonExtra: /usr/bin/python3  
[7.572s] -- Found Python3: /usr/bin/python3 (found version "3.12.3") found components: Interpreter Development NumPy Development.Module Development.Embed 
[7.619s] -- Added test 'lint_cmake' to check CMake code style
[7.621s] -- Added test 'xmllint' to check XML markup files
[7.630s] -- Configuring done (7.6s)
[7.687s] -- Generating done (0.0s)
[7.703s] -- Build files have been written to: /home/timl/ros2_ws/build/custom_action_interfaces
[7.718s] Invoked command in '/home/timl/ros2_ws/build/custom_action_interfaces' returned '0': CMAKE_PREFIX_PATH=${CMAKE_PREFIX_PATH}:/home/timl/ros2_ws/install/py_pubsub:/opt/ros/jazzy /usr/bin/cmake /home/timl/ros2_ws/src/custom_action_interfaces -DCMAKE_INSTALL_PREFIX=/home/timl/ros2_ws/install/custom_action_interfaces
[7.719s] Invoking command in '/home/timl/ros2_ws/build/custom_action_interfaces': CMAKE_PREFIX_PATH=${CMAKE_PREFIX_PATH}:/home/timl/ros2_ws/install/py_pubsub:/opt/ros/jazzy /usr/bin/cmake --build /home/timl/ros2_ws/build/custom_action_interfaces -- -j6 -l6
[7.782s] [  2%] [34m[1mGenerating type hashes for ROS interfaces[0m
[7.791s] [  2%] Built target ament_cmake_python_copy_custom_action_interfaces
[8.135s] [  2%] Built target custom_action_interfaces__rosidl_generator_type_description
[8.165s] [  5%] [34m[1mGenerating C code for ROS interfaces[0m
[8.204s] [  8%] [34m[1mGenerating C++ code for ROS interfaces[0m
[8.212s] running egg_info
[8.215s] creating custom_action_interfaces.egg-info
[8.261s] writing custom_action_interfaces.egg-info/PKG-INFO
[8.262s] writing dependency_links to custom_action_interfaces.egg-info/dependency_links.txt
[8.262s] writing top-level names to custom_action_interfaces.egg-info/top_level.txt
[8.263s] writing manifest file 'custom_action_interfaces.egg-info/SOURCES.txt'
[8.380s] reading manifest file 'custom_action_interfaces.egg-info/SOURCES.txt'
[8.380s] writing manifest file 'custom_action_interfaces.egg-info/SOURCES.txt'
[8.458s] [  8%] Built target ament_cmake_python_build_custom_action_interfaces_egg
[8.824s] [  8%] Built target custom_action_interfaces__cpp
[8.873s] [ 17%] [32mBuilding C object CMakeFiles/custom_action_interfaces__rosidl_generator_c.dir/rosidl_generator_c/custom_action_interfaces/action/detail/fibonacci__description.c.o[0m
[8.873s] [ 17%] [32mBuilding C object CMakeFiles/custom_action_interfaces__rosidl_generator_c.dir/rosidl_generator_c/custom_action_interfaces/action/detail/fibonacci__type_support.c.o[0m
[8.873s] [ 17%] [32mBuilding C object CMakeFiles/custom_action_interfaces__rosidl_generator_c.dir/rosidl_generator_c/custom_action_interfaces/action/detail/fibonacci__functions.c.o[0m
[9.047s] [ 20%] [32m[1mLinking C shared library libcustom_action_interfaces__rosidl_generator_c.so[0m
[9.213s] [ 20%] Built target custom_action_interfaces__rosidl_generator_c
[9.232s] [ 26%] [34m[1mGenerating C type support for eProsima Fast-RTPS[0m
[9.232s] [ 26%] [34m[1mGenerating C type support dispatch for ROS interfaces[0m
[9.233s] [ 29%] [34m[1mGenerating C++ type support for eProsima Fast-RTPS[0m
[9.233s] [ 32%] [34m[1mGenerating C introspection for ROS interfaces[0m
[9.233s] [ 35%] [34m[1mGenerating C++ introspection for ROS interfaces[0m
[9.256s] [ 38%] [34m[1mGenerating C++ type support dispatch for ROS interfaces[0m
[9.640s] [ 41%] [32mBuilding CXX object CMakeFiles/custom_action_interfaces__rosidl_typesupport_c.dir/rosidl_typesupport_c/custom_action_interfaces/action/fibonacci__type_support.cpp.o[0m
[9.685s] [ 44%] [32mBuilding CXX object CMakeFiles/custom_action_interfaces__rosidl_typesupport_cpp.dir/rosidl_typesupport_cpp/custom_action_interfaces/action/fibonacci__type_support.cpp.o[0m
[9.738s] [ 47%] [32mBuilding CXX object CMakeFiles/custom_action_interfaces__rosidl_typesupport_introspection_cpp.dir/rosidl_typesupport_introspection_cpp/custom_action_interfaces/action/detail/fibonacci__type_support.cpp.o[0m
[9.773s] [ 50%] [32mBuilding C object CMakeFiles/custom_action_interfaces__rosidl_typesupport_introspection_c.dir/rosidl_typesupport_introspection_c/custom_action_interfaces/action/detail/fibonacci__type_support.c.o[0m
[9.797s] [ 52%] [32m[1mLinking CXX shared library libcustom_action_interfaces__rosidl_typesupport_c.so[0m
[9.957s] [ 55%] [32m[1mLinking C shared library libcustom_action_interfaces__rosidl_typesupport_introspection_c.so[0m
[10.058s] [ 58%] [32mBuilding CXX object CMakeFiles/custom_action_interfaces__rosidl_typesupport_fastrtps_c.dir/rosidl_typesupport_fastrtps_c/custom_action_interfaces/action/detail/fibonacci__type_support_c.cpp.o[0m
[10.060s] [ 61%] [32mBuilding CXX object CMakeFiles/custom_action_interfaces__rosidl_typesupport_fastrtps_cpp.dir/rosidl_typesupport_fastrtps_cpp/custom_action_interfaces/action/detail/dds_fastrtps/fibonacci__type_support.cpp.o[0m
[10.208s] [ 61%] Built target custom_action_interfaces__rosidl_typesupport_c
[10.216s] [ 61%] Built target custom_action_interfaces__rosidl_typesupport_introspection_c
[10.824s] [ 64%] [32m[1mLinking CXX shared library libcustom_action_interfaces__rosidl_typesupport_cpp.so[0m
[10.832s] [ 67%] [32m[1mLinking CXX shared library libcustom_action_interfaces__rosidl_typesupport_fastrtps_c.so[0m
[10.914s] [ 70%] [32m[1mLinking CXX shared library libcustom_action_interfaces__rosidl_typesupport_introspection_cpp.so[0m
[11.061s] [ 70%] Built target custom_action_interfaces__rosidl_typesupport_fastrtps_c
[11.090s] [ 70%] Built target custom_action_interfaces__rosidl_typesupport_cpp
[11.203s] [ 70%] Built target custom_action_interfaces__rosidl_typesupport_introspection_cpp
[11.602s] [ 73%] [32m[1mLinking CXX shared library libcustom_action_interfaces__rosidl_typesupport_fastrtps_cpp.so[0m
[11.781s] [ 73%] Built target custom_action_interfaces__rosidl_typesupport_fastrtps_cpp
[11.799s] [ 73%] Built target custom_action_interfaces
[11.818s] [ 76%] [34m[1mGenerating Python code for ROS interfaces[0m
[12.492s] [ 76%] Built target custom_action_interfaces__py
[12.511s] [ 79%] [32mBuilding C object CMakeFiles/custom_action_interfaces__rosidl_generator_py.dir/rosidl_generator_py/custom_action_interfaces/action/_fibonacci_s.c.o[0m
[12.753s] [ 82%] [32m[1mLinking C shared library libcustom_action_interfaces__rosidl_generator_py.so[0m
[12.919s] [ 82%] Built target custom_action_interfaces__rosidl_generator_py
[12.940s] [ 88%] [32mBuilding C object CMakeFiles/custom_action_interfaces_s__rosidl_typesupport_introspection_c.dir/rosidl_generator_py/custom_action_interfaces/_custom_action_interfaces_s.ep.rosidl_typesupport_introspection_c.c.o[0m
[12.941s] [ 88%] [32mBuilding C object CMakeFiles/custom_action_interfaces_s__rosidl_typesupport_c.dir/rosidl_generator_py/custom_action_interfaces/_custom_action_interfaces_s.ep.rosidl_typesupport_c.c.o[0m
[12.941s] [ 91%] [32mBuilding C object CMakeFiles/custom_action_interfaces_s__rosidl_typesupport_fastrtps_c.dir/rosidl_generator_py/custom_action_interfaces/_custom_action_interfaces_s.ep.rosidl_typesupport_fastrtps_c.c.o[0m
[13.071s] [ 94%] [32m[1mLinking C shared module rosidl_generator_py/custom_action_interfaces/custom_action_interfaces_s__rosidl_typesupport_c.so[0m
[13.077s] [ 97%] [32m[1mLinking C shared module rosidl_generator_py/custom_action_interfaces/custom_action_interfaces_s__rosidl_typesupport_introspection_c.so[0m
[13.097s] [100%] [32m[1mLinking C shared module rosidl_generator_py/custom_action_interfaces/custom_action_interfaces_s__rosidl_typesupport_fastrtps_c.so[0m
[13.200s] [100%] Built target custom_action_interfaces_s__rosidl_typesupport_c
[13.203s] [100%] Built target custom_action_interfaces_s__rosidl_typesupport_introspection_c
[13.255s] [100%] Built target custom_action_interfaces_s__rosidl_typesupport_fastrtps_c
[13.266s] Invoked command in '/home/timl/ros2_ws/build/custom_action_interfaces' returned '0': CMAKE_PREFIX_PATH=${CMAKE_PREFIX_PATH}:/home/timl/ros2_ws/install/py_pubsub:/opt/ros/jazzy /usr/bin/cmake --build /home/timl/ros2_ws/build/custom_action_interfaces -- -j6 -l6
[13.267s] Invoking command in '/home/timl/ros2_ws/build/custom_action_interfaces': CMAKE_PREFIX_PATH=${CMAKE_PREFIX_PATH}:/home/timl/ros2_ws/install/py_pubsub:/opt/ros/jazzy /usr/bin/cmake --install /home/timl/ros2_ws/build/custom_action_interfaces
[13.275s] -- Install configuration: ""
[13.276s] -- Installing: /home/timl/ros2_ws/install/custom_action_interfaces/share/ament_index/resource_index/rosidl_interfaces/custom_action_interfaces
[13.276s] -- Installing: /home/timl/ros2_ws/install/custom_action_interfaces/share/custom_action_interfaces/action/Fibonacci.json
[13.277s] -- Installing: /home/timl/ros2_ws/install/custom_action_interfaces/include/custom_action_interfaces/custom_action_interfaces
[13.277s] -- Installing: /home/timl/ros2_ws/install/custom_action_interfaces/include/custom_action_interfaces/custom_action_interfaces/action
[13.277s] -- Installing: /home/timl/ros2_ws/install/custom_action_interfaces/include/custom_action_interfaces/custom_action_interfaces/action/detail
[13.277s] -- Installing: /home/timl/ros2_ws/install/custom_action_interfaces/include/custom_action_interfaces/custom_action_interfaces/action/detail/fibonacci__type_support.c
[13.277s] -- Installing: /home/timl/ros2_ws/install/custom_action_interfaces/include/custom_action_interfaces/custom_action_interfaces/action/detail/fibonacci__struct.h
[13.277s] -- Installing: /home/timl/ros2_ws/install/custom_action_interfaces/include/custom_action_interfaces/custom_action_interfaces/action/detail/fibonacci__description.c
[13.278s] -- Installing: /home/timl/ros2_ws/install/custom_action_interfaces/include/custom_action_interfaces/custom_action_interfaces/action/detail/fibonacci__functions.c
[13.278s] -- Installing: /home/timl/ros2_ws/install/custom_action_interfaces/include/custom_action_interfaces/custom_action_interfaces/action/detail/fibonacci__functions.h
[13.278s] -- Installing: /home/timl/ros2_ws/install/custom_action_interfaces/include/custom_action_interfaces/custom_action_interfaces/action/detail/fibonacci__type_support.h
[13.278s] -- Installing: /home/timl/ros2_ws/install/custom_action_interfaces/include/custom_action_interfaces/custom_action_interfaces/action/fibonacci.h
[13.278s] -- Installing: /home/timl/ros2_ws/install/custom_action_interfaces/include/custom_action_interfaces/custom_action_interfaces/msg
[13.279s] -- Installing: /home/timl/ros2_ws/install/custom_action_interfaces/include/custom_action_interfaces/custom_action_interfaces/msg/rosidl_generator_c__visibility_control.h
[13.279s] -- Installing: /home/timl/ros2_ws/install/custom_action_interfaces/share/custom_action_interfaces/environment/library_path.sh
[13.279s] -- Installing: /home/timl/ros2_ws/install/custom_action_interfaces/share/custom_action_interfaces/environment/library_path.dsv
[13.279s] -- Installing: /home/timl/ros2_ws/install/custom_action_interfaces/lib/libcustom_action_interfaces__rosidl_generator_c.so
[13.281s] -- Set non-toolchain portion of runtime path of "/home/timl/ros2_ws/install/custom_action_interfaces/lib/libcustom_action_interfaces__rosidl_generator_c.so" to ""
[13.281s] -- Up-to-date: /home/timl/ros2_ws/install/custom_action_interfaces/include/custom_action_interfaces/custom_action_interfaces
[13.281s] -- Up-to-date: /home/timl/ros2_ws/install/custom_action_interfaces/include/custom_action_interfaces/custom_action_interfaces/action
[13.281s] -- Up-to-date: /home/timl/ros2_ws/install/custom_action_interfaces/include/custom_action_interfaces/custom_action_interfaces/action/detail
[13.282s] -- Installing: /home/timl/ros2_ws/install/custom_action_interfaces/include/custom_action_interfaces/custom_action_interfaces/action/detail/fibonacci__rosidl_typesupport_fastrtps_c.h
[13.282s] -- Up-to-date: /home/timl/ros2_ws/install/custom_action_interfaces/include/custom_action_interfaces/custom_action_interfaces/msg
[13.282s] -- Installing: /home/timl/ros2_ws/install/custom_action_interfaces/include/custom_action_interfaces/custom_action_interfaces/msg/rosidl_typesupport_fastrtps_c__visibility_control.h
[13.282s] -- Installing: /home/timl/ros2_ws/install/custom_action_interfaces/lib/libcustom_action_interfaces__rosidl_typesupport_fastrtps_c.so
[13.283s] -- Set non-toolchain portion of runtime path of "/home/timl/ros2_ws/install/custom_action_interfaces/lib/libcustom_action_interfaces__rosidl_typesupport_fastrtps_c.so" to ""
[13.283s] -- Up-to-date: /home/timl/ros2_ws/install/custom_action_interfaces/include/custom_action_interfaces/custom_action_interfaces
[13.283s] -- Up-to-date: /home/timl/ros2_ws/install/custom_action_interfaces/include/custom_action_interfaces/custom_action_interfaces/action
[13.283s] -- Up-to-date: /home/timl/ros2_ws/install/custom_action_interfaces/include/custom_action_interfaces/custom_action_interfaces/action/detail
[13.283s] -- Installing: /home/timl/ros2_ws/install/custom_action_interfaces/include/custom_action_interfaces/custom_action_interfaces/action/detail/fibonacci__type_support.c
[13.284s] -- Installing: /home/timl/ros2_ws/install/custom_action_interfaces/include/custom_action_interfaces/custom_action_interfaces/action/detail/fibonacci__rosidl_typesupport_introspection_c.h
[13.284s] -- Up-to-date: /home/timl/ros2_ws/install/custom_action_interfaces/include/custom_action_interfaces/custom_action_interfaces/msg
[13.284s] -- Installing: /home/timl/ros2_ws/install/custom_action_interfaces/include/custom_action_interfaces/custom_action_interfaces/msg/rosidl_typesupport_introspection_c__visibility_control.h
[13.284s] -- Installing: /home/timl/ros2_ws/install/custom_action_interfaces/lib/libcustom_action_interfaces__rosidl_typesupport_introspection_c.so
[13.284s] -- Set non-toolchain portion of runtime path of "/home/timl/ros2_ws/install/custom_action_interfaces/lib/libcustom_action_interfaces__rosidl_typesupport_introspection_c.so" to ""
[13.285s] -- Installing: /home/timl/ros2_ws/install/custom_action_interfaces/lib/libcustom_action_interfaces__rosidl_typesupport_c.so
[13.285s] -- Set non-toolchain portion of runtime path of "/home/timl/ros2_ws/install/custom_action_interfaces/lib/libcustom_action_interfaces__rosidl_typesupport_c.so" to ""
[13.285s] -- Up-to-date: /home/timl/ros2_ws/install/custom_action_interfaces/include/custom_action_interfaces/custom_action_interfaces
[13.285s] -- Up-to-date: /home/timl/ros2_ws/install/custom_action_interfaces/include/custom_action_interfaces/custom_action_interfaces/action
[13.285s] -- Up-to-date: /home/timl/ros2_ws/install/custom_action_interfaces/include/custom_action_interfaces/custom_action_interfaces/action/detail
[13.286s] -- Installing: /home/timl/ros2_ws/install/custom_action_interfaces/include/custom_action_interfaces/custom_action_interfaces/action/detail/fibonacci__struct.hpp
[13.286s] -- Installing: /home/timl/ros2_ws/install/custom_action_interfaces/include/custom_action_interfaces/custom_action_interfaces/action/detail/fibonacci__traits.hpp
[13.286s] -- Installing: /home/timl/ros2_ws/install/custom_action_interfaces/include/custom_action_interfaces/custom_action_interfaces/action/detail/fibonacci__builder.hpp
[13.286s] -- Installing: /home/timl/ros2_ws/install/custom_action_interfaces/include/custom_action_interfaces/custom_action_interfaces/action/detail/fibonacci__type_support.hpp
[13.287s] -- Installing: /home/timl/ros2_ws/install/custom_action_interfaces/include/custom_action_interfaces/custom_action_interfaces/action/fibonacci.hpp
[13.287s] -- Up-to-date: /home/timl/ros2_ws/install/custom_action_interfaces/include/custom_action_interfaces/custom_action_interfaces/msg
[13.287s] -- Installing: /home/timl/ros2_ws/install/custom_action_interfaces/include/custom_action_interfaces/custom_action_interfaces/msg/rosidl_generator_cpp__visibility_control.hpp
[13.287s] -- Up-to-date: /home/timl/ros2_ws/install/custom_action_interfaces/include/custom_action_interfaces/custom_action_interfaces
[13.287s] -- Up-to-date: /home/timl/ros2_ws/install/custom_action_interfaces/include/custom_action_interfaces/custom_action_interfaces/action
[13.287s] -- Up-to-date: /home/timl/ros2_ws/install/custom_action_interfaces/include/custom_action_interfaces/custom_action_interfaces/action/detail
[13.287s] -- Installing: /home/timl/ros2_ws/install/custom_action_interfaces/include/custom_action_interfaces/custom_action_interfaces/action/detail/fibonacci__rosidl_typesupport_fastrtps_cpp.hpp
[13.287s] -- Installing: /home/timl/ros2_ws/install/custom_action_interfaces/include/custom_action_interfaces/custom_action_interfaces/action/detail/dds_fastrtps
[13.287s] -- Up-to-date: /home/timl/ros2_ws/install/custom_action_interfaces/include/custom_action_interfaces/custom_action_interfaces/msg
[13.288s] -- Installing: /home/timl/ros2_ws/install/custom_action_interfaces/include/custom_action_interfaces/custom_action_interfaces/msg/rosidl_typesupport_fastrtps_cpp__visibility_control.h
[13.288s] -- Installing: /home/timl/ros2_ws/install/custom_action_interfaces/lib/libcustom_action_interfaces__rosidl_typesupport_fastrtps_cpp.so
[13.288s] -- Set non-toolchain portion of runtime path of "/home/timl/ros2_ws/install/custom_action_interfaces/lib/libcustom_action_interfaces__rosidl_typesupport_fastrtps_cpp.so" to ""
[13.288s] -- Up-to-date: /home/timl/ros2_ws/install/custom_action_interfaces/include/custom_action_interfaces/custom_action_interfaces
[13.288s] -- Up-to-date: /home/timl/ros2_ws/install/custom_action_interfaces/include/custom_action_interfaces/custom_action_interfaces/action
[13.288s] -- Up-to-date: /home/timl/ros2_ws/install/custom_action_interfaces/include/custom_action_interfaces/custom_action_interfaces/action/detail
[13.289s] -- Installing: /home/timl/ros2_ws/install/custom_action_interfaces/include/custom_action_interfaces/custom_action_interfaces/action/detail/fibonacci__rosidl_typesupport_introspection_cpp.hpp
[13.289s] -- Installing: /home/timl/ros2_ws/install/custom_action_interfaces/include/custom_action_interfaces/custom_action_interfaces/action/detail/fibonacci__type_support.cpp
[13.289s] -- Installing: /home/timl/ros2_ws/install/custom_action_interfaces/lib/libcustom_action_interfaces__rosidl_typesupport_introspection_cpp.so
[13.289s] -- Set non-toolchain portion of runtime path of "/home/timl/ros2_ws/install/custom_action_interfaces/lib/libcustom_action_interfaces__rosidl_typesupport_introspection_cpp.so" to ""
[13.289s] -- Installing: /home/timl/ros2_ws/install/custom_action_interfaces/lib/libcustom_action_interfaces__rosidl_typesupport_cpp.so
[13.289s] -- Set non-toolchain portion of runtime path of "/home/timl/ros2_ws/install/custom_action_interfaces/lib/libcustom_action_interfaces__rosidl_typesupport_cpp.so" to ""
[13.290s] -- Installing: /home/timl/ros2_ws/install/custom_action_interfaces/share/custom_action_interfaces/environment/pythonpath.sh
[13.290s] -- Installing: /home/timl/ros2_ws/install/custom_action_interfaces/share/custom_action_interfaces/environment/pythonpath.dsv
[13.290s] -- Installing: /home/timl/ros2_ws/install/custom_action_interfaces/lib/python3.12/site-packages/custom_action_interfaces-0.0.0-py3.12.egg-info
[13.290s] -- Installing: /home/timl/ros2_ws/install/custom_action_interfaces/lib/python3.12/site-packages/custom_action_interfaces-0.0.0-py3.12.egg-info/top_level.txt
[13.290s] -- Installing: /home/timl/ros2_ws/install/custom_action_interfaces/lib/python3.12/site-packages/custom_action_interfaces-0.0.0-py3.12.egg-info/PKG-INFO
[13.290s] -- Installing: /home/timl/ros2_ws/install/custom_action_interfaces/lib/python3.12/site-packages/custom_action_interfaces-0.0.0-py3.12.egg-info/SOURCES.txt
[13.291s] -- Installing: /home/timl/ros2_ws/install/custom_action_interfaces/lib/python3.12/site-packages/custom_action_interfaces-0.0.0-py3.12.egg-info/dependency_links.txt
[13.291s] -- Installing: /home/timl/ros2_ws/install/custom_action_interfaces/lib/python3.12/site-packages/custom_action_interfaces
[13.291s] -- Installing: /home/timl/ros2_ws/install/custom_action_interfaces/lib/python3.12/site-packages/custom_action_interfaces/custom_action_interfaces_s__rosidl_typesupport_c.so
[13.291s] -- Installing: /home/timl/ros2_ws/install/custom_action_interfaces/lib/python3.12/site-packages/custom_action_interfaces/action
[13.291s] -- Installing: /home/timl/ros2_ws/install/custom_action_interfaces/lib/python3.12/site-packages/custom_action_interfaces/action/_fibonacci_s.c
[13.291s] -- Installing: /home/timl/ros2_ws/install/custom_action_interfaces/lib/python3.12/site-packages/custom_action_interfaces/action/_fibonacci.py
[13.292s] -- Installing: /home/timl/ros2_ws/install/custom_action_interfaces/lib/python3.12/site-packages/custom_action_interfaces/action/__init__.py
[13.292s] -- Installing: /home/timl/ros2_ws/install/custom_action_interfaces/lib/python3.12/site-packages/custom_action_interfaces/_custom_action_interfaces_s.ep.rosidl_typesupport_introspection_c.c
[13.292s] -- Installing: /home/timl/ros2_ws/install/custom_action_interfaces/lib/python3.12/site-packages/custom_action_interfaces/custom_action_interfaces_s__rosidl_typesupport_fastrtps_c.so
[13.292s] -- Installing: /home/timl/ros2_ws/install/custom_action_interfaces/lib/python3.12/site-packages/custom_action_interfaces/_custom_action_interfaces_s.ep.rosidl_typesupport_fastrtps_c.c
[13.292s] -- Installing: /home/timl/ros2_ws/install/custom_action_interfaces/lib/python3.12/site-packages/custom_action_interfaces/_custom_action_interfaces_s.ep.rosidl_typesupport_c.c
[13.293s] -- Installing: /home/timl/ros2_ws/install/custom_action_interfaces/lib/python3.12/site-packages/custom_action_interfaces/__init__.py
[13.293s] -- Installing: /home/timl/ros2_ws/install/custom_action_interfaces/lib/python3.12/site-packages/custom_action_interfaces/custom_action_interfaces_s__rosidl_typesupport_introspection_c.so
[13.344s] Listing '/home/timl/ros2_ws/install/custom_action_interfaces/lib/python3.12/site-packages/custom_action_interfaces'...
[13.344s] Compiling '/home/timl/ros2_ws/install/custom_action_interfaces/lib/python3.12/site-packages/custom_action_interfaces/__init__.py'...
[13.345s] Listing '/home/timl/ros2_ws/install/custom_action_interfaces/lib/python3.12/site-packages/custom_action_interfaces/action'...
[13.345s] Compiling '/home/timl/ros2_ws/install/custom_action_interfaces/lib/python3.12/site-packages/custom_action_interfaces/action/__init__.py'...
[13.345s] Compiling '/home/timl/ros2_ws/install/custom_action_interfaces/lib/python3.12/site-packages/custom_action_interfaces/action/_fibonacci.py'...
[13.351s] -- Installing: /home/timl/ros2_ws/install/custom_action_interfaces/lib/python3.12/site-packages/custom_action_interfaces/custom_action_interfaces_s__rosidl_typesupport_fastrtps_c.so
[13.351s] -- Set non-toolchain portion of runtime path of "/home/timl/ros2_ws/install/custom_action_interfaces/lib/python3.12/site-packages/custom_action_interfaces/custom_action_interfaces_s__rosidl_typesupport_fastrtps_c.so" to ""
[13.351s] -- Installing: /home/timl/ros2_ws/install/custom_action_interfaces/lib/python3.12/site-packages/custom_action_interfaces/custom_action_interfaces_s__rosidl_typesupport_introspection_c.so
[13.352s] -- Set non-toolchain portion of runtime path of "/home/timl/ros2_ws/install/custom_action_interfaces/lib/python3.12/site-packages/custom_action_interfaces/custom_action_interfaces_s__rosidl_typesupport_introspection_c.so" to ""
[13.352s] -- Installing: /home/timl/ros2_ws/install/custom_action_interfaces/lib/python3.12/site-packages/custom_action_interfaces/custom_action_interfaces_s__rosidl_typesupport_c.so
[13.353s] -- Set non-toolchain portion of runtime path of "/home/timl/ros2_ws/install/custom_action_interfaces/lib/python3.12/site-packages/custom_action_interfaces/custom_action_interfaces_s__rosidl_typesupport_c.so" to ""
[13.353s] -- Installing: /home/timl/ros2_ws/install/custom_action_interfaces/lib/libcustom_action_interfaces__rosidl_generator_py.so
[13.353s] -- Set non-toolchain portion of runtime path of "/home/timl/ros2_ws/install/custom_action_interfaces/lib/libcustom_action_interfaces__rosidl_generator_py.so" to ""
[13.353s] -- Installing: /home/timl/ros2_ws/install/custom_action_interfaces/share/custom_action_interfaces/action/Fibonacci.idl
[13.354s] -- Installing: /home/timl/ros2_ws/install/custom_action_interfaces/share/custom_action_interfaces/action/Fibonacci.action
[13.354s] -- Installing: /home/timl/ros2_ws/install/custom_action_interfaces/share/ament_index/resource_index/package_run_dependencies/custom_action_interfaces
[13.354s] -- Installing: /home/timl/ros2_ws/install/custom_action_interfaces/share/ament_index/resource_index/parent_prefix_path/custom_action_interfaces
[13.355s] -- Installing: /home/timl/ros2_ws/install/custom_action_interfaces/share/custom_action_interfaces/environment/ament_prefix_path.sh
[13.355s] -- Installing: /home/timl/ros2_ws/install/custom_action_interfaces/share/custom_action_interfaces/environment/ament_prefix_path.dsv
[13.355s] -- Installing: /home/timl/ros2_ws/install/custom_action_interfaces/share/custom_action_interfaces/environment/path.sh
[13.355s] -- Installing: /home/timl/ros2_ws/install/custom_action_interfaces/share/custom_action_interfaces/environment/path.dsv
[13.355s] -- Installing: /home/timl/ros2_ws/install/custom_action_interfaces/share/custom_action_interfaces/local_setup.bash
[13.355s] -- Installing: /home/timl/ros2_ws/install/custom_action_interfaces/share/custom_action_interfaces/local_setup.sh
[13.356s] -- Installing: /home/timl/ros2_ws/install/custom_action_interfaces/share/custom_action_interfaces/local_setup.zsh
[13.356s] -- Installing: /home/timl/ros2_ws/install/custom_action_interfaces/share/custom_action_interfaces/local_setup.dsv
[13.356s] -- Installing: /home/timl/ros2_ws/install/custom_action_interfaces/share/custom_action_interfaces/package.dsv
[13.356s] -- Installing: /home/timl/ros2_ws/install/custom_action_interfaces/share/ament_index/resource_index/packages/custom_action_interfaces
[13.357s] -- Installing: /home/timl/ros2_ws/install/custom_action_interfaces/share/custom_action_interfaces/cmake/export_custom_action_interfaces__rosidl_generator_cExport.cmake
[13.357s] -- Installing: /home/timl/ros2_ws/install/custom_action_interfaces/share/custom_action_interfaces/cmake/export_custom_action_interfaces__rosidl_generator_cExport-noconfig.cmake
[13.357s] -- Installing: /home/timl/ros2_ws/install/custom_action_interfaces/share/custom_action_interfaces/cmake/export_custom_action_interfaces__rosidl_typesupport_fastrtps_cExport.cmake
[13.357s] -- Installing: /home/timl/ros2_ws/install/custom_action_interfaces/share/custom_action_interfaces/cmake/export_custom_action_interfaces__rosidl_typesupport_fastrtps_cExport-noconfig.cmake
[13.358s] -- Installing: /home/timl/ros2_ws/install/custom_action_interfaces/share/custom_action_interfaces/cmake/custom_action_interfaces__rosidl_typesupport_introspection_cExport.cmake
[13.358s] -- Installing: /home/timl/ros2_ws/install/custom_action_interfaces/share/custom_action_interfaces/cmake/custom_action_interfaces__rosidl_typesupport_introspection_cExport-noconfig.cmake
[13.358s] -- Installing: /home/timl/ros2_ws/install/custom_action_interfaces/share/custom_action_interfaces/cmake/custom_action_interfaces__rosidl_typesupport_cExport.cmake
[13.358s] -- Installing: /home/timl/ros2_ws/install/custom_action_interfaces/share/custom_action_interfaces/cmake/custom_action_interfaces__rosidl_typesupport_cExport-noconfig.cmake
[13.358s] -- Installing: /home/timl/ros2_ws/install/custom_action_interfaces/share/custom_action_interfaces/cmake/export_custom_action_interfaces__rosidl_generator_cppExport.cmake
[13.358s] -- Installing: /home/timl/ros2_ws/install/custom_action_interfaces/share/custom_action_interfaces/cmake/export_custom_action_interfaces__rosidl_typesupport_fastrtps_cppExport.cmake
[13.359s] -- Installing: /home/timl/ros2_ws/install/custom_action_interfaces/share/custom_action_interfaces/cmake/export_custom_action_interfaces__rosidl_typesupport_fastrtps_cppExport-noconfig.cmake
[13.359s] -- Installing: /home/timl/ros2_ws/install/custom_action_interfaces/share/custom_action_interfaces/cmake/custom_action_interfaces__rosidl_typesupport_introspection_cppExport.cmake
[13.359s] -- Installing: /home/timl/ros2_ws/install/custom_action_interfaces/share/custom_action_interfaces/cmake/custom_action_interfaces__rosidl_typesupport_introspection_cppExport-noconfig.cmake
[13.359s] -- Installing: /home/timl/ros2_ws/install/custom_action_interfaces/share/custom_action_interfaces/cmake/custom_action_interfaces__rosidl_typesupport_cppExport.cmake
[13.359s] -- Installing: /home/timl/ros2_ws/install/custom_action_interfaces/share/custom_action_interfaces/cmake/custom_action_interfaces__rosidl_typesupport_cppExport-noconfig.cmake
[13.360s] -- Installing: /home/timl/ros2_ws/install/custom_action_interfaces/share/custom_action_interfaces/cmake/export_custom_action_interfaces__rosidl_generator_pyExport.cmake
[13.360s] -- Installing: /home/timl/ros2_ws/install/custom_action_interfaces/share/custom_action_interfaces/cmake/export_custom_action_interfaces__rosidl_generator_pyExport-noconfig.cmake
[13.360s] -- Installing: /home/timl/ros2_ws/install/custom_action_interfaces/share/custom_action_interfaces/cmake/rosidl_cmake-extras.cmake
[13.360s] -- Installing: /home/timl/ros2_ws/install/custom_action_interfaces/share/custom_action_interfaces/cmake/ament_cmake_export_dependencies-extras.cmake
[13.361s] -- Installing: /home/timl/ros2_ws/install/custom_action_interfaces/share/custom_action_interfaces/cmake/ament_cmake_export_include_directories-extras.cmake
[13.361s] -- Installing: /home/timl/ros2_ws/install/custom_action_interfaces/share/custom_action_interfaces/cmake/ament_cmake_export_libraries-extras.cmake
[13.361s] -- Installing: /home/timl/ros2_ws/install/custom_action_interfaces/share/custom_action_interfaces/cmake/ament_cmake_export_targets-extras.cmake
[13.361s] -- Installing: /home/timl/ros2_ws/install/custom_action_interfaces/share/custom_action_interfaces/cmake/rosidl_cmake_export_typesupport_targets-extras.cmake
[13.361s] -- Installing: /home/timl/ros2_ws/install/custom_action_interfaces/share/custom_action_interfaces/cmake/rosidl_cmake_export_typesupport_libraries-extras.cmake
[13.361s] -- Installing: /home/timl/ros2_ws/install/custom_action_interfaces/share/custom_action_interfaces/cmake/custom_action_interfacesConfig.cmake
[13.361s] -- Installing: /home/timl/ros2_ws/install/custom_action_interfaces/share/custom_action_interfaces/cmake/custom_action_interfacesConfig-version.cmake
[13.362s] -- Installing: /home/timl/ros2_ws/install/custom_action_interfaces/share/custom_action_interfaces/package.xml
[13.363s] Invoked command in '/home/timl/ros2_ws/build/custom_action_interfaces' returned '0': CMAKE_PREFIX_PATH=${CMAKE_PREFIX_PATH}:/home/timl/ros2_ws/install/py_pubsub:/opt/ros/jazzy /usr/bin/cmake --install /home/timl/ros2_ws/build/custom_action_interfaces
