[0.041s] Invoking command in '/home/timl/ros2_ws/src/build/polygon_base': CMAKE_PREFIX_PATH=${CMAKE_PREFIX_PATH}:/home/timl/ros2_ws/install/py_pubsub:/opt/ros/jazzy /usr/bin/cmake --build /home/timl/ros2_ws/src/build/polygon_base -- -j6 -l6
[0.125s] [100%] Built target area_node
[0.149s] Invoked command in '/home/timl/ros2_ws/src/build/polygon_base' returned '0': CMAKE_PREFIX_PATH=${CMAKE_PREFIX_PATH}:/home/timl/ros2_ws/install/py_pubsub:/opt/ros/jazzy /usr/bin/cmake --build /home/timl/ros2_ws/src/build/polygon_base -- -j6 -l6
[0.180s] Invoking command in '/home/timl/ros2_ws/src/build/polygon_base': CMAKE_PREFIX_PATH=${CMAKE_PREFIX_PATH}:/home/timl/ros2_ws/install/py_pubsub:/opt/ros/jazzy /usr/bin/cmake --install /home/timl/ros2_ws/src/build/polygon_base
[0.204s] -- Install configuration: ""
[0.204s] -- Up-to-date: /home/timl/ros2_ws/src/install/polygon_base/include
[0.204s] -- Up-to-date: /home/timl/ros2_ws/src/install/polygon_base/include/polygon_base
[0.204s] -- Up-to-date: /home/timl/ros2_ws/src/install/polygon_base/include/polygon_base/regular_polygon.hpp
[0.205s] -- Up-to-date: /home/timl/ros2_ws/src/install/polygon_base/lib/polygon_base/area_node
[0.205s] -- Up-to-date: /home/timl/ros2_ws/src/install/polygon_base/share/ament_index/resource_index/package_run_dependencies/polygon_base
[0.205s] -- Up-to-date: /home/timl/ros2_ws/src/install/polygon_base/share/ament_index/resource_index/parent_prefix_path/polygon_base
[0.205s] -- Up-to-date: /home/timl/ros2_ws/src/install/polygon_base/share/polygon_base/environment/ament_prefix_path.sh
[0.205s] -- Up-to-date: /home/timl/ros2_ws/src/install/polygon_base/share/polygon_base/environment/ament_prefix_path.dsv
[0.205s] -- Up-to-date: /home/timl/ros2_ws/src/install/polygon_base/share/polygon_base/environment/path.sh
[0.206s] -- Up-to-date: /home/timl/ros2_ws/src/install/polygon_base/share/polygon_base/environment/path.dsv
[0.209s] -- Up-to-date: /home/timl/ros2_ws/src/install/polygon_base/share/polygon_base/local_setup.bash
[0.209s] -- Up-to-date: /home/timl/ros2_ws/src/install/polygon_base/share/polygon_base/local_setup.sh
[0.209s] -- Up-to-date: /home/timl/ros2_ws/src/install/polygon_base/share/polygon_base/local_setup.zsh
[0.210s] -- Up-to-date: /home/timl/ros2_ws/src/install/polygon_base/share/polygon_base/local_setup.dsv
[0.210s] -- Installing: /home/timl/ros2_ws/src/install/polygon_base/share/polygon_base/package.dsv
[0.210s] -- Up-to-date: /home/timl/ros2_ws/src/install/polygon_base/share/ament_index/resource_index/packages/polygon_base
[0.211s] -- Up-to-date: /home/timl/ros2_ws/src/install/polygon_base/share/polygon_base/cmake/ament_cmake_export_include_directories-extras.cmake
[0.211s] -- Up-to-date: /home/timl/ros2_ws/src/install/polygon_base/share/polygon_base/cmake/polygon_baseConfig.cmake
[0.211s] -- Up-to-date: /home/timl/ros2_ws/src/install/polygon_base/share/polygon_base/cmake/polygon_baseConfig-version.cmake
[0.212s] -- Up-to-date: /home/timl/ros2_ws/src/install/polygon_base/share/polygon_base/package.xml
[0.247s] Invoked command in '/home/timl/ros2_ws/src/build/polygon_base' returned '0': CMAKE_PREFIX_PATH=${CMAKE_PREFIX_PATH}:/home/timl/ros2_ws/install/py_pubsub:/opt/ros/jazzy /usr/bin/cmake --install /home/timl/ros2_ws/src/build/polygon_base
