[0.053s] Invoking command in '/home/timl/ros2_ws/src/build/my_package': CMAKE_PREFIX_PATH=${CMAKE_PREFIX_PATH}:/home/timl/ros2_ws/install/py_pubsub:/opt/ros/jazzy /usr/bin/cmake /home/timl/ros2_ws/src/my_package -DCMAKE_INSTALL_PREFIX=/home/timl/ros2_ws/src/install/my_package
[0.307s] -- The C compiler identification is GNU 13.3.0
[1.257s] -- The CXX compiler identification is GNU 13.3.0
[1.930s] -- Detecting C compiler ABI info
[2.407s] -- Detecting C compiler ABI info - done
[2.411s] -- Check for working C compiler: /usr/bin/cc - skipped
[2.411s] -- Detecting C compile features
[2.413s] -- Detecting C compile features - done
[2.560s] -- Detecting CXX compiler ABI info
[3.035s] -- Detecting CXX compiler ABI info - done
[3.057s] -- Check for working CXX compiler: /usr/bin/c++ - skipped
[3.057s] -- Detecting CXX compile features
[3.058s] -- Detecting CXX compile features - done
[3.072s] -- Found ament_cmake: 2.5.3 (/opt/ros/jazzy/share/ament_cmake/cmake)
[3.302s] -- Found Python3: /usr/bin/python3 (found version "3.12.3") found components: Interpreter 
[3.533s] -- Found ament_lint_auto: 0.17.1 (/opt/ros/jazzy/share/ament_lint_auto/cmake)
[3.692s] -- Added test 'cppcheck' to perform static code analysis on C / C++ code
[3.693s] -- Configured cppcheck include dirs: $<BUILD_INTERFACE:/home/timl/ros2_ws/src/my_package/include>
[3.693s] -- Configured cppcheck exclude dirs and/or files: 
[3.694s] -- Added test 'lint_cmake' to check CMake code style
[3.696s] -- Added test 'uncrustify' to check C / C++ code style
[3.696s] -- Configured uncrustify additional arguments: 
[3.697s] -- Added test 'xmllint' to check XML markup files
[3.700s] -- Configuring done (3.6s)
[3.712s] -- Generating done (0.0s)
[3.724s] -- Build files have been written to: /home/timl/ros2_ws/src/build/my_package
[3.738s] Invoked command in '/home/timl/ros2_ws/src/build/my_package' returned '0': CMAKE_PREFIX_PATH=${CMAKE_PREFIX_PATH}:/home/timl/ros2_ws/install/py_pubsub:/opt/ros/jazzy /usr/bin/cmake /home/timl/ros2_ws/src/my_package -DCMAKE_INSTALL_PREFIX=/home/timl/ros2_ws/src/install/my_package
[3.738s] Invoking command in '/home/timl/ros2_ws/src/build/my_package': CMAKE_PREFIX_PATH=${CMAKE_PREFIX_PATH}:/home/timl/ros2_ws/install/py_pubsub:/opt/ros/jazzy /usr/bin/cmake --build /home/timl/ros2_ws/src/build/my_package -- -j6 -l6
[3.802s] [ 50%] [32mBuilding CXX object CMakeFiles/my_node.dir/src/my_node.cpp.o[0m
[3.836s] [100%] [32m[1mLinking CXX executable my_node[0m
[4.089s] [100%] Built target my_node
[4.108s] Invoked command in '/home/timl/ros2_ws/src/build/my_package' returned '0': CMAKE_PREFIX_PATH=${CMAKE_PREFIX_PATH}:/home/timl/ros2_ws/install/py_pubsub:/opt/ros/jazzy /usr/bin/cmake --build /home/timl/ros2_ws/src/build/my_package -- -j6 -l6
[4.110s] Invoking command in '/home/timl/ros2_ws/src/build/my_package': CMAKE_PREFIX_PATH=${CMAKE_PREFIX_PATH}:/home/timl/ros2_ws/install/py_pubsub:/opt/ros/jazzy /usr/bin/cmake --install /home/timl/ros2_ws/src/build/my_package
[4.123s] -- Install configuration: ""
[4.126s] -- Installing: /home/timl/ros2_ws/src/install/my_package/lib/my_package/my_node
[4.127s] -- Installing: /home/timl/ros2_ws/src/install/my_package/share/ament_index/resource_index/package_run_dependencies/my_package
[4.127s] -- Installing: /home/timl/ros2_ws/src/install/my_package/share/ament_index/resource_index/parent_prefix_path/my_package
[4.128s] -- Installing: /home/timl/ros2_ws/src/install/my_package/share/my_package/environment/ament_prefix_path.sh
[4.128s] -- Installing: /home/timl/ros2_ws/src/install/my_package/share/my_package/environment/ament_prefix_path.dsv
[4.129s] -- Installing: /home/timl/ros2_ws/src/install/my_package/share/my_package/environment/path.sh
[4.129s] -- Installing: /home/timl/ros2_ws/src/install/my_package/share/my_package/environment/path.dsv
[4.132s] -- Installing: /home/timl/ros2_ws/src/install/my_package/share/my_package/local_setup.bash
[4.133s] -- Installing: /home/timl/ros2_ws/src/install/my_package/share/my_package/local_setup.sh
[4.133s] -- Installing: /home/timl/ros2_ws/src/install/my_package/share/my_package/local_setup.zsh
[4.133s] -- Installing: /home/timl/ros2_ws/src/install/my_package/share/my_package/local_setup.dsv
[4.133s] -- Installing: /home/timl/ros2_ws/src/install/my_package/share/my_package/package.dsv
[4.133s] -- Installing: /home/timl/ros2_ws/src/install/my_package/share/ament_index/resource_index/packages/my_package
[4.133s] -- Installing: /home/timl/ros2_ws/src/install/my_package/share/my_package/cmake/my_packageConfig.cmake
[4.134s] -- Installing: /home/timl/ros2_ws/src/install/my_package/share/my_package/cmake/my_packageConfig-version.cmake
[4.134s] -- Installing: /home/timl/ros2_ws/src/install/my_package/share/my_package/package.xml
[4.138s] Invoked command in '/home/timl/ros2_ws/src/build/my_package' returned '0': CMAKE_PREFIX_PATH=${CMAKE_PREFIX_PATH}:/home/timl/ros2_ws/install/py_pubsub:/opt/ros/jazzy /usr/bin/cmake --install /home/timl/ros2_ws/src/build/my_package
