-- Found ament_cmake: 2.5.3 (/opt/ros/jazzy/share/ament_cmake/cmake)
-- Found pluginlib: 5.4.2 (/opt/ros/jazzy/share/pluginlib/cmake)
-- Found TinyXML2 via Config file: /usr/lib/x86_64-linux-gnu/cmake/tinyxml2
-- Configuring done (0.7s)
-- Generating done (0.0s)
-- Build files have been written to: /home/timl/ros2_ws/src/build/polygon_base
[100%] Built target area_node
-- Install configuration: ""
-- Up-to-date: /home/timl/ros2_ws/src/install/polygon_base/include
-- Up-to-date: /home/timl/ros2_ws/src/install/polygon_base/include/polygon_base
-- Up-to-date: /home/timl/ros2_ws/src/install/polygon_base/include/polygon_base/regular_polygon.hpp
-- Up-to-date: /home/timl/ros2_ws/src/install/polygon_base/lib/polygon_base/area_node
-- Up-to-date: /home/timl/ros2_ws/src/install/polygon_base/share/ament_index/resource_index/package_run_dependencies/polygon_base
-- Installing: /home/timl/ros2_ws/src/install/polygon_base/share/ament_index/resource_index/parent_prefix_path/polygon_base
-- Up-to-date: /home/timl/ros2_ws/src/install/polygon_base/share/polygon_base/environment/ament_prefix_path.sh
-- Up-to-date: /home/timl/ros2_ws/src/install/polygon_base/share/polygon_base/environment/ament_prefix_path.dsv
-- Up-to-date: /home/timl/ros2_ws/src/install/polygon_base/share/polygon_base/environment/path.sh
-- Up-to-date: /home/timl/ros2_ws/src/install/polygon_base/share/polygon_base/environment/path.dsv
-- Up-to-date: /home/timl/ros2_ws/src/install/polygon_base/share/polygon_base/local_setup.bash
-- Up-to-date: /home/timl/ros2_ws/src/install/polygon_base/share/polygon_base/local_setup.sh
-- Up-to-date: /home/timl/ros2_ws/src/install/polygon_base/share/polygon_base/local_setup.zsh
-- Up-to-date: /home/timl/ros2_ws/src/install/polygon_base/share/polygon_base/local_setup.dsv
-- Installing: /home/timl/ros2_ws/src/install/polygon_base/share/polygon_base/package.dsv
-- Up-to-date: /home/timl/ros2_ws/src/install/polygon_base/share/ament_index/resource_index/packages/polygon_base
-- Up-to-date: /home/timl/ros2_ws/src/install/polygon_base/share/polygon_base/cmake/ament_cmake_export_include_directories-extras.cmake
-- Up-to-date: /home/timl/ros2_ws/src/install/polygon_base/share/polygon_base/cmake/polygon_baseConfig.cmake
-- Up-to-date: /home/timl/ros2_ws/src/install/polygon_base/share/polygon_base/cmake/polygon_baseConfig-version.cmake
-- Up-to-date: /home/timl/ros2_ws/src/install/polygon_base/share/polygon_base/package.xml
