[0.055s] Invoking command in '/home/timl/ros2_ws/src/build/polygon_base': CMAKE_PREFIX_PATH=${CMAKE_PREFIX_PATH}:/home/timl/ros2_ws/install/py_pubsub:/opt/ros/jazzy /usr/bin/cmake --build /home/timl/ros2_ws/src/build/polygon_base -- -j6 -l6
[0.089s] -- Found ament_cmake: 2.5.3 (/opt/ros/jazzy/share/ament_cmake/cmake)
[0.365s] -- Found pluginlib: 5.4.2 (/opt/ros/jazzy/share/pluginlib/cmake)
[0.602s] -- Found TinyXML2 via Config file: /usr/lib/x86_64-linux-gnu/cmake/tinyxml2
[0.732s] -- Configuring done (0.7s)
[0.746s] -- Generating done (0.0s)
[0.749s] -- Build files have been written to: /home/timl/ros2_ws/src/build/polygon_base
[0.793s] [100%] Built target area_node
[0.832s] Invoked command in '/home/timl/ros2_ws/src/build/polygon_base' returned '0': CMAKE_PREFIX_PATH=${CMAKE_PREFIX_PATH}:/home/timl/ros2_ws/install/py_pubsub:/opt/ros/jazzy /usr/bin/cmake --build /home/timl/ros2_ws/src/build/polygon_base -- -j6 -l6
[0.832s] Invoking command in '/home/timl/ros2_ws/src/build/polygon_base': CMAKE_PREFIX_PATH=${CMAKE_PREFIX_PATH}:/home/timl/ros2_ws/install/py_pubsub:/opt/ros/jazzy /usr/bin/cmake --install /home/timl/ros2_ws/src/build/polygon_base
[0.849s] -- Install configuration: ""
[0.849s] -- Up-to-date: /home/timl/ros2_ws/src/install/polygon_base/include
[0.849s] -- Up-to-date: /home/timl/ros2_ws/src/install/polygon_base/include/polygon_base
[0.849s] -- Up-to-date: /home/timl/ros2_ws/src/install/polygon_base/include/polygon_base/regular_polygon.hpp
[0.849s] -- Up-to-date: /home/timl/ros2_ws/src/install/polygon_base/lib/polygon_base/area_node
[0.849s] -- Up-to-date: /home/timl/ros2_ws/src/install/polygon_base/share/ament_index/resource_index/package_run_dependencies/polygon_base
[0.849s] -- Installing: /home/timl/ros2_ws/src/install/polygon_base/share/ament_index/resource_index/parent_prefix_path/polygon_base
[0.849s] -- Up-to-date: /home/timl/ros2_ws/src/install/polygon_base/share/polygon_base/environment/ament_prefix_path.sh
[0.850s] -- Up-to-date: /home/timl/ros2_ws/src/install/polygon_base/share/polygon_base/environment/ament_prefix_path.dsv
[0.850s] -- Up-to-date: /home/timl/ros2_ws/src/install/polygon_base/share/polygon_base/environment/path.sh
[0.850s] -- Up-to-date: /home/timl/ros2_ws/src/install/polygon_base/share/polygon_base/environment/path.dsv
[0.850s] -- Up-to-date: /home/timl/ros2_ws/src/install/polygon_base/share/polygon_base/local_setup.bash
[0.850s] -- Up-to-date: /home/timl/ros2_ws/src/install/polygon_base/share/polygon_base/local_setup.sh
[0.850s] -- Up-to-date: /home/timl/ros2_ws/src/install/polygon_base/share/polygon_base/local_setup.zsh
[0.851s] -- Up-to-date: /home/timl/ros2_ws/src/install/polygon_base/share/polygon_base/local_setup.dsv
[0.851s] -- Installing: /home/timl/ros2_ws/src/install/polygon_base/share/polygon_base/package.dsv
[0.851s] -- Up-to-date: /home/timl/ros2_ws/src/install/polygon_base/share/ament_index/resource_index/packages/polygon_base
[0.851s] -- Up-to-date: /home/timl/ros2_ws/src/install/polygon_base/share/polygon_base/cmake/ament_cmake_export_include_directories-extras.cmake
[0.851s] -- Up-to-date: /home/timl/ros2_ws/src/install/polygon_base/share/polygon_base/cmake/polygon_baseConfig.cmake
[0.851s] -- Up-to-date: /home/timl/ros2_ws/src/install/polygon_base/share/polygon_base/cmake/polygon_baseConfig-version.cmake
[0.851s] -- Up-to-date: /home/timl/ros2_ws/src/install/polygon_base/share/polygon_base/package.xml
[1.167s] Invoked command in '/home/timl/ros2_ws/src/build/polygon_base' returned '0': CMAKE_PREFIX_PATH=${CMAKE_PREFIX_PATH}:/home/timl/ros2_ws/install/py_pubsub:/opt/ros/jazzy /usr/bin/cmake --install /home/timl/ros2_ws/src/build/polygon_base
