[1.292s] Invoking command in '/home/timl/ros2_ws/src/py_pubsub': PYTHONPATH=/home/timl/ros2_ws/src/build/py_pubsub/prefix_override:/usr/lib/python3/dist-packages/colcon_core/task/python/colcon_distutils_commands:/home/timl/ros2_ws/src/install/py_pubsub/lib/python3.12/site-packages:${PYTHONPATH} /usr/bin/python3 -W ignore:setup.py install is deprecated -W ignore:easy_install command is deprecated setup.py egg_info --egg-base ../build/py_pubsub build --build-base /home/timl/ros2_ws/src/build/py_pubsub/build install --record /home/timl/ros2_ws/src/build/py_pubsub/install.log --single-version-externally-managed install_data
[1.600s] running egg_info
[1.620s] writing ../build/py_pubsub/py_pubsub.egg-info/PKG-INFO
[1.620s] writing dependency_links to ../build/py_pubsub/py_pubsub.egg-info/dependency_links.txt
[1.620s] writing entry points to ../build/py_pubsub/py_pubsub.egg-info/entry_points.txt
[1.620s] writing requirements to ../build/py_pubsub/py_pubsub.egg-info/requires.txt
[1.620s] writing top-level names to ../build/py_pubsub/py_pubsub.egg-info/top_level.txt
[1.691s] reading manifest file '../build/py_pubsub/py_pubsub.egg-info/SOURCES.txt'
[1.692s] writing manifest file '../build/py_pubsub/py_pubsub.egg-info/SOURCES.txt'
[1.693s] running build
[1.693s] running build_py
[1.694s] running install
[1.701s] running install_lib
[1.724s] running install_data
[1.724s] running install_egg_info
[1.766s] removing '/home/timl/ros2_ws/src/install/py_pubsub/lib/python3.12/site-packages/py_pubsub-0.0.0-py3.12.egg-info' (and everything under it)
[1.766s] Copying ../build/py_pubsub/py_pubsub.egg-info to /home/timl/ros2_ws/src/install/py_pubsub/lib/python3.12/site-packages/py_pubsub-0.0.0-py3.12.egg-info
[1.767s] running install_scripts
[1.957s] Installing listener script to /home/timl/ros2_ws/src/install/py_pubsub/lib/py_pubsub
[1.958s] Installing talker script to /home/timl/ros2_ws/src/install/py_pubsub/lib/py_pubsub
[1.958s] writing list of installed files to '/home/timl/ros2_ws/src/build/py_pubsub/install.log'
[1.996s] Invoked command in '/home/timl/ros2_ws/src/py_pubsub' returned '0': PYTHONPATH=/home/timl/ros2_ws/src/build/py_pubsub/prefix_override:/usr/lib/python3/dist-packages/colcon_core/task/python/colcon_distutils_commands:/home/timl/ros2_ws/src/install/py_pubsub/lib/python3.12/site-packages:${PYTHONPATH} /usr/bin/python3 -W ignore:setup.py install is deprecated -W ignore:easy_install command is deprecated setup.py egg_info --egg-base ../build/py_pubsub build --build-base /home/timl/ros2_ws/src/build/py_pubsub/build install --record /home/timl/ros2_ws/src/build/py_pubsub/install.log --single-version-externally-managed install_data
