[0.465s] Invoking command in '/home/timl/ros2_ws/build/cpp_pubsub': CMAKE_PREFIX_PATH=/home/timl/ros2_ws/install/tutorial_interfaces:/home/timl/ros2_ws/install/cpp_srvcli:/home/timl/ros2_ws/install/cpp_pubsub:/home/timl/ros2_ws/install/test_node:/home/timl/ros2_ws/install/turtlesim:/home/timl/ros2_ws/install/polygon_plugins:/home/timl/ros2_ws/install/polygon_base:/home/timl/ros2_ws/install/my_package:/home/timl/ros2_ws/install/more_interfaces:/home/timl/ros2_ws/install/custom_action_cpp:/home/timl/ros2_ws/install/custom_action_interfaces:/home/timl/ros2_ws/install/cpp_parameters:/opt/ros/jazzy/opt/sdformat_vendor:/opt/ros/jazzy/opt/gz_math_vendor:/opt/ros/jazzy/opt/gz_utils_vendor:/opt/ros/jazzy/opt/gz_tools_vendor:/opt/ros/jazzy/opt/gz_cmake_vendor:/home/timl/ros2_ws/install/py_pubsub:/opt/ros/jazzy /usr/bin/cmake --build /home/timl/ros2_ws/build/cpp_pubsub -- -j6 -l6
[0.570s] [ 50%] Built target listener
[0.571s] [100%] Built target talker
[0.588s] Invoked command in '/home/timl/ros2_ws/build/cpp_pubsub' returned '0': CMAKE_PREFIX_PATH=/home/timl/ros2_ws/install/tutorial_interfaces:/home/timl/ros2_ws/install/cpp_srvcli:/home/timl/ros2_ws/install/cpp_pubsub:/home/timl/ros2_ws/install/test_node:/home/timl/ros2_ws/install/turtlesim:/home/timl/ros2_ws/install/polygon_plugins:/home/timl/ros2_ws/install/polygon_base:/home/timl/ros2_ws/install/my_package:/home/timl/ros2_ws/install/more_interfaces:/home/timl/ros2_ws/install/custom_action_cpp:/home/timl/ros2_ws/install/custom_action_interfaces:/home/timl/ros2_ws/install/cpp_parameters:/opt/ros/jazzy/opt/sdformat_vendor:/opt/ros/jazzy/opt/gz_math_vendor:/opt/ros/jazzy/opt/gz_utils_vendor:/opt/ros/jazzy/opt/gz_tools_vendor:/opt/ros/jazzy/opt/gz_cmake_vendor:/home/timl/ros2_ws/install/py_pubsub:/opt/ros/jazzy /usr/bin/cmake --build /home/timl/ros2_ws/build/cpp_pubsub -- -j6 -l6
[0.601s] Invoking command in '/home/timl/ros2_ws/build/cpp_pubsub': CMAKE_PREFIX_PATH=/home/timl/ros2_ws/install/tutorial_interfaces:/home/timl/ros2_ws/install/cpp_srvcli:/home/timl/ros2_ws/install/cpp_pubsub:/home/timl/ros2_ws/install/test_node:/home/timl/ros2_ws/install/turtlesim:/home/timl/ros2_ws/install/polygon_plugins:/home/timl/ros2_ws/install/polygon_base:/home/timl/ros2_ws/install/my_package:/home/timl/ros2_ws/install/more_interfaces:/home/timl/ros2_ws/install/custom_action_cpp:/home/timl/ros2_ws/install/custom_action_interfaces:/home/timl/ros2_ws/install/cpp_parameters:/opt/ros/jazzy/opt/sdformat_vendor:/opt/ros/jazzy/opt/gz_math_vendor:/opt/ros/jazzy/opt/gz_utils_vendor:/opt/ros/jazzy/opt/gz_tools_vendor:/opt/ros/jazzy/opt/gz_cmake_vendor:/home/timl/ros2_ws/install/py_pubsub:/opt/ros/jazzy /usr/bin/cmake --install /home/timl/ros2_ws/build/cpp_pubsub
[0.621s] -- Install configuration: ""
[0.623s] -- Up-to-date: /home/timl/ros2_ws/install/cpp_pubsub/lib/cpp_pubsub/talker
[0.629s] -- Up-to-date: /home/timl/ros2_ws/install/cpp_pubsub/lib/cpp_pubsub/listener
[0.629s] -- Up-to-date: /home/timl/ros2_ws/install/cpp_pubsub/share/ament_index/resource_index/package_run_dependencies/cpp_pubsub
[0.630s] -- Up-to-date: /home/timl/ros2_ws/install/cpp_pubsub/share/ament_index/resource_index/parent_prefix_path/cpp_pubsub
[0.630s] -- Up-to-date: /home/timl/ros2_ws/install/cpp_pubsub/share/cpp_pubsub/environment/ament_prefix_path.sh
[0.630s] -- Up-to-date: /home/timl/ros2_ws/install/cpp_pubsub/share/cpp_pubsub/environment/ament_prefix_path.dsv
[0.630s] -- Up-to-date: /home/timl/ros2_ws/install/cpp_pubsub/share/cpp_pubsub/environment/path.sh
[0.630s] -- Up-to-date: /home/timl/ros2_ws/install/cpp_pubsub/share/cpp_pubsub/environment/path.dsv
[0.630s] -- Up-to-date: /home/timl/ros2_ws/install/cpp_pubsub/share/cpp_pubsub/local_setup.bash
[0.631s] -- Up-to-date: /home/timl/ros2_ws/install/cpp_pubsub/share/cpp_pubsub/local_setup.sh
[0.631s] -- Up-to-date: /home/timl/ros2_ws/install/cpp_pubsub/share/cpp_pubsub/local_setup.zsh
[0.631s] -- Up-to-date: /home/timl/ros2_ws/install/cpp_pubsub/share/cpp_pubsub/local_setup.dsv
[0.631s] -- Installing: /home/timl/ros2_ws/install/cpp_pubsub/share/cpp_pubsub/package.dsv
[0.632s] -- Up-to-date: /home/timl/ros2_ws/install/cpp_pubsub/share/ament_index/resource_index/packages/cpp_pubsub
[0.632s] -- Up-to-date: /home/timl/ros2_ws/install/cpp_pubsub/share/cpp_pubsub/cmake/cpp_pubsubConfig.cmake
[0.632s] -- Up-to-date: /home/timl/ros2_ws/install/cpp_pubsub/share/cpp_pubsub/cmake/cpp_pubsubConfig-version.cmake
[0.633s] -- Up-to-date: /home/timl/ros2_ws/install/cpp_pubsub/share/cpp_pubsub/package.xml
[0.633s] Invoked command in '/home/timl/ros2_ws/build/cpp_pubsub' returned '0': CMAKE_PREFIX_PATH=/home/timl/ros2_ws/install/tutorial_interfaces:/home/timl/ros2_ws/install/cpp_srvcli:/home/timl/ros2_ws/install/cpp_pubsub:/home/timl/ros2_ws/install/test_node:/home/timl/ros2_ws/install/turtlesim:/home/timl/ros2_ws/install/polygon_plugins:/home/timl/ros2_ws/install/polygon_base:/home/timl/ros2_ws/install/my_package:/home/timl/ros2_ws/install/more_interfaces:/home/timl/ros2_ws/install/custom_action_cpp:/home/timl/ros2_ws/install/custom_action_interfaces:/home/timl/ros2_ws/install/cpp_parameters:/opt/ros/jazzy/opt/sdformat_vendor:/opt/ros/jazzy/opt/gz_math_vendor:/opt/ros/jazzy/opt/gz_utils_vendor:/opt/ros/jazzy/opt/gz_tools_vendor:/opt/ros/jazzy/opt/gz_cmake_vendor:/home/timl/ros2_ws/install/py_pubsub:/opt/ros/jazzy /usr/bin/cmake --install /home/timl/ros2_ws/build/cpp_pubsub
