[0.046s] Invoking command in '/home/timl/ros2_ws/src/build/custom_action_interfaces': CMAKE_PREFIX_PATH=${CMAKE_PREFIX_PATH}:/home/timl/ros2_ws/install/py_pubsub:/opt/ros/jazzy /usr/bin/cmake /home/timl/ros2_ws/src/custom_action_interfaces -DCMAKE_INSTALL_PREFIX=/home/timl/ros2_ws/src/install/custom_action_interfaces
[0.263s] -- The C compiler identification is GNU 13.3.0
[1.050s] -- The CXX compiler identification is GNU 13.3.0
[1.936s] -- Detecting C compiler ABI info
[2.326s] -- Detecting C compiler ABI info - done
[2.340s] -- Check for working C compiler: /usr/bin/cc - skipped
[2.344s] -- Detecting C compile features
[2.344s] -- Detecting C compile features - done
[2.515s] -- Detecting CXX compiler ABI info
[3.035s] -- Detecting CXX compiler ABI info - done
[3.048s] -- Check for working CXX compiler: /usr/bin/c++ - skipped
[3.050s] -- Detecting CXX compile features
[3.056s] -- Detecting CXX compile features - done
[3.061s] -- Found ament_cmake: 2.5.3 (/opt/ros/jazzy/share/ament_cmake/cmake)
[3.286s] -- Found Python3: /usr/bin/python3 (found version "3.12.3") found components: Interpreter 
[3.471s] -- Found ament_lint_auto: 0.17.1 (/opt/ros/jazzy/share/ament_lint_auto/cmake)
[3.689s] -- Found rosidl_default_generators: 1.6.0 (/opt/ros/jazzy/share/rosidl_default_generators/cmake)
[3.700s] -- Using all available rosidl_typesupport_c: rosidl_typesupport_fastrtps_c;rosidl_typesupport_introspection_c
[4.107s] -- Using all available rosidl_typesupport_cpp: rosidl_typesupport_fastrtps_cpp;rosidl_typesupport_introspection_cpp
[4.220s] -- Found rosidl_adapter: 4.6.5 (/opt/ros/jazzy/share/rosidl_adapter/cmake)
[4.985s] -- Found ament_cmake_ros: 0.12.0 (/opt/ros/jazzy/share/ament_cmake_ros/cmake)
[5.671s] -- Using all available rosidl_typesupport_c: rosidl_typesupport_fastrtps_c;rosidl_typesupport_introspection_c
[7.015s] -- Using all available rosidl_typesupport_cpp: rosidl_typesupport_fastrtps_cpp;rosidl_typesupport_introspection_cpp
[7.020s] -- Found python_cmake_module: 0.11.1 (/opt/ros/jazzy/share/python_cmake_module/cmake)
[7.369s] -- Found PythonExtra: /usr/bin/python3  
[8.493s] -- Found Python3: /usr/bin/python3 (found version "3.12.3") found components: Interpreter Development NumPy Development.Module Development.Embed 
[8.672s] -- Added test 'lint_cmake' to check CMake code style
[8.678s] -- Added test 'xmllint' to check XML markup files
[8.724s] -- Configuring done (8.7s)
[8.917s] -- Generating done (0.2s)
[8.955s] -- Build files have been written to: /home/timl/ros2_ws/src/build/custom_action_interfaces
[8.980s] Invoked command in '/home/timl/ros2_ws/src/build/custom_action_interfaces' returned '0': CMAKE_PREFIX_PATH=${CMAKE_PREFIX_PATH}:/home/timl/ros2_ws/install/py_pubsub:/opt/ros/jazzy /usr/bin/cmake /home/timl/ros2_ws/src/custom_action_interfaces -DCMAKE_INSTALL_PREFIX=/home/timl/ros2_ws/src/install/custom_action_interfaces
[8.981s] Invoking command in '/home/timl/ros2_ws/src/build/custom_action_interfaces': CMAKE_PREFIX_PATH=${CMAKE_PREFIX_PATH}:/home/timl/ros2_ws/install/py_pubsub:/opt/ros/jazzy /usr/bin/cmake --build /home/timl/ros2_ws/src/build/custom_action_interfaces -- -j6 -l6
[9.255s] [  2%] [34m[1mGenerating type hashes for ROS interfaces[0m
[9.302s] [  2%] Built target ament_cmake_python_copy_custom_action_interfaces
[9.592s] [  2%] Built target custom_action_interfaces__rosidl_generator_type_description
[9.611s] [  5%] [34m[1mGenerating C code for ROS interfaces[0m
[9.625s] [  8%] [34m[1mGenerating C++ code for ROS interfaces[0m
[9.692s] running egg_info
[9.693s] creating custom_action_interfaces.egg-info
[9.739s] writing custom_action_interfaces.egg-info/PKG-INFO
[9.741s] writing dependency_links to custom_action_interfaces.egg-info/dependency_links.txt
[9.748s] writing top-level names to custom_action_interfaces.egg-info/top_level.txt
[9.749s] writing manifest file 'custom_action_interfaces.egg-info/SOURCES.txt'
[9.866s] reading manifest file 'custom_action_interfaces.egg-info/SOURCES.txt'
[9.868s] writing manifest file 'custom_action_interfaces.egg-info/SOURCES.txt'
[9.933s] [  8%] Built target ament_cmake_python_build_custom_action_interfaces_egg
[10.290s] [  8%] Built target custom_action_interfaces__cpp
[10.333s] [ 11%] [32mBuilding C object CMakeFiles/custom_action_interfaces__rosidl_generator_c.dir/rosidl_generator_c/custom_action_interfaces/action/detail/fibonacci__description.c.o[0m
[10.348s] [ 14%] [32mBuilding C object CMakeFiles/custom_action_interfaces__rosidl_generator_c.dir/rosidl_generator_c/custom_action_interfaces/action/detail/fibonacci__functions.c.o[0m
[10.364s] [ 17%] [32mBuilding C object CMakeFiles/custom_action_interfaces__rosidl_generator_c.dir/rosidl_generator_c/custom_action_interfaces/action/detail/fibonacci__type_support.c.o[0m
[10.551s] [ 20%] [32m[1mLinking C shared library libcustom_action_interfaces__rosidl_generator_c.so[0m
[10.756s] [ 20%] Built target custom_action_interfaces__rosidl_generator_c
[10.801s] [ 26%] [34m[1mGenerating C introspection for ROS interfaces[0m
[10.802s] [ 26%] [34m[1mGenerating C type support dispatch for ROS interfaces[0m
[10.803s] [ 29%] [34m[1mGenerating C type support for eProsima Fast-RTPS[0m
[10.836s] [ 32%] [34m[1mGenerating C++ type support for eProsima Fast-RTPS[0m
[10.854s] [ 35%] [34m[1mGenerating C++ introspection for ROS interfaces[0m
[10.862s] [ 38%] [34m[1mGenerating C++ type support dispatch for ROS interfaces[0m
[11.429s] [ 41%] [32mBuilding CXX object CMakeFiles/custom_action_interfaces__rosidl_typesupport_cpp.dir/rosidl_typesupport_cpp/custom_action_interfaces/action/fibonacci__type_support.cpp.o[0m
[11.468s] [ 44%] [32mBuilding CXX object CMakeFiles/custom_action_interfaces__rosidl_typesupport_c.dir/rosidl_typesupport_c/custom_action_interfaces/action/fibonacci__type_support.cpp.o[0m
[11.549s] [ 47%] [32m[1mLinking CXX shared library libcustom_action_interfaces__rosidl_typesupport_c.so[0m
[11.776s] [ 50%] [32mBuilding C object CMakeFiles/custom_action_interfaces__rosidl_typesupport_introspection_c.dir/rosidl_typesupport_introspection_c/custom_action_interfaces/action/detail/fibonacci__type_support.c.o[0m
[11.794s] [ 52%] [32mBuilding CXX object CMakeFiles/custom_action_interfaces__rosidl_typesupport_introspection_cpp.dir/rosidl_typesupport_introspection_cpp/custom_action_interfaces/action/detail/fibonacci__type_support.cpp.o[0m
[11.964s] [ 55%] [32mBuilding CXX object CMakeFiles/custom_action_interfaces__rosidl_typesupport_fastrtps_c.dir/rosidl_typesupport_fastrtps_c/custom_action_interfaces/action/detail/fibonacci__type_support_c.cpp.o[0m
[12.019s] [ 55%] Built target custom_action_interfaces__rosidl_typesupport_c
[12.084s] [ 58%] [32mBuilding CXX object CMakeFiles/custom_action_interfaces__rosidl_typesupport_fastrtps_cpp.dir/rosidl_typesupport_fastrtps_cpp/custom_action_interfaces/action/detail/dds_fastrtps/fibonacci__type_support.cpp.o[0m
[12.096s] [ 61%] [32m[1mLinking C shared library libcustom_action_interfaces__rosidl_typesupport_introspection_c.so[0m
[12.519s] [ 61%] Built target custom_action_interfaces__rosidl_typesupport_introspection_c
[13.228s] [ 64%] [32m[1mLinking CXX shared library libcustom_action_interfaces__rosidl_typesupport_cpp.so[0m
[13.629s] [ 67%] [32m[1mLinking CXX shared library libcustom_action_interfaces__rosidl_typesupport_fastrtps_c.so[0m
[13.659s] [ 67%] Built target custom_action_interfaces__rosidl_typesupport_cpp
[14.008s] [ 67%] Built target custom_action_interfaces__rosidl_typesupport_fastrtps_c
[14.321s] [ 70%] [32m[1mLinking CXX shared library libcustom_action_interfaces__rosidl_typesupport_introspection_cpp.so[0m
[14.656s] [ 73%] [32m[1mLinking CXX shared library libcustom_action_interfaces__rosidl_typesupport_fastrtps_cpp.so[0m
[14.690s] [ 73%] Built target custom_action_interfaces__rosidl_typesupport_introspection_cpp
[15.109s] [ 73%] Built target custom_action_interfaces__rosidl_typesupport_fastrtps_cpp
[15.140s] [ 73%] Built target custom_action_interfaces
[15.170s] [ 76%] [34m[1mGenerating Python code for ROS interfaces[0m
[16.098s] [ 76%] Built target custom_action_interfaces__py
[16.125s] [ 79%] [32mBuilding C object CMakeFiles/custom_action_interfaces__rosidl_generator_py.dir/rosidl_generator_py/custom_action_interfaces/action/_fibonacci_s.c.o[0m
[16.433s] [ 82%] [32m[1mLinking C shared library libcustom_action_interfaces__rosidl_generator_py.so[0m
[16.608s] [ 82%] Built target custom_action_interfaces__rosidl_generator_py
[16.639s] [ 85%] [32mBuilding C object CMakeFiles/custom_action_interfaces_s__rosidl_typesupport_introspection_c.dir/rosidl_generator_py/custom_action_interfaces/_custom_action_interfaces_s.ep.rosidl_typesupport_introspection_c.c.o[0m
[16.643s] [ 88%] [32mBuilding C object CMakeFiles/custom_action_interfaces_s__rosidl_typesupport_fastrtps_c.dir/rosidl_generator_py/custom_action_interfaces/_custom_action_interfaces_s.ep.rosidl_typesupport_fastrtps_c.c.o[0m
[16.698s] [ 91%] [32mBuilding C object CMakeFiles/custom_action_interfaces_s__rosidl_typesupport_c.dir/rosidl_generator_py/custom_action_interfaces/_custom_action_interfaces_s.ep.rosidl_typesupport_c.c.o[0m
[16.837s] [ 94%] [32m[1mLinking C shared module rosidl_generator_py/custom_action_interfaces/custom_action_interfaces_s__rosidl_typesupport_introspection_c.so[0m
[16.886s] [ 97%] [32m[1mLinking C shared module rosidl_generator_py/custom_action_interfaces/custom_action_interfaces_s__rosidl_typesupport_fastrtps_c.so[0m
[16.952s] [100%] [32m[1mLinking C shared module rosidl_generator_py/custom_action_interfaces/custom_action_interfaces_s__rosidl_typesupport_c.so[0m
[17.013s] [100%] Built target custom_action_interfaces_s__rosidl_typesupport_introspection_c
[17.046s] [100%] Built target custom_action_interfaces_s__rosidl_typesupport_fastrtps_c
[17.185s] [100%] Built target custom_action_interfaces_s__rosidl_typesupport_c
[17.208s] Invoked command in '/home/timl/ros2_ws/src/build/custom_action_interfaces' returned '0': CMAKE_PREFIX_PATH=${CMAKE_PREFIX_PATH}:/home/timl/ros2_ws/install/py_pubsub:/opt/ros/jazzy /usr/bin/cmake --build /home/timl/ros2_ws/src/build/custom_action_interfaces -- -j6 -l6
[17.209s] Invoking command in '/home/timl/ros2_ws/src/build/custom_action_interfaces': CMAKE_PREFIX_PATH=${CMAKE_PREFIX_PATH}:/home/timl/ros2_ws/install/py_pubsub:/opt/ros/jazzy /usr/bin/cmake --install /home/timl/ros2_ws/src/build/custom_action_interfaces
[17.217s] -- Install configuration: ""
[17.218s] -- Installing: /home/timl/ros2_ws/src/install/custom_action_interfaces/share/ament_index/resource_index/rosidl_interfaces/custom_action_interfaces
[17.218s] -- Installing: /home/timl/ros2_ws/src/install/custom_action_interfaces/share/custom_action_interfaces/action/Fibonacci.json
[17.219s] -- Installing: /home/timl/ros2_ws/src/install/custom_action_interfaces/include/custom_action_interfaces/custom_action_interfaces
[17.219s] -- Installing: /home/timl/ros2_ws/src/install/custom_action_interfaces/include/custom_action_interfaces/custom_action_interfaces/action
[17.219s] -- Installing: /home/timl/ros2_ws/src/install/custom_action_interfaces/include/custom_action_interfaces/custom_action_interfaces/action/detail
[17.219s] -- Installing: /home/timl/ros2_ws/src/install/custom_action_interfaces/include/custom_action_interfaces/custom_action_interfaces/action/detail/fibonacci__type_support.c
[17.219s] -- Installing: /home/timl/ros2_ws/src/install/custom_action_interfaces/include/custom_action_interfaces/custom_action_interfaces/action/detail/fibonacci__struct.h
[17.220s] -- Installing: /home/timl/ros2_ws/src/install/custom_action_interfaces/include/custom_action_interfaces/custom_action_interfaces/action/detail/fibonacci__description.c
[17.220s] -- Installing: /home/timl/ros2_ws/src/install/custom_action_interfaces/include/custom_action_interfaces/custom_action_interfaces/action/detail/fibonacci__functions.c
[17.220s] -- Installing: /home/timl/ros2_ws/src/install/custom_action_interfaces/include/custom_action_interfaces/custom_action_interfaces/action/detail/fibonacci__functions.h
[17.220s] -- Installing: /home/timl/ros2_ws/src/install/custom_action_interfaces/include/custom_action_interfaces/custom_action_interfaces/action/detail/fibonacci__type_support.h
[17.220s] -- Installing: /home/timl/ros2_ws/src/install/custom_action_interfaces/include/custom_action_interfaces/custom_action_interfaces/action/fibonacci.h
[17.220s] -- Installing: /home/timl/ros2_ws/src/install/custom_action_interfaces/include/custom_action_interfaces/custom_action_interfaces/msg
[17.221s] -- Installing: /home/timl/ros2_ws/src/install/custom_action_interfaces/include/custom_action_interfaces/custom_action_interfaces/msg/rosidl_generator_c__visibility_control.h
[17.221s] -- Installing: /home/timl/ros2_ws/src/install/custom_action_interfaces/share/custom_action_interfaces/environment/library_path.sh
[17.221s] -- Installing: /home/timl/ros2_ws/src/install/custom_action_interfaces/share/custom_action_interfaces/environment/library_path.dsv
[17.221s] -- Installing: /home/timl/ros2_ws/src/install/custom_action_interfaces/lib/libcustom_action_interfaces__rosidl_generator_c.so
[17.222s] -- Set non-toolchain portion of runtime path of "/home/timl/ros2_ws/src/install/custom_action_interfaces/lib/libcustom_action_interfaces__rosidl_generator_c.so" to ""
[17.222s] -- Up-to-date: /home/timl/ros2_ws/src/install/custom_action_interfaces/include/custom_action_interfaces/custom_action_interfaces
[17.222s] -- Up-to-date: /home/timl/ros2_ws/src/install/custom_action_interfaces/include/custom_action_interfaces/custom_action_interfaces/action
[17.222s] -- Up-to-date: /home/timl/ros2_ws/src/install/custom_action_interfaces/include/custom_action_interfaces/custom_action_interfaces/action/detail
[17.227s] -- Installing: /home/timl/ros2_ws/src/install/custom_action_interfaces/include/custom_action_interfaces/custom_action_interfaces/action/detail/fibonacci__rosidl_typesupport_fastrtps_c.h
[17.227s] -- Up-to-date: /home/timl/ros2_ws/src/install/custom_action_interfaces/include/custom_action_interfaces/custom_action_interfaces/msg
[17.227s] -- Installing: /home/timl/ros2_ws/src/install/custom_action_interfaces/include/custom_action_interfaces/custom_action_interfaces/msg/rosidl_typesupport_fastrtps_c__visibility_control.h
[17.227s] -- Installing: /home/timl/ros2_ws/src/install/custom_action_interfaces/lib/libcustom_action_interfaces__rosidl_typesupport_fastrtps_c.so
[17.227s] -- Set non-toolchain portion of runtime path of "/home/timl/ros2_ws/src/install/custom_action_interfaces/lib/libcustom_action_interfaces__rosidl_typesupport_fastrtps_c.so" to ""
[17.227s] -- Up-to-date: /home/timl/ros2_ws/src/install/custom_action_interfaces/include/custom_action_interfaces/custom_action_interfaces
[17.228s] -- Up-to-date: /home/timl/ros2_ws/src/install/custom_action_interfaces/include/custom_action_interfaces/custom_action_interfaces/action
[17.228s] -- Up-to-date: /home/timl/ros2_ws/src/install/custom_action_interfaces/include/custom_action_interfaces/custom_action_interfaces/action/detail
[17.228s] -- Installing: /home/timl/ros2_ws/src/install/custom_action_interfaces/include/custom_action_interfaces/custom_action_interfaces/action/detail/fibonacci__type_support.c
[17.228s] -- Installing: /home/timl/ros2_ws/src/install/custom_action_interfaces/include/custom_action_interfaces/custom_action_interfaces/action/detail/fibonacci__rosidl_typesupport_introspection_c.h
[17.228s] -- Up-to-date: /home/timl/ros2_ws/src/install/custom_action_interfaces/include/custom_action_interfaces/custom_action_interfaces/msg
[17.228s] -- Installing: /home/timl/ros2_ws/src/install/custom_action_interfaces/include/custom_action_interfaces/custom_action_interfaces/msg/rosidl_typesupport_introspection_c__visibility_control.h
[17.228s] -- Installing: /home/timl/ros2_ws/src/install/custom_action_interfaces/lib/libcustom_action_interfaces__rosidl_typesupport_introspection_c.so
[17.228s] -- Set non-toolchain portion of runtime path of "/home/timl/ros2_ws/src/install/custom_action_interfaces/lib/libcustom_action_interfaces__rosidl_typesupport_introspection_c.so" to ""
[17.228s] -- Installing: /home/timl/ros2_ws/src/install/custom_action_interfaces/lib/libcustom_action_interfaces__rosidl_typesupport_c.so
[17.229s] -- Set non-toolchain portion of runtime path of "/home/timl/ros2_ws/src/install/custom_action_interfaces/lib/libcustom_action_interfaces__rosidl_typesupport_c.so" to ""
[17.229s] -- Up-to-date: /home/timl/ros2_ws/src/install/custom_action_interfaces/include/custom_action_interfaces/custom_action_interfaces
[17.229s] -- Up-to-date: /home/timl/ros2_ws/src/install/custom_action_interfaces/include/custom_action_interfaces/custom_action_interfaces/action
[17.229s] -- Up-to-date: /home/timl/ros2_ws/src/install/custom_action_interfaces/include/custom_action_interfaces/custom_action_interfaces/action/detail
[17.229s] -- Installing: /home/timl/ros2_ws/src/install/custom_action_interfaces/include/custom_action_interfaces/custom_action_interfaces/action/detail/fibonacci__struct.hpp
[17.229s] -- Installing: /home/timl/ros2_ws/src/install/custom_action_interfaces/include/custom_action_interfaces/custom_action_interfaces/action/detail/fibonacci__traits.hpp
[17.231s] -- Installing: /home/timl/ros2_ws/src/install/custom_action_interfaces/include/custom_action_interfaces/custom_action_interfaces/action/detail/fibonacci__builder.hpp
[17.231s] -- Installing: /home/timl/ros2_ws/src/install/custom_action_interfaces/include/custom_action_interfaces/custom_action_interfaces/action/detail/fibonacci__type_support.hpp
[17.231s] -- Installing: /home/timl/ros2_ws/src/install/custom_action_interfaces/include/custom_action_interfaces/custom_action_interfaces/action/fibonacci.hpp
[17.231s] -- Up-to-date: /home/timl/ros2_ws/src/install/custom_action_interfaces/include/custom_action_interfaces/custom_action_interfaces/msg
[17.232s] -- Installing: /home/timl/ros2_ws/src/install/custom_action_interfaces/include/custom_action_interfaces/custom_action_interfaces/msg/rosidl_generator_cpp__visibility_control.hpp
[17.232s] -- Up-to-date: /home/timl/ros2_ws/src/install/custom_action_interfaces/include/custom_action_interfaces/custom_action_interfaces
[17.232s] -- Up-to-date: /home/timl/ros2_ws/src/install/custom_action_interfaces/include/custom_action_interfaces/custom_action_interfaces/action
[17.232s] -- Up-to-date: /home/timl/ros2_ws/src/install/custom_action_interfaces/include/custom_action_interfaces/custom_action_interfaces/action/detail
[17.232s] -- Installing: /home/timl/ros2_ws/src/install/custom_action_interfaces/include/custom_action_interfaces/custom_action_interfaces/action/detail/fibonacci__rosidl_typesupport_fastrtps_cpp.hpp
[17.232s] -- Installing: /home/timl/ros2_ws/src/install/custom_action_interfaces/include/custom_action_interfaces/custom_action_interfaces/action/detail/dds_fastrtps
[17.233s] -- Up-to-date: /home/timl/ros2_ws/src/install/custom_action_interfaces/include/custom_action_interfaces/custom_action_interfaces/msg
[17.233s] -- Installing: /home/timl/ros2_ws/src/install/custom_action_interfaces/include/custom_action_interfaces/custom_action_interfaces/msg/rosidl_typesupport_fastrtps_cpp__visibility_control.h
[17.233s] -- Installing: /home/timl/ros2_ws/src/install/custom_action_interfaces/lib/libcustom_action_interfaces__rosidl_typesupport_fastrtps_cpp.so
[17.233s] -- Set non-toolchain portion of runtime path of "/home/timl/ros2_ws/src/install/custom_action_interfaces/lib/libcustom_action_interfaces__rosidl_typesupport_fastrtps_cpp.so" to ""
[17.233s] -- Up-to-date: /home/timl/ros2_ws/src/install/custom_action_interfaces/include/custom_action_interfaces/custom_action_interfaces
[17.233s] -- Up-to-date: /home/timl/ros2_ws/src/install/custom_action_interfaces/include/custom_action_interfaces/custom_action_interfaces/action
[17.233s] -- Up-to-date: /home/timl/ros2_ws/src/install/custom_action_interfaces/include/custom_action_interfaces/custom_action_interfaces/action/detail
[17.233s] -- Installing: /home/timl/ros2_ws/src/install/custom_action_interfaces/include/custom_action_interfaces/custom_action_interfaces/action/detail/fibonacci__rosidl_typesupport_introspection_cpp.hpp
[17.233s] -- Installing: /home/timl/ros2_ws/src/install/custom_action_interfaces/include/custom_action_interfaces/custom_action_interfaces/action/detail/fibonacci__type_support.cpp
[17.233s] -- Installing: /home/timl/ros2_ws/src/install/custom_action_interfaces/lib/libcustom_action_interfaces__rosidl_typesupport_introspection_cpp.so
[17.233s] -- Set non-toolchain portion of runtime path of "/home/timl/ros2_ws/src/install/custom_action_interfaces/lib/libcustom_action_interfaces__rosidl_typesupport_introspection_cpp.so" to ""
[17.233s] -- Installing: /home/timl/ros2_ws/src/install/custom_action_interfaces/lib/libcustom_action_interfaces__rosidl_typesupport_cpp.so
[17.233s] -- Set non-toolchain portion of runtime path of "/home/timl/ros2_ws/src/install/custom_action_interfaces/lib/libcustom_action_interfaces__rosidl_typesupport_cpp.so" to ""
[17.234s] -- Installing: /home/timl/ros2_ws/src/install/custom_action_interfaces/share/custom_action_interfaces/environment/pythonpath.sh
[17.234s] -- Installing: /home/timl/ros2_ws/src/install/custom_action_interfaces/share/custom_action_interfaces/environment/pythonpath.dsv
[17.234s] -- Installing: /home/timl/ros2_ws/src/install/custom_action_interfaces/lib/python3.12/site-packages/custom_action_interfaces-0.0.0-py3.12.egg-info
[17.234s] -- Installing: /home/timl/ros2_ws/src/install/custom_action_interfaces/lib/python3.12/site-packages/custom_action_interfaces-0.0.0-py3.12.egg-info/top_level.txt
[17.234s] -- Installing: /home/timl/ros2_ws/src/install/custom_action_interfaces/lib/python3.12/site-packages/custom_action_interfaces-0.0.0-py3.12.egg-info/PKG-INFO
[17.234s] -- Installing: /home/timl/ros2_ws/src/install/custom_action_interfaces/lib/python3.12/site-packages/custom_action_interfaces-0.0.0-py3.12.egg-info/SOURCES.txt
[17.234s] -- Installing: /home/timl/ros2_ws/src/install/custom_action_interfaces/lib/python3.12/site-packages/custom_action_interfaces-0.0.0-py3.12.egg-info/dependency_links.txt
[17.234s] -- Installing: /home/timl/ros2_ws/src/install/custom_action_interfaces/lib/python3.12/site-packages/custom_action_interfaces
[17.234s] -- Installing: /home/timl/ros2_ws/src/install/custom_action_interfaces/lib/python3.12/site-packages/custom_action_interfaces/custom_action_interfaces_s__rosidl_typesupport_c.so
[17.234s] -- Installing: /home/timl/ros2_ws/src/install/custom_action_interfaces/lib/python3.12/site-packages/custom_action_interfaces/action
[17.235s] -- Installing: /home/timl/ros2_ws/src/install/custom_action_interfaces/lib/python3.12/site-packages/custom_action_interfaces/action/_fibonacci_s.c
[17.235s] -- Installing: /home/timl/ros2_ws/src/install/custom_action_interfaces/lib/python3.12/site-packages/custom_action_interfaces/action/_fibonacci.py
[17.235s] -- Installing: /home/timl/ros2_ws/src/install/custom_action_interfaces/lib/python3.12/site-packages/custom_action_interfaces/action/__init__.py
[17.235s] -- Installing: /home/timl/ros2_ws/src/install/custom_action_interfaces/lib/python3.12/site-packages/custom_action_interfaces/_custom_action_interfaces_s.ep.rosidl_typesupport_introspection_c.c
[17.235s] -- Installing: /home/timl/ros2_ws/src/install/custom_action_interfaces/lib/python3.12/site-packages/custom_action_interfaces/custom_action_interfaces_s__rosidl_typesupport_fastrtps_c.so
[17.235s] -- Installing: /home/timl/ros2_ws/src/install/custom_action_interfaces/lib/python3.12/site-packages/custom_action_interfaces/_custom_action_interfaces_s.ep.rosidl_typesupport_fastrtps_c.c
[17.235s] -- Installing: /home/timl/ros2_ws/src/install/custom_action_interfaces/lib/python3.12/site-packages/custom_action_interfaces/_custom_action_interfaces_s.ep.rosidl_typesupport_c.c
[17.235s] -- Installing: /home/timl/ros2_ws/src/install/custom_action_interfaces/lib/python3.12/site-packages/custom_action_interfaces/__init__.py
[17.235s] -- Installing: /home/timl/ros2_ws/src/install/custom_action_interfaces/lib/python3.12/site-packages/custom_action_interfaces/custom_action_interfaces_s__rosidl_typesupport_introspection_c.so
[17.306s] Listing '/home/timl/ros2_ws/src/install/custom_action_interfaces/lib/python3.12/site-packages/custom_action_interfaces'...
[17.307s] Compiling '/home/timl/ros2_ws/src/install/custom_action_interfaces/lib/python3.12/site-packages/custom_action_interfaces/__init__.py'...
[17.307s] Listing '/home/timl/ros2_ws/src/install/custom_action_interfaces/lib/python3.12/site-packages/custom_action_interfaces/action'...
[17.307s] Compiling '/home/timl/ros2_ws/src/install/custom_action_interfaces/lib/python3.12/site-packages/custom_action_interfaces/action/__init__.py'...
[17.307s] Compiling '/home/timl/ros2_ws/src/install/custom_action_interfaces/lib/python3.12/site-packages/custom_action_interfaces/action/_fibonacci.py'...
[17.315s] -- Installing: /home/timl/ros2_ws/src/install/custom_action_interfaces/lib/python3.12/site-packages/custom_action_interfaces/custom_action_interfaces_s__rosidl_typesupport_fastrtps_c.so
[17.315s] -- Set non-toolchain portion of runtime path of "/home/timl/ros2_ws/src/install/custom_action_interfaces/lib/python3.12/site-packages/custom_action_interfaces/custom_action_interfaces_s__rosidl_typesupport_fastrtps_c.so" to ""
[17.315s] -- Installing: /home/timl/ros2_ws/src/install/custom_action_interfaces/lib/python3.12/site-packages/custom_action_interfaces/custom_action_interfaces_s__rosidl_typesupport_introspection_c.so
[17.316s] -- Set non-toolchain portion of runtime path of "/home/timl/ros2_ws/src/install/custom_action_interfaces/lib/python3.12/site-packages/custom_action_interfaces/custom_action_interfaces_s__rosidl_typesupport_introspection_c.so" to ""
[17.316s] -- Installing: /home/timl/ros2_ws/src/install/custom_action_interfaces/lib/python3.12/site-packages/custom_action_interfaces/custom_action_interfaces_s__rosidl_typesupport_c.so
[17.316s] -- Set non-toolchain portion of runtime path of "/home/timl/ros2_ws/src/install/custom_action_interfaces/lib/python3.12/site-packages/custom_action_interfaces/custom_action_interfaces_s__rosidl_typesupport_c.so" to ""
[17.316s] -- Installing: /home/timl/ros2_ws/src/install/custom_action_interfaces/lib/libcustom_action_interfaces__rosidl_generator_py.so
[17.317s] -- Set non-toolchain portion of runtime path of "/home/timl/ros2_ws/src/install/custom_action_interfaces/lib/libcustom_action_interfaces__rosidl_generator_py.so" to ""
[17.317s] -- Installing: /home/timl/ros2_ws/src/install/custom_action_interfaces/share/custom_action_interfaces/action/Fibonacci.idl
[17.317s] -- Installing: /home/timl/ros2_ws/src/install/custom_action_interfaces/share/custom_action_interfaces/action/Fibonacci.action
[17.318s] -- Installing: /home/timl/ros2_ws/src/install/custom_action_interfaces/share/ament_index/resource_index/package_run_dependencies/custom_action_interfaces
[17.319s] -- Installing: /home/timl/ros2_ws/src/install/custom_action_interfaces/share/ament_index/resource_index/parent_prefix_path/custom_action_interfaces
[17.319s] -- Installing: /home/timl/ros2_ws/src/install/custom_action_interfaces/share/custom_action_interfaces/environment/ament_prefix_path.sh
[17.320s] -- Installing: /home/timl/ros2_ws/src/install/custom_action_interfaces/share/custom_action_interfaces/environment/ament_prefix_path.dsv
[17.320s] -- Installing: /home/timl/ros2_ws/src/install/custom_action_interfaces/share/custom_action_interfaces/environment/path.sh
[17.320s] -- Installing: /home/timl/ros2_ws/src/install/custom_action_interfaces/share/custom_action_interfaces/environment/path.dsv
[17.321s] -- Installing: /home/timl/ros2_ws/src/install/custom_action_interfaces/share/custom_action_interfaces/local_setup.bash
[17.321s] -- Installing: /home/timl/ros2_ws/src/install/custom_action_interfaces/share/custom_action_interfaces/local_setup.sh
[17.321s] -- Installing: /home/timl/ros2_ws/src/install/custom_action_interfaces/share/custom_action_interfaces/local_setup.zsh
[17.321s] -- Installing: /home/timl/ros2_ws/src/install/custom_action_interfaces/share/custom_action_interfaces/local_setup.dsv
[17.322s] -- Installing: /home/timl/ros2_ws/src/install/custom_action_interfaces/share/custom_action_interfaces/package.dsv
[17.322s] -- Installing: /home/timl/ros2_ws/src/install/custom_action_interfaces/share/ament_index/resource_index/packages/custom_action_interfaces
[17.323s] -- Installing: /home/timl/ros2_ws/src/install/custom_action_interfaces/share/custom_action_interfaces/cmake/export_custom_action_interfaces__rosidl_generator_cExport.cmake
[17.323s] -- Installing: /home/timl/ros2_ws/src/install/custom_action_interfaces/share/custom_action_interfaces/cmake/export_custom_action_interfaces__rosidl_generator_cExport-noconfig.cmake
[17.323s] -- Installing: /home/timl/ros2_ws/src/install/custom_action_interfaces/share/custom_action_interfaces/cmake/export_custom_action_interfaces__rosidl_typesupport_fastrtps_cExport.cmake
[17.324s] -- Installing: /home/timl/ros2_ws/src/install/custom_action_interfaces/share/custom_action_interfaces/cmake/export_custom_action_interfaces__rosidl_typesupport_fastrtps_cExport-noconfig.cmake
[17.324s] -- Installing: /home/timl/ros2_ws/src/install/custom_action_interfaces/share/custom_action_interfaces/cmake/custom_action_interfaces__rosidl_typesupport_introspection_cExport.cmake
[17.325s] -- Installing: /home/timl/ros2_ws/src/install/custom_action_interfaces/share/custom_action_interfaces/cmake/custom_action_interfaces__rosidl_typesupport_introspection_cExport-noconfig.cmake
[17.325s] -- Installing: /home/timl/ros2_ws/src/install/custom_action_interfaces/share/custom_action_interfaces/cmake/custom_action_interfaces__rosidl_typesupport_cExport.cmake
[17.325s] -- Installing: /home/timl/ros2_ws/src/install/custom_action_interfaces/share/custom_action_interfaces/cmake/custom_action_interfaces__rosidl_typesupport_cExport-noconfig.cmake
[17.325s] -- Installing: /home/timl/ros2_ws/src/install/custom_action_interfaces/share/custom_action_interfaces/cmake/export_custom_action_interfaces__rosidl_generator_cppExport.cmake
[17.326s] -- Installing: /home/timl/ros2_ws/src/install/custom_action_interfaces/share/custom_action_interfaces/cmake/export_custom_action_interfaces__rosidl_typesupport_fastrtps_cppExport.cmake
[17.326s] -- Installing: /home/timl/ros2_ws/src/install/custom_action_interfaces/share/custom_action_interfaces/cmake/export_custom_action_interfaces__rosidl_typesupport_fastrtps_cppExport-noconfig.cmake
[17.326s] -- Installing: /home/timl/ros2_ws/src/install/custom_action_interfaces/share/custom_action_interfaces/cmake/custom_action_interfaces__rosidl_typesupport_introspection_cppExport.cmake
[17.327s] -- Installing: /home/timl/ros2_ws/src/install/custom_action_interfaces/share/custom_action_interfaces/cmake/custom_action_interfaces__rosidl_typesupport_introspection_cppExport-noconfig.cmake
[17.327s] -- Installing: /home/timl/ros2_ws/src/install/custom_action_interfaces/share/custom_action_interfaces/cmake/custom_action_interfaces__rosidl_typesupport_cppExport.cmake
[17.328s] -- Installing: /home/timl/ros2_ws/src/install/custom_action_interfaces/share/custom_action_interfaces/cmake/custom_action_interfaces__rosidl_typesupport_cppExport-noconfig.cmake
[17.328s] -- Installing: /home/timl/ros2_ws/src/install/custom_action_interfaces/share/custom_action_interfaces/cmake/export_custom_action_interfaces__rosidl_generator_pyExport.cmake
[17.331s] -- Installing: /home/timl/ros2_ws/src/install/custom_action_interfaces/share/custom_action_interfaces/cmake/export_custom_action_interfaces__rosidl_generator_pyExport-noconfig.cmake
[17.332s] -- Installing: /home/timl/ros2_ws/src/install/custom_action_interfaces/share/custom_action_interfaces/cmake/rosidl_cmake-extras.cmake
[17.333s] -- Installing: /home/timl/ros2_ws/src/install/custom_action_interfaces/share/custom_action_interfaces/cmake/ament_cmake_export_dependencies-extras.cmake
[17.333s] -- Installing: /home/timl/ros2_ws/src/install/custom_action_interfaces/share/custom_action_interfaces/cmake/ament_cmake_export_include_directories-extras.cmake
[17.334s] -- Installing: /home/timl/ros2_ws/src/install/custom_action_interfaces/share/custom_action_interfaces/cmake/ament_cmake_export_libraries-extras.cmake
[17.334s] -- Installing: /home/timl/ros2_ws/src/install/custom_action_interfaces/share/custom_action_interfaces/cmake/ament_cmake_export_targets-extras.cmake
[17.334s] -- Installing: /home/timl/ros2_ws/src/install/custom_action_interfaces/share/custom_action_interfaces/cmake/rosidl_cmake_export_typesupport_targets-extras.cmake
[17.335s] -- Installing: /home/timl/ros2_ws/src/install/custom_action_interfaces/share/custom_action_interfaces/cmake/rosidl_cmake_export_typesupport_libraries-extras.cmake
[17.335s] -- Installing: /home/timl/ros2_ws/src/install/custom_action_interfaces/share/custom_action_interfaces/cmake/custom_action_interfacesConfig.cmake
[17.335s] -- Installing: /home/timl/ros2_ws/src/install/custom_action_interfaces/share/custom_action_interfaces/cmake/custom_action_interfacesConfig-version.cmake
[17.336s] -- Installing: /home/timl/ros2_ws/src/install/custom_action_interfaces/share/custom_action_interfaces/package.xml
[17.349s] Invoked command in '/home/timl/ros2_ws/src/build/custom_action_interfaces' returned '0': CMAKE_PREFIX_PATH=${CMAKE_PREFIX_PATH}:/home/timl/ros2_ws/install/py_pubsub:/opt/ros/jazzy /usr/bin/cmake --install /home/timl/ros2_ws/src/build/custom_action_interfaces
