[0.015s] Invoking command in '/home/timl/ros2_ws/build/my_cpp_pkg': CMAKE_PREFIX_PATH=${CMAKE_PREFIX_PATH}:/home/timl/ros2_ws/install/py_pubsub:/home/timl/ros2_ws/install/my_py_pkg:/opt/ros/jazzy /usr/bin/cmake --build /home/timl/ros2_ws/build/my_cpp_pkg -- -j6 -l6
[0.186s] -- Found ament_cmake: 2.5.3 (/opt/ros/jazzy/share/ament_cmake/cmake)
[0.474s] -- Found rclcpp: 28.1.6 (/opt/ros/jazzy/share/rclcpp/cmake)
[0.827s] -- Found rosidl_generator_c: 4.6.5 (/opt/ros/jazzy/share/rosidl_generator_c/cmake)
[0.849s] -- Found rosidl_generator_cpp: 4.6.5 (/opt/ros/jazzy/share/rosidl_generator_cpp/cmake)
[0.880s] -- Using all available rosidl_typesupport_c: rosidl_typesupport_fastrtps_c;rosidl_typesupport_introspection_c
[0.910s] -- Using all available rosidl_typesupport_cpp: rosidl_typesupport_fastrtps_cpp;rosidl_typesupport_introspection_cpp
[1.045s] -- Found rmw_implementation_cmake: 7.3.1 (/opt/ros/jazzy/share/rmw_implementation_cmake/cmake)
[1.049s] -- Found rmw_fastrtps_cpp: 8.4.1 (/opt/ros/jazzy/share/rmw_fastrtps_cpp/cmake)
[1.411s] -- Using RMW implementation 'rmw_fastrtps_cpp' as default
[1.734s] -- Found example_interfaces: 0.12.0 (/opt/ros/jazzy/share/example_interfaces/cmake)
[1.955s] -- Configuring done (1.8s)
[1.999s] -- Generating done (0.0s)
[2.014s] -- Build files have been written to: /home/timl/ros2_ws/build/my_cpp_pkg
[2.081s] [ 33%] Built target robot_news_station
[2.081s] [ 83%] [32mBuilding CXX object CMakeFiles/cpp_node.dir/src/my_first_node.cpp.o[0m
[2.081s] [ 83%] Built target smartphone
[6.247s] [100%] [32m[1mLinking CXX executable cpp_node[0m
[6.601s] [100%] Built target cpp_node
[6.617s] Invoked command in '/home/timl/ros2_ws/build/my_cpp_pkg' returned '0': CMAKE_PREFIX_PATH=${CMAKE_PREFIX_PATH}:/home/timl/ros2_ws/install/py_pubsub:/home/timl/ros2_ws/install/my_py_pkg:/opt/ros/jazzy /usr/bin/cmake --build /home/timl/ros2_ws/build/my_cpp_pkg -- -j6 -l6
[6.630s] Invoking command in '/home/timl/ros2_ws/build/my_cpp_pkg': CMAKE_PREFIX_PATH=${CMAKE_PREFIX_PATH}:/home/timl/ros2_ws/install/py_pubsub:/home/timl/ros2_ws/install/my_py_pkg:/opt/ros/jazzy /usr/bin/cmake --install /home/timl/ros2_ws/build/my_cpp_pkg
[6.639s] -- Install configuration: ""
[6.643s] -- Installing: /home/timl/ros2_ws/install/my_cpp_pkg/lib/my_cpp_pkg/cpp_node
[6.644s] -- Set non-toolchain portion of runtime path of "/home/timl/ros2_ws/install/my_cpp_pkg/lib/my_cpp_pkg/cpp_node" to ""
[6.646s] -- Up-to-date: /home/timl/ros2_ws/install/my_cpp_pkg/lib/my_cpp_pkg/robot_news_station
[6.648s] -- Up-to-date: /home/timl/ros2_ws/install/my_cpp_pkg/lib/my_cpp_pkg/smartphone
[6.648s] -- Up-to-date: /home/timl/ros2_ws/install/my_cpp_pkg/share/ament_index/resource_index/package_run_dependencies/my_cpp_pkg
[6.649s] -- Up-to-date: /home/timl/ros2_ws/install/my_cpp_pkg/share/ament_index/resource_index/parent_prefix_path/my_cpp_pkg
[6.649s] -- Up-to-date: /home/timl/ros2_ws/install/my_cpp_pkg/share/my_cpp_pkg/environment/ament_prefix_path.sh
[6.649s] -- Up-to-date: /home/timl/ros2_ws/install/my_cpp_pkg/share/my_cpp_pkg/environment/ament_prefix_path.dsv
[6.650s] -- Up-to-date: /home/timl/ros2_ws/install/my_cpp_pkg/share/my_cpp_pkg/environment/path.sh
[6.650s] -- Up-to-date: /home/timl/ros2_ws/install/my_cpp_pkg/share/my_cpp_pkg/environment/path.dsv
[6.650s] -- Up-to-date: /home/timl/ros2_ws/install/my_cpp_pkg/share/my_cpp_pkg/local_setup.bash
[6.650s] -- Up-to-date: /home/timl/ros2_ws/install/my_cpp_pkg/share/my_cpp_pkg/local_setup.sh
[6.650s] -- Up-to-date: /home/timl/ros2_ws/install/my_cpp_pkg/share/my_cpp_pkg/local_setup.zsh
[6.650s] -- Up-to-date: /home/timl/ros2_ws/install/my_cpp_pkg/share/my_cpp_pkg/local_setup.dsv
[6.651s] -- Installing: /home/timl/ros2_ws/install/my_cpp_pkg/share/my_cpp_pkg/package.dsv
[6.651s] -- Up-to-date: /home/timl/ros2_ws/install/my_cpp_pkg/share/ament_index/resource_index/packages/my_cpp_pkg
[6.651s] -- Up-to-date: /home/timl/ros2_ws/install/my_cpp_pkg/share/my_cpp_pkg/cmake/my_cpp_pkgConfig.cmake
[6.651s] -- Up-to-date: /home/timl/ros2_ws/install/my_cpp_pkg/share/my_cpp_pkg/cmake/my_cpp_pkgConfig-version.cmake
[6.651s] -- Installing: /home/timl/ros2_ws/install/my_cpp_pkg/share/my_cpp_pkg/package.xml
[6.653s] Invoked command in '/home/timl/ros2_ws/build/my_cpp_pkg' returned '0': CMAKE_PREFIX_PATH=${CMAKE_PREFIX_PATH}:/home/timl/ros2_ws/install/py_pubsub:/home/timl/ros2_ws/install/my_py_pkg:/opt/ros/jazzy /usr/bin/cmake --install /home/timl/ros2_ws/build/my_cpp_pkg
