[0.550s] DEBUG:colcon:Command line arguments: ['/usr/bin/colcon', 'list', '-p', '--base-paths', '/home/timl/ros2_ws']
[0.550s] DEBUG:colcon:Parsed command line arguments: Namespace(log_base=None, log_level=None, verb_name='list', build_base='build', ignore_user_meta=False, metas=['./colcon.meta'], base_paths=['/home/timl/ros2_ws'], packages_ignore=None, packages_ignore_regex=None, paths=None, packages_up_to=None, packages_up_to_regex=None, packages_above=None, packages_above_and_dependencies=None, packages_above_depth=None, packages_select_by_dep=None, packages_skip_by_dep=None, packages_skip_up_to=None, packages_select_build_failed=False, packages_skip_build_finished=False, packages_select_test_failures=False, packages_skip_test_passed=False, packages_select=None, packages_skip=None, packages_select_regex=None, packages_skip_regex=None, packages_start=None, packages_end=None, allow_overriding=[], topological_order=False, names_only=False, paths_only=True, topological_graph=False, topological_graph_dot=False, topological_graph_density=False, topological_graph_legend=False, topological_graph_dot_cluster=False, topological_graph_dot_include_skipped=False, mixin_files=None, mixin=None, verb_parser=<colcon_mixin.mixin.mixin_argument.MixinArgumentDecorator object at 0x7f9fbbeaeb70>, verb_extension=<colcon_package_information.verb.list.ListVerb object at 0x7f9fbbeae090>, main=<bound method ListVerb.main of <colcon_package_information.verb.list.ListVerb object at 0x7f9fbbeae090>>, mixin_verb=('list',))
[0.625s] Level 1:colcon.colcon_core.package_discovery:discover_packages(colcon_meta) check parameters
[0.625s] Level 1:colcon.colcon_core.package_discovery:discover_packages(recursive) check parameters
[0.625s] Level 1:colcon.colcon_core.package_discovery:discover_packages(ignore) check parameters
[0.625s] Level 1:colcon.colcon_core.package_discovery:discover_packages(path) check parameters
[0.625s] Level 1:colcon.colcon_core.package_discovery:discover_packages(recursive) discover
[0.625s] INFO:colcon.colcon_core.package_discovery:Crawling recursively for packages in '/home/timl/ros2_ws'
[0.625s] Level 1:colcon.colcon_core.package_identification:_identify(/home/timl/ros2_ws) by extensions ['ignore', 'ignore_ament_install']
[0.626s] Level 1:colcon.colcon_core.package_identification:_identify(/home/timl/ros2_ws) by extension 'ignore'
[0.627s] Level 1:colcon.colcon_core.package_identification:_identify(/home/timl/ros2_ws) by extension 'ignore_ament_install'
[0.627s] Level 1:colcon.colcon_core.package_identification:_identify(/home/timl/ros2_ws) by extensions ['colcon_pkg']
[0.627s] Level 1:colcon.colcon_core.package_identification:_identify(/home/timl/ros2_ws) by extension 'colcon_pkg'
[0.627s] Level 1:colcon.colcon_core.package_identification:_identify(/home/timl/ros2_ws) by extensions ['colcon_meta']
[0.627s] Level 1:colcon.colcon_core.package_identification:_identify(/home/timl/ros2_ws) by extension 'colcon_meta'
[0.627s] Level 1:colcon.colcon_core.package_identification:_identify(/home/timl/ros2_ws) by extensions ['ros']
[0.627s] Level 1:colcon.colcon_core.package_identification:_identify(/home/timl/ros2_ws) by extension 'ros'
[0.687s] Level 1:colcon.colcon_core.package_identification:_identify(/home/timl/ros2_ws) by extensions ['cmake', 'python']
[0.688s] Level 1:colcon.colcon_core.package_identification:_identify(/home/timl/ros2_ws) by extension 'cmake'
[0.688s] Level 1:colcon.colcon_core.package_identification:_identify(/home/timl/ros2_ws) by extension 'python'
[0.700s] Level 1:colcon.colcon_core.package_identification:_identify(/home/timl/ros2_ws) by extensions ['python_setup_py']
[0.700s] Level 1:colcon.colcon_core.package_identification:_identify(/home/timl/ros2_ws) by extension 'python_setup_py'
[0.701s] Level 1:colcon.colcon_core.package_identification:_identify(/home/timl/ros2_ws/build) by extensions ['ignore', 'ignore_ament_install']
[0.702s] Level 1:colcon.colcon_core.package_identification:_identify(/home/timl/ros2_ws/build) by extension 'ignore'
[0.702s] Level 1:colcon.colcon_core.package_identification:_identify(/home/timl/ros2_ws/build) ignored
[0.702s] Level 1:colcon.colcon_core.package_identification:_identify(/home/timl/ros2_ws/install) by extensions ['ignore', 'ignore_ament_install']
[0.702s] Level 1:colcon.colcon_core.package_identification:_identify(/home/timl/ros2_ws/install) by extension 'ignore'
[0.702s] Level 1:colcon.colcon_core.package_identification:_identify(/home/timl/ros2_ws/install) ignored
[0.702s] Level 1:colcon.colcon_core.package_identification:_identify(/home/timl/ros2_ws/log) by extensions ['ignore', 'ignore_ament_install']
[0.702s] Level 1:colcon.colcon_core.package_identification:_identify(/home/timl/ros2_ws/log) by extension 'ignore'
[0.702s] Level 1:colcon.colcon_core.package_identification:_identify(/home/timl/ros2_ws/log) ignored
[0.710s] Level 1:colcon.colcon_core.package_identification:_identify(/home/timl/ros2_ws/ros_tutorials) by extensions ['ignore', 'ignore_ament_install']
[0.715s] Level 1:colcon.colcon_core.package_identification:_identify(/home/timl/ros2_ws/ros_tutorials) by extension 'ignore'
[0.715s] Level 1:colcon.colcon_core.package_identification:_identify(/home/timl/ros2_ws/ros_tutorials) by extension 'ignore_ament_install'
[0.715s] Level 1:colcon.colcon_core.package_identification:_identify(/home/timl/ros2_ws/ros_tutorials) by extensions ['colcon_pkg']
[0.715s] Level 1:colcon.colcon_core.package_identification:_identify(/home/timl/ros2_ws/ros_tutorials) by extension 'colcon_pkg'
[0.716s] Level 1:colcon.colcon_core.package_identification:_identify(/home/timl/ros2_ws/ros_tutorials) by extensions ['colcon_meta']
[0.716s] Level 1:colcon.colcon_core.package_identification:_identify(/home/timl/ros2_ws/ros_tutorials) by extension 'colcon_meta'
[0.716s] Level 1:colcon.colcon_core.package_identification:_identify(/home/timl/ros2_ws/ros_tutorials) by extensions ['ros']
[0.716s] Level 1:colcon.colcon_core.package_identification:_identify(/home/timl/ros2_ws/ros_tutorials) by extension 'ros'
[0.716s] Level 1:colcon.colcon_core.package_identification:_identify(/home/timl/ros2_ws/ros_tutorials) by extensions ['cmake', 'python']
[0.716s] Level 1:colcon.colcon_core.package_identification:_identify(/home/timl/ros2_ws/ros_tutorials) by extension 'cmake'
[0.716s] Level 1:colcon.colcon_core.package_identification:_identify(/home/timl/ros2_ws/ros_tutorials) by extension 'python'
[0.717s] Level 1:colcon.colcon_core.package_identification:_identify(/home/timl/ros2_ws/ros_tutorials) by extensions ['python_setup_py']
[0.717s] Level 1:colcon.colcon_core.package_identification:_identify(/home/timl/ros2_ws/ros_tutorials) by extension 'python_setup_py'
[0.724s] Level 1:colcon.colcon_core.package_identification:_identify(/home/timl/ros2_ws/ros_tutorials/turtlesim) by extensions ['ignore', 'ignore_ament_install']
[0.724s] Level 1:colcon.colcon_core.package_identification:_identify(/home/timl/ros2_ws/ros_tutorials/turtlesim) by extension 'ignore'
[0.724s] Level 1:colcon.colcon_core.package_identification:_identify(/home/timl/ros2_ws/ros_tutorials/turtlesim) by extension 'ignore_ament_install'
[0.724s] Level 1:colcon.colcon_core.package_identification:_identify(/home/timl/ros2_ws/ros_tutorials/turtlesim) by extensions ['colcon_pkg']
[0.724s] Level 1:colcon.colcon_core.package_identification:_identify(/home/timl/ros2_ws/ros_tutorials/turtlesim) by extension 'colcon_pkg'
[0.724s] Level 1:colcon.colcon_core.package_identification:_identify(/home/timl/ros2_ws/ros_tutorials/turtlesim) by extensions ['colcon_meta']
[0.725s] Level 1:colcon.colcon_core.package_identification:_identify(/home/timl/ros2_ws/ros_tutorials/turtlesim) by extension 'colcon_meta'
[0.725s] Level 1:colcon.colcon_core.package_identification:_identify(/home/timl/ros2_ws/ros_tutorials/turtlesim) by extensions ['ros']
[0.725s] Level 1:colcon.colcon_core.package_identification:_identify(/home/timl/ros2_ws/ros_tutorials/turtlesim) by extension 'ros'
[0.738s] DEBUG:colcon.colcon_core.package_identification:Package '/home/timl/ros2_ws/ros_tutorials/turtlesim' with type 'ros.ament_cmake' and name 'turtlesim'
[0.738s] Level 1:colcon.colcon_core.package_identification:_identify(/home/timl/ros2_ws/src) by extensions ['ignore', 'ignore_ament_install']
[0.738s] Level 1:colcon.colcon_core.package_identification:_identify(/home/timl/ros2_ws/src) by extension 'ignore'
[0.738s] Level 1:colcon.colcon_core.package_identification:_identify(/home/timl/ros2_ws/src) by extension 'ignore_ament_install'
[0.738s] Level 1:colcon.colcon_core.package_identification:_identify(/home/timl/ros2_ws/src) by extensions ['colcon_pkg']
[0.738s] Level 1:colcon.colcon_core.package_identification:_identify(/home/timl/ros2_ws/src) by extension 'colcon_pkg'
[0.738s] Level 1:colcon.colcon_core.package_identification:_identify(/home/timl/ros2_ws/src) by extensions ['colcon_meta']
[0.738s] Level 1:colcon.colcon_core.package_identification:_identify(/home/timl/ros2_ws/src) by extension 'colcon_meta'
[0.738s] Level 1:colcon.colcon_core.package_identification:_identify(/home/timl/ros2_ws/src) by extensions ['ros']
[0.738s] Level 1:colcon.colcon_core.package_identification:_identify(/home/timl/ros2_ws/src) by extension 'ros'
[0.738s] Level 1:colcon.colcon_core.package_identification:_identify(/home/timl/ros2_ws/src) by extensions ['cmake', 'python']
[0.738s] Level 1:colcon.colcon_core.package_identification:_identify(/home/timl/ros2_ws/src) by extension 'cmake'
[0.739s] Level 1:colcon.colcon_core.package_identification:_identify(/home/timl/ros2_ws/src) by extension 'python'
[0.739s] Level 1:colcon.colcon_core.package_identification:_identify(/home/timl/ros2_ws/src) by extensions ['python_setup_py']
[0.739s] Level 1:colcon.colcon_core.package_identification:_identify(/home/timl/ros2_ws/src) by extension 'python_setup_py'
[0.739s] Level 1:colcon.colcon_core.package_identification:_identify(/home/timl/ros2_ws/src/build) by extensions ['ignore', 'ignore_ament_install']
[0.739s] Level 1:colcon.colcon_core.package_identification:_identify(/home/timl/ros2_ws/src/build) by extension 'ignore'
[0.739s] Level 1:colcon.colcon_core.package_identification:_identify(/home/timl/ros2_ws/src/build) ignored
[0.739s] Level 1:colcon.colcon_core.package_identification:_identify(/home/timl/ros2_ws/src/cpp_parameters) by extensions ['ignore', 'ignore_ament_install']
[0.739s] Level 1:colcon.colcon_core.package_identification:_identify(/home/timl/ros2_ws/src/cpp_parameters) by extension 'ignore'
[0.741s] Level 1:colcon.colcon_core.package_identification:_identify(/home/timl/ros2_ws/src/cpp_parameters) by extension 'ignore_ament_install'
[0.741s] Level 1:colcon.colcon_core.package_identification:_identify(/home/timl/ros2_ws/src/cpp_parameters) by extensions ['colcon_pkg']
[0.741s] Level 1:colcon.colcon_core.package_identification:_identify(/home/timl/ros2_ws/src/cpp_parameters) by extension 'colcon_pkg'
[0.742s] Level 1:colcon.colcon_core.package_identification:_identify(/home/timl/ros2_ws/src/cpp_parameters) by extensions ['colcon_meta']
[0.742s] Level 1:colcon.colcon_core.package_identification:_identify(/home/timl/ros2_ws/src/cpp_parameters) by extension 'colcon_meta'
[0.742s] Level 1:colcon.colcon_core.package_identification:_identify(/home/timl/ros2_ws/src/cpp_parameters) by extensions ['ros']
[0.742s] Level 1:colcon.colcon_core.package_identification:_identify(/home/timl/ros2_ws/src/cpp_parameters) by extension 'ros'
[0.745s] DEBUG:colcon.colcon_core.package_identification:Package '/home/timl/ros2_ws/src/cpp_parameters' with type 'ros.ament_cmake' and name 'cpp_parameters'
[0.745s] Level 1:colcon.colcon_core.package_identification:_identify(/home/timl/ros2_ws/src/cpp_pubsub) by extensions ['ignore', 'ignore_ament_install']
[0.745s] Level 1:colcon.colcon_core.package_identification:_identify(/home/timl/ros2_ws/src/cpp_pubsub) by extension 'ignore'
[0.745s] Level 1:colcon.colcon_core.package_identification:_identify(/home/timl/ros2_ws/src/cpp_pubsub) by extension 'ignore_ament_install'
[0.745s] Level 1:colcon.colcon_core.package_identification:_identify(/home/timl/ros2_ws/src/cpp_pubsub) by extensions ['colcon_pkg']
[0.745s] Level 1:colcon.colcon_core.package_identification:_identify(/home/timl/ros2_ws/src/cpp_pubsub) by extension 'colcon_pkg'
[0.746s] Level 1:colcon.colcon_core.package_identification:_identify(/home/timl/ros2_ws/src/cpp_pubsub) by extensions ['colcon_meta']
[0.746s] Level 1:colcon.colcon_core.package_identification:_identify(/home/timl/ros2_ws/src/cpp_pubsub) by extension 'colcon_meta'
[0.746s] Level 1:colcon.colcon_core.package_identification:_identify(/home/timl/ros2_ws/src/cpp_pubsub) by extensions ['ros']
[0.746s] Level 1:colcon.colcon_core.package_identification:_identify(/home/timl/ros2_ws/src/cpp_pubsub) by extension 'ros'
[0.748s] DEBUG:colcon.colcon_core.package_identification:Package '/home/timl/ros2_ws/src/cpp_pubsub' with type 'ros.ament_cmake' and name 'cpp_pubsub'
[0.754s] Level 1:colcon.colcon_core.package_identification:_identify(/home/timl/ros2_ws/src/cpp_srvcli) by extensions ['ignore', 'ignore_ament_install']
[0.754s] Level 1:colcon.colcon_core.package_identification:_identify(/home/timl/ros2_ws/src/cpp_srvcli) by extension 'ignore'
[0.754s] Level 1:colcon.colcon_core.package_identification:_identify(/home/timl/ros2_ws/src/cpp_srvcli) by extension 'ignore_ament_install'
[0.755s] Level 1:colcon.colcon_core.package_identification:_identify(/home/timl/ros2_ws/src/cpp_srvcli) by extensions ['colcon_pkg']
[0.755s] Level 1:colcon.colcon_core.package_identification:_identify(/home/timl/ros2_ws/src/cpp_srvcli) by extension 'colcon_pkg'
[0.755s] Level 1:colcon.colcon_core.package_identification:_identify(/home/timl/ros2_ws/src/cpp_srvcli) by extensions ['colcon_meta']
[0.755s] Level 1:colcon.colcon_core.package_identification:_identify(/home/timl/ros2_ws/src/cpp_srvcli) by extension 'colcon_meta'
[0.755s] Level 1:colcon.colcon_core.package_identification:_identify(/home/timl/ros2_ws/src/cpp_srvcli) by extensions ['ros']
[0.755s] Level 1:colcon.colcon_core.package_identification:_identify(/home/timl/ros2_ws/src/cpp_srvcli) by extension 'ros'
[0.756s] DEBUG:colcon.colcon_core.package_identification:Package '/home/timl/ros2_ws/src/cpp_srvcli' with type 'ros.ament_cmake' and name 'cpp_srvcli'
[0.756s] Level 1:colcon.colcon_core.package_identification:_identify(/home/timl/ros2_ws/src/custom_action_cpp) by extensions ['ignore', 'ignore_ament_install']
[0.756s] Level 1:colcon.colcon_core.package_identification:_identify(/home/timl/ros2_ws/src/custom_action_cpp) by extension 'ignore'
[0.756s] Level 1:colcon.colcon_core.package_identification:_identify(/home/timl/ros2_ws/src/custom_action_cpp) by extension 'ignore_ament_install'
[0.756s] Level 1:colcon.colcon_core.package_identification:_identify(/home/timl/ros2_ws/src/custom_action_cpp) by extensions ['colcon_pkg']
[0.756s] Level 1:colcon.colcon_core.package_identification:_identify(/home/timl/ros2_ws/src/custom_action_cpp) by extension 'colcon_pkg'
[0.756s] Level 1:colcon.colcon_core.package_identification:_identify(/home/timl/ros2_ws/src/custom_action_cpp) by extensions ['colcon_meta']
[0.756s] Level 1:colcon.colcon_core.package_identification:_identify(/home/timl/ros2_ws/src/custom_action_cpp) by extension 'colcon_meta'
[0.756s] Level 1:colcon.colcon_core.package_identification:_identify(/home/timl/ros2_ws/src/custom_action_cpp) by extensions ['ros']
[0.756s] Level 1:colcon.colcon_core.package_identification:_identify(/home/timl/ros2_ws/src/custom_action_cpp) by extension 'ros'
[0.757s] DEBUG:colcon.colcon_core.package_identification:Package '/home/timl/ros2_ws/src/custom_action_cpp' with type 'ros.ament_cmake' and name 'custom_action_cpp'
[0.757s] Level 1:colcon.colcon_core.package_identification:_identify(/home/timl/ros2_ws/src/custom_action_interfaces) by extensions ['ignore', 'ignore_ament_install']
[0.757s] Level 1:colcon.colcon_core.package_identification:_identify(/home/timl/ros2_ws/src/custom_action_interfaces) by extension 'ignore'
[0.757s] Level 1:colcon.colcon_core.package_identification:_identify(/home/timl/ros2_ws/src/custom_action_interfaces) by extension 'ignore_ament_install'
[0.757s] Level 1:colcon.colcon_core.package_identification:_identify(/home/timl/ros2_ws/src/custom_action_interfaces) by extensions ['colcon_pkg']
[0.758s] Level 1:colcon.colcon_core.package_identification:_identify(/home/timl/ros2_ws/src/custom_action_interfaces) by extension 'colcon_pkg'
[0.758s] Level 1:colcon.colcon_core.package_identification:_identify(/home/timl/ros2_ws/src/custom_action_interfaces) by extensions ['colcon_meta']
[0.758s] Level 1:colcon.colcon_core.package_identification:_identify(/home/timl/ros2_ws/src/custom_action_interfaces) by extension 'colcon_meta'
[0.758s] Level 1:colcon.colcon_core.package_identification:_identify(/home/timl/ros2_ws/src/custom_action_interfaces) by extensions ['ros']
[0.758s] Level 1:colcon.colcon_core.package_identification:_identify(/home/timl/ros2_ws/src/custom_action_interfaces) by extension 'ros'
[0.758s] DEBUG:colcon.colcon_core.package_identification:Package '/home/timl/ros2_ws/src/custom_action_interfaces' with type 'ros.ament_cmake' and name 'custom_action_interfaces'
[0.758s] Level 1:colcon.colcon_core.package_identification:_identify(/home/timl/ros2_ws/src/install) by extensions ['ignore', 'ignore_ament_install']
[0.758s] Level 1:colcon.colcon_core.package_identification:_identify(/home/timl/ros2_ws/src/install) by extension 'ignore'
[0.770s] Level 1:colcon.colcon_core.package_identification:_identify(/home/timl/ros2_ws/src/install) ignored
[0.770s] Level 1:colcon.colcon_core.package_identification:_identify(/home/timl/ros2_ws/src/launch) by extensions ['ignore', 'ignore_ament_install']
[0.771s] Level 1:colcon.colcon_core.package_identification:_identify(/home/timl/ros2_ws/src/launch) by extension 'ignore'
[0.771s] Level 1:colcon.colcon_core.package_identification:_identify(/home/timl/ros2_ws/src/launch) by extension 'ignore_ament_install'
[0.771s] Level 1:colcon.colcon_core.package_identification:_identify(/home/timl/ros2_ws/src/launch) by extensions ['colcon_pkg']
[0.771s] Level 1:colcon.colcon_core.package_identification:_identify(/home/timl/ros2_ws/src/launch) by extension 'colcon_pkg'
[0.771s] Level 1:colcon.colcon_core.package_identification:_identify(/home/timl/ros2_ws/src/launch) by extensions ['colcon_meta']
[0.771s] Level 1:colcon.colcon_core.package_identification:_identify(/home/timl/ros2_ws/src/launch) by extension 'colcon_meta'
[0.771s] Level 1:colcon.colcon_core.package_identification:_identify(/home/timl/ros2_ws/src/launch) by extensions ['ros']
[0.771s] Level 1:colcon.colcon_core.package_identification:_identify(/home/timl/ros2_ws/src/launch) by extension 'ros'
[0.771s] Level 1:colcon.colcon_core.package_identification:_identify(/home/timl/ros2_ws/src/launch) by extensions ['cmake', 'python']
[0.771s] Level 1:colcon.colcon_core.package_identification:_identify(/home/timl/ros2_ws/src/launch) by extension 'cmake'
[0.771s] Level 1:colcon.colcon_core.package_identification:_identify(/home/timl/ros2_ws/src/launch) by extension 'python'
[0.771s] Level 1:colcon.colcon_core.package_identification:_identify(/home/timl/ros2_ws/src/launch) by extensions ['python_setup_py']
[0.771s] Level 1:colcon.colcon_core.package_identification:_identify(/home/timl/ros2_ws/src/launch) by extension 'python_setup_py'
[0.771s] Level 1:colcon.colcon_core.package_identification:_identify(/home/timl/ros2_ws/src/launch_ws) by extensions ['ignore', 'ignore_ament_install']
[0.771s] Level 1:colcon.colcon_core.package_identification:_identify(/home/timl/ros2_ws/src/launch_ws) by extension 'ignore'
[0.771s] Level 1:colcon.colcon_core.package_identification:_identify(/home/timl/ros2_ws/src/launch_ws) by extension 'ignore_ament_install'
[0.771s] Level 1:colcon.colcon_core.package_identification:_identify(/home/timl/ros2_ws/src/launch_ws) by extensions ['colcon_pkg']
[0.772s] Level 1:colcon.colcon_core.package_identification:_identify(/home/timl/ros2_ws/src/launch_ws) by extension 'colcon_pkg'
[0.772s] Level 1:colcon.colcon_core.package_identification:_identify(/home/timl/ros2_ws/src/launch_ws) by extensions ['colcon_meta']
[0.772s] Level 1:colcon.colcon_core.package_identification:_identify(/home/timl/ros2_ws/src/launch_ws) by extension 'colcon_meta'
[0.772s] Level 1:colcon.colcon_core.package_identification:_identify(/home/timl/ros2_ws/src/launch_ws) by extensions ['ros']
[0.772s] Level 1:colcon.colcon_core.package_identification:_identify(/home/timl/ros2_ws/src/launch_ws) by extension 'ros'
[0.772s] Level 1:colcon.colcon_core.package_identification:_identify(/home/timl/ros2_ws/src/launch_ws) by extensions ['cmake', 'python']
[0.772s] Level 1:colcon.colcon_core.package_identification:_identify(/home/timl/ros2_ws/src/launch_ws) by extension 'cmake'
[0.772s] Level 1:colcon.colcon_core.package_identification:_identify(/home/timl/ros2_ws/src/launch_ws) by extension 'python'
[0.772s] Level 1:colcon.colcon_core.package_identification:_identify(/home/timl/ros2_ws/src/launch_ws) by extensions ['python_setup_py']
[0.772s] Level 1:colcon.colcon_core.package_identification:_identify(/home/timl/ros2_ws/src/launch_ws) by extension 'python_setup_py'
[0.772s] Level 1:colcon.colcon_core.package_identification:_identify(/home/timl/ros2_ws/src/log) by extensions ['ignore', 'ignore_ament_install']
[0.772s] Level 1:colcon.colcon_core.package_identification:_identify(/home/timl/ros2_ws/src/log) by extension 'ignore'
[0.772s] Level 1:colcon.colcon_core.package_identification:_identify(/home/timl/ros2_ws/src/log) ignored
[0.772s] Level 1:colcon.colcon_core.package_identification:_identify(/home/timl/ros2_ws/src/more_interfaces) by extensions ['ignore', 'ignore_ament_install']
[0.772s] Level 1:colcon.colcon_core.package_identification:_identify(/home/timl/ros2_ws/src/more_interfaces) by extension 'ignore'
[0.772s] Level 1:colcon.colcon_core.package_identification:_identify(/home/timl/ros2_ws/src/more_interfaces) by extension 'ignore_ament_install'
[0.773s] Level 1:colcon.colcon_core.package_identification:_identify(/home/timl/ros2_ws/src/more_interfaces) by extensions ['colcon_pkg']
[0.773s] Level 1:colcon.colcon_core.package_identification:_identify(/home/timl/ros2_ws/src/more_interfaces) by extension 'colcon_pkg'
[0.773s] Level 1:colcon.colcon_core.package_identification:_identify(/home/timl/ros2_ws/src/more_interfaces) by extensions ['colcon_meta']
[0.773s] Level 1:colcon.colcon_core.package_identification:_identify(/home/timl/ros2_ws/src/more_interfaces) by extension 'colcon_meta'
[0.773s] Level 1:colcon.colcon_core.package_identification:_identify(/home/timl/ros2_ws/src/more_interfaces) by extensions ['ros']
[0.773s] Level 1:colcon.colcon_core.package_identification:_identify(/home/timl/ros2_ws/src/more_interfaces) by extension 'ros'
[0.773s] DEBUG:colcon.colcon_core.package_identification:Package '/home/timl/ros2_ws/src/more_interfaces' with type 'ros.ament_cmake' and name 'more_interfaces'
[0.773s] Level 1:colcon.colcon_core.package_identification:_identify(/home/timl/ros2_ws/src/my_cpp_pkg) by extensions ['ignore', 'ignore_ament_install']
[0.773s] Level 1:colcon.colcon_core.package_identification:_identify(/home/timl/ros2_ws/src/my_cpp_pkg) by extension 'ignore'
[0.774s] Level 1:colcon.colcon_core.package_identification:_identify(/home/timl/ros2_ws/src/my_cpp_pkg) by extension 'ignore_ament_install'
[0.774s] Level 1:colcon.colcon_core.package_identification:_identify(/home/timl/ros2_ws/src/my_cpp_pkg) by extensions ['colcon_pkg']
[0.774s] Level 1:colcon.colcon_core.package_identification:_identify(/home/timl/ros2_ws/src/my_cpp_pkg) by extension 'colcon_pkg'
[0.774s] Level 1:colcon.colcon_core.package_identification:_identify(/home/timl/ros2_ws/src/my_cpp_pkg) by extensions ['colcon_meta']
[0.774s] Level 1:colcon.colcon_core.package_identification:_identify(/home/timl/ros2_ws/src/my_cpp_pkg) by extension 'colcon_meta'
[0.774s] Level 1:colcon.colcon_core.package_identification:_identify(/home/timl/ros2_ws/src/my_cpp_pkg) by extensions ['ros']
[0.774s] Level 1:colcon.colcon_core.package_identification:_identify(/home/timl/ros2_ws/src/my_cpp_pkg) by extension 'ros'
[0.774s] DEBUG:colcon.colcon_core.package_identification:Package '/home/timl/ros2_ws/src/my_cpp_pkg' with type 'ros.ament_cmake' and name 'my_cpp_pkg'
[0.774s] Level 1:colcon.colcon_core.package_identification:_identify(/home/timl/ros2_ws/src/my_package) by extensions ['ignore', 'ignore_ament_install']
[0.775s] Level 1:colcon.colcon_core.package_identification:_identify(/home/timl/ros2_ws/src/my_package) by extension 'ignore'
[0.775s] Level 1:colcon.colcon_core.package_identification:_identify(/home/timl/ros2_ws/src/my_package) by extension 'ignore_ament_install'
[0.775s] Level 1:colcon.colcon_core.package_identification:_identify(/home/timl/ros2_ws/src/my_package) by extensions ['colcon_pkg']
[0.775s] Level 1:colcon.colcon_core.package_identification:_identify(/home/timl/ros2_ws/src/my_package) by extension 'colcon_pkg'
[0.775s] Level 1:colcon.colcon_core.package_identification:_identify(/home/timl/ros2_ws/src/my_package) by extensions ['colcon_meta']
[0.775s] Level 1:colcon.colcon_core.package_identification:_identify(/home/timl/ros2_ws/src/my_package) by extension 'colcon_meta'
[0.775s] Level 1:colcon.colcon_core.package_identification:_identify(/home/timl/ros2_ws/src/my_package) by extensions ['ros']
[0.775s] Level 1:colcon.colcon_core.package_identification:_identify(/home/timl/ros2_ws/src/my_package) by extension 'ros'
[0.775s] DEBUG:colcon.colcon_core.package_identification:Package '/home/timl/ros2_ws/src/my_package' with type 'ros.ament_cmake' and name 'my_package'
[0.776s] Level 1:colcon.colcon_core.package_identification:_identify(/home/timl/ros2_ws/src/my_py_pkg) by extensions ['ignore', 'ignore_ament_install']
[0.776s] Level 1:colcon.colcon_core.package_identification:_identify(/home/timl/ros2_ws/src/my_py_pkg) by extension 'ignore'
[0.776s] Level 1:colcon.colcon_core.package_identification:_identify(/home/timl/ros2_ws/src/my_py_pkg) by extension 'ignore_ament_install'
[0.776s] Level 1:colcon.colcon_core.package_identification:_identify(/home/timl/ros2_ws/src/my_py_pkg) by extensions ['colcon_pkg']
[0.776s] Level 1:colcon.colcon_core.package_identification:_identify(/home/timl/ros2_ws/src/my_py_pkg) by extension 'colcon_pkg'
[0.776s] Level 1:colcon.colcon_core.package_identification:_identify(/home/timl/ros2_ws/src/my_py_pkg) by extensions ['colcon_meta']
[0.776s] Level 1:colcon.colcon_core.package_identification:_identify(/home/timl/ros2_ws/src/my_py_pkg) by extension 'colcon_meta'
[0.776s] Level 1:colcon.colcon_core.package_identification:_identify(/home/timl/ros2_ws/src/my_py_pkg) by extensions ['ros']
[0.776s] Level 1:colcon.colcon_core.package_identification:_identify(/home/timl/ros2_ws/src/my_py_pkg) by extension 'ros'
[0.785s] DEBUG:colcon.colcon_core.package_identification:Package '/home/timl/ros2_ws/src/my_py_pkg' with type 'ros.ament_python' and name 'my_py_pkg'
[0.785s] Level 1:colcon.colcon_core.package_identification:_identify(/home/timl/ros2_ws/src/polygon_base) by extensions ['ignore', 'ignore_ament_install']
[0.785s] Level 1:colcon.colcon_core.package_identification:_identify(/home/timl/ros2_ws/src/polygon_base) by extension 'ignore'
[0.785s] Level 1:colcon.colcon_core.package_identification:_identify(/home/timl/ros2_ws/src/polygon_base) by extension 'ignore_ament_install'
[0.785s] Level 1:colcon.colcon_core.package_identification:_identify(/home/timl/ros2_ws/src/polygon_base) by extensions ['colcon_pkg']
[0.785s] Level 1:colcon.colcon_core.package_identification:_identify(/home/timl/ros2_ws/src/polygon_base) by extension 'colcon_pkg'
[0.785s] Level 1:colcon.colcon_core.package_identification:_identify(/home/timl/ros2_ws/src/polygon_base) by extensions ['colcon_meta']
[0.785s] Level 1:colcon.colcon_core.package_identification:_identify(/home/timl/ros2_ws/src/polygon_base) by extension 'colcon_meta'
[0.786s] Level 1:colcon.colcon_core.package_identification:_identify(/home/timl/ros2_ws/src/polygon_base) by extensions ['ros']
[0.786s] Level 1:colcon.colcon_core.package_identification:_identify(/home/timl/ros2_ws/src/polygon_base) by extension 'ros'
[0.786s] DEBUG:colcon.colcon_core.package_identification:Package '/home/timl/ros2_ws/src/polygon_base' with type 'ros.ament_cmake' and name 'polygon_base'
[0.786s] Level 1:colcon.colcon_core.package_identification:_identify(/home/timl/ros2_ws/src/polygon_plugins) by extensions ['ignore', 'ignore_ament_install']
[0.786s] Level 1:colcon.colcon_core.package_identification:_identify(/home/timl/ros2_ws/src/polygon_plugins) by extension 'ignore'
[0.786s] Level 1:colcon.colcon_core.package_identification:_identify(/home/timl/ros2_ws/src/polygon_plugins) by extension 'ignore_ament_install'
[0.786s] Level 1:colcon.colcon_core.package_identification:_identify(/home/timl/ros2_ws/src/polygon_plugins) by extensions ['colcon_pkg']
[0.786s] Level 1:colcon.colcon_core.package_identification:_identify(/home/timl/ros2_ws/src/polygon_plugins) by extension 'colcon_pkg'
[0.786s] Level 1:colcon.colcon_core.package_identification:_identify(/home/timl/ros2_ws/src/polygon_plugins) by extensions ['colcon_meta']
[0.787s] Level 1:colcon.colcon_core.package_identification:_identify(/home/timl/ros2_ws/src/polygon_plugins) by extension 'colcon_meta'
[0.787s] Level 1:colcon.colcon_core.package_identification:_identify(/home/timl/ros2_ws/src/polygon_plugins) by extensions ['ros']
[0.787s] Level 1:colcon.colcon_core.package_identification:_identify(/home/timl/ros2_ws/src/polygon_plugins) by extension 'ros'
[0.787s] DEBUG:colcon.colcon_core.package_identification:Package '/home/timl/ros2_ws/src/polygon_plugins' with type 'ros.ament_cmake' and name 'polygon_plugins'
[0.788s] Level 1:colcon.colcon_core.package_identification:_identify(/home/timl/ros2_ws/src/py_pubsub) by extensions ['ignore', 'ignore_ament_install']
[0.788s] Level 1:colcon.colcon_core.package_identification:_identify(/home/timl/ros2_ws/src/py_pubsub) by extension 'ignore'
[0.788s] Level 1:colcon.colcon_core.package_identification:_identify(/home/timl/ros2_ws/src/py_pubsub) by extension 'ignore_ament_install'
[0.788s] Level 1:colcon.colcon_core.package_identification:_identify(/home/timl/ros2_ws/src/py_pubsub) by extensions ['colcon_pkg']
[0.788s] Level 1:colcon.colcon_core.package_identification:_identify(/home/timl/ros2_ws/src/py_pubsub) by extension 'colcon_pkg'
[0.788s] Level 1:colcon.colcon_core.package_identification:_identify(/home/timl/ros2_ws/src/py_pubsub) by extensions ['colcon_meta']
[0.788s] Level 1:colcon.colcon_core.package_identification:_identify(/home/timl/ros2_ws/src/py_pubsub) by extension 'colcon_meta'
[0.788s] Level 1:colcon.colcon_core.package_identification:_identify(/home/timl/ros2_ws/src/py_pubsub) by extensions ['ros']
[0.788s] Level 1:colcon.colcon_core.package_identification:_identify(/home/timl/ros2_ws/src/py_pubsub) by extension 'ros'
[0.799s] DEBUG:colcon.colcon_core.package_identification:Package '/home/timl/ros2_ws/src/py_pubsub' with type 'ros.ament_python' and name 'py_pubsub'
[0.800s] Level 1:colcon.colcon_core.package_identification:_identify(/home/timl/ros2_ws/src/test_node) by extensions ['ignore', 'ignore_ament_install']
[0.800s] Level 1:colcon.colcon_core.package_identification:_identify(/home/timl/ros2_ws/src/test_node) by extension 'ignore'
[0.800s] Level 1:colcon.colcon_core.package_identification:_identify(/home/timl/ros2_ws/src/test_node) by extension 'ignore_ament_install'
[0.800s] Level 1:colcon.colcon_core.package_identification:_identify(/home/timl/ros2_ws/src/test_node) by extensions ['colcon_pkg']
[0.800s] Level 1:colcon.colcon_core.package_identification:_identify(/home/timl/ros2_ws/src/test_node) by extension 'colcon_pkg'
[0.800s] Level 1:colcon.colcon_core.package_identification:_identify(/home/timl/ros2_ws/src/test_node) by extensions ['colcon_meta']
[0.800s] Level 1:colcon.colcon_core.package_identification:_identify(/home/timl/ros2_ws/src/test_node) by extension 'colcon_meta'
[0.800s] Level 1:colcon.colcon_core.package_identification:_identify(/home/timl/ros2_ws/src/test_node) by extensions ['ros']
[0.800s] Level 1:colcon.colcon_core.package_identification:_identify(/home/timl/ros2_ws/src/test_node) by extension 'ros'
[0.801s] DEBUG:colcon.colcon_core.package_identification:Package '/home/timl/ros2_ws/src/test_node' with type 'ros.ament_cmake' and name 'test_node'
[0.802s] Level 1:colcon.colcon_core.package_identification:_identify(/home/timl/ros2_ws/src/tutorial_interfaces) by extensions ['ignore', 'ignore_ament_install']
[0.802s] Level 1:colcon.colcon_core.package_identification:_identify(/home/timl/ros2_ws/src/tutorial_interfaces) by extension 'ignore'
[0.802s] Level 1:colcon.colcon_core.package_identification:_identify(/home/timl/ros2_ws/src/tutorial_interfaces) by extension 'ignore_ament_install'
[0.802s] Level 1:colcon.colcon_core.package_identification:_identify(/home/timl/ros2_ws/src/tutorial_interfaces) by extensions ['colcon_pkg']
[0.802s] Level 1:colcon.colcon_core.package_identification:_identify(/home/timl/ros2_ws/src/tutorial_interfaces) by extension 'colcon_pkg'
[0.802s] Level 1:colcon.colcon_core.package_identification:_identify(/home/timl/ros2_ws/src/tutorial_interfaces) by extensions ['colcon_meta']
[0.802s] Level 1:colcon.colcon_core.package_identification:_identify(/home/timl/ros2_ws/src/tutorial_interfaces) by extension 'colcon_meta'
[0.803s] Level 1:colcon.colcon_core.package_identification:_identify(/home/timl/ros2_ws/src/tutorial_interfaces) by extensions ['ros']
[0.803s] Level 1:colcon.colcon_core.package_identification:_identify(/home/timl/ros2_ws/src/tutorial_interfaces) by extension 'ros'
[0.804s] DEBUG:colcon.colcon_core.package_identification:Package '/home/timl/ros2_ws/src/tutorial_interfaces' with type 'ros.ament_cmake' and name 'tutorial_interfaces'
[0.804s] Level 1:colcon.colcon_core.package_discovery:discover_packages(recursive) using defaults
