[1.429s] Invoking command in '/home/timl/ros2_ws/src/my_py_pkg': PYTHONPATH=/home/timl/ros2_ws/build/my_py_pkg/prefix_override:/usr/lib/python3/dist-packages/colcon_core/task/python/colcon_distutils_commands:/home/timl/ros2_ws/install/my_py_pkg/lib/python3.12/site-packages:${PYTHONPATH} /usr/bin/python3 -W ignore:setup.py install is deprecated -W ignore:easy_install command is deprecated setup.py egg_info --egg-base ../../build/my_py_pkg build --build-base /home/timl/ros2_ws/build/my_py_pkg/build install --record /home/timl/ros2_ws/build/my_py_pkg/install.log --single-version-externally-managed install_data
[1.735s] running egg_info
[1.759s] writing ../../build/my_py_pkg/my_py_pkg.egg-info/PKG-INFO
[1.761s] writing dependency_links to ../../build/my_py_pkg/my_py_pkg.egg-info/dependency_links.txt
[1.762s] writing entry points to ../../build/my_py_pkg/my_py_pkg.egg-info/entry_points.txt
[1.762s] writing requirements to ../../build/my_py_pkg/my_py_pkg.egg-info/requires.txt
[1.762s] writing top-level names to ../../build/my_py_pkg/my_py_pkg.egg-info/top_level.txt
[1.809s] reading manifest file '../../build/my_py_pkg/my_py_pkg.egg-info/SOURCES.txt'
[1.811s] writing manifest file '../../build/my_py_pkg/my_py_pkg.egg-info/SOURCES.txt'
[1.811s] running build
[1.811s] running build_py
[1.814s] copying my_py_pkg/my_first_node.py -> /home/timl/ros2_ws/build/my_py_pkg/build/lib/my_py_pkg
[1.814s] copying my_py_pkg/robot_news_station.py -> /home/timl/ros2_ws/build/my_py_pkg/build/lib/my_py_pkg
[1.814s] running install
[1.821s] running install_lib
[1.845s] copying /home/timl/ros2_ws/build/my_py_pkg/build/lib/my_py_pkg/my_first_node.py -> /home/timl/ros2_ws/install/my_py_pkg/lib/python3.12/site-packages/my_py_pkg
[1.845s] copying /home/timl/ros2_ws/build/my_py_pkg/build/lib/my_py_pkg/robot_news_station.py -> /home/timl/ros2_ws/install/my_py_pkg/lib/python3.12/site-packages/my_py_pkg
[1.845s] byte-compiling /home/timl/ros2_ws/install/my_py_pkg/lib/python3.12/site-packages/my_py_pkg/my_first_node.py to my_first_node.cpython-312.pyc
[1.846s] byte-compiling /home/timl/ros2_ws/install/my_py_pkg/lib/python3.12/site-packages/my_py_pkg/robot_news_station.py to robot_news_station.cpython-312.pyc
[1.846s] running install_data
[1.847s] copying package.xml -> /home/timl/ros2_ws/install/my_py_pkg/share/my_py_pkg
[1.847s] running install_egg_info
[1.872s] removing '/home/timl/ros2_ws/install/my_py_pkg/lib/python3.12/site-packages/my_py_pkg-0.0.0-py3.12.egg-info' (and everything under it)
[1.872s] Copying ../../build/my_py_pkg/my_py_pkg.egg-info to /home/timl/ros2_ws/install/my_py_pkg/lib/python3.12/site-packages/my_py_pkg-0.0.0-py3.12.egg-info
[1.874s] running install_scripts
[2.031s] Installing py_node script to /home/timl/ros2_ws/install/my_py_pkg/lib/my_py_pkg
[2.032s] Installing robot_news_station script to /home/timl/ros2_ws/install/my_py_pkg/lib/my_py_pkg
[2.032s] writing list of installed files to '/home/timl/ros2_ws/build/my_py_pkg/install.log'
[2.059s] Invoked command in '/home/timl/ros2_ws/src/my_py_pkg' returned '0': PYTHONPATH=/home/timl/ros2_ws/build/my_py_pkg/prefix_override:/usr/lib/python3/dist-packages/colcon_core/task/python/colcon_distutils_commands:/home/timl/ros2_ws/install/my_py_pkg/lib/python3.12/site-packages:${PYTHONPATH} /usr/bin/python3 -W ignore:setup.py install is deprecated -W ignore:easy_install command is deprecated setup.py egg_info --egg-base ../../build/my_py_pkg build --build-base /home/timl/ros2_ws/build/my_py_pkg/build install --record /home/timl/ros2_ws/build/my_py_pkg/install.log --single-version-externally-managed install_data
