[0.246s] Invoking command in '/home/timl/ros2_ws/src/build/custom_action_cpp': AMENT_PREFIX_PATH=/home/timl/ros2_ws/src/install/custom_action_interfaces:${AMENT_PREFIX_PATH} CMAKE_PREFIX_PATH=/home/timl/ros2_ws/src/install/custom_action_interfaces:/home/timl/ros2_ws/install/polygon_plugins:/home/timl/ros2_ws/install/polygon_base:/home/timl/ros2_ws/install/custom_action_interfaces:/home/timl/ros2_ws/src/install/cpp_parameters:/home/timl/ros2_ws/install/cpp_parameters:/home/timl/ros2_ws/install/more_interfaces:/home/timl/ros2_ws/install/tutorial_interfaces:/home/timl/ros2_ws/install/cpp_srvcli:/home/timl/ros2_ws/install/turtlesim:/home/timl/ros2_ws/install/my_package:/home/timl/ros2_ws/install/cpp_pubsub:/opt/ros/jazzy/opt/sdformat_vendor:/opt/ros/jazzy/opt/gz_math_vendor:/opt/ros/jazzy/opt/gz_utils_vendor:/opt/ros/jazzy/opt/gz_tools_vendor:/opt/ros/jazzy/opt/gz_cmake_vendor:/home/timl/ros2_ws/install/py_pubsub:/opt/ros/jazzy LD_LIBRARY_PATH=/home/timl/ros2_ws/src/install/custom_action_interfaces/lib:${LD_LIBRARY_PATH} PYTHONPATH=/home/timl/ros2_ws/src/install/custom_action_interfaces/lib/python3.12/site-packages:${PYTHONPATH} /usr/bin/cmake --build /home/timl/ros2_ws/src/build/custom_action_cpp -- -j6 -l6
[0.280s] -- Found ament_cmake: 2.5.3 (/opt/ros/jazzy/share/ament_cmake/cmake)
[0.535s] -- Found custom_action_interfaces: 0.0.0 (/home/timl/ros2_ws/src/install/custom_action_interfaces/share/custom_action_interfaces/cmake)
[0.931s] -- Found rosidl_generator_c: 4.6.5 (/opt/ros/jazzy/share/rosidl_generator_c/cmake)
[0.941s] -- Found rosidl_generator_cpp: 4.6.5 (/opt/ros/jazzy/share/rosidl_generator_cpp/cmake)
[0.959s] -- Using all available rosidl_typesupport_c: rosidl_typesupport_fastrtps_c;rosidl_typesupport_introspection_c
[0.977s] -- Using all available rosidl_typesupport_cpp: rosidl_typesupport_fastrtps_cpp;rosidl_typesupport_introspection_cpp
[1.075s] -- Found rclcpp: 28.1.6 (/opt/ros/jazzy/share/rclcpp/cmake)
[1.129s] -- Found rmw_implementation_cmake: 7.3.1 (/opt/ros/jazzy/share/rmw_implementation_cmake/cmake)
[1.134s] -- Found rmw_fastrtps_cpp: 8.4.1 (/opt/ros/jazzy/share/rmw_fastrtps_cpp/cmake)
[1.431s] -- Using RMW implementation 'rmw_fastrtps_cpp' as default
[1.657s] -- Found rclcpp_action: 28.1.6 (/opt/ros/jazzy/share/rclcpp_action/cmake)
[1.669s] -- Found rclcpp_components: 28.1.6 (/opt/ros/jazzy/share/rclcpp_components/cmake)
[1.811s] -- Configuring done (1.5s)
[1.816s] [31mCMake Error at CMakeLists.txt:34 (add_library):
[1.816s]   Cannot find source file:
[1.817s] 
[1.817s]     src/fibonacci_action_client.cpp
[1.817s] 
[1.817s]   Tried extensions .c .C .c++ .cc .cpp .cxx .cu .mpp .m .M .mm .ixx .cppm
[1.817s]   .ccm .cxxm .c++m .h .hh .h++ .hm .hpp .hxx .in .txx .f .F .for .f77 .f90
[1.817s]   .f95 .f03 .hip .ispc
[1.817s] 
[1.817s] [0m
[1.818s] [31mCMake Error at CMakeLists.txt:34 (add_library):
[1.819s]   No SOURCES given to target: action_client
[1.819s] 
[1.819s] [0m
[1.819s] [0mCMake Generate step failed.  Build files cannot be regenerated correctly.[0m
[1.829s] gmake: *** [Makefile:308: cmake_check_build_system] Error 1
[1.831s] Invoked command in '/home/timl/ros2_ws/src/build/custom_action_cpp' returned '2': AMENT_PREFIX_PATH=/home/timl/ros2_ws/src/install/custom_action_interfaces:${AMENT_PREFIX_PATH} CMAKE_PREFIX_PATH=/home/timl/ros2_ws/src/install/custom_action_interfaces:/home/timl/ros2_ws/install/polygon_plugins:/home/timl/ros2_ws/install/polygon_base:/home/timl/ros2_ws/install/custom_action_interfaces:/home/timl/ros2_ws/src/install/cpp_parameters:/home/timl/ros2_ws/install/cpp_parameters:/home/timl/ros2_ws/install/more_interfaces:/home/timl/ros2_ws/install/tutorial_interfaces:/home/timl/ros2_ws/install/cpp_srvcli:/home/timl/ros2_ws/install/turtlesim:/home/timl/ros2_ws/install/my_package:/home/timl/ros2_ws/install/cpp_pubsub:/opt/ros/jazzy/opt/sdformat_vendor:/opt/ros/jazzy/opt/gz_math_vendor:/opt/ros/jazzy/opt/gz_utils_vendor:/opt/ros/jazzy/opt/gz_tools_vendor:/opt/ros/jazzy/opt/gz_cmake_vendor:/home/timl/ros2_ws/install/py_pubsub:/opt/ros/jazzy LD_LIBRARY_PATH=/home/timl/ros2_ws/src/install/custom_action_interfaces/lib:${LD_LIBRARY_PATH} PYTHONPATH=/home/timl/ros2_ws/src/install/custom_action_interfaces/lib/python3.12/site-packages:${PYTHONPATH} /usr/bin/cmake --build /home/timl/ros2_ws/src/build/custom_action_cpp -- -j6 -l6
