[0.012s] Invoking command in '/home/timl/ros2_ws/build/my_cpp_pkg': CMAKE_PREFIX_PATH=${CMAKE_PREFIX_PATH}:/home/timl/ros2_ws/install/A2:/home/timl/ros2_ws/install/py_pubsub:/home/timl/ros2_ws/install/my_py_pkg:/opt/ros/jazzy /usr/bin/cmake --build /home/timl/ros2_ws/build/my_cpp_pkg -- -j6 -l6
[0.071s] [ 20%] Built target add_two_ints_server
[0.072s] [ 40%] Built target smartphone
[0.074s] [ 60%] Built target robot_news_station
[0.075s] [ 80%] Built target cpp_node
[0.084s] [ 90%] [32mBuilding CXX object CMakeFiles/add_two_ints_client.dir/src/add_two_ints_client.cpp.o[0m
[2.557s] [01m[K/home/timl/ros2_ws/src/my_cpp_pkg/src/add_two_ints_client.cpp:[m[K In constructor ‘[01m[KAddTwoIntsClientNode::[01;32m[KAddTwoIntsClientNode[m[K()[m[K’:
[2.557s] [01m[K/home/timl/ros2_ws/src/my_cpp_pkg/src/add_two_ints_client.cpp:10:5:[m[K [01;31m[Kerror: [m[Kexpected ‘[01m[K;[m[K’ before ‘[01m[K}[m[K’ token
[2.557s]    10 |     [01;31m[K}[m[K;
[2.557s]       |     [01;31m[K^[m[K
[2.558s] [01m[K/home/timl/ros2_ws/src/my_cpp_pkg/src/add_two_ints_client.cpp:[m[K In member function ‘[01m[Kvoid AddTwoIntsClientNode::[01;32m[KcallAddTwoInts[m[K(int, int)[m[K’:
[2.558s] [01m[K/home/timl/ros2_ws/src/my_cpp_pkg/src/add_two_ints_client.cpp:14:64:[m[K [01;31m[Kerror: [m[K‘[01m[Kl[m[K’ is not a member of ‘[01m[Kstd::literals::chrono_literals[m[K’
[2.558s]    14 |         while (!client->wait_for_service(std::chrono_literals::[01;31m[Kl[m[K))
[2.558s]       |                                                                [01;31m[K^[m[K
[2.575s] In file included from [01m[K/opt/ros/jazzy/include/rclcpp/rclcpp/logging.hpp:24[m[K,
[2.575s]                  from [01m[K/opt/ros/jazzy/include/rclcpp/rclcpp/copy_all_parameter_values.hpp:27[m[K,
[2.575s]                  from [01m[K/opt/ros/jazzy/include/rclcpp/rclcpp/rclcpp.hpp:171[m[K,
[2.575s]                  from [01m[K/home/timl/ros2_ws/src/my_cpp_pkg/src/add_two_ints_client.cpp:1[m[K:
[2.575s] [01m[K/home/timl/ros2_ws/src/my_cpp_pkg/src/add_two_ints_client.cpp:[m[K In member function ‘[01m[Kvoid AddTwoIntsClientNode::[01;32m[KcallbackCallAddTwoInts[m[K(rclcpp::Client<example_interfaces::srv::AddTwoInts>::SharedFuture)[m[K’:
[2.576s] [01m[K/home/timl/ros2_ws/src/my_cpp_pkg/src/add_two_ints_client.cpp:29:41:[m[K [01;35m[Kwarning: [m[Kformat ‘[01m[K%d[m[K’ expects argument of type ‘[01m[Kint[m[K’, but argument 5 has type ‘[01m[Kexample_interfaces::srv::AddTwoInts_Response_<std::allocator<void> >::_sum_type[m[K’ {aka ‘[01m[Klong int[m[K’} [[01;35m[K]8;;https://gcc.gnu.org/onlinedocs/gcc/Warning-Options.html#index-Wformat=-Wformat=]8;;[m[K]
[2.576s]    29 |         RCLCPP_INFO(this->get_logger(), [01;35m[K"Sum: %d"[m[K, [32m[Kresponse->sum[m[K);
[2.576s]       |                                         [01;35m[K^~~~~~~~~[m[K  [32m[K~~~~~~~~~~~~~[m[K
[2.576s]       |                                                              [32m[K|[m[K
[2.576s]       |                                                              [32m[Kexample_interfaces::srv::AddTwoInts_Response_<std::allocator<void> >::_sum_type {aka long int}[m[K
[2.576s] [01m[K/home/timl/ros2_ws/src/my_cpp_pkg/src/add_two_ints_client.cpp:29:48:[m[K [01;36m[Knote: [m[Kformat string is defined here
[2.576s]    29 |         RCLCPP_INFO(this->get_logger(), "Sum: [01;36m[K%d[m[K", response->sum);
[2.576s]       |                                               [01;36m[K~^[m[K
[2.576s]       |                                                [01;36m[K|[m[K
[2.576s]       |                                                [01;36m[Kint[m[K
[2.576s]       |                                               [32m[K%ld[m[K
[2.577s] [01m[K/home/timl/ros2_ws/src/my_cpp_pkg/src/add_two_ints_client.cpp:[m[K In function ‘[01m[Kint[01;32m[K main[m[K(int, char**)[m[K’:
[2.577s] [01m[K/home/timl/ros2_ws/src/my_cpp_pkg/src/add_two_ints_client.cpp:38:32:[m[K [01;31m[Kerror: [m[Kexpected ‘[01m[K;[m[K’ before ‘[01m[Knode[m[K’
[2.577s]    38 |     node->callAddTwoInts(10, 5)
[2.577s]       |                                [01;31m[K^[m[K
[2.577s]       |                                [32m[K;[m[K
[2.577s]    39 |     [32m[Knode[m[K->callAddTwoInts(100, 5)
[2.577s]       |     [32m[K~~~~[m[K                        
[3.572s] gmake[2]: *** [CMakeFiles/add_two_ints_client.dir/build.make:76: CMakeFiles/add_two_ints_client.dir/src/add_two_ints_client.cpp.o] Error 1
[3.572s] gmake[1]: *** [CMakeFiles/Makefile2:249: CMakeFiles/add_two_ints_client.dir/all] Error 2
[3.573s] gmake: *** [Makefile:146: all] Error 2
[3.575s] Invoked command in '/home/timl/ros2_ws/build/my_cpp_pkg' returned '2': CMAKE_PREFIX_PATH=${CMAKE_PREFIX_PATH}:/home/timl/ros2_ws/install/A2:/home/timl/ros2_ws/install/py_pubsub:/home/timl/ros2_ws/install/my_py_pkg:/opt/ros/jazzy /usr/bin/cmake --build /home/timl/ros2_ws/build/my_cpp_pkg -- -j6 -l6
